#
# There is insufficient memory for the Java Runtime Environment to continue.
# Native memory allocation (mmap) failed to map 87031808 bytes for Failed to commit area from 0x0000000090800000 to 0x0000000095b00000 of length 87031808.
# Possible reasons:
#   The system is out of physical RAM or swap space
#   The process is running with CompressedOops enabled, and the Java Heap may be blocking the growth of the native heap
# Possible solutions:
#   Reduce memory load on the system
#   Increase physical memory or swap space
#   Check if swap backing store is full
#   Decrease Java heap size (-Xmx/-Xms)
#   Decrease number of Java threads
#   Decrease Java thread stack sizes (-Xss)
#   Set larger code cache with -XX:ReservedCodeCacheSize=
#   JVM is running with Unscaled Compressed Oops mode in which the Java heap is
#     placed in the first 4GB address space. The Java Heap base address is the
#     maximum limit for the native heap growth. Please use -XX:HeapBaseMinAddress
#     to set the Java Heap base and to place the Java Heap above 4GB virtual address.
# This output file may be truncated or incomplete.
#
#  Out of Memory Error (./src/hotspot/os/windows/os_windows.cpp:3521), pid=12952, tid=10232
#
# JRE version: OpenJDK Runtime Environment (11.0.12+7) (build 11.0.12+7-b1504.28-7817840)
# Java VM: OpenJDK 64-Bit Server VM (11.0.12+7-b1504.28-7817840, mixed mode, tiered, compressed oops, g1 gc, windows-amd64)
# No core dump will be written. Minidumps are not enabled by default on client versions of Windows
#

---------------  S U M M A R Y ------------

Command Line: --add-opens=java.base/java.util=ALL-UNNAMED --add-opens=java.base/java.lang=ALL-UNNAMED --add-opens=java.base/java.lang.invoke=ALL-UNNAMED --add-opens=java.base/java.util=ALL-UNNAMED --add-opens=java.prefs/java.util.prefs=ALL-UNNAMED --add-opens=java.prefs/java.util.prefs=ALL-UNNAMED --add-opens=java.base/java.nio.charset=ALL-UNNAMED --add-opens=java.base/java.net=ALL-UNNAMED --add-opens=java.base/java.util.concurrent.atomic=ALL-UNNAMED -Xmx2048m -Dfile.encoding=UTF-8 -Duser.country=IN -Duser.language=en -Duser.variant org.gradle.launcher.daemon.bootstrap.GradleDaemon 7.3.3

Host: Intel(R) Core(TM) i5-1035G1 CPU @ 1.00GHz, 8 cores, 7G,  Windows 10 , 64 bit Build 19041 (10.0.19041.1889)
Time: Thu Aug 25 00:45:06 2022 India Standard Time elapsed time: 24.817624 seconds (0d 0h 0m 24s)

---------------  T H R E A D  ---------------

Current thread (0x0000018c25b90000):  VMThread "VM Thread" [stack: 0x0000000920800000,0x0000000920900000] [id=10232]

Stack: [0x0000000920800000,0x0000000920900000]
[error occurred during error reporting (printing stack bounds), id 0xc0000005, EXCEPTION_ACCESS_VIOLATION (0xc0000005) at pc=0x0000018c0f2212e7]

Native frames: (J=compiled Java code, j=interpreted, Vv=VM code, C=native code)
V  [jvm.dll+0x5fbcea]
V  [jvm.dll+0x731905]
V  [jvm.dll+0x732f1d]
V  [jvm.dll+0x733535]
V  [jvm.dll+0x7334eb]
V  [jvm.dll+0x5fb080]
V  [jvm.dll+0x5fb818]
C  [ntdll.dll+0xa229f]
C  [ntdll.dll+0x51454]
C  [ntdll.dll+0xa0dce]
C  0x0000018c0f2212e7

VM_Operation (0x000000092a3fe1f0): G1CollectForAllocation, mode: safepoint, requested by thread 0x0000018c303b0800


---------------  P R O C E S S  ---------------

Threads class SMR info:
_java_thread_list=0x0000018c2e118610, length=150, elements={
0x0000018c0b70c800, 0x0000018c25b92800, 0x0000018c25b9e800, 0x0000018c26514800,
0x0000018c26518000, 0x0000018c2651a800, 0x0000018c2651b800, 0x0000018c2651f000,
0x0000018c26520000, 0x0000018c2667a000, 0x0000018c2798c800, 0x0000018c27a55800,
0x0000018c273c6800, 0x0000018c2911e000, 0x0000018c2911f000, 0x0000018c270c0800,
0x0000018c288a9800, 0x0000018c283cc800, 0x0000018c29654000, 0x0000018c2863d800,
0x0000018c28637800, 0x0000018c2863a000, 0x0000018c2863c800, 0x0000018c2863b800,
0x0000018c2863b000, 0x0000018c28639000, 0x0000018c2863e000, 0x0000018c28638800,
0x0000018c277af000, 0x0000018c277b1800, 0x0000018c277b3800, 0x0000018c277ae800,
0x0000018c277b1000, 0x0000018c277b5000, 0x0000018c28a5d800, 0x0000018c28a5e800,
0x0000018c28a60000, 0x0000018c28a5d000, 0x0000018c28a5f000, 0x0000018c28a5a800,
0x0000018c28a61000, 0x0000018c28a5c000, 0x0000018c28a5b000, 0x0000018c28a61800,
0x0000018c28a65000, 0x0000018c28a62800, 0x0000018c28a65800, 0x0000018c28a66800,
0x0000018c28a67800, 0x0000018c28a63800, 0x0000018c28a64000, 0x0000018c28a68000,
0x0000018c28a69000, 0x0000018c2689b000, 0x0000018c26898800, 0x0000018c2689b800,
0x0000018c26896000, 0x0000018c2689c800, 0x0000018c26896800, 0x0000018c26899000,
0x0000018c2689a000, 0x0000018c2689d000, 0x0000018c26897800, 0x0000018c2689f800,
0x0000018c268a1800, 0x0000018c268a0800, 0x0000018c268a2000, 0x0000018c268a3000,
0x0000018c268a4000, 0x0000018c2689e000, 0x0000018c268a4800, 0x0000018c2689f000,
0x0000018c2d848000, 0x0000018c2d842000, 0x0000018c2d847000, 0x0000018c2d849000,
0x0000018c2d845800, 0x0000018c2d844800, 0x0000018c2d844000, 0x0000018c2d846800,
0x0000018c2d843000, 0x0000018c2d84e800, 0x0000018c2d84d000, 0x0000018c2d84a800,
0x0000018c2d84c000, 0x0000018c2d84b000, 0x0000018c2d84d800, 0x0000018c2d849800,
0x0000018c2d84f800, 0x0000018c2d850000, 0x0000018c2d851000, 0x0000018c2b88a800,
0x0000018c2b88d800, 0x0000018c2b888800, 0x0000018c2b88d000, 0x0000018c2b889800,
0x0000018c2b88b000, 0x0000018c2b888000, 0x0000018c2b88c000, 0x0000018c2b890000,
0x0000018c2b88f000, 0x0000018c2b893800, 0x0000018c2b891000, 0x0000018c2b892800,
0x0000018c2b891800, 0x0000018c2b88e800, 0x0000018c2b896800, 0x0000018c2b894000,
0x0000018c2b895000, 0x0000018c2b895800, 0x0000018c2c18f000, 0x0000018c2c18a000,
0x0000018c2c189800, 0x0000018c2c18e800, 0x0000018c2c190000, 0x0000018c2c191000,
0x0000018c2c18b000, 0x0000018c2c18d800, 0x0000018c2c191800, 0x0000018c2c18c000,
0x0000018c2c192800, 0x0000018c2c196800, 0x0000018c2c195000, 0x0000018c2c193000,
0x0000018c2c197800, 0x0000018c2c198000, 0x0000018c30914000, 0x0000018c30914800,
0x0000018c30916800, 0x0000018c30917000, 0x0000018c30913000, 0x0000018c3091a800,
0x0000018c3091c000, 0x0000018c3091d000, 0x0000018c30919800, 0x0000018c30918000,
0x0000018c3091b000, 0x0000018c30915800, 0x0000018c30918800, 0x0000018c3091f800,
0x0000018c30920000, 0x0000018c30921000, 0x0000018c2c18c800, 0x0000018c303b0800,
0x0000018c303b3000, 0x0000018c303b2800, 0x0000018c303b4000, 0x0000018c303b7000,
0x0000018c303b5800, 0x0000018c303b6800
}

Java Threads: ( => current thread )
  0x0000018c0b70c800 JavaThread "main" [_thread_blocked, id=4596, stack(0x0000000920200000,0x0000000920300000)]
  0x0000018c25b92800 JavaThread "Reference Handler" daemon [_thread_blocked, id=8276, stack(0x0000000920900000,0x0000000920a00000)]
  0x0000018c25b9e800 JavaThread "Finalizer" daemon [_thread_blocked, id=9648, stack(0x0000000920a00000,0x0000000920b00000)]
  0x0000018c26514800 JavaThread "Signal Dispatcher" daemon [_thread_blocked, id=11144, stack(0x0000000920b00000,0x0000000920c00000)]
  0x0000018c26518000 JavaThread "Attach Listener" daemon [_thread_blocked, id=10420, stack(0x0000000920c00000,0x0000000920d00000)]
  0x0000018c2651a800 JavaThread "Service Thread" daemon [_thread_blocked, id=13164, stack(0x0000000920d00000,0x0000000920e00000)]
  0x0000018c2651b800 JavaThread "C2 CompilerThread0" daemon [_thread_blocked, id=14008, stack(0x0000000920e00000,0x0000000920f00000)]
  0x0000018c2651f000 JavaThread "C1 CompilerThread0" daemon [_thread_blocked, id=8496, stack(0x0000000920f00000,0x0000000921000000)]
  0x0000018c26520000 JavaThread "Sweeper thread" daemon [_thread_blocked, id=13808, stack(0x0000000921000000,0x0000000921100000)]
  0x0000018c2667a000 JavaThread "Common-Cleaner" daemon [_thread_blocked, id=11472, stack(0x0000000921100000,0x0000000921200000)]
  0x0000018c2798c800 JavaThread "Daemon health stats" [_thread_blocked, id=12240, stack(0x0000000921700000,0x0000000921800000)]
  0x0000018c27a55800 JavaThread "Incoming local TCP Connector on port 51602" [_thread_in_native, id=11352, stack(0x0000000921300000,0x0000000921400000)]
  0x0000018c273c6800 JavaThread "Daemon periodic checks" [_thread_blocked, id=12200, stack(0x0000000921400000,0x0000000921500000)]
  0x0000018c2911e000 JavaThread "Daemon" [_thread_blocked, id=11096, stack(0x0000000921800000,0x0000000921900000)]
  0x0000018c2911f000 JavaThread "Handler for socket connection from /127.0.0.1:51602 to /127.0.0.1:51603" [_thread_in_native, id=4560, stack(0x0000000921900000,0x0000000921a00000)]
  0x0000018c270c0800 JavaThread "Cancel handler" [_thread_blocked, id=14040, stack(0x0000000921a00000,0x0000000921b00000)]
  0x0000018c288a9800 JavaThread "Daemon worker" [_thread_blocked, id=4140, stack(0x0000000921b00000,0x0000000921c00000)]
  0x0000018c283cc800 JavaThread "Asynchronous log dispatcher for DefaultDaemonConnection: socket connection from /127.0.0.1:51602 to /127.0.0.1:51603" [_thread_blocked, id=13788, stack(0x0000000921c00000,0x0000000921d00000)]
  0x0000018c29654000 JavaThread "Stdin handler" [_thread_blocked, id=6952, stack(0x0000000921d00000,0x0000000921e00000)]
  0x0000018c2863d800 JavaThread "Daemon client event forwarder" [_thread_blocked, id=12648, stack(0x0000000921e00000,0x0000000921f00000)]
  0x0000018c28637800 JavaThread "Cache worker for journal cache (C:\Users\shail\.gradle\caches\journal-1)" [_thread_blocked, id=11856, stack(0x0000000922400000,0x0000000922500000)]
  0x0000018c2863a000 JavaThread "File lock request listener" [_thread_in_native, id=12368, stack(0x0000000922500000,0x0000000922600000)]
  0x0000018c2863c800 JavaThread "Cache worker for file hash cache (C:\Users\shail\.gradle\caches\7.3.3\fileHashes)" [_thread_blocked, id=9776, stack(0x0000000922600000,0x0000000922700000)]
  0x0000018c2863b800 JavaThread "Cache worker for file hash cache (C:\Users\shail\AndroidStudioProjects\Register\.gradle\7.3.3\fileHashes)" [_thread_blocked, id=9348, stack(0x0000000922900000,0x0000000922a00000)]
  0x0000018c2863b000 JavaThread "File watcher server" daemon [_thread_blocked, id=2892, stack(0x0000000922b00000,0x0000000922c00000)]
  0x0000018c28639000 JavaThread "File watcher consumer" daemon [_thread_blocked, id=728, stack(0x0000000922c00000,0x0000000922d00000)]
  0x0000018c2863e000 JavaThread "Cache worker for checksums cache (C:\Users\shail\AndroidStudioProjects\Register\.gradle\7.3.3\checksums)" [_thread_blocked, id=8928, stack(0x0000000922d00000,0x0000000922e00000)]
  0x0000018c28638800 JavaThread "Cache worker for cache directory md-supplier (C:\Users\shail\.gradle\caches\7.3.3\md-supplier)" [_thread_blocked, id=12964, stack(0x0000000922e00000,0x0000000922f00000)]
  0x0000018c277af000 JavaThread "Cache worker for cache directory md-rule (C:\Users\shail\.gradle\caches\7.3.3\md-rule)" [_thread_blocked, id=14168, stack(0x0000000922f00000,0x0000000923000000)]
  0x0000018c277b1800 JavaThread "Cache worker for execution history cache (C:\Users\shail\.gradle\caches\7.3.3\executionHistory)" [_thread_blocked, id=12800, stack(0x0000000923000000,0x0000000923100000)]
  0x0000018c277b3800 JavaThread "jar transforms" [_thread_blocked, id=10984, stack(0x0000000923100000,0x0000000923200000)]
  0x0000018c277ae800 JavaThread "Cache worker for file content cache (C:\Users\shail\.gradle\caches\7.3.3\fileContent)" [_thread_blocked, id=3148, stack(0x0000000923200000,0x0000000923300000)]
  0x0000018c277b1000 JavaThread "jar transforms Thread 2" [_thread_blocked, id=4612, stack(0x0000000923300000,0x0000000923400000)]
  0x0000018c277b5000 JavaThread "Cache worker for dependencies-accessors (C:\Users\shail\AndroidStudioProjects\Register\.gradle\7.3.3\dependencies-accessors)" [_thread_blocked, id=11548, stack(0x0000000923400000,0x0000000923500000)]
  0x0000018c28a5d800 JavaThread "jar transforms Thread 3" [_thread_blocked, id=13744, stack(0x0000000923500000,0x0000000923600000)]
  0x0000018c28a5e800 JavaThread "Cache worker for Build Output Cleanup Cache (C:\Users\shail\AndroidStudioProjects\Register\.gradle\buildOutputCleanup)" [_thread_blocked, id=13956, stack(0x0000000923600000,0x0000000923700000)]
  0x0000018c28a60000 JavaThread "Unconstrained build operations" [_thread_blocked, id=9220, stack(0x0000000923700000,0x0000000923800000)]
  0x0000018c28a5d000 JavaThread "Unconstrained build operations Thread 2" [_thread_blocked, id=3124, stack(0x0000000923800000,0x0000000923900000)]
  0x0000018c28a5f000 JavaThread "Unconstrained build operations Thread 3" [_thread_blocked, id=8708, stack(0x0000000923900000,0x0000000923a00000)]
  0x0000018c28a5a800 JavaThread "Unconstrained build operations Thread 4" [_thread_blocked, id=3108, stack(0x0000000923a00000,0x0000000923b00000)]
  0x0000018c28a61000 JavaThread "Unconstrained build operations Thread 5" [_thread_blocked, id=4852, stack(0x0000000923b00000,0x0000000923c00000)]
  0x0000018c28a5c000 JavaThread "Unconstrained build operations Thread 6" [_thread_blocked, id=13572, stack(0x0000000923c00000,0x0000000923d00000)]
  0x0000018c28a5b000 JavaThread "Unconstrained build operations Thread 7" [_thread_blocked, id=10164, stack(0x0000000923d00000,0x0000000923e00000)]
  0x0000018c28a61800 JavaThread "Unconstrained build operations Thread 8" [_thread_blocked, id=14200, stack(0x0000000923e00000,0x0000000923f00000)]
  0x0000018c28a65000 JavaThread "Unconstrained build operations Thread 9" [_thread_blocked, id=3332, stack(0x0000000923f00000,0x0000000924000000)]
  0x0000018c28a62800 JavaThread "Unconstrained build operations Thread 10" [_thread_blocked, id=4248, stack(0x0000000924000000,0x0000000924100000)]
  0x0000018c28a65800 JavaThread "Unconstrained build operations Thread 11" [_thread_blocked, id=10612, stack(0x0000000924100000,0x0000000924200000)]
  0x0000018c28a66800 JavaThread "Unconstrained build operations Thread 12" [_thread_blocked, id=11720, stack(0x0000000924200000,0x0000000924300000)]
  0x0000018c28a67800 JavaThread "Unconstrained build operations Thread 13" [_thread_blocked, id=12520, stack(0x0000000924300000,0x0000000924400000)]
  0x0000018c28a63800 JavaThread "Unconstrained build operations Thread 14" [_thread_blocked, id=3500, stack(0x0000000924400000,0x0000000924500000)]
  0x0000018c28a64000 JavaThread "Unconstrained build operations Thread 15" [_thread_blocked, id=13328, stack(0x0000000924500000,0x0000000924600000)]
  0x0000018c28a68000 JavaThread "Unconstrained build operations Thread 16" [_thread_blocked, id=12672, stack(0x0000000924600000,0x0000000924700000)]
  0x0000018c28a69000 JavaThread "Unconstrained build operations Thread 17" [_thread_blocked, id=11704, stack(0x0000000924700000,0x0000000924800000)]
  0x0000018c2689b000 JavaThread "Unconstrained build operations Thread 18" [_thread_blocked, id=8552, stack(0x0000000924800000,0x0000000924900000)]
  0x0000018c26898800 JavaThread "Unconstrained build operations Thread 19" [_thread_blocked, id=10408, stack(0x0000000924900000,0x0000000924a00000)]
  0x0000018c2689b800 JavaThread "Unconstrained build operations Thread 20" [_thread_blocked, id=14180, stack(0x0000000924a00000,0x0000000924b00000)]
  0x0000018c26896000 JavaThread "Unconstrained build operations Thread 21" [_thread_blocked, id=912, stack(0x0000000924b00000,0x0000000924c00000)]
  0x0000018c2689c800 JavaThread "Unconstrained build operations Thread 22" [_thread_blocked, id=2736, stack(0x0000000924c00000,0x0000000924d00000)]
  0x0000018c26896800 JavaThread "Unconstrained build operations Thread 23" [_thread_blocked, id=12432, stack(0x0000000924d00000,0x0000000924e00000)]
  0x0000018c26899000 JavaThread "Unconstrained build operations Thread 24" [_thread_blocked, id=11040, stack(0x0000000924e00000,0x0000000924f00000)]
  0x0000018c2689a000 JavaThread "Unconstrained build operations Thread 25" [_thread_blocked, id=7204, stack(0x0000000924f00000,0x0000000925000000)]
  0x0000018c2689d000 JavaThread "Unconstrained build operations Thread 26" [_thread_blocked, id=11628, stack(0x0000000925000000,0x0000000925100000)]
  0x0000018c26897800 JavaThread "Unconstrained build operations Thread 27" [_thread_blocked, id=9356, stack(0x0000000925100000,0x0000000925200000)]
  0x0000018c2689f800 JavaThread "Unconstrained build operations Thread 28" [_thread_blocked, id=3424, stack(0x0000000925200000,0x0000000925300000)]
  0x0000018c268a1800 JavaThread "Unconstrained build operations Thread 29" [_thread_blocked, id=5072, stack(0x0000000925300000,0x0000000925400000)]
  0x0000018c268a0800 JavaThread "Unconstrained build operations Thread 30" [_thread_blocked, id=1388, stack(0x0000000925400000,0x0000000925500000)]
  0x0000018c268a2000 JavaThread "Unconstrained build operations Thread 31" [_thread_blocked, id=13588, stack(0x0000000925500000,0x0000000925600000)]
  0x0000018c268a3000 JavaThread "Unconstrained build operations Thread 32" [_thread_blocked, id=840, stack(0x0000000925600000,0x0000000925700000)]
  0x0000018c268a4000 JavaThread "Unconstrained build operations Thread 33" [_thread_blocked, id=13464, stack(0x0000000925700000,0x0000000925800000)]
  0x0000018c2689e000 JavaThread "Unconstrained build operations Thread 34" [_thread_blocked, id=3856, stack(0x0000000925800000,0x0000000925900000)]
  0x0000018c268a4800 JavaThread "Unconstrained build operations Thread 35" [_thread_blocked, id=10292, stack(0x0000000925900000,0x0000000925a00000)]
  0x0000018c2689f000 JavaThread "Unconstrained build operations Thread 36" [_thread_blocked, id=12920, stack(0x0000000925a00000,0x0000000925b00000)]
  0x0000018c2d848000 JavaThread "Unconstrained build operations Thread 37" [_thread_blocked, id=13604, stack(0x0000000925b00000,0x0000000925c00000)]
  0x0000018c2d842000 JavaThread "Unconstrained build operations Thread 38" [_thread_blocked, id=9256, stack(0x0000000925c00000,0x0000000925d00000)]
  0x0000018c2d847000 JavaThread "Unconstrained build operations Thread 39" [_thread_blocked, id=14284, stack(0x0000000925d00000,0x0000000925e00000)]
  0x0000018c2d849000 JavaThread "Unconstrained build operations Thread 40" [_thread_blocked, id=2644, stack(0x0000000925e00000,0x0000000925f00000)]
  0x0000018c2d845800 JavaThread "Unconstrained build operations Thread 41" [_thread_blocked, id=1400, stack(0x0000000925f00000,0x0000000926000000)]
  0x0000018c2d844800 JavaThread "Unconstrained build operations Thread 42" [_thread_blocked, id=12932, stack(0x0000000926000000,0x0000000926100000)]
  0x0000018c2d844000 JavaThread "Unconstrained build operations Thread 43" [_thread_blocked, id=11380, stack(0x0000000926100000,0x0000000926200000)]
  0x0000018c2d846800 JavaThread "Unconstrained build operations Thread 44" [_thread_blocked, id=8796, stack(0x0000000926200000,0x0000000926300000)]
  0x0000018c2d843000 JavaThread "Unconstrained build operations Thread 45" [_thread_blocked, id=13776, stack(0x0000000926300000,0x0000000926400000)]
  0x0000018c2d84e800 JavaThread "Unconstrained build operations Thread 46" [_thread_blocked, id=3692, stack(0x0000000926400000,0x0000000926500000)]
  0x0000018c2d84d000 JavaThread "Unconstrained build operations Thread 47" [_thread_blocked, id=8544, stack(0x0000000926500000,0x0000000926600000)]
  0x0000018c2d84a800 JavaThread "Unconstrained build operations Thread 48" [_thread_blocked, id=6116, stack(0x0000000926600000,0x0000000926700000)]
  0x0000018c2d84c000 JavaThread "Unconstrained build operations Thread 49" [_thread_blocked, id=5636, stack(0x0000000926700000,0x0000000926800000)]
  0x0000018c2d84b000 JavaThread "Unconstrained build operations Thread 50" [_thread_blocked, id=2276, stack(0x0000000926800000,0x0000000926900000)]
  0x0000018c2d84d800 JavaThread "Unconstrained build operations Thread 51" [_thread_blocked, id=9896, stack(0x0000000926900000,0x0000000926a00000)]
  0x0000018c2d849800 JavaThread "Unconstrained build operations Thread 52" [_thread_blocked, id=10848, stack(0x0000000926a00000,0x0000000926b00000)]
  0x0000018c2d84f800 JavaThread "Unconstrained build operations Thread 53" [_thread_blocked, id=6080, stack(0x0000000926b00000,0x0000000926c00000)]
  0x0000018c2d850000 JavaThread "Unconstrained build operations Thread 54" [_thread_blocked, id=10140, stack(0x0000000926c00000,0x0000000926d00000)]
  0x0000018c2d851000 JavaThread "Unconstrained build operations Thread 55" [_thread_blocked, id=3128, stack(0x0000000926d00000,0x0000000926e00000)]
  0x0000018c2b88a800 JavaThread "Unconstrained build operations Thread 56" [_thread_blocked, id=12788, stack(0x0000000926e00000,0x0000000926f00000)]
  0x0000018c2b88d800 JavaThread "Unconstrained build operations Thread 57" [_thread_blocked, id=12404, stack(0x0000000926f00000,0x0000000927000000)]
  0x0000018c2b888800 JavaThread "Unconstrained build operations Thread 58" [_thread_blocked, id=10424, stack(0x0000000927000000,0x0000000927100000)]
  0x0000018c2b88d000 JavaThread "Unconstrained build operations Thread 59" [_thread_blocked, id=8436, stack(0x0000000927100000,0x0000000927200000)]
  0x0000018c2b889800 JavaThread "Unconstrained build operations Thread 60" [_thread_blocked, id=14056, stack(0x0000000927200000,0x0000000927300000)]
  0x0000018c2b88b000 JavaThread "Unconstrained build operations Thread 61" [_thread_blocked, id=14268, stack(0x0000000927300000,0x0000000927400000)]
  0x0000018c2b888000 JavaThread "Unconstrained build operations Thread 62" [_thread_blocked, id=3668, stack(0x0000000927400000,0x0000000927500000)]
  0x0000018c2b88c000 JavaThread "Unconstrained build operations Thread 63" [_thread_blocked, id=9488, stack(0x0000000927500000,0x0000000927600000)]
  0x0000018c2b890000 JavaThread "Unconstrained build operations Thread 64" [_thread_blocked, id=14132, stack(0x0000000927600000,0x0000000927700000)]
  0x0000018c2b88f000 JavaThread "Unconstrained build operations Thread 65" [_thread_blocked, id=8624, stack(0x0000000927700000,0x0000000927800000)]
  0x0000018c2b893800 JavaThread "Unconstrained build operations Thread 66" [_thread_blocked, id=10072, stack(0x0000000927800000,0x0000000927900000)]
  0x0000018c2b891000 JavaThread "Unconstrained build operations Thread 67" [_thread_blocked, id=12276, stack(0x0000000927900000,0x0000000927a00000)]
  0x0000018c2b892800 JavaThread "Unconstrained build operations Thread 68" [_thread_blocked, id=9764, stack(0x0000000927a00000,0x0000000927b00000)]
  0x0000018c2b891800 JavaThread "Unconstrained build operations Thread 69" [_thread_blocked, id=5960, stack(0x0000000927b00000,0x0000000927c00000)]
  0x0000018c2b88e800 JavaThread "Unconstrained build operations Thread 70" [_thread_blocked, id=10080, stack(0x0000000927c00000,0x0000000927d00000)]
  0x0000018c2b896800 JavaThread "Unconstrained build operations Thread 71" [_thread_blocked, id=7208, stack(0x0000000927d00000,0x0000000927e00000)]
  0x0000018c2b894000 JavaThread "Unconstrained build operations Thread 72" [_thread_blocked, id=14136, stack(0x0000000927e00000,0x0000000927f00000)]
  0x0000018c2b895000 JavaThread "Unconstrained build operations Thread 73" [_thread_blocked, id=2688, stack(0x0000000927f00000,0x0000000928000000)]
  0x0000018c2b895800 JavaThread "Unconstrained build operations Thread 74" [_thread_blocked, id=4036, stack(0x0000000928000000,0x0000000928100000)]
  0x0000018c2c18f000 JavaThread "Unconstrained build operations Thread 75" [_thread_blocked, id=13268, stack(0x0000000928100000,0x0000000928200000)]
  0x0000018c2c18a000 JavaThread "Unconstrained build operations Thread 76" [_thread_blocked, id=13692, stack(0x0000000928200000,0x0000000928300000)]
  0x0000018c2c189800 JavaThread "Unconstrained build operations Thread 77" [_thread_blocked, id=8548, stack(0x0000000928300000,0x0000000928400000)]
  0x0000018c2c18e800 JavaThread "Unconstrained build operations Thread 78" [_thread_blocked, id=1812, stack(0x0000000928400000,0x0000000928500000)]
  0x0000018c2c190000 JavaThread "Unconstrained build operations Thread 79" [_thread_blocked, id=3016, stack(0x0000000928500000,0x0000000928600000)]
  0x0000018c2c191000 JavaThread "Unconstrained build operations Thread 80" [_thread_blocked, id=9316, stack(0x0000000928600000,0x0000000928700000)]
  0x0000018c2c18b000 JavaThread "jar transforms Thread 4" [_thread_blocked, id=12764, stack(0x0000000928700000,0x0000000928800000)]
  0x0000018c2c18d800 JavaThread "jar transforms Thread 5" [_thread_blocked, id=9524, stack(0x0000000928800000,0x0000000928900000)]
  0x0000018c2c191800 JavaThread "jar transforms Thread 6" [_thread_blocked, id=7352, stack(0x0000000928900000,0x0000000928a00000)]
  0x0000018c2c18c000 JavaThread "jar transforms Thread 7" [_thread_blocked, id=8456, stack(0x0000000928a00000,0x0000000928b00000)]
  0x0000018c2c192800 JavaThread "jar transforms Thread 8" [_thread_blocked, id=14144, stack(0x0000000928b00000,0x0000000928c00000)]
  0x0000018c2c196800 JavaThread "Memory manager" [_thread_blocked, id=4184, stack(0x0000000928c00000,0x0000000928d00000)]
  0x0000018c2c195000 JavaThread "build event listener" [_thread_blocked, id=12692, stack(0x0000000928d00000,0x0000000928e00000)]
  0x0000018c2c193000 JavaThread "Execution worker for ':'" [_thread_blocked, id=8820, stack(0x0000000928e00000,0x0000000928f00000)]
  0x0000018c2c197800 JavaThread "Execution worker for ':' Thread 2" [_thread_blocked, id=12396, stack(0x0000000928f00000,0x0000000929000000)]
  0x0000018c2c198000 JavaThread "Execution worker for ':' Thread 3" [_thread_blocked, id=1636, stack(0x0000000929000000,0x0000000929100000)]
  0x0000018c30914000 JavaThread "Execution worker for ':' Thread 4" [_thread_blocked, id=6004, stack(0x0000000929100000,0x0000000929200000)]
  0x0000018c30914800 JavaThread "Execution worker for ':' Thread 5" [_thread_blocked, id=12848, stack(0x0000000929200000,0x0000000929300000)]
  0x0000018c30916800 JavaThread "Execution worker for ':' Thread 6" [_thread_blocked, id=13200, stack(0x0000000929300000,0x0000000929400000)]
  0x0000018c30917000 JavaThread "Execution worker for ':' Thread 7" [_thread_blocked, id=3224, stack(0x0000000929400000,0x0000000929500000)]
  0x0000018c30913000 JavaThread "Cache worker for execution history cache (C:\Users\shail\AndroidStudioProjects\Register\.gradle\7.3.3\executionHistory)" [_thread_blocked, id=10728, stack(0x0000000929500000,0x0000000929600000)]
  0x0000018c3091a800 JavaThread "WorkerExecutor Queue" [_thread_blocked, id=1240, stack(0x0000000929600000,0x0000000929700000)]
  0x0000018c3091c000 JavaThread "WorkerExecutor Queue Thread 6" [_thread_blocked, id=12504, stack(0x0000000929d00000,0x0000000929e00000)]
  0x0000018c3091d000 JavaThread "WorkerExecutor Queue Thread 8" [_thread_blocked, id=10104, stack(0x0000000929f00000,0x000000092a000000)]
  0x0000018c30919800 JavaThread "Java2D Disposer" daemon [_thread_blocked, id=9512, stack(0x000000092a000000,0x000000092a100000)]
  0x0000018c30918000 JavaThread "C2 CompilerThread1" daemon [_thread_blocked, id=12992, stack(0x0000000922800000,0x0000000922900000)]
  0x0000018c3091b000 JavaThread "C2 CompilerThread2" daemon [_thread_blocked, id=3584, stack(0x0000000922a00000,0x0000000922b00000)]
  0x0000018c30915800 JavaThread "WorkerExecutor Queue Thread 9" [_thread_blocked, id=13232, stack(0x0000000929700000,0x0000000929800000)]
  0x0000018c30918800 JavaThread "WorkerExecutor Queue Thread 11" [_thread_blocked, id=9580, stack(0x0000000929b00000,0x0000000929c00000)]
  0x0000018c3091f800 JavaThread "pool-3-thread-1" [_thread_blocked, id=12768, stack(0x0000000929c00000,0x0000000929d00000)]
  0x0000018c30920000 JavaThread "stderr" [_thread_in_native, id=13284, stack(0x0000000929e00000,0x0000000929f00000)]
  0x0000018c30921000 JavaThread "stdout" [_thread_in_native, id=13864, stack(0x000000092a100000,0x000000092a200000)]
  0x0000018c2c18c800 JavaThread "ForkJoinPool-1-worker-3" daemon [_thread_blocked, id=13208, stack(0x000000092a200000,0x000000092a300000)]
  0x0000018c303b0800 JavaThread "ForkJoinPool-1-worker-5" daemon [_thread_blocked, id=1556, stack(0x000000092a300000,0x000000092a400000)]
  0x0000018c303b3000 JavaThread "ForkJoinPool-1-worker-7" daemon [_thread_blocked, id=1032, stack(0x000000092a400000,0x000000092a500000)]
  0x0000018c303b2800 JavaThread "ForkJoinPool-1-worker-9" daemon [_thread_blocked, id=12392, stack(0x000000092a500000,0x000000092a600000)]
  0x0000018c303b4000 JavaThread "ForkJoinPool-1-worker-11" daemon [_thread_blocked, id=11944, stack(0x000000092a600000,0x000000092a700000)]
  0x0000018c303b7000 JavaThread "ForkJoinPool-1-worker-13" daemon [_thread_blocked, id=11088, stack(0x000000092a700000,0x000000092a800000)]
  0x0000018c303b5800 JavaThread "ForkJoinPool-1-worker-15" daemon [_thread_blocked, id=6336, stack(0x000000092a800000,0x000000092a900000)]
  0x0000018c303b6800 JavaThread "ForkJoinPool-1-worker-1" daemon [_thread_blocked, id=3156, stack(0x000000092a900000,0x000000092aa00000)]

Other Threads:
=>0x0000018c25b90000 VMThread "VM Thread" [stack: 0x0000000920800000,0x0000000920900000] [id=10232]
  0x0000018c26680000 WatcherThread [stack: 0x0000000921200000,0x0000000921300000] [id=3564]
  0x0000018c0b724800 GCTaskThread "GC Thread#0" [stack: 0x0000000920300000,0x0000000920400000] [id=2632]
  0x0000018c27138800 GCTaskThread "GC Thread#1" [stack: 0x0000000921500000,0x0000000921600000] [id=11388]
  0x0000018c26a16000 GCTaskThread "GC Thread#2" [stack: 0x0000000921600000,0x0000000921700000] [id=6316]
  0x0000018c28476800 GCTaskThread "GC Thread#3" [stack: 0x0000000921f00000,0x0000000922000000] [id=4172]
  0x0000018c28477000 GCTaskThread "GC Thread#4" [stack: 0x0000000922000000,0x0000000922100000] [id=11920]
  0x0000018c28bf5800 GCTaskThread "GC Thread#5" [stack: 0x0000000922100000,0x0000000922200000] [id=7544]
  0x0000018c28bf6800 GCTaskThread "GC Thread#6" [stack: 0x0000000922200000,0x0000000922300000] [id=14196]
  0x0000018c28a9e800 GCTaskThread "GC Thread#7" [stack: 0x0000000922300000,0x0000000922400000] [id=13396]
  0x0000018c0b754000 ConcurrentGCThread "G1 Main Marker" [stack: 0x0000000920400000,0x0000000920500000] [id=13292]
  0x0000018c0b755800 ConcurrentGCThread "G1 Conc#0" [stack: 0x0000000920500000,0x0000000920600000] [id=13812]
  0x0000018c2841a800 ConcurrentGCThread "G1 Conc#1" [stack: 0x0000000922700000,0x0000000922800000] [id=9548]
  0x0000018c259e0800 ConcurrentGCThread "G1 Refine#0" [stack: 0x0000000920600000,0x0000000920700000] [id=11940]
  0x0000018c300ea800 ConcurrentGCThread "G1 Refine#1" [stack: 0x0000000929800000,0x0000000929900000] [id=9180]
  0x0000018c301ab800 ConcurrentGCThread "G1 Refine#2" [stack: 0x0000000929900000,0x0000000929a00000] [id=14060]
  0x0000018c3494d800 ConcurrentGCThread "G1 Refine#3" [stack: 0x000000092aa00000,0x000000092ab00000] [id=6296]
  0x0000018c259e1000 ConcurrentGCThread "G1 Young RemSet Sampling" [stack: 0x0000000920700000,0x0000000920800000] [id=3048]

Threads with active compile tasks:
C2 CompilerThread0  24847 15485       4       java.lang.Iterable::forEach (39 bytes)
C1 CompilerThread0  24847 15495       3       com.android.tools.r8.internal.st::l (43 bytes)
C2 CompilerThread1  24847 15432  s!   4       jdk.internal.loader.URLClassPath::getLoader (194 bytes)
C2 CompilerThread2  24847 15507       4       com.android.tools.r8.internal.Gj::a (15 bytes)

VM state:at safepoint (normal execution)

VM Mutex/Monitor currently owned by a thread:  ([mutex/lock_event])
[0x0000018c0b708300] Threads_lock - owner thread: 0x0000018c25b90000
[0x0000018c0b708390] Heap_lock - owner thread: 0x0000018c303b0800

Heap address: 0x0000000080000000, size: 2048 MB, Compressed Oops mode: 32-bit
Narrow klass base: 0x0000000000000000, Narrow klass shift: 3
Compressed class space size: 1073741824 Address: 0x0000000100000000

Heap:
 garbage-first heap   total 355328K, used 193186K [0x0000000080000000, 0x0000000100000000)
  region size 1024K, 4 young (4096K), 4 survivors (4096K)
 Metaspace       used 109808K, capacity 112435K, committed 112776K, reserved 1146880K
  class space    used 13962K, capacity 14941K, committed 15056K, reserved 1048576K
Heap Regions: E=young(eden), S=young(survivor), O=old, HS=humongous(starts), HC=humongous(continues), CS=collection set, F=free, A=archive, TAMS=top-at-mark-start (previous, next)
|   0|0x0000000080000000, 0x0000000080100000, 0x0000000080100000|100%| O|  |TAMS 0x0000000080100000, 0x0000000080000000| Untracked 
|   1|0x0000000080100000, 0x0000000080200000, 0x0000000080200000|100%| O|  |TAMS 0x0000000080200000, 0x0000000080100000| Untracked 
|   2|0x0000000080200000, 0x0000000080300000, 0x0000000080300000|100%| O|  |TAMS 0x0000000080300000, 0x0000000080200000| Untracked 
|   3|0x0000000080300000, 0x0000000080400000, 0x0000000080400000|100%|HS|  |TAMS 0x0000000080400000, 0x0000000080300000| Complete 
|   4|0x0000000080400000, 0x0000000080500000, 0x0000000080500000|100%|HC|  |TAMS 0x0000000080500000, 0x0000000080400000| Complete 
|   5|0x0000000080500000, 0x0000000080600000, 0x0000000080600000|100%|HC|  |TAMS 0x0000000080600000, 0x0000000080500000| Complete 
|   6|0x0000000080600000, 0x0000000080700000, 0x0000000080700000|100%| O|  |TAMS 0x0000000080700000, 0x0000000080600000| Untracked 
|   7|0x0000000080700000, 0x0000000080800000, 0x0000000080800000|100%| O|  |TAMS 0x0000000080800000, 0x0000000080700000| Untracked 
|   8|0x0000000080800000, 0x0000000080900000, 0x0000000080900000|100%| O|  |TAMS 0x0000000080900000, 0x0000000080800000| Untracked 
|   9|0x0000000080900000, 0x0000000080a00000, 0x0000000080a00000|100%| O|  |TAMS 0x0000000080a00000, 0x0000000080900000| Untracked 
|  10|0x0000000080a00000, 0x0000000080b00000, 0x0000000080b00000|100%| O|  |TAMS 0x0000000080b00000, 0x0000000080a00000| Untracked 
|  11|0x0000000080b00000, 0x0000000080c00000, 0x0000000080c00000|100%| O|  |TAMS 0x0000000080c00000, 0x0000000080b00000| Untracked 
|  12|0x0000000080c00000, 0x0000000080d00000, 0x0000000080d00000|100%| O|  |TAMS 0x0000000080d00000, 0x0000000080c00000| Untracked 
|  13|0x0000000080d00000, 0x0000000080e00000, 0x0000000080e00000|100%| O|  |TAMS 0x0000000080e00000, 0x0000000080d00000| Untracked 
|  14|0x0000000080e00000, 0x0000000080f00000, 0x0000000080f00000|100%| O|  |TAMS 0x0000000080f00000, 0x0000000080e00000| Untracked 
|  15|0x0000000080f00000, 0x0000000081000000, 0x0000000081000000|100%| O|  |TAMS 0x0000000081000000, 0x0000000080f00000| Untracked 
|  16|0x0000000081000000, 0x0000000081100000, 0x0000000081100000|100%|HS|  |TAMS 0x0000000081100000, 0x0000000081000000| Complete 
|  17|0x0000000081100000, 0x0000000081200000, 0x0000000081200000|100%| O|  |TAMS 0x0000000081200000, 0x0000000081100000| Untracked 
|  18|0x0000000081200000, 0x0000000081300000, 0x0000000081300000|100%| O|  |TAMS 0x0000000081300000, 0x0000000081200000| Untracked 
|  19|0x0000000081300000, 0x0000000081400000, 0x0000000081400000|100%| O|  |TAMS 0x0000000081400000, 0x0000000081300000| Untracked 
|  20|0x0000000081400000, 0x0000000081500000, 0x0000000081500000|100%| O|  |TAMS 0x0000000081500000, 0x0000000081400000| Untracked 
|  21|0x0000000081500000, 0x0000000081600000, 0x0000000081600000|100%| O|  |TAMS 0x0000000081600000, 0x0000000081500000| Untracked 
|  22|0x0000000081600000, 0x0000000081700000, 0x0000000081700000|100%| O|  |TAMS 0x0000000081700000, 0x0000000081600000| Untracked 
|  23|0x0000000081700000, 0x0000000081800000, 0x0000000081800000|100%|HS|  |TAMS 0x0000000081800000, 0x0000000081700000| Complete 
|  24|0x0000000081800000, 0x0000000081900000, 0x0000000081900000|100%|HS|  |TAMS 0x0000000081900000, 0x0000000081800000| Complete 
|  25|0x0000000081900000, 0x0000000081a00000, 0x0000000081a00000|100%|HC|  |TAMS 0x0000000081a00000, 0x0000000081900000| Complete 
|  26|0x0000000081a00000, 0x0000000081b00000, 0x0000000081b00000|100%| O|  |TAMS 0x0000000081b00000, 0x0000000081a00000| Untracked 
|  27|0x0000000081b00000, 0x0000000081c00000, 0x0000000081c00000|100%| O|  |TAMS 0x0000000081c00000, 0x0000000081b00000| Untracked 
|  28|0x0000000081c00000, 0x0000000081d00000, 0x0000000081d00000|100%| O|  |TAMS 0x0000000081d00000, 0x0000000081c00000| Untracked 
|  29|0x0000000081d00000, 0x0000000081e00000, 0x0000000081e00000|100%| O|  |TAMS 0x0000000081e00000, 0x0000000081d00000| Untracked 
|  30|0x0000000081e00000, 0x0000000081f00000, 0x0000000081f00000|100%| O|  |TAMS 0x0000000081f00000, 0x0000000081e00000| Untracked 
|  31|0x0000000081f00000, 0x0000000082000000, 0x0000000082000000|100%| O|  |TAMS 0x0000000082000000, 0x0000000081f00000| Untracked 
|  32|0x0000000082000000, 0x0000000082100000, 0x0000000082100000|100%| O|  |TAMS 0x0000000082100000, 0x0000000082000000| Untracked 
|  33|0x0000000082100000, 0x0000000082200000, 0x0000000082200000|100%| O|  |TAMS 0x0000000082200000, 0x0000000082100000| Untracked 
|  34|0x0000000082200000, 0x0000000082300000, 0x0000000082300000|100%| O|  |TAMS 0x0000000082300000, 0x0000000082200000| Untracked 
|  35|0x0000000082300000, 0x0000000082400000, 0x0000000082400000|100%| O|  |TAMS 0x0000000082400000, 0x0000000082300000| Untracked 
|  36|0x0000000082400000, 0x0000000082500000, 0x0000000082500000|100%| O|  |TAMS 0x0000000082500000, 0x0000000082400000| Untracked 
|  37|0x0000000082500000, 0x0000000082600000, 0x0000000082600000|100%| O|  |TAMS 0x0000000082600000, 0x0000000082500000| Untracked 
|  38|0x0000000082600000, 0x0000000082700000, 0x0000000082700000|100%| O|  |TAMS 0x0000000082700000, 0x0000000082600000| Untracked 
|  39|0x0000000082700000, 0x0000000082800000, 0x0000000082800000|100%| O|  |TAMS 0x0000000082800000, 0x0000000082700000| Untracked 
|  40|0x0000000082800000, 0x0000000082900000, 0x0000000082900000|100%| O|  |TAMS 0x0000000082900000, 0x0000000082800000| Untracked 
|  41|0x0000000082900000, 0x0000000082a00000, 0x0000000082a00000|100%| O|  |TAMS 0x0000000082a00000, 0x0000000082900000| Untracked 
|  42|0x0000000082a00000, 0x0000000082b00000, 0x0000000082b00000|100%| O|  |TAMS 0x0000000082b00000, 0x0000000082a00000| Untracked 
|  43|0x0000000082b00000, 0x0000000082c00000, 0x0000000082c00000|100%| O|  |TAMS 0x0000000082c00000, 0x0000000082b00000| Untracked 
|  44|0x0000000082c00000, 0x0000000082d00000, 0x0000000082d00000|100%| O|  |TAMS 0x0000000082d00000, 0x0000000082c00000| Untracked 
|  45|0x0000000082d00000, 0x0000000082e00000, 0x0000000082e00000|100%| O|  |TAMS 0x0000000082e00000, 0x0000000082d00000| Untracked 
|  46|0x0000000082e00000, 0x0000000082f00000, 0x0000000082f00000|100%| O|  |TAMS 0x0000000082f00000, 0x0000000082e00000| Untracked 
|  47|0x0000000082f00000, 0x0000000083000000, 0x0000000083000000|100%| O|  |TAMS 0x0000000083000000, 0x0000000082f00000| Untracked 
|  48|0x0000000083000000, 0x0000000083100000, 0x0000000083100000|100%| O|  |TAMS 0x0000000083100000, 0x0000000083000000| Untracked 
|  49|0x0000000083100000, 0x0000000083200000, 0x0000000083200000|100%| O|  |TAMS 0x0000000083200000, 0x0000000083100000| Untracked 
|  50|0x0000000083200000, 0x0000000083300000, 0x0000000083300000|100%| O|  |TAMS 0x0000000083300000, 0x0000000083200000| Untracked 
|  51|0x0000000083300000, 0x0000000083400000, 0x0000000083400000|100%| O|  |TAMS 0x0000000083400000, 0x0000000083300000| Untracked 
|  52|0x0000000083400000, 0x0000000083500000, 0x0000000083500000|100%| O|  |TAMS 0x0000000083500000, 0x0000000083400000| Untracked 
|  53|0x0000000083500000, 0x0000000083600000, 0x0000000083600000|100%| O|  |TAMS 0x0000000083600000, 0x0000000083500000| Untracked 
|  54|0x0000000083600000, 0x0000000083700000, 0x0000000083700000|100%| O|  |TAMS 0x0000000083700000, 0x0000000083600000| Untracked 
|  55|0x0000000083700000, 0x0000000083800000, 0x0000000083800000|100%| O|  |TAMS 0x0000000083800000, 0x0000000083700000| Untracked 
|  56|0x0000000083800000, 0x0000000083900000, 0x0000000083900000|100%| O|  |TAMS 0x0000000083900000, 0x0000000083800000| Untracked 
|  57|0x0000000083900000, 0x0000000083a00000, 0x0000000083a00000|100%| O|  |TAMS 0x0000000083a00000, 0x0000000083900000| Untracked 
|  58|0x0000000083a00000, 0x0000000083b00000, 0x0000000083b00000|100%| O|  |TAMS 0x0000000083b00000, 0x0000000083a00000| Untracked 
|  59|0x0000000083b00000, 0x0000000083c00000, 0x0000000083c00000|100%|HS|  |TAMS 0x0000000083c00000, 0x0000000083b00000| Complete 
|  60|0x0000000083c00000, 0x0000000083d00000, 0x0000000083d00000|100%| O|  |TAMS 0x0000000083d00000, 0x0000000083c00000| Untracked 
|  61|0x0000000083d00000, 0x0000000083e00000, 0x0000000083e00000|100%| O|  |TAMS 0x0000000083e00000, 0x0000000083d00000| Untracked 
|  62|0x0000000083e00000, 0x0000000083f00000, 0x0000000083f00000|100%| O|  |TAMS 0x0000000083f00000, 0x0000000083e00000| Untracked 
|  63|0x0000000083f00000, 0x0000000084000000, 0x0000000084000000|100%| O|  |TAMS 0x0000000084000000, 0x0000000083f00000| Untracked 
|  64|0x0000000084000000, 0x0000000084100000, 0x0000000084100000|100%| O|  |TAMS 0x0000000084100000, 0x0000000084000000| Untracked 
|  65|0x0000000084100000, 0x0000000084200000, 0x0000000084200000|100%| O|  |TAMS 0x0000000084200000, 0x0000000084100000| Untracked 
|  66|0x0000000084200000, 0x0000000084300000, 0x0000000084300000|100%|HS|  |TAMS 0x0000000084300000, 0x0000000084200000| Complete 
|  67|0x0000000084300000, 0x0000000084400000, 0x0000000084400000|100%| O|  |TAMS 0x0000000084300000, 0x0000000084300000| Untracked 
|  68|0x0000000084400000, 0x0000000084500000, 0x0000000084500000|100%| O|  |TAMS 0x0000000084400000, 0x0000000084400000| Untracked 
|  69|0x0000000084500000, 0x0000000084600000, 0x0000000084600000|100%|HS|  |TAMS 0x0000000084600000, 0x0000000084500000| Complete 
|  70|0x0000000084600000, 0x0000000084700000, 0x0000000084700000|100%|HS|  |TAMS 0x0000000084700000, 0x0000000084600000| Complete 
|  71|0x0000000084700000, 0x0000000084800000, 0x0000000084800000|100%| O|  |TAMS 0x0000000084700000, 0x0000000084700000| Untracked 
|  72|0x0000000084800000, 0x0000000084900000, 0x0000000084900000|100%| O|  |TAMS 0x0000000084800000, 0x0000000084800000| Untracked 
|  73|0x0000000084900000, 0x0000000084a00000, 0x0000000084a00000|100%| O|  |TAMS 0x0000000084a00000, 0x0000000084900000| Untracked 
|  74|0x0000000084a00000, 0x0000000084b00000, 0x0000000084b00000|100%| O|  |TAMS 0x0000000084b00000, 0x0000000084a00000| Untracked 
|  75|0x0000000084b00000, 0x0000000084c00000, 0x0000000084c00000|100%| O|  |TAMS 0x0000000084c00000, 0x0000000084b00000| Untracked 
|  76|0x0000000084c00000, 0x0000000084d00000, 0x0000000084d00000|100%| O|  |TAMS 0x0000000084d00000, 0x0000000084c00000| Untracked 
|  77|0x0000000084d00000, 0x0000000084e00000, 0x0000000084e00000|100%| O|  |TAMS 0x0000000084e00000, 0x0000000084d00000| Untracked 
|  78|0x0000000084e00000, 0x0000000084f00000, 0x0000000084f00000|100%| O|  |TAMS 0x0000000084f00000, 0x0000000084e00000| Untracked 
|  79|0x0000000084f00000, 0x0000000085000000, 0x0000000085000000|100%| O|  |TAMS 0x0000000085000000, 0x0000000084f00000| Untracked 
|  80|0x0000000085000000, 0x0000000085100000, 0x0000000085100000|100%| O|  |TAMS 0x0000000085100000, 0x0000000085000000| Untracked 
|  81|0x0000000085100000, 0x0000000085200000, 0x0000000085200000|100%|HS|  |TAMS 0x0000000085200000, 0x0000000085100000| Complete 
|  82|0x0000000085200000, 0x0000000085300000, 0x0000000085300000|100%|HC|  |TAMS 0x0000000085300000, 0x0000000085200000| Complete 
|  83|0x0000000085300000, 0x0000000085400000, 0x0000000085400000|100%|HS|  |TAMS 0x0000000085400000, 0x0000000085300000| Complete 
|  84|0x0000000085400000, 0x0000000085500000, 0x0000000085500000|100%|HC|  |TAMS 0x0000000085500000, 0x0000000085400000| Complete 
|  85|0x0000000085500000, 0x0000000085600000, 0x0000000085600000|100%|HS|  |TAMS 0x0000000085600000, 0x0000000085500000| Complete 
|  86|0x0000000085600000, 0x0000000085700000, 0x0000000085700000|100%|HC|  |TAMS 0x0000000085700000, 0x0000000085600000| Complete 
|  87|0x0000000085700000, 0x0000000085800000, 0x0000000085800000|100%| O|  |TAMS 0x0000000085800000, 0x0000000085700000| Untracked 
|  88|0x0000000085800000, 0x0000000085900000, 0x0000000085900000|100%| O|  |TAMS 0x0000000085900000, 0x0000000085800000| Untracked 
|  89|0x0000000085900000, 0x0000000085a00000, 0x0000000085a00000|100%| O|  |TAMS 0x0000000085a00000, 0x0000000085900000| Untracked 
|  90|0x0000000085a00000, 0x0000000085b00000, 0x0000000085b00000|100%|HS|  |TAMS 0x0000000085b00000, 0x0000000085a00000| Complete 
|  91|0x0000000085b00000, 0x0000000085c00000, 0x0000000085c00000|100%|HC|  |TAMS 0x0000000085c00000, 0x0000000085b00000| Complete 
|  92|0x0000000085c00000, 0x0000000085d00000, 0x0000000085d00000|100%|HC|  |TAMS 0x0000000085d00000, 0x0000000085c00000| Complete 
|  93|0x0000000085d00000, 0x0000000085e00000, 0x0000000085e00000|100%| O|  |TAMS 0x0000000085e00000, 0x0000000085d00000| Untracked 
|  94|0x0000000085e00000, 0x0000000085f00000, 0x0000000085f00000|100%| O|  |TAMS 0x0000000085f00000, 0x0000000085e00000| Untracked 
|  95|0x0000000085f00000, 0x0000000086000000, 0x0000000086000000|100%| O|  |TAMS 0x0000000085f00000, 0x0000000085f00000| Untracked 
|  96|0x0000000086000000, 0x0000000086100000, 0x0000000086100000|100%| O|  |TAMS 0x0000000086000000, 0x0000000086000000| Untracked 
|  97|0x0000000086100000, 0x0000000086200000, 0x0000000086200000|100%| O|  |TAMS 0x0000000086100000, 0x0000000086100000| Untracked 
|  98|0x0000000086200000, 0x0000000086300000, 0x0000000086300000|100%| O|  |TAMS 0x0000000086300000, 0x0000000086200000| Untracked 
|  99|0x0000000086300000, 0x0000000086400000, 0x0000000086400000|100%| O|  |TAMS 0x0000000086400000, 0x0000000086300000| Untracked 
| 100|0x0000000086400000, 0x0000000086500000, 0x0000000086500000|100%| O|  |TAMS 0x0000000086400000, 0x0000000086400000| Untracked 
| 101|0x0000000086500000, 0x0000000086600000, 0x0000000086600000|100%| O|  |TAMS 0x0000000086600000, 0x0000000086500000| Untracked 
| 102|0x0000000086600000, 0x0000000086700000, 0x0000000086700000|100%| O|  |TAMS 0x0000000086700000, 0x0000000086600000| Untracked 
| 103|0x0000000086700000, 0x0000000086800000, 0x0000000086800000|100%| O|  |TAMS 0x0000000086800000, 0x0000000086700000| Untracked 
| 104|0x0000000086800000, 0x0000000086900000, 0x0000000086900000|100%| O|  |TAMS 0x0000000086900000, 0x0000000086800000| Untracked 
| 105|0x0000000086900000, 0x0000000086a00000, 0x0000000086a00000|100%| O|  |TAMS 0x0000000086a00000, 0x0000000086900000| Untracked 
| 106|0x0000000086a00000, 0x0000000086b00000, 0x0000000086b00000|100%| O|  |TAMS 0x0000000086b00000, 0x0000000086a00000| Untracked 
| 107|0x0000000086b00000, 0x0000000086c00000, 0x0000000086c00000|100%| O|  |TAMS 0x0000000086c00000, 0x0000000086b00000| Untracked 
| 108|0x0000000086c00000, 0x0000000086d00000, 0x0000000086d00000|100%| O|  |TAMS 0x0000000086d00000, 0x0000000086c00000| Untracked 
| 109|0x0000000086d00000, 0x0000000086e00000, 0x0000000086e00000|100%| O|  |TAMS 0x0000000086e00000, 0x0000000086d00000| Untracked 
| 110|0x0000000086e00000, 0x0000000086f00000, 0x0000000086f00000|100%| O|  |TAMS 0x0000000086f00000, 0x0000000086e00000| Untracked 
| 111|0x0000000086f00000, 0x0000000087000000, 0x0000000087000000|100%| O|  |TAMS 0x0000000087000000, 0x0000000086f00000| Untracked 
| 112|0x0000000087000000, 0x0000000087100000, 0x0000000087100000|100%| O|  |TAMS 0x0000000087100000, 0x0000000087000000| Untracked 
| 113|0x0000000087100000, 0x0000000087200000, 0x0000000087200000|100%| O|  |TAMS 0x0000000087200000, 0x0000000087100000| Untracked 
| 114|0x0000000087200000, 0x0000000087300000, 0x0000000087300000|100%| O|  |TAMS 0x0000000087300000, 0x0000000087200000| Untracked 
| 115|0x0000000087300000, 0x0000000087400000, 0x0000000087400000|100%|HS|  |TAMS 0x0000000087400000, 0x0000000087300000| Complete 
| 116|0x0000000087400000, 0x0000000087500000, 0x0000000087500000|100%|HC|  |TAMS 0x0000000087500000, 0x0000000087400000| Complete 
| 117|0x0000000087500000, 0x0000000087600000, 0x0000000087600000|100%| O|  |TAMS 0x0000000087600000, 0x0000000087500000| Untracked 
| 118|0x0000000087600000, 0x0000000087700000, 0x0000000087700000|100%|HS|  |TAMS 0x0000000087700000, 0x0000000087600000| Complete 
| 119|0x0000000087700000, 0x0000000087800000, 0x0000000087800000|100%| O|  |TAMS 0x0000000087800000, 0x0000000087700000| Untracked 
| 120|0x0000000087800000, 0x0000000087900000, 0x0000000087900000|100%|HS|  |TAMS 0x0000000087900000, 0x0000000087800000| Complete 
| 121|0x0000000087900000, 0x0000000087a00000, 0x0000000087a00000|100%| O|  |TAMS 0x0000000087a00000, 0x0000000087900000| Untracked 
| 122|0x0000000087a00000, 0x0000000087b00000, 0x0000000087b00000|100%| O|  |TAMS 0x0000000087b00000, 0x0000000087a00000| Untracked 
| 123|0x0000000087b00000, 0x0000000087c00000, 0x0000000087c00000|100%| O|  |TAMS 0x0000000087c00000, 0x0000000087b00000| Untracked 
| 124|0x0000000087c00000, 0x0000000087d00000, 0x0000000087d00000|100%|HS|  |TAMS 0x0000000087d00000, 0x0000000087c00000| Complete 
| 125|0x0000000087d00000, 0x0000000087e00000, 0x0000000087e00000|100%|HC|  |TAMS 0x0000000087e00000, 0x0000000087d00000| Complete 
| 126|0x0000000087e00000, 0x0000000087f00000, 0x0000000087f00000|100%| O|  |TAMS 0x0000000087f00000, 0x0000000087e00000| Untracked 
| 127|0x0000000087f00000, 0x0000000088000000, 0x0000000088000000|100%| O|  |TAMS 0x0000000087ff4c00, 0x0000000087f00000| Untracked 
| 128|0x0000000088000000, 0x0000000088100000, 0x0000000088100000|100%| O|  |TAMS 0x0000000088000000, 0x0000000088000000| Untracked 
| 129|0x0000000088100000, 0x0000000088200000, 0x0000000088200000|100%|HS|  |TAMS 0x0000000088200000, 0x0000000088100000| Complete 
| 130|0x0000000088200000, 0x0000000088300000, 0x0000000088300000|100%|HC|  |TAMS 0x0000000088300000, 0x0000000088200000| Complete 
| 131|0x0000000088300000, 0x0000000088400000, 0x0000000088400000|100%| O|  |TAMS 0x0000000088300000, 0x0000000088300000| Untracked 
| 132|0x0000000088400000, 0x0000000088500000, 0x0000000088500000|100%| O|  |TAMS 0x0000000088400000, 0x0000000088400000| Untracked 
| 133|0x0000000088500000, 0x0000000088600000, 0x0000000088600000|100%| O|  |TAMS 0x0000000088500000, 0x0000000088500000| Untracked 
| 134|0x0000000088600000, 0x0000000088700000, 0x0000000088700000|100%| O|  |TAMS 0x0000000088600000, 0x0000000088600000| Untracked 
| 135|0x0000000088700000, 0x0000000088800000, 0x0000000088800000|100%| O|  |TAMS 0x0000000088700000, 0x0000000088700000| Untracked 
| 136|0x0000000088800000, 0x0000000088900000, 0x0000000088900000|100%| O|  |TAMS 0x0000000088800000, 0x0000000088800000| Untracked 
| 137|0x0000000088900000, 0x0000000088a00000, 0x0000000088a00000|100%|HS|  |TAMS 0x0000000088a00000, 0x0000000088900000| Complete 
| 138|0x0000000088a00000, 0x0000000088b00000, 0x0000000088b00000|100%|HC|  |TAMS 0x0000000088b00000, 0x0000000088a00000| Complete 
| 139|0x0000000088b00000, 0x0000000088c00000, 0x0000000088c00000|100%|HC|  |TAMS 0x0000000088c00000, 0x0000000088b00000| Complete 
| 140|0x0000000088c00000, 0x0000000088d00000, 0x0000000088d00000|100%| O|  |TAMS 0x0000000088d00000, 0x0000000088c00000| Untracked 
| 141|0x0000000088d00000, 0x0000000088e00000, 0x0000000088e00000|100%| O|  |TAMS 0x0000000088e00000, 0x0000000088d00000| Untracked 
| 142|0x0000000088e00000, 0x0000000088f00000, 0x0000000088f00000|100%| O|  |TAMS 0x0000000088f00000, 0x0000000088e00000| Untracked 
| 143|0x0000000088f00000, 0x0000000089000000, 0x0000000089000000|100%| O|  |TAMS 0x0000000089000000, 0x0000000088f00000| Untracked 
| 144|0x0000000089000000, 0x0000000089100000, 0x0000000089100000|100%| O|  |TAMS 0x0000000089000000, 0x0000000089000000| Untracked 
| 145|0x0000000089100000, 0x0000000089200000, 0x0000000089200000|100%| O|  |TAMS 0x0000000089100000, 0x0000000089100000| Untracked 
| 146|0x0000000089200000, 0x0000000089300000, 0x0000000089300000|100%| O|  |TAMS 0x0000000089200000, 0x0000000089200000| Untracked 
| 147|0x0000000089300000, 0x0000000089400000, 0x0000000089400000|100%| O|  |TAMS 0x0000000089300000, 0x0000000089300000| Untracked 
| 148|0x0000000089400000, 0x0000000089500000, 0x0000000089500000|100%| O|  |TAMS 0x0000000089400000, 0x0000000089400000| Untracked 
| 149|0x0000000089500000, 0x0000000089600000, 0x0000000089600000|100%| O|  |TAMS 0x0000000089500000, 0x0000000089500000| Untracked 
| 150|0x0000000089600000, 0x0000000089700000, 0x0000000089700000|100%| O|  |TAMS 0x0000000089600000, 0x0000000089600000| Untracked 
| 151|0x0000000089700000, 0x0000000089800000, 0x0000000089800000|100%| O|  |TAMS 0x0000000089700000, 0x0000000089700000| Untracked 
| 152|0x0000000089800000, 0x0000000089900000, 0x0000000089900000|100%| O|  |TAMS 0x0000000089800000, 0x0000000089800000| Untracked 
| 153|0x0000000089900000, 0x0000000089a00000, 0x0000000089a00000|100%| O|  |TAMS 0x0000000089900000, 0x0000000089900000| Untracked 
| 154|0x0000000089a00000, 0x0000000089b00000, 0x0000000089b00000|100%| O|  |TAMS 0x0000000089a00000, 0x0000000089a00000| Untracked 
| 155|0x0000000089b00000, 0x0000000089c00000, 0x0000000089c00000|100%| O|  |TAMS 0x0000000089b00000, 0x0000000089b00000| Untracked 
| 156|0x0000000089c00000, 0x0000000089d00000, 0x0000000089d00000|100%| O|  |TAMS 0x0000000089c00000, 0x0000000089c00000| Untracked 
| 157|0x0000000089d00000, 0x0000000089e00000, 0x0000000089e00000|100%| O|  |TAMS 0x0000000089d00000, 0x0000000089d00000| Untracked 
| 158|0x0000000089e00000, 0x0000000089f00000, 0x0000000089f00000|100%| O|  |TAMS 0x0000000089e00000, 0x0000000089e00000| Untracked 
| 159|0x0000000089f00000, 0x000000008a000000, 0x000000008a000000|100%| O|  |TAMS 0x0000000089f00000, 0x0000000089f00000| Untracked 
| 160|0x000000008a000000, 0x000000008a100000, 0x000000008a100000|100%| O|  |TAMS 0x000000008a000000, 0x000000008a000000| Untracked 
| 161|0x000000008a100000, 0x000000008a200000, 0x000000008a200000|100%| O|  |TAMS 0x000000008a100000, 0x000000008a100000| Untracked 
| 162|0x000000008a200000, 0x000000008a300000, 0x000000008a300000|100%| O|  |TAMS 0x000000008a200000, 0x000000008a200000| Untracked 
| 163|0x000000008a300000, 0x000000008a400000, 0x000000008a400000|100%| O|  |TAMS 0x000000008a300000, 0x000000008a300000| Untracked 
| 164|0x000000008a400000, 0x000000008a500000, 0x000000008a500000|100%| O|  |TAMS 0x000000008a400000, 0x000000008a400000| Untracked 
| 165|0x000000008a500000, 0x000000008a600000, 0x000000008a600000|100%| O|  |TAMS 0x000000008a500000, 0x000000008a500000| Untracked 
| 166|0x000000008a600000, 0x000000008a700000, 0x000000008a700000|100%| O|  |TAMS 0x000000008a600000, 0x000000008a600000| Untracked 
| 167|0x000000008a700000, 0x000000008a800000, 0x000000008a800000|100%| O|  |TAMS 0x000000008a700000, 0x000000008a700000| Untracked 
| 168|0x000000008a800000, 0x000000008a900000, 0x000000008a900000|100%| O|  |TAMS 0x000000008a800000, 0x000000008a800000| Untracked 
| 169|0x000000008a900000, 0x000000008aa00000, 0x000000008aa00000|100%| O|  |TAMS 0x000000008a900000, 0x000000008a900000| Untracked 
| 170|0x000000008aa00000, 0x000000008ab00000, 0x000000008ab00000|100%| O|  |TAMS 0x000000008aa00000, 0x000000008aa00000| Untracked 
| 171|0x000000008ab00000, 0x000000008ac00000, 0x000000008ac00000|100%| O|  |TAMS 0x000000008ab00000, 0x000000008ab00000| Untracked 
| 172|0x000000008ac00000, 0x000000008ad00000, 0x000000008ad00000|100%| O|  |TAMS 0x000000008ac00000, 0x000000008ac00000| Untracked 
| 173|0x000000008ad00000, 0x000000008ae00000, 0x000000008ae00000|100%| O|  |TAMS 0x000000008ad00000, 0x000000008ad00000| Untracked 
| 174|0x000000008ae00000, 0x000000008af00000, 0x000000008af00000|100%| O|  |TAMS 0x000000008ae00000, 0x000000008ae00000| Untracked 
| 175|0x000000008af00000, 0x000000008b000000, 0x000000008b000000|100%| O|  |TAMS 0x000000008af00000, 0x000000008af00000| Untracked 
| 176|0x000000008b000000, 0x000000008b100000, 0x000000008b100000|100%| O|  |TAMS 0x000000008b000000, 0x000000008b000000| Untracked 
| 177|0x000000008b100000, 0x000000008b200000, 0x000000008b200000|100%| O|  |TAMS 0x000000008b100000, 0x000000008b100000| Untracked 
| 178|0x000000008b200000, 0x000000008b300000, 0x000000008b300000|100%| O|  |TAMS 0x000000008b200000, 0x000000008b200000| Untracked 
| 179|0x000000008b300000, 0x000000008b400000, 0x000000008b400000|100%| O|  |TAMS 0x000000008b300000, 0x000000008b300000| Untracked 
| 180|0x000000008b400000, 0x000000008b500000, 0x000000008b500000|100%| O|  |TAMS 0x000000008b400000, 0x000000008b400000| Untracked 
| 181|0x000000008b500000, 0x000000008b600000, 0x000000008b600000|100%| O|  |TAMS 0x000000008b500000, 0x000000008b500000| Untracked 
| 182|0x000000008b600000, 0x000000008b700000, 0x000000008b700000|100%| O|  |TAMS 0x000000008b600000, 0x000000008b600000| Untracked 
| 183|0x000000008b700000, 0x000000008b800000, 0x000000008b800000|100%| O|  |TAMS 0x000000008b700000, 0x000000008b700000| Untracked 
| 184|0x000000008b800000, 0x000000008b8a8a00, 0x000000008b900000| 65%| O|  |TAMS 0x000000008b800000, 0x000000008b800000| Untracked 
| 185|0x000000008b900000, 0x000000008b900000, 0x000000008ba00000|  0%| F|  |TAMS 0x000000008b900000, 0x000000008b900000| Untracked 
| 186|0x000000008ba00000, 0x000000008ba00000, 0x000000008bb00000|  0%| F|  |TAMS 0x000000008ba00000, 0x000000008ba00000| Untracked 
| 187|0x000000008bb00000, 0x000000008bb00000, 0x000000008bc00000|  0%| F|  |TAMS 0x000000008bb00000, 0x000000008bb00000| Untracked 
| 188|0x000000008bc00000, 0x000000008bc00000, 0x000000008bd00000|  0%| F|  |TAMS 0x000000008bc00000, 0x000000008bc00000| Untracked 
| 189|0x000000008bd00000, 0x000000008bd00000, 0x000000008be00000|  0%| F|  |TAMS 0x000000008bd00000, 0x000000008bd00000| Untracked 
| 190|0x000000008be00000, 0x000000008be00000, 0x000000008bf00000|  0%| F|  |TAMS 0x000000008be00000, 0x000000008be00000| Untracked 
| 191|0x000000008bf00000, 0x000000008bf00000, 0x000000008c000000|  0%| F|  |TAMS 0x000000008bf00000, 0x000000008bf00000| Untracked 
| 192|0x000000008c000000, 0x000000008c000000, 0x000000008c100000|  0%| F|  |TAMS 0x000000008c000000, 0x000000008c000000| Untracked 
| 193|0x000000008c100000, 0x000000008c100000, 0x000000008c200000|  0%| F|  |TAMS 0x000000008c100000, 0x000000008c100000| Untracked 
| 194|0x000000008c200000, 0x000000008c200000, 0x000000008c300000|  0%| F|  |TAMS 0x000000008c200000, 0x000000008c200000| Untracked 
| 195|0x000000008c300000, 0x000000008c300000, 0x000000008c400000|  0%| F|  |TAMS 0x000000008c300000, 0x000000008c300000| Untracked 
| 196|0x000000008c400000, 0x000000008c400000, 0x000000008c500000|  0%| F|  |TAMS 0x000000008c400000, 0x000000008c400000| Untracked 
| 197|0x000000008c500000, 0x000000008c500000, 0x000000008c600000|  0%| F|  |TAMS 0x000000008c500000, 0x000000008c500000| Untracked 
| 198|0x000000008c600000, 0x000000008c600000, 0x000000008c700000|  0%| F|  |TAMS 0x000000008c600000, 0x000000008c600000| Untracked 
| 199|0x000000008c700000, 0x000000008c700000, 0x000000008c800000|  0%| F|  |TAMS 0x000000008c700000, 0x000000008c700000| Untracked 
| 200|0x000000008c800000, 0x000000008c800000, 0x000000008c900000|  0%| F|  |TAMS 0x000000008c800000, 0x000000008c800000| Untracked 
| 201|0x000000008c900000, 0x000000008c900000, 0x000000008ca00000|  0%| F|  |TAMS 0x000000008c900000, 0x000000008c900000| Untracked 
| 202|0x000000008ca00000, 0x000000008ca00000, 0x000000008cb00000|  0%| F|  |TAMS 0x000000008ca00000, 0x000000008ca00000| Untracked 
| 203|0x000000008cb00000, 0x000000008cb00000, 0x000000008cc00000|  0%| F|  |TAMS 0x000000008cb00000, 0x000000008cb00000| Untracked 
| 204|0x000000008cc00000, 0x000000008cc00000, 0x000000008cd00000|  0%| F|  |TAMS 0x000000008cc00000, 0x000000008cc00000| Untracked 
| 205|0x000000008cd00000, 0x000000008cd00000, 0x000000008ce00000|  0%| F|  |TAMS 0x000000008cd00000, 0x000000008cd00000| Untracked 
| 206|0x000000008ce00000, 0x000000008ce00000, 0x000000008cf00000|  0%| F|  |TAMS 0x000000008ce00000, 0x000000008ce00000| Untracked 
| 207|0x000000008cf00000, 0x000000008cf00000, 0x000000008d000000|  0%| F|  |TAMS 0x000000008cf00000, 0x000000008cf00000| Untracked 
| 208|0x000000008d000000, 0x000000008d000000, 0x000000008d100000|  0%| F|  |TAMS 0x000000008d000000, 0x000000008d000000| Untracked 
| 209|0x000000008d100000, 0x000000008d100000, 0x000000008d200000|  0%| F|  |TAMS 0x000000008d100000, 0x000000008d100000| Untracked 
| 210|0x000000008d200000, 0x000000008d200000, 0x000000008d300000|  0%| F|  |TAMS 0x000000008d200000, 0x000000008d200000| Untracked 
| 211|0x000000008d300000, 0x000000008d300000, 0x000000008d400000|  0%| F|  |TAMS 0x000000008d300000, 0x000000008d300000| Untracked 
| 212|0x000000008d400000, 0x000000008d400000, 0x000000008d500000|  0%| F|  |TAMS 0x000000008d400000, 0x000000008d400000| Untracked 
| 213|0x000000008d500000, 0x000000008d500000, 0x000000008d600000|  0%| F|  |TAMS 0x000000008d500000, 0x000000008d500000| Untracked 
| 214|0x000000008d600000, 0x000000008d600000, 0x000000008d700000|  0%| F|  |TAMS 0x000000008d600000, 0x000000008d600000| Untracked 
| 215|0x000000008d700000, 0x000000008d700000, 0x000000008d800000|  0%| F|  |TAMS 0x000000008d700000, 0x000000008d700000| Untracked 
| 216|0x000000008d800000, 0x000000008d800000, 0x000000008d900000|  0%| F|  |TAMS 0x000000008d800000, 0x000000008d800000| Untracked 
| 217|0x000000008d900000, 0x000000008d900000, 0x000000008da00000|  0%| F|  |TAMS 0x000000008d900000, 0x000000008d900000| Untracked 
| 218|0x000000008da00000, 0x000000008da00000, 0x000000008db00000|  0%| F|  |TAMS 0x000000008da00000, 0x000000008da00000| Untracked 
| 219|0x000000008db00000, 0x000000008db00000, 0x000000008dc00000|  0%| F|  |TAMS 0x000000008db00000, 0x000000008db00000| Untracked 
| 220|0x000000008dc00000, 0x000000008dc00000, 0x000000008dd00000|  0%| F|  |TAMS 0x000000008dc00000, 0x000000008dc00000| Untracked 
| 221|0x000000008dd00000, 0x000000008dd00000, 0x000000008de00000|  0%| F|  |TAMS 0x000000008dd00000, 0x000000008dd00000| Untracked 
| 222|0x000000008de00000, 0x000000008de00000, 0x000000008df00000|  0%| F|  |TAMS 0x000000008de00000, 0x000000008de00000| Untracked 
| 223|0x000000008df00000, 0x000000008df00000, 0x000000008e000000|  0%| F|  |TAMS 0x000000008df00000, 0x000000008df00000| Untracked 
| 224|0x000000008e000000, 0x000000008e000000, 0x000000008e100000|  0%| F|  |TAMS 0x000000008e000000, 0x000000008e000000| Untracked 
| 225|0x000000008e100000, 0x000000008e100000, 0x000000008e200000|  0%| F|  |TAMS 0x000000008e100000, 0x000000008e100000| Untracked 
| 226|0x000000008e200000, 0x000000008e200000, 0x000000008e300000|  0%| F|  |TAMS 0x000000008e200000, 0x000000008e200000| Untracked 
| 227|0x000000008e300000, 0x000000008e300000, 0x000000008e400000|  0%| F|  |TAMS 0x000000008e300000, 0x000000008e300000| Untracked 
| 228|0x000000008e400000, 0x000000008e400000, 0x000000008e500000|  0%| F|  |TAMS 0x000000008e400000, 0x000000008e400000| Untracked 
| 229|0x000000008e500000, 0x000000008e500000, 0x000000008e600000|  0%| F|  |TAMS 0x000000008e500000, 0x000000008e500000| Untracked 
| 230|0x000000008e600000, 0x000000008e600000, 0x000000008e700000|  0%| F|  |TAMS 0x000000008e600000, 0x000000008e600000| Untracked 
| 231|0x000000008e700000, 0x000000008e700000, 0x000000008e800000|  0%| F|  |TAMS 0x000000008e700000, 0x000000008e700000| Untracked 
| 232|0x000000008e800000, 0x000000008e800000, 0x000000008e900000|  0%| F|  |TAMS 0x000000008e800000, 0x000000008e800000| Untracked 
| 233|0x000000008e900000, 0x000000008e900000, 0x000000008ea00000|  0%| F|  |TAMS 0x000000008e900000, 0x000000008e900000| Untracked 
| 234|0x000000008ea00000, 0x000000008eb00000, 0x000000008eb00000|100%| S|CS|TAMS 0x000000008ea00000, 0x000000008ea00000| Complete 
| 235|0x000000008eb00000, 0x000000008ec00000, 0x000000008ec00000|100%| S|CS|TAMS 0x000000008eb00000, 0x000000008eb00000| Complete 
| 236|0x000000008ec00000, 0x000000008ed00000, 0x000000008ed00000|100%| S|CS|TAMS 0x000000008ec00000, 0x000000008ec00000| Complete 
| 237|0x000000008ed00000, 0x000000008ee00000, 0x000000008ee00000|100%| S|CS|TAMS 0x000000008ed00000, 0x000000008ed00000| Complete 
| 238|0x000000008ee00000, 0x000000008ee00000, 0x000000008ef00000|  0%| F|  |TAMS 0x000000008ee00000, 0x000000008ee00000| Untracked 
| 239|0x000000008ef00000, 0x000000008ef00000, 0x000000008f000000|  0%| F|  |TAMS 0x000000008ef00000, 0x000000008ef00000| Untracked 
| 240|0x000000008f000000, 0x000000008f000000, 0x000000008f100000|  0%| F|  |TAMS 0x000000008f000000, 0x000000008f000000| Untracked 
| 241|0x000000008f100000, 0x000000008f100000, 0x000000008f200000|  0%| F|  |TAMS 0x000000008f100000, 0x000000008f100000| Untracked 
| 242|0x000000008f200000, 0x000000008f200000, 0x000000008f300000|  0%| F|  |TAMS 0x000000008f200000, 0x000000008f200000| Untracked 
| 243|0x000000008f300000, 0x000000008f300000, 0x000000008f400000|  0%| F|  |TAMS 0x000000008f300000, 0x000000008f300000| Untracked 
| 244|0x000000008f400000, 0x000000008f400000, 0x000000008f500000|  0%| F|  |TAMS 0x000000008f400000, 0x000000008f400000| Untracked 
| 245|0x000000008f500000, 0x000000008f500000, 0x000000008f600000|  0%| F|  |TAMS 0x000000008f500000, 0x000000008f500000| Untracked 
| 246|0x000000008f600000, 0x000000008f600000, 0x000000008f700000|  0%| F|  |TAMS 0x000000008f600000, 0x000000008f600000| Untracked 
| 247|0x000000008f700000, 0x000000008f700000, 0x000000008f800000|  0%| F|  |TAMS 0x000000008f700000, 0x000000008f700000| Untracked 
| 248|0x000000008f800000, 0x000000008f800000, 0x000000008f900000|  0%| F|  |TAMS 0x000000008f800000, 0x000000008f800000| Untracked 
| 249|0x000000008f900000, 0x000000008f900000, 0x000000008fa00000|  0%| F|  |TAMS 0x000000008f900000, 0x000000008f900000| Untracked 
| 250|0x000000008fa00000, 0x000000008fa00000, 0x000000008fb00000|  0%| F|  |TAMS 0x000000008fa00000, 0x000000008fa00000| Untracked 
| 251|0x000000008fb00000, 0x000000008fb00000, 0x000000008fc00000|  0%| F|  |TAMS 0x000000008fb00000, 0x000000008fb00000| Untracked 
| 252|0x000000008fc00000, 0x000000008fc00000, 0x000000008fd00000|  0%| F|  |TAMS 0x000000008fc00000, 0x000000008fc00000| Untracked 
| 253|0x000000008fd00000, 0x000000008fd00000, 0x000000008fe00000|  0%| F|  |TAMS 0x000000008fd00000, 0x000000008fd00000| Untracked 
| 254|0x000000008fe00000, 0x000000008fe00000, 0x000000008ff00000|  0%| F|  |TAMS 0x000000008fe00000, 0x000000008fe00000| Untracked 
| 255|0x000000008ff00000, 0x000000008ff00000, 0x0000000090000000|  0%| F|  |TAMS 0x000000008ff00000, 0x000000008ff00000| Untracked 
| 256|0x0000000090000000, 0x0000000090000000, 0x0000000090100000|  0%| F|  |TAMS 0x0000000090000000, 0x0000000090000000| Untracked 
| 257|0x0000000090100000, 0x0000000090100000, 0x0000000090200000|  0%| F|  |TAMS 0x0000000090100000, 0x0000000090100000| Untracked 
| 258|0x0000000090200000, 0x0000000090200000, 0x0000000090300000|  0%| F|  |TAMS 0x0000000090200000, 0x0000000090200000| Untracked 
| 259|0x0000000090300000, 0x0000000090300000, 0x0000000090400000|  0%| F|  |TAMS 0x0000000090300000, 0x0000000090300000| Untracked 
| 260|0x0000000090400000, 0x0000000090400000, 0x0000000090500000|  0%| F|  |TAMS 0x0000000090400000, 0x0000000090400000| Untracked 
| 261|0x0000000090500000, 0x0000000090500000, 0x0000000090600000|  0%| F|  |TAMS 0x0000000090500000, 0x0000000090500000| Untracked 
| 262|0x0000000090600000, 0x0000000090600000, 0x0000000090700000|  0%| F|  |TAMS 0x0000000090600000, 0x0000000090600000| Untracked 
| 263|0x0000000090700000, 0x0000000090700000, 0x0000000090800000|  0%| F|  |TAMS 0x0000000090700000, 0x0000000090700000| Untracked 

Card table byte_map: [0x0000018c1e950000,0x0000018c1ed50000] _byte_map_base: 0x0000018c1e550000

Marking Bits (Prev, Next): (CMBitMap*) 0x0000018c0b74b228, (CMBitMap*) 0x0000018c0b74b260
 Prev Bits: [0x0000018c1f150000, 0x0000018c21150000)
 Next Bits: [0x0000018c21150000, 0x0000018c23150000)

Polling page: 0x0000018c09530000

Metaspace:

Usage:
  Non-class:     95.21 MB capacity,    93.60 MB ( 98%) used,     1.29 MB (  1%) free+waste,   323.13 KB ( <1%) overhead. 
      Class:     14.59 MB capacity,    13.64 MB ( 93%) used,   834.82 KB (  6%) free+waste,   143.44 KB ( <1%) overhead. 
       Both:    109.80 MB capacity,   107.23 MB ( 98%) used,     2.11 MB (  2%) free+waste,   466.56 KB ( <1%) overhead. 

Virtual space:
  Non-class space:       96.00 MB reserved,      95.43 MB (>99%) committed 
      Class space:        1.00 GB reserved,      14.70 MB (  1%) committed 
             Both:        1.09 GB reserved,     110.13 MB ( 10%) committed 

Chunk freelists:
   Non-Class:  34.00 KB
       Class:  0 bytes
        Both:  34.00 KB

MaxMetaspaceSize: 17179869184.00 GB
CompressedClassSpaceSize: 1.00 GB
Initial GC threshold: 20.80 MB
Current GC threshold: 179.18 MB
CDS: off

CodeHeap 'non-profiled nmethods': size=120000Kb used=9919Kb max_used=9919Kb free=110080Kb
 bounds [0x0000018c16cf0000, 0x0000018c176a0000, 0x0000018c1e220000]
CodeHeap 'profiled nmethods': size=120000Kb used=33153Kb max_used=33153Kb free=86846Kb
 bounds [0x0000018c0f7c0000, 0x0000018c11830000, 0x0000018c16cf0000]
CodeHeap 'non-nmethods': size=5760Kb used=2519Kb max_used=2574Kb free=3241Kb
 bounds [0x0000018c0f220000, 0x0000018c0f4b0000, 0x0000018c0f7c0000]
 total_blobs=16278 nmethods=15227 adapters=961
 compilation: enabled
              stopped_count=0, restarted_count=0
 full_count=0

Compilation events (20 events):
Event: 24.795 Thread 0x0000018c2651f000 15471   !   3       java.util.concurrent.ForkJoinPool::externalPush (228 bytes)
Event: 24.795 Thread 0x0000018c2651b800 nmethod 15464 0x0000018c1769f010 code [0x0000018c1769f1c0, 0x0000018c1769f348]
Event: 24.795 Thread 0x0000018c2651b800 15477       4       java.lang.ClassLoader::findClass (9 bytes)
Event: 24.796 Thread 0x0000018c3091b000 15478       4       java.lang.invoke.LambdaForm::uncustomize (57 bytes)
Event: 24.797 Thread 0x0000018c2651b800 nmethod 15477 0x0000018c1769f590 code [0x0000018c1769f740, 0x0000018c1769f848]
Event: 24.797 Thread 0x0000018c2651f000 nmethod 15471 0x0000018c1181b590 code [0x0000018c1181b880, 0x0000018c1181cc08]
Event: 24.797 Thread 0x0000018c2651f000 15475       3       com.android.tools.r8.internal.nt::l (39 bytes)
Event: 24.797 Thread 0x0000018c3091b000 nmethod 15478 0x0000018c1769f910 code [0x0000018c1769faa0, 0x0000018c1769fb18]
Event: 24.797 Thread 0x0000018c2651b800 15479       4       com.android.tools.r8.graph.D1::b (4 bytes)
Event: 24.797 Thread 0x0000018c2651f000 nmethod 15475 0x0000018c1181d410 code [0x0000018c1181d600, 0x0000018c1181da68]
Event: 24.797 Thread 0x0000018c2651f000 15469       3       java.util.concurrent.ForkJoinPool$WorkQueue::lockedPush (92 bytes)
Event: 24.797 Thread 0x0000018c2651b800 nmethod 15479 0x0000018c1769fc10 code [0x0000018c1769fda0, 0x0000018c1769fdf8]
Event: 24.798 Thread 0x0000018c2651b800 15485       4       java.lang.Iterable::forEach (39 bytes)
Event: 24.798 Thread 0x0000018c2651f000 nmethod 15469 0x0000018c1181dc10 code [0x0000018c1181dde0, 0x0000018c1181e228]
Event: 24.798 Thread 0x0000018c2651f000 15476       3       com.android.tools.r8.internal.or::c (32 bytes)
Event: 24.798 Thread 0x0000018c2651f000 nmethod 15476 0x0000018c1181e390 code [0x0000018c1181e540, 0x0000018c1181e658]
Event: 24.798 Thread 0x0000018c2651f000 15494       3       com.android.tools.r8.internal.xt::hasNext (212 bytes)
Event: 24.799 Thread 0x0000018c3091b000 15507       4       com.android.tools.r8.internal.Gj::a (15 bytes)
Event: 24.799 Thread 0x0000018c2651f000 nmethod 15494 0x0000018c1181e710 code [0x0000018c1181ea00, 0x0000018c11820108]
Event: 24.799 Thread 0x0000018c2651f000 15495       3       com.android.tools.r8.internal.st::l (43 bytes)

GC Heap History (20 events):
Event: 19.611 GC heap after
{Heap after GC invocations=35 (full 0):
 garbage-first heap   total 225280K, used 88449K [0x0000000080000000, 0x0000000100000000)
  region size 1024K, 2 young (2048K), 2 survivors (2048K)
 Metaspace       used 98488K, capacity 100709K, committed 101128K, reserved 1136640K
  class space    used 12370K, capacity 13181K, committed 13392K, reserved 1048576K
}
Event: 22.040 GC heap before
{Heap before GC invocations=35 (full 0):
 garbage-first heap   total 225280K, used 158081K [0x0000000080000000, 0x0000000100000000)
  region size 1024K, 71 young (72704K), 2 survivors (2048K)
 Metaspace       used 100636K, capacity 102933K, committed 103048K, reserved 1138688K
  class space    used 12607K, capacity 13468K, committed 13520K, reserved 1048576K
}
Event: 22.048 GC heap after
{Heap after GC invocations=36 (full 0):
 garbage-first heap   total 225280K, used 92878K [0x0000000080000000, 0x0000000100000000)
  region size 1024K, 7 young (7168K), 7 survivors (7168K)
 Metaspace       used 100636K, capacity 102933K, committed 103048K, reserved 1138688K
  class space    used 12607K, capacity 13468K, committed 13520K, reserved 1048576K
}
Event: 22.617 GC heap before
{Heap before GC invocations=36 (full 0):
 garbage-first heap   total 225280K, used 173774K [0x0000000080000000, 0x0000000100000000)
  region size 1024K, 76 young (77824K), 7 survivors (7168K)
 Metaspace       used 102834K, capacity 105206K, committed 105352K, reserved 1140736K
  class space    used 12872K, capacity 13758K, committed 13776K, reserved 1048576K
}
Event: 22.631 GC heap after
{Heap after GC invocations=37 (full 0):
 garbage-first heap   total 225280K, used 113897K [0x0000000080000000, 0x0000000100000000)
  region size 1024K, 10 young (10240K), 10 survivors (10240K)
 Metaspace       used 102834K, capacity 105206K, committed 105352K, reserved 1140736K
  class space    used 12872K, capacity 13758K, committed 13776K, reserved 1048576K
}
Event: 22.780 GC heap before
{Heap before GC invocations=37 (full 0):
 garbage-first heap   total 225280K, used 131305K [0x0000000080000000, 0x0000000100000000)
  region size 1024K, 29 young (29696K), 10 survivors (10240K)
 Metaspace       used 104061K, capacity 106483K, committed 106632K, reserved 1142784K
  class space    used 13038K, capacity 13952K, committed 14032K, reserved 1048576K
}
Event: 22.796 GC heap after
{Heap after GC invocations=38 (full 0):
 garbage-first heap   total 225280K, used 117413K [0x0000000080000000, 0x0000000100000000)
  region size 1024K, 4 young (4096K), 4 survivors (4096K)
 Metaspace       used 104061K, capacity 106483K, committed 106632K, reserved 1142784K
  class space    used 13038K, capacity 13952K, committed 14032K, reserved 1048576K
}
Event: 23.062 GC heap before
{Heap before GC invocations=39 (full 0):
 garbage-first heap   total 225280K, used 189093K [0x0000000080000000, 0x0000000100000000)
  region size 1024K, 47 young (48128K), 4 survivors (4096K)
 Metaspace       used 104841K, capacity 107273K, committed 107528K, reserved 1142784K
  class space    used 13151K, capacity 14067K, committed 14160K, reserved 1048576K
}
Event: 23.074 GC heap after
{Heap after GC invocations=40 (full 0):
 garbage-first heap   total 225280K, used 135992K [0x0000000080000000, 0x0000000100000000)
  region size 1024K, 6 young (6144K), 6 survivors (6144K)
 Metaspace       used 104841K, capacity 107273K, committed 107528K, reserved 1142784K
  class space    used 13151K, capacity 14067K, committed 14160K, reserved 1048576K
}
Event: 23.114 GC heap before
{Heap before GC invocations=40 (full 0):
 garbage-first heap   total 225280K, used 141112K [0x0000000080000000, 0x0000000100000000)
  region size 1024K, 11 young (11264K), 6 survivors (6144K)
 Metaspace       used 104852K, capacity 107281K, committed 107528K, reserved 1142784K
  class space    used 13153K, capacity 14070K, committed 14160K, reserved 1048576K
}
Event: 23.125 GC heap after
{Heap after GC invocations=41 (full 0):
 garbage-first heap   total 225280K, used 129368K [0x0000000080000000, 0x0000000100000000)
  region size 1024K, 2 young (2048K), 2 survivors (2048K)
 Metaspace       used 104852K, capacity 107281K, committed 107528K, reserved 1142784K
  class space    used 13153K, capacity 14070K, committed 14160K, reserved 1048576K
}
Event: 23.560 GC heap before
{Heap before GC invocations=41 (full 0):
 garbage-first heap   total 225280K, used 173400K [0x0000000080000000, 0x0000000100000000)
  region size 1024K, 42 young (43008K), 2 survivors (2048K)
 Metaspace       used 106286K, capacity 108754K, committed 108808K, reserved 1144832K
  class space    used 13450K, capacity 14386K, committed 14416K, reserved 1048576K
}
Event: 23.581 GC heap after
{Heap after GC invocations=42 (full 0):
 garbage-first heap   total 270336K, used 144339K [0x0000000080000000, 0x0000000100000000)
  region size 1024K, 6 young (6144K), 6 survivors (6144K)
 Metaspace       used 106286K, capacity 108754K, committed 108808K, reserved 1144832K
  class space    used 13450K, capacity 14386K, committed 14416K, reserved 1048576K
}
Event: 23.997 GC heap before
{Heap before GC invocations=43 (full 0):
 garbage-first heap   total 270336K, used 196563K [0x0000000080000000, 0x0000000100000000)
  region size 1024K, 58 young (59392K), 6 survivors (6144K)
 Metaspace       used 107369K, capacity 109827K, committed 110088K, reserved 1144832K
  class space    used 13631K, capacity 14571K, committed 14672K, reserved 1048576K
}
Event: 24.039 GC heap after
{Heap after GC invocations=44 (full 0):
 garbage-first heap   total 270336K, used 169292K [0x0000000080000000, 0x0000000100000000)
  region size 1024K, 8 young (8192K), 8 survivors (8192K)
 Metaspace       used 107369K, capacity 109827K, committed 110088K, reserved 1144832K
  class space    used 13631K, capacity 14571K, committed 14672K, reserved 1048576K
}
Event: 24.065 GC heap before
{Heap before GC invocations=44 (full 0):
 garbage-first heap   total 270336K, used 173388K [0x0000000080000000, 0x0000000100000000)
  region size 1024K, 13 young (13312K), 8 survivors (8192K)
 Metaspace       used 107370K, capacity 109827K, committed 110088K, reserved 1144832K
  class space    used 13631K, capacity 14571K, committed 14672K, reserved 1048576K
}
Event: 24.084 GC heap after
{Heap after GC invocations=45 (full 0):
 garbage-first heap   total 270336K, used 168960K [0x0000000080000000, 0x0000000100000000)
  region size 1024K, 2 young (2048K), 2 survivors (2048K)
 Metaspace       used 107370K, capacity 109827K, committed 110088K, reserved 1144832K
  class space    used 13631K, capacity 14571K, committed 14672K, reserved 1048576K
}
Event: 24.347 GC heap before
{Heap before GC invocations=45 (full 0):
 garbage-first heap   total 270336K, used 204800K [0x0000000080000000, 0x0000000100000000)
  region size 1024K, 38 young (38912K), 2 survivors (2048K)
 Metaspace       used 107761K, capacity 110215K, committed 110344K, reserved 1144832K
  class space    used 13681K, capacity 14636K, committed 14672K, reserved 1048576K
}
Event: 24.365 GC heap after
{Heap after GC invocations=46 (full 0):
 garbage-first heap   total 270336K, used 187704K [0x0000000080000000, 0x0000000100000000)
  region size 1024K, 5 young (5120K), 5 survivors (5120K)
 Metaspace       used 107761K, capacity 110215K, committed 110344K, reserved 1144832K
  class space    used 13681K, capacity 14636K, committed 14672K, reserved 1048576K
}
Event: 24.800 GC heap before
{Heap before GC invocations=46 (full 0):
 garbage-first heap   total 270336K, used 213304K [0x0000000080000000, 0x0000000100000000)
  region size 1024K, 31 young (31744K), 5 survivors (5120K)
 Metaspace       used 109808K, capacity 112435K, committed 112776K, reserved 1146880K
  class space    used 13962K, capacity 14941K, committed 15056K, reserved 1048576K
}

Deoptimization events (20 events):
Event: 24.417 Thread 0x0000018c3091d000 Uncommon trap: trap_request=0xffffffde fr.pc=0x0000018c1763b780 relative=0x00000000000002a0
Event: 24.417 Thread 0x0000018c3091d000 Uncommon trap: reason=class_check action=maybe_recompile pc=0x0000018c1763b780 method=java.util.Map.computeIfAbsent(Ljava/lang/Object;Ljava/util/function/Function;)Ljava/lang/Object; @ 7 c2
Event: 24.417 Thread 0x0000018c3091d000 DEOPT PACKING pc=0x0000018c1763b780 sp=0x0000000929ffdd10
Event: 24.417 Thread 0x0000018c3091d000 DEOPT UNPACKING pc=0x0000018c0f2285af sp=0x0000000929ffdcc8 mode 2
Event: 24.417 Thread 0x0000018c3091d000 Uncommon trap: trap_request=0xffffffde fr.pc=0x0000018c1763b780 relative=0x00000000000002a0
Event: 24.417 Thread 0x0000018c3091d000 Uncommon trap: reason=class_check action=maybe_recompile pc=0x0000018c1763b780 method=java.util.Map.computeIfAbsent(Ljava/lang/Object;Ljava/util/function/Function;)Ljava/lang/Object; @ 7 c2
Event: 24.417 Thread 0x0000018c3091d000 DEOPT PACKING pc=0x0000018c1763b780 sp=0x0000000929ffdd10
Event: 24.417 Thread 0x0000018c3091d000 DEOPT UNPACKING pc=0x0000018c0f2285af sp=0x0000000929ffdcc8 mode 2
Event: 24.672 Thread 0x0000018c2c18c800 DEOPT PACKING pc=0x0000018c11747e29 sp=0x000000092a2fed00
Event: 24.672 Thread 0x0000018c2c18c800 DEOPT UNPACKING pc=0x0000018c0f269d0e sp=0x000000092a2fe1a8 mode 0
Event: 24.684 Thread 0x0000018c303b6800 DEOPT PACKING pc=0x0000018c117da2c1 sp=0x000000092a9fe870
Event: 24.684 Thread 0x0000018c303b6800 DEOPT UNPACKING pc=0x0000018c0f269d0e sp=0x000000092a9fde50 mode 0
Event: 24.700 Thread 0x0000018c3091d000 Uncommon trap: trap_request=0xffffffde fr.pc=0x0000018c1737c260 relative=0x00000000000001a0
Event: 24.700 Thread 0x0000018c3091d000 Uncommon trap: reason=class_check action=maybe_recompile pc=0x0000018c1737c260 method=java.util.Collections$SynchronizedCollection.iterator()Ljava/util/Iterator; @ 4 c2
Event: 24.700 Thread 0x0000018c3091d000 DEOPT PACKING pc=0x0000018c1737c260 sp=0x0000000929ffdb60
Event: 24.700 Thread 0x0000018c3091d000 DEOPT UNPACKING pc=0x0000018c0f2285af sp=0x0000000929ffdb20 mode 2
Event: 24.715 Thread 0x0000018c3091d000 Uncommon trap: trap_request=0xffffffde fr.pc=0x0000018c1737c260 relative=0x00000000000001a0
Event: 24.715 Thread 0x0000018c3091d000 Uncommon trap: reason=class_check action=maybe_recompile pc=0x0000018c1737c260 method=java.util.Collections$SynchronizedCollection.iterator()Ljava/util/Iterator; @ 4 c2
Event: 24.715 Thread 0x0000018c3091d000 DEOPT PACKING pc=0x0000018c1737c260 sp=0x0000000929ffdbf0
Event: 24.715 Thread 0x0000018c3091d000 DEOPT UNPACKING pc=0x0000018c0f2285af sp=0x0000000929ffdbb0 mode 2

Classes redefined (0 events):
No events

Internal exceptions (20 events):
Event: 22.564 Thread 0x0000018c30914800 Exception <a 'sun/nio/fs/WindowsException'{0x0000000089e3b858}> (0x0000000089e3b858) thrown at [./src/hotspot/share/prims/jni.cpp, line 615]
Event: 22.564 Thread 0x0000018c30914800 Exception <a 'sun/nio/fs/WindowsException'{0x0000000089e3c710}> (0x0000000089e3c710) thrown at [./src/hotspot/share/prims/jni.cpp, line 615]
Event: 22.564 Thread 0x0000018c30914800 Exception <a 'sun/nio/fs/WindowsException'{0x0000000089e3c9f8}> (0x0000000089e3c9f8) thrown at [./src/hotspot/share/prims/jni.cpp, line 615]
Event: 22.565 Thread 0x0000018c30914800 Exception <a 'sun/nio/fs/WindowsException'{0x0000000089e3d880}> (0x0000000089e3d880) thrown at [./src/hotspot/share/prims/jni.cpp, line 615]
Event: 22.580 Thread 0x0000018c30914800 Exception <a 'java/lang/NoSuchMethodError'{0x0000000089b3a958}: <clinit>> (0x0000000089b3a958) thrown at [./src/hotspot/share/prims/jni.cpp, line 1365]
Event: 22.587 Thread 0x0000018c30914800 Exception <a 'java/lang/NoSuchMethodError'{0x0000000089b6ac10}: <clinit>> (0x0000000089b6ac10) thrown at [./src/hotspot/share/prims/jni.cpp, line 1365]
Event: 22.595 Thread 0x0000018c30914800 Exception <a 'java/lang/NoSuchMethodError'{0x0000000089b7d388}: <clinit>> (0x0000000089b7d388) thrown at [./src/hotspot/share/prims/jni.cpp, line 1365]
Event: 22.728 Thread 0x0000018c3091c000 Exception <a 'java/lang/NoSuchMethodError'{0x000000008cf25128}: 'java.lang.Object java.lang.invoke.DirectMethodHandle$Holder.invokeVirtual(java.lang.Object, java.lang.Object, int)'> (0x000000008cf25128) thrown at [./src/hotspot/share/interpreter/linkResolver.cpp, line 773]
Event: 22.759 Thread 0x0000018c30915800 Exception <a 'java/lang/NoSuchMethodError'{0x000000008d32a5a8}: 'void java.lang.invoke.DirectMethodHandle$Holder.invokeStatic(java.lang.Object, long)'> (0x000000008d32a5a8) thrown at [./src/hotspot/share/interpreter/linkResolver.cpp, line 773]
Event: 22.760 Thread 0x0000018c30915800 Exception <a 'java/lang/NoSuchMethodError'{0x000000008cc7deb8}: 'java.lang.Object java.lang.invoke.DirectMethodHandle$Holder.invokeStatic(java.lang.Object, long)'> (0x000000008cc7deb8) thrown at [./src/hotspot/share/interpreter/linkResolver.cpp, line 773]
Event: 22.765 Thread 0x0000018c30915800 Exception <a 'java/lang/NoSuchMethodError'{0x000000008cb011d8}: 'java.lang.Object java.lang.invoke.DirectMethodHandle$Holder.invokeStaticInit(java.lang.Object, java.lang.Object, long, java.lang.Object)'> (0x000000008cb011d8) thrown at [./src/hotspot/share/interpreter/linkResolver.cpp, line 773]
Event: 22.766 Thread 0x0000018c30915800 Exception <a 'java/lang/NoSuchMethodError'{0x000000008cb075c8}: 'java.lang.Object java.lang.invoke.DirectMethodHandle$Holder.invokeStatic(java.lang.Object, java.lang.Object, long)'> (0x000000008cb075c8) thrown at [./src/hotspot/share/interpreter/linkResolver.cpp, line 773]
Event: 22.768 Thread 0x0000018c30915800 Exception <a 'java/lang/NoSuchMethodError'{0x000000008cb6e6a8}: 'java.lang.Object java.lang.invoke.Invokers$Holder.linkToTargetMethod(java.lang.Object, long, java.lang.Object)'> (0x000000008cb6e6a8) thrown at [./src/hotspot/share/interpreter/linkResolver.cpp, line 773]
Event: 22.829 Thread 0x0000018c3091d000 Exception <a 'java/lang/NoSuchMethodError'{0x000000008da9b4c0}: 'java.lang.Object java.lang.invoke.DirectMethodHandle$Holder.invokeStaticInit(java.lang.Object, java.lang.Object, java.lang.Object, java.lang.Object, java.lang.Object, java.lang.Object, java.lang.Object, java.lang.Object, java.lang.Object, java.lang.Object, java.lang.Object, java.lang.Object, java.lang.Object, java.lang.Object, java.lang.Object, java.lang.Object, java.lang.Object, java.lang.Object, int, java.lang.Object, java.lang.Object)'> (0
Event: 23.298 Thread 0x0000018c30915800 Exception <a 'java/lang/NoSuchMethodError'{0x000000008c273828}: 'int java.lang.invoke.DirectMethodHandle$Holder.invokeSpecialIFC(java.lang.Object, java.lang.Object, java.lang.Object)'> (0x000000008c273828) thrown at [./src/hotspot/share/interpreter/linkResolver.cpp, line 773]
Event: 23.418 Thread 0x0000018c303b4000 Exception <a 'java/lang/IncompatibleClassChangeError'{0x000000008b65db70}: Found class java.lang.Object, but interface was expected> (0x000000008b65db70) thrown at [./src/hotspot/share/interpreter/linkResolver.cpp, line 839]
Event: 23.470 Thread 0x0000018c303b6800 Exception <a 'java/lang/NoSuchMethodError'{0x000000008b6d7dc8}: 'java.lang.Object java.lang.invoke.DirectMethodHandle$Holder.newInvokeSpecial(java.lang.Object, int)'> (0x000000008b6d7dc8) thrown at [./src/hotspot/share/interpreter/linkResolver.cpp, line 773]
Event: 23.636 Thread 0x0000018c303b3000 Exception <a 'java/lang/IncompatibleClassChangeError'{0x00000000906dad98}: Found class java.lang.Object, but interface was expected> (0x00000000906dad98) thrown at [./src/hotspot/share/interpreter/linkResolver.cpp, line 839]
Event: 23.638 Thread 0x0000018c303b3000 Exception <a 'java/lang/IncompatibleClassChangeError'{0x00000000906e0ab0}: Found class java.lang.Object, but interface was expected> (0x00000000906e0ab0) thrown at [./src/hotspot/share/interpreter/linkResolver.cpp, line 839]
Event: 24.449 Thread 0x0000018c3091d000 Exception <a 'java/lang/IncompatibleClassChangeError'{0x00000000906ec8b0}: Found class java.lang.Object, but interface was expected> (0x00000000906ec8b0) thrown at [./src/hotspot/share/interpreter/linkResolver.cpp, line 839]

Events (20 events):
Event: 24.797 loading class com/android/tools/r8/graph/T1 done
Event: 24.797 loading class com/android/tools/r8/graph/T1
Event: 24.797 loading class com/android/tools/r8/graph/T1 done
Event: 24.797 loading class com/android/tools/r8/graph/q0
Event: 24.797 loading class com/android/tools/r8/graph/q0 done
Event: 24.797 loading class com/android/tools/r8/graph/T1
Event: 24.797 loading class com/android/tools/r8/graph/T1 done
Event: 24.797 loading class com/android/tools/r8/graph/o0
Event: 24.797 loading class com/android/tools/r8/graph/o0 done
Event: 24.797 loading class com/android/tools/r8/graph/q0
Event: 24.797 loading class com/android/tools/r8/graph/q0 done
Event: 24.797 loading class com/android/tools/r8/graph/T1
Event: 24.797 loading class com/android/tools/r8/graph/T1 done
Event: 24.797 loading class com/android/tools/r8/graph/T1
Event: 24.797 loading class com/android/tools/r8/graph/T1 done
Event: 24.797 loading class com/android/tools/r8/graph/T1
Event: 24.797 loading class com/android/tools/r8/graph/T1 done
Event: 24.797 loading class com/android/tools/r8/graph/T1
Event: 24.797 loading class com/android/tools/r8/graph/T1 done
Event: 24.799 Executing VM operation: G1CollectForAllocation


Dynamic libraries:
0x00007ff781610000 - 0x00007ff78161a000 	C:\Program Files\Android\Android Studio\jre\bin\java.exe
0x00007ff9512b0000 - 0x00007ff9514a8000 	C:\WINDOWS\SYSTEM32\ntdll.dll
0x00007ff950b40000 - 0x00007ff950bfd000 	C:\WINDOWS\System32\KERNEL32.DLL
0x00007ff94eb00000 - 0x00007ff94edce000 	C:\WINDOWS\System32\KERNELBASE.dll
0x00007ff94f0b0000 - 0x00007ff94f1b0000 	C:\WINDOWS\System32\ucrtbase.dll
0x00007ff92cd30000 - 0x00007ff92cd47000 	C:\Program Files\Android\Android Studio\jre\bin\VCRUNTIME140.dll
0x00007ff92c600000 - 0x00007ff92c619000 	C:\Program Files\Android\Android Studio\jre\bin\jli.dll
0x00007ff94f390000 - 0x00007ff94f530000 	C:\WINDOWS\System32\USER32.dll
0x00007ff94ead0000 - 0x00007ff94eaf2000 	C:\WINDOWS\System32\win32u.dll
0x00007ff93a100000 - 0x00007ff93a39a000 	C:\WINDOWS\WinSxS\amd64_microsoft.windows.common-controls_6595b64144ccf1df_6.0.19041.1110_none_60b5254171f9507e\COMCTL32.dll
0x00007ff94f530000 - 0x00007ff94f55a000 	C:\WINDOWS\System32\GDI32.dll
0x00007ff950c00000 - 0x00007ff950c9e000 	C:\WINDOWS\System32\msvcrt.dll
0x00007ff94ee40000 - 0x00007ff94ef4b000 	C:\WINDOWS\System32\gdi32full.dll
0x00007ff94efe0000 - 0x00007ff94f07d000 	C:\WINDOWS\System32\msvcp_win.dll
0x00007ff950b10000 - 0x00007ff950b40000 	C:\WINDOWS\System32\IMM32.DLL
0x00007ff91b920000 - 0x00007ff91b9bd000 	C:\Program Files\Android\Android Studio\jre\bin\msvcp140.dll
0x00007ff8ed7b0000 - 0x00007ff8ee295000 	C:\Program Files\Android\Android Studio\jre\bin\server\jvm.dll
0x00007ff94fa10000 - 0x00007ff94fabe000 	C:\WINDOWS\System32\ADVAPI32.dll
0x00007ff94f570000 - 0x00007ff94f60c000 	C:\WINDOWS\System32\sechost.dll
0x00007ff951140000 - 0x00007ff951265000 	C:\WINDOWS\System32\RPCRT4.dll
0x00007ff94fbe0000 - 0x00007ff94fbe8000 	C:\WINDOWS\System32\PSAPI.DLL
0x00007ff949f30000 - 0x00007ff949f39000 	C:\WINDOWS\SYSTEM32\WSOCK32.dll
0x00007ff9388a0000 - 0x00007ff9388c7000 	C:\WINDOWS\SYSTEM32\WINMM.dll
0x00007ff945210000 - 0x00007ff94521a000 	C:\WINDOWS\SYSTEM32\VERSION.dll
0x00007ff9508f0000 - 0x00007ff95095b000 	C:\WINDOWS\System32\WS2_32.dll
0x00007ff94d220000 - 0x00007ff94d232000 	C:\WINDOWS\SYSTEM32\kernel.appcore.dll
0x00007ff949f10000 - 0x00007ff949f21000 	C:\Program Files\Android\Android Studio\jre\bin\verify.dll
0x00007ff94c620000 - 0x00007ff94c804000 	C:\WINDOWS\SYSTEM32\DBGHELP.DLL
0x00007ff93b8c0000 - 0x00007ff93b8ec000 	C:\WINDOWS\SYSTEM32\dbgcore.DLL
0x00007ff94ef50000 - 0x00007ff94efd2000 	C:\WINDOWS\System32\bcryptPrimitives.dll
0x00007ff949e80000 - 0x00007ff949ea9000 	C:\Program Files\Android\Android Studio\jre\bin\java.dll
0x00007ff949f00000 - 0x00007ff949f0b000 	C:\Program Files\Android\Android Studio\jre\bin\jimage.dll
0x00007ff949e60000 - 0x00007ff949e78000 	C:\Program Files\Android\Android Studio\jre\bin\zip.dll
0x00007ff94fc00000 - 0x00007ff950344000 	C:\WINDOWS\System32\SHELL32.dll
0x00007ff94ca70000 - 0x00007ff94d204000 	C:\WINDOWS\SYSTEM32\windows.storage.dll
0x00007ff950ca0000 - 0x00007ff950ff4000 	C:\WINDOWS\System32\combase.dll
0x00007ff94e430000 - 0x00007ff94e460000 	C:\WINDOWS\SYSTEM32\Wldp.dll
0x00007ff950a60000 - 0x00007ff950b0d000 	C:\WINDOWS\System32\SHCORE.dll
0x00007ff94fac0000 - 0x00007ff94fb15000 	C:\WINDOWS\System32\shlwapi.dll
0x00007ff94e910000 - 0x00007ff94e92f000 	C:\WINDOWS\SYSTEM32\profapi.dll
0x00007ff949e40000 - 0x00007ff949e5a000 	C:\Program Files\Android\Android Studio\jre\bin\net.dll
0x00007ff946bc0000 - 0x00007ff946cca000 	C:\WINDOWS\SYSTEM32\WINHTTP.dll
0x00007ff94e190000 - 0x00007ff94e1fa000 	C:\WINDOWS\system32\mswsock.dll
0x00007ff948d30000 - 0x00007ff948d44000 	C:\Program Files\Android\Android Studio\jre\bin\nio.dll
0x00007ff92cca0000 - 0x00007ff92ccc7000 	C:\Users\shail\.gradle\native\e1d6ef7f7dcc3fd88c89a11ec53ec762bb8ba0a96d01ffa2cd45eb1d1d8dd5c5\windows-amd64\native-platform.dll
0x00007ff8ec7e0000 - 0x00007ff8ec924000 	C:\Users\shail\.gradle\native\5664cfc778a61ccfe75a443a1ab52a65af34e5dc3c78e0209fed803814484fcb\windows-amd64\native-platform-file-events.dll
0x00007ff949e10000 - 0x00007ff949e1a000 	C:\Program Files\Android\Android Studio\jre\bin\management.dll
0x00007ff948d20000 - 0x00007ff948d2d000 	C:\Program Files\Android\Android Studio\jre\bin\management_ext.dll
0x00007ff94e380000 - 0x00007ff94e398000 	C:\WINDOWS\SYSTEM32\CRYPTSP.dll
0x00007ff94da60000 - 0x00007ff94da94000 	C:\WINDOWS\system32\rsaenh.dll
0x00007ff94f080000 - 0x00007ff94f0a7000 	C:\WINDOWS\System32\bcrypt.dll
0x00007ff94e890000 - 0x00007ff94e8be000 	C:\WINDOWS\SYSTEM32\USERENV.dll
0x00007ff94e3a0000 - 0x00007ff94e3ac000 	C:\WINDOWS\SYSTEM32\CRYPTBASE.dll
0x00007ff94de10000 - 0x00007ff94de4b000 	C:\WINDOWS\SYSTEM32\IPHLPAPI.DLL
0x00007ff94f560000 - 0x00007ff94f568000 	C:\WINDOWS\System32\NSI.dll
0x00007ff942ac0000 - 0x00007ff942ad7000 	C:\WINDOWS\SYSTEM32\dhcpcsvc6.DLL
0x00007ff9446f0000 - 0x00007ff94470d000 	C:\WINDOWS\SYSTEM32\dhcpcsvc.DLL
0x00007ff94de80000 - 0x00007ff94df4a000 	C:\WINDOWS\SYSTEM32\DNSAPI.dll
0x00007ff9221b0000 - 0x00007ff922355000 	C:\Program Files\Android\Android Studio\jre\bin\awt.dll
0x00007ff94f940000 - 0x00007ff94fa0d000 	C:\WINDOWS\System32\OLEAUT32.dll
0x00007ff94c1e0000 - 0x00007ff94c20f000 	C:\WINDOWS\SYSTEM32\dwmapi.dll
0x00007ff94bef0000 - 0x00007ff94bf80000 	C:\WINDOWS\SYSTEM32\apphelp.dll
0x00007ff94bff0000 - 0x00007ff94c08e000 	C:\WINDOWS\system32\uxtheme.dll
0x00007ff94d690000 - 0x00007ff94d6c3000 	C:\WINDOWS\SYSTEM32\ntmarta.dll

dbghelp: loaded successfully - version: 4.0.5 - missing functions: none
symbol engine: initialized successfully - sym options: 0x614 - pdb path: .;C:\Program Files\Android\Android Studio\jre\bin;C:\WINDOWS\SYSTEM32;C:\WINDOWS\WinSxS\amd64_microsoft.windows.common-controls_6595b64144ccf1df_6.0.19041.1110_none_60b5254171f9507e;C:\Program Files\Android\Android Studio\jre\bin\server;C:\Users\shail\.gradle\native\e1d6ef7f7dcc3fd88c89a11ec53ec762bb8ba0a96d01ffa2cd45eb1d1d8dd5c5\windows-amd64;C:\Users\shail\.gradle\native\5664cfc778a61ccfe75a443a1ab52a65af34e5dc3c78e0209fed803814484fcb\windows-amd64

VM Arguments:
jvm_args: --add-opens=java.base/java.util=ALL-UNNAMED --add-opens=java.base/java.lang=ALL-UNNAMED --add-opens=java.base/java.lang.invoke=ALL-UNNAMED --add-opens=java.base/java.util=ALL-UNNAMED --add-opens=java.prefs/java.util.prefs=ALL-UNNAMED --add-opens=java.prefs/java.util.prefs=ALL-UNNAMED --add-opens=java.base/java.nio.charset=ALL-UNNAMED --add-opens=java.base/java.net=ALL-UNNAMED --add-opens=java.base/java.util.concurrent.atomic=ALL-UNNAMED -Xmx2048m -Dfile.encoding=UTF-8 -Duser.country=IN -Duser.language=en -Duser.variant 
java_command: org.gradle.launcher.daemon.bootstrap.GradleDaemon 7.3.3
java_class_path (initial): C:\Users\shail\.gradle\wrapper\dists\gradle-7.3.3-bin\6a41zxkdtcxs8rphpq6y0069z\gradle-7.3.3\lib\gradle-launcher-7.3.3.jar
Launcher Type: SUN_STANDARD

[Global flags]
     intx CICompilerCount                          = 4                                         {product} {ergonomic}
     uint ConcGCThreads                            = 2                                         {product} {ergonomic}
     uint G1ConcRefinementThreads                  = 8                                         {product} {ergonomic}
   size_t G1HeapRegionSize                         = 1048576                                   {product} {ergonomic}
    uintx GCDrainStackTargetSize                   = 64                                        {product} {ergonomic}
   size_t InitialHeapSize                          = 132120576                                 {product} {ergonomic}
   size_t MarkStackSize                            = 4194304                                   {product} {ergonomic}
   size_t MaxHeapSize                              = 2147483648                                {product} {command line}
   size_t MaxNewSize                               = 1287651328                                {product} {ergonomic}
   size_t MinHeapDeltaBytes                        = 1048576                                   {product} {ergonomic}
    uintx NonNMethodCodeHeapSize                   = 5836300                                {pd product} {ergonomic}
    uintx NonProfiledCodeHeapSize                  = 122910970                              {pd product} {ergonomic}
    uintx ProfiledCodeHeapSize                     = 122910970                              {pd product} {ergonomic}
    uintx ReservedCodeCacheSize                    = 251658240                              {pd product} {ergonomic}
     bool SegmentedCodeCache                       = true                                      {product} {ergonomic}
     bool UseCompressedClassPointers               = true                                 {lp64_product} {ergonomic}
     bool UseCompressedOops                        = true                                 {lp64_product} {ergonomic}
     bool UseG1GC                                  = true                                      {product} {ergonomic}
     bool UseLargePagesIndividualAllocation        = false                                  {pd product} {ergonomic}

Logging:
Log output configuration:
 #0: stdout all=warning uptime,level,tags
 #1: stderr all=off uptime,level,tags

Environment Variables:
JAVA_HOME=C:\Program Files\Java\jdk-18.0.2
PATH=C:\Windows\system32;C:\Windows;C:\Windows\System32\Wbem;C:\Windows\System32\WindowsPowerShell\v1.0\;C:\Windows\System32\OpenSSH\;C:\Program Files\NVIDIA Corporation\NVIDIA NvDLISR;C:\WINDOWS\system32;C:\WINDOWS;C:\WINDOWS\System32\Wbem;C:\WINDOWS\System32\WindowsPowerShell\v1.0\;C:\WINDOWS\System32\OpenSSH\;C:\Program Files\Java\jdk-18.0.2.1\bin;C:\MinGW\bin;C:\Users\shail\AppData\Local\Microsoft\WindowsApps;;C:\Users\shail\AppData\Local\Programs\Microsoft VS Code\bin
USERNAME=shail
OS=Windows_NT
PROCESSOR_IDENTIFIER=Intel64 Family 6 Model 126 Stepping 5, GenuineIntel



---------------  S Y S T E M  ---------------

OS: Windows 10 , 64 bit Build 19041 (10.0.19041.1889)
OS uptime: 0 days 1:08 hours
Hyper-V role detected

CPU:total 8 (initial active 8) (4 cores per cpu, 2 threads per core) family 6 model 126 stepping 5 microcode 0xb0, cmov, cx8, fxsr, mmx, sse, sse2, sse3, ssse3, sse4.1, sse4.2, popcnt, avx, avx2, aes, clmul, erms, 3dnowpref, lzcnt, ht, tsc, tscinvbit, bmi1, bmi2, adx, evex, sha, fma

Memory: 4k page, system-wide physical 7959M (928M free)
TotalPageFile size 7959M (AvailPageFile size 32M)
current process WorkingSet (physical memory assigned to process): 592M, peak: 602M
current process commit charge ("private bytes"): 629M, peak: 711M

vm_info: OpenJDK 64-Bit Server VM (11.0.12+7-b1504.28-7817840) for windows-amd64 JRE (11.0.12+7-b1504.28-7817840), built on Oct 13 2021 22:12:33 by "builder" with MS VC++ 14.0 (VS2015)

END.
