#
# There is insufficient memory for the Java Runtime Environment to continue.
# Native memory allocation (malloc) failed to allocate 1770256 bytes for Chunk::new
# Possible reasons:
#   The system is out of physical RAM or swap space
#   The process is running with CompressedOops enabled, and the Java Heap may be blocking the growth of the native heap
# Possible solutions:
#   Reduce memory load on the system
#   Increase physical memory or swap space
#   Check if swap backing store is full
#   Decrease Java heap size (-Xmx/-Xms)
#   Decrease number of Java threads
#   Decrease Java thread stack sizes (-Xss)
#   Set larger code cache with -XX:ReservedCodeCacheSize=
#   JVM is running with Unscaled Compressed Oops mode in which the Java heap is
#     placed in the first 4GB address space. The Java Heap base address is the
#     maximum limit for the native heap growth. Please use -XX:HeapBaseMinAddress
#     to set the Java Heap base and to place the Java Heap above 4GB virtual address.
# This output file may be truncated or incomplete.
#
#  Out of Memory Error (./src/hotspot/share/memory/arena.cpp:197), pid=12424, tid=13712
#
# JRE version: OpenJDK Runtime Environment (11.0.12+7) (build 11.0.12+7-b1504.28-7817840)
# Java VM: OpenJDK 64-Bit Server VM (11.0.12+7-b1504.28-7817840, mixed mode, tiered, compressed oops, g1 gc, windows-amd64)
# No core dump will be written. Minidumps are not enabled by default on client versions of Windows
#

---------------  S U M M A R Y ------------

Command Line: --add-opens=java.base/java.util=ALL-UNNAMED --add-opens=java.base/java.lang=ALL-UNNAMED --add-opens=java.base/java.lang.invoke=ALL-UNNAMED --add-opens=java.base/java.util=ALL-UNNAMED --add-opens=java.prefs/java.util.prefs=ALL-UNNAMED --add-opens=java.prefs/java.util.prefs=ALL-UNNAMED --add-opens=java.base/java.nio.charset=ALL-UNNAMED --add-opens=java.base/java.net=ALL-UNNAMED --add-opens=java.base/java.util.concurrent.atomic=ALL-UNNAMED -Xmx2048m -Dfile.encoding=UTF-8 -Duser.country=IN -Duser.language=en -Duser.variant org.gradle.launcher.daemon.bootstrap.GradleDaemon 7.3.3

Host: Intel(R) Core(TM) i5-1035G1 CPU @ 1.00GHz, 8 cores, 7G,  Windows 10 , 64 bit Build 19041 (10.0.19041.1889)
Time: Thu Aug 25 01:31:27 2022 India Standard Time elapsed time: 18.791861 seconds (0d 0h 0m 18s)

---------------  T H R E A D  ---------------

Current thread (0x000001ada3507000):  JavaThread "C2 CompilerThread2" daemon [_thread_in_native, id=13712, stack(0x0000002edff00000,0x0000002ee0000000)]


Current CompileTask:
C2:  18792 10684   !   4       java.io.ObjectInputStream::readSerialData (563 bytes)

Stack: [0x0000002edff00000,0x0000002ee0000000]
Native frames: (J=compiled Java code, j=interpreted, Vv=VM code, C=native code)
V  [jvm.dll+0x5fbcea]
V  [jvm.dll+0x731905]
V  [jvm.dll+0x732f1d]
V  [jvm.dll+0x7335d3]
V  [jvm.dll+0x247bf8]
V  [jvm.dll+0xc018c]
V  [jvm.dll+0xc06cc]
V  [jvm.dll+0x35b31d]
V  [jvm.dll+0x19cebc]
V  [jvm.dll+0x20070e]
V  [jvm.dll+0x1ff794]
V  [jvm.dll+0x18868c]
V  [jvm.dll+0x20e0d7]
V  [jvm.dll+0x20c901]
V  [jvm.dll+0x6f9b7f]
V  [jvm.dll+0x6f26a5]
V  [jvm.dll+0x5fabf6]
C  [ucrtbase.dll+0x21bb2]
C  [KERNEL32.DLL+0x17034]
C  [ntdll.dll+0x52651]


---------------  P R O C E S S  ---------------

Threads class SMR info:
_java_thread_list=0x000001ada1d9e800, length=142, elements={
0x000001ad82f23800, 0x000001ad9f3b1000, 0x000001ad9f3bd000, 0x000001ad9f3ce800,
0x000001ad9f3d1800, 0x000001ad9f3d2800, 0x000001ad9f3d6000, 0x000001ad9f3d7800,
0x000001ad9f3d9000, 0x000001ad9fe8b800, 0x000001ada1b54800, 0x000001ada1084800,
0x000001ada1b60800, 0x000001ada006b800, 0x000001ada2f0e800, 0x000001ada1f4a800,
0x000001ada1f4b800, 0x000001ada20c0000, 0x000001ada261c000, 0x000001ada1fd7000,
0x000001ada1eee000, 0x000001ada1eef000, 0x000001ada1eef800, 0x000001ada1eed000,
0x000001ada20b4000, 0x000001ada20b3000, 0x000001ada20b2000, 0x000001ada20b4800,
0x000001ada20b1800, 0x000001ada20b5800, 0x000001ada20af800, 0x000001ada3507000,
0x000001ada20b0800, 0x000001ada20b9800, 0x000001ada20b8000, 0x000001ada20bd000,
0x000001ada20bc000, 0x000001ada20be800, 0x000001ada20b8800, 0x000001ada20ba800,
0x000001ada20bb000, 0x000001ada589c800, 0x000001ada589b000, 0x000001ada589e800,
0x000001ada5898800, 0x000001ada589c000, 0x000001ada589d800, 0x000001ada589f000,
0x000001ada5899800, 0x000001ada589a000, 0x000001ada7353000, 0x000001ada7354000,
0x000001ada734f000, 0x000001ada734f800, 0x000001ada734e000, 0x000001ada7354800,
0x000001ada7350800, 0x000001ada7356000, 0x000001ada7351800, 0x000001ada7358000,
0x000001ada7352000, 0x000001ada735a800, 0x000001ada7358800, 0x000001ada735b000,
0x000001ada7359800, 0x000001ada7355800, 0x000001ada735c800, 0x000001ada735c000,
0x000001ada7357000, 0x000001ada105d000, 0x000001ada105e000, 0x000001ada105f000,
0x000001ada105f800, 0x000001ada1060800, 0x000001ada105b800, 0x000001ada1061800,
0x000001ada1062000, 0x000001ada105c800, 0x000001ada1067000, 0x000001ada1068800,
0x000001ada1066000, 0x000001ada1065800, 0x000001ada1068000, 0x000001ada1063800,
0x000001ada1063000, 0x000001ada1069800, 0x000001ada106a800, 0x000001ada1064800,
0x000001ada23c8800, 0x000001ada23c5000, 0x000001ada23c7800, 0x000001ada23c4000,
0x000001ada23c6800, 0x000001ada23ca800, 0x000001ada23cb800, 0x000001ada23c6000,
0x000001ada23ce000, 0x000001ada23c9000, 0x000001ada23ca000, 0x000001ada23cf000,
0x000001ada23cc800, 0x000001ada23d2000, 0x000001ada23cd000, 0x000001ada23d0800,
0x000001ada23d3000, 0x000001ada23cf800, 0x000001ada23d1800, 0x000001ada0289000,
0x000001ada0288000, 0x000001ada028a000, 0x000001ada0285800, 0x000001ada0287800,
0x000001ada0284000, 0x000001ada0286800, 0x000001ada028a800, 0x000001ada0285000,
0x000001ada028e800, 0x000001ada028e000, 0x000001ada028c000, 0x000001ada0290800,
0x000001ada028f800, 0x000001ada028b800, 0x000001ada0292000, 0x000001ada0292800,
0x000001ada028d000, 0x000001ada7772000, 0x000001ada7773800, 0x000001ada7772800,
0x000001ada7774800, 0x000001ada7770800, 0x000001ada7777000, 0x000001ada7775000,
0x000001ada7771000, 0x000001ada7776000, 0x000001ada777b800, 0x000001ada7778800,
0x000001ada777b000, 0x000001ada7779000, 0x000001ada777c800, 0x000001ada777d800,
0x000001ada7777800, 0x000001ada777f000
}

Java Threads: ( => current thread )
  0x000001ad82f23800 JavaThread "main" [_thread_blocked, id=796, stack(0x0000002edd100000,0x0000002edd200000)]
  0x000001ad9f3b1000 JavaThread "Reference Handler" daemon [_thread_blocked, id=11804, stack(0x0000002edd800000,0x0000002edd900000)]
  0x000001ad9f3bd000 JavaThread "Finalizer" daemon [_thread_blocked, id=12572, stack(0x0000002edd900000,0x0000002edda00000)]
  0x000001ad9f3ce800 JavaThread "Signal Dispatcher" daemon [_thread_blocked, id=12064, stack(0x0000002edda00000,0x0000002eddb00000)]
  0x000001ad9f3d1800 JavaThread "Attach Listener" daemon [_thread_blocked, id=4148, stack(0x0000002eddb00000,0x0000002eddc00000)]
  0x000001ad9f3d2800 JavaThread "Service Thread" daemon [_thread_blocked, id=2428, stack(0x0000002eddc00000,0x0000002eddd00000)]
  0x000001ad9f3d6000 JavaThread "C2 CompilerThread0" daemon [_thread_in_native, id=7376, stack(0x0000002eddd00000,0x0000002edde00000)]
  0x000001ad9f3d7800 JavaThread "C1 CompilerThread0" daemon [_thread_in_native, id=76, stack(0x0000002edde00000,0x0000002eddf00000)]
  0x000001ad9f3d9000 JavaThread "Sweeper thread" daemon [_thread_blocked, id=11848, stack(0x0000002eddf00000,0x0000002ede000000)]
  0x000001ad9fe8b800 JavaThread "Common-Cleaner" daemon [_thread_blocked, id=14316, stack(0x0000002ede000000,0x0000002ede100000)]
  0x000001ada1b54800 JavaThread "Daemon health stats" [_thread_blocked, id=12612, stack(0x0000002ede600000,0x0000002ede700000)]
  0x000001ada1084800 JavaThread "Incoming local TCP Connector on port 52303" [_thread_in_native, id=5232, stack(0x0000002ede200000,0x0000002ede300000)]
  0x000001ada1b60800 JavaThread "Daemon periodic checks" [_thread_blocked, id=14312, stack(0x0000002ede500000,0x0000002ede600000)]
  0x000001ada006b800 JavaThread "Daemon" [_thread_blocked, id=3564, stack(0x0000002ede700000,0x0000002ede800000)]
  0x000001ada2f0e800 JavaThread "Handler for socket connection from /127.0.0.1:52303 to /127.0.0.1:52304" [_thread_in_native, id=6188, stack(0x0000002ede800000,0x0000002ede900000)]
  0x000001ada1f4a800 JavaThread "Cancel handler" [_thread_blocked, id=8592, stack(0x0000002ede900000,0x0000002edea00000)]
  0x000001ada1f4b800 JavaThread "Daemon worker" [_thread_blocked, id=8032, stack(0x0000002edea00000,0x0000002edeb00000)]
  0x000001ada20c0000 JavaThread "C2 CompilerThread1" daemon [_thread_in_native, id=7104, stack(0x0000002edeb00000,0x0000002edec00000)]
  0x000001ada261c000 JavaThread "Asynchronous log dispatcher for DefaultDaemonConnection: socket connection from /127.0.0.1:52303 to /127.0.0.1:52304" [_thread_blocked, id=8852, stack(0x0000002edec00000,0x0000002eded00000)]
  0x000001ada1fd7000 JavaThread "Stdin handler" [_thread_blocked, id=8368, stack(0x0000002eded00000,0x0000002edee00000)]
  0x000001ada1eee000 JavaThread "Daemon client event forwarder" [_thread_blocked, id=8936, stack(0x0000002edee00000,0x0000002edef00000)]
  0x000001ada1eef000 JavaThread "Cache worker for journal cache (C:\Users\shail\.gradle\caches\journal-1)" [_thread_blocked, id=9052, stack(0x0000002edf400000,0x0000002edf500000)]
  0x000001ada1eef800 JavaThread "File lock request listener" [_thread_in_native, id=2640, stack(0x0000002edf500000,0x0000002edf600000)]
  0x000001ada1eed000 JavaThread "Cache worker for file hash cache (C:\Users\shail\.gradle\caches\7.3.3\fileHashes)" [_thread_blocked, id=9080, stack(0x0000002edf600000,0x0000002edf700000)]
  0x000001ada20b4000 JavaThread "Cache worker for file hash cache (C:\Users\shail\AndroidStudioProjects\RegisterPage\.gradle\7.3.3\fileHashes)" [_thread_blocked, id=10640, stack(0x0000002edf800000,0x0000002edf900000)]
  0x000001ada20b3000 JavaThread "File watcher server" daemon [_thread_in_native, id=7872, stack(0x0000002edf900000,0x0000002edfa00000)]
  0x000001ada20b2000 JavaThread "File watcher consumer" daemon [_thread_blocked, id=13016, stack(0x0000002edfa00000,0x0000002edfb00000)]
  0x000001ada20b4800 JavaThread "Cache worker for checksums cache (C:\Users\shail\AndroidStudioProjects\RegisterPage\.gradle\7.3.3\checksums)" [_thread_blocked, id=9752, stack(0x0000002edfb00000,0x0000002edfc00000)]
  0x000001ada20b1800 JavaThread "Cache worker for cache directory md-supplier (C:\Users\shail\.gradle\caches\7.3.3\md-supplier)" [_thread_blocked, id=11892, stack(0x0000002edfc00000,0x0000002edfd00000)]
  0x000001ada20b5800 JavaThread "Cache worker for cache directory md-rule (C:\Users\shail\.gradle\caches\7.3.3\md-rule)" [_thread_blocked, id=13532, stack(0x0000002edfd00000,0x0000002edfe00000)]
  0x000001ada20af800 JavaThread "Cache worker for execution history cache (C:\Users\shail\.gradle\caches\7.3.3\executionHistory)" [_thread_blocked, id=3896, stack(0x0000002edfe00000,0x0000002edff00000)]
=>0x000001ada3507000 JavaThread "C2 CompilerThread2" daemon [_thread_in_native, id=13712, stack(0x0000002edff00000,0x0000002ee0000000)]
  0x000001ada20b0800 JavaThread "jar transforms" [_thread_blocked, id=9844, stack(0x0000002ee0000000,0x0000002ee0100000)]
  0x000001ada20b9800 JavaThread "Cache worker for file content cache (C:\Users\shail\.gradle\caches\7.3.3\fileContent)" [_thread_blocked, id=9756, stack(0x0000002ee0100000,0x0000002ee0200000)]
  0x000001ada20b8000 JavaThread "jar transforms Thread 2" [_thread_blocked, id=9608, stack(0x0000002ee0200000,0x0000002ee0300000)]
  0x000001ada20bd000 JavaThread "Cache worker for dependencies-accessors (C:\Users\shail\AndroidStudioProjects\RegisterPage\.gradle\7.3.3\dependencies-accessors)" [_thread_blocked, id=14168, stack(0x0000002ee0300000,0x0000002ee0400000)]
  0x000001ada20bc000 JavaThread "jar transforms Thread 3" [_thread_blocked, id=12784, stack(0x0000002ee0400000,0x0000002ee0500000)]
  0x000001ada20be800 JavaThread "Cache worker for Build Output Cleanup Cache (C:\Users\shail\AndroidStudioProjects\RegisterPage\.gradle\buildOutputCleanup)" [_thread_blocked, id=13592, stack(0x0000002ee0500000,0x0000002ee0600000)]
  0x000001ada20b8800 JavaThread "Unconstrained build operations" [_thread_blocked, id=9280, stack(0x0000002ee0600000,0x0000002ee0700000)]
  0x000001ada20ba800 JavaThread "Unconstrained build operations Thread 2" [_thread_blocked, id=6672, stack(0x0000002ee0700000,0x0000002ee0800000)]
  0x000001ada20bb000 JavaThread "Unconstrained build operations Thread 3" [_thread_blocked, id=4796, stack(0x0000002ee0800000,0x0000002ee0900000)]
  0x000001ada589c800 JavaThread "Unconstrained build operations Thread 4" [_thread_blocked, id=3920, stack(0x0000002ee0900000,0x0000002ee0a00000)]
  0x000001ada589b000 JavaThread "Unconstrained build operations Thread 5" [_thread_blocked, id=5592, stack(0x0000002ee0a00000,0x0000002ee0b00000)]
  0x000001ada589e800 JavaThread "Unconstrained build operations Thread 6" [_thread_blocked, id=12052, stack(0x0000002ee0b00000,0x0000002ee0c00000)]
  0x000001ada5898800 JavaThread "Unconstrained build operations Thread 7" [_thread_blocked, id=4600, stack(0x0000002ee0c00000,0x0000002ee0d00000)]
  0x000001ada589c000 JavaThread "Unconstrained build operations Thread 8" [_thread_blocked, id=8268, stack(0x0000002ee0d00000,0x0000002ee0e00000)]
  0x000001ada589d800 JavaThread "Unconstrained build operations Thread 9" [_thread_blocked, id=8764, stack(0x0000002ee0e00000,0x0000002ee0f00000)]
  0x000001ada589f000 JavaThread "Unconstrained build operations Thread 10" [_thread_blocked, id=1524, stack(0x0000002ee0f00000,0x0000002ee1000000)]
  0x000001ada5899800 JavaThread "Unconstrained build operations Thread 11" [_thread_blocked, id=4936, stack(0x0000002ee1000000,0x0000002ee1100000)]
  0x000001ada589a000 JavaThread "Unconstrained build operations Thread 12" [_thread_blocked, id=14232, stack(0x0000002ee1100000,0x0000002ee1200000)]
  0x000001ada7353000 JavaThread "Unconstrained build operations Thread 13" [_thread_blocked, id=12456, stack(0x0000002ee1200000,0x0000002ee1300000)]
  0x000001ada7354000 JavaThread "Unconstrained build operations Thread 14" [_thread_blocked, id=5556, stack(0x0000002ee1300000,0x0000002ee1400000)]
  0x000001ada734f000 JavaThread "Unconstrained build operations Thread 15" [_thread_blocked, id=13572, stack(0x0000002ee1400000,0x0000002ee1500000)]
  0x000001ada734f800 JavaThread "Unconstrained build operations Thread 16" [_thread_blocked, id=10992, stack(0x0000002ee1500000,0x0000002ee1600000)]
  0x000001ada734e000 JavaThread "Unconstrained build operations Thread 17" [_thread_blocked, id=12164, stack(0x0000002ee1600000,0x0000002ee1700000)]
  0x000001ada7354800 JavaThread "Unconstrained build operations Thread 18" [_thread_blocked, id=14188, stack(0x0000002ee1700000,0x0000002ee1800000)]
  0x000001ada7350800 JavaThread "Unconstrained build operations Thread 19" [_thread_blocked, id=12096, stack(0x0000002ee1800000,0x0000002ee1900000)]
  0x000001ada7356000 JavaThread "Unconstrained build operations Thread 20" [_thread_blocked, id=9540, stack(0x0000002ee1900000,0x0000002ee1a00000)]
  0x000001ada7351800 JavaThread "Unconstrained build operations Thread 21" [_thread_blocked, id=4852, stack(0x0000002ee1a00000,0x0000002ee1b00000)]
  0x000001ada7358000 JavaThread "Unconstrained build operations Thread 22" [_thread_blocked, id=4012, stack(0x0000002ee1b00000,0x0000002ee1c00000)]
  0x000001ada7352000 JavaThread "Unconstrained build operations Thread 23" [_thread_blocked, id=5696, stack(0x0000002ee1c00000,0x0000002ee1d00000)]
  0x000001ada735a800 JavaThread "Unconstrained build operations Thread 24" [_thread_blocked, id=2504, stack(0x0000002ee1d00000,0x0000002ee1e00000)]
  0x000001ada7358800 JavaThread "Unconstrained build operations Thread 25" [_thread_blocked, id=8088, stack(0x0000002ee1e00000,0x0000002ee1f00000)]
  0x000001ada735b000 JavaThread "Unconstrained build operations Thread 26" [_thread_blocked, id=9368, stack(0x0000002ee1f00000,0x0000002ee2000000)]
  0x000001ada7359800 JavaThread "Unconstrained build operations Thread 27" [_thread_blocked, id=7236, stack(0x0000002ee2000000,0x0000002ee2100000)]
  0x000001ada7355800 JavaThread "Unconstrained build operations Thread 28" [_thread_blocked, id=10100, stack(0x0000002ee2100000,0x0000002ee2200000)]
  0x000001ada735c800 JavaThread "Unconstrained build operations Thread 29" [_thread_blocked, id=10016, stack(0x0000002ee2200000,0x0000002ee2300000)]
  0x000001ada735c000 JavaThread "Unconstrained build operations Thread 30" [_thread_blocked, id=3680, stack(0x0000002ee2300000,0x0000002ee2400000)]
  0x000001ada7357000 JavaThread "Unconstrained build operations Thread 31" [_thread_blocked, id=10960, stack(0x0000002ee2400000,0x0000002ee2500000)]
  0x000001ada105d000 JavaThread "Unconstrained build operations Thread 32" [_thread_blocked, id=13164, stack(0x0000002ee2500000,0x0000002ee2600000)]
  0x000001ada105e000 JavaThread "Unconstrained build operations Thread 33" [_thread_blocked, id=9320, stack(0x0000002ee2600000,0x0000002ee2700000)]
  0x000001ada105f000 JavaThread "Unconstrained build operations Thread 34" [_thread_blocked, id=5552, stack(0x0000002ee2700000,0x0000002ee2800000)]
  0x000001ada105f800 JavaThread "Unconstrained build operations Thread 35" [_thread_blocked, id=11500, stack(0x0000002ee2800000,0x0000002ee2900000)]
  0x000001ada1060800 JavaThread "Unconstrained build operations Thread 36" [_thread_blocked, id=13776, stack(0x0000002ee2900000,0x0000002ee2a00000)]
  0x000001ada105b800 JavaThread "Unconstrained build operations Thread 37" [_thread_blocked, id=12148, stack(0x0000002ee2a00000,0x0000002ee2b00000)]
  0x000001ada1061800 JavaThread "Unconstrained build operations Thread 38" [_thread_blocked, id=4608, stack(0x0000002ee2b00000,0x0000002ee2c00000)]
  0x000001ada1062000 JavaThread "Unconstrained build operations Thread 39" [_thread_blocked, id=11760, stack(0x0000002ee2c00000,0x0000002ee2d00000)]
  0x000001ada105c800 JavaThread "Unconstrained build operations Thread 40" [_thread_blocked, id=10180, stack(0x0000002ee2d00000,0x0000002ee2e00000)]
  0x000001ada1067000 JavaThread "Unconstrained build operations Thread 41" [_thread_blocked, id=1748, stack(0x0000002ee2e00000,0x0000002ee2f00000)]
  0x000001ada1068800 JavaThread "Unconstrained build operations Thread 42" [_thread_blocked, id=10584, stack(0x0000002ee2f00000,0x0000002ee3000000)]
  0x000001ada1066000 JavaThread "Unconstrained build operations Thread 43" [_thread_blocked, id=12344, stack(0x0000002ee3000000,0x0000002ee3100000)]
  0x000001ada1065800 JavaThread "Unconstrained build operations Thread 44" [_thread_blocked, id=10492, stack(0x0000002ee3100000,0x0000002ee3200000)]
  0x000001ada1068000 JavaThread "Unconstrained build operations Thread 45" [_thread_blocked, id=14196, stack(0x0000002ee3200000,0x0000002ee3300000)]
  0x000001ada1063800 JavaThread "Unconstrained build operations Thread 46" [_thread_blocked, id=10768, stack(0x0000002ee3300000,0x0000002ee3400000)]
  0x000001ada1063000 JavaThread "Unconstrained build operations Thread 47" [_thread_blocked, id=4280, stack(0x0000002ee3400000,0x0000002ee3500000)]
  0x000001ada1069800 JavaThread "Unconstrained build operations Thread 48" [_thread_blocked, id=1428, stack(0x0000002ee3500000,0x0000002ee3600000)]
  0x000001ada106a800 JavaThread "Unconstrained build operations Thread 49" [_thread_blocked, id=13384, stack(0x0000002ee3600000,0x0000002ee3700000)]
  0x000001ada1064800 JavaThread "Unconstrained build operations Thread 50" [_thread_blocked, id=11656, stack(0x0000002ee3700000,0x0000002ee3800000)]
  0x000001ada23c8800 JavaThread "Unconstrained build operations Thread 51" [_thread_blocked, id=12896, stack(0x0000002ee3800000,0x0000002ee3900000)]
  0x000001ada23c5000 JavaThread "Unconstrained build operations Thread 52" [_thread_blocked, id=6664, stack(0x0000002ee3900000,0x0000002ee3a00000)]
  0x000001ada23c7800 JavaThread "Unconstrained build operations Thread 53" [_thread_blocked, id=1368, stack(0x0000002ee3a00000,0x0000002ee3b00000)]
  0x000001ada23c4000 JavaThread "Unconstrained build operations Thread 54" [_thread_blocked, id=13832, stack(0x0000002ee3b00000,0x0000002ee3c00000)]
  0x000001ada23c6800 JavaThread "Unconstrained build operations Thread 55" [_thread_blocked, id=1976, stack(0x0000002ee3c00000,0x0000002ee3d00000)]
  0x000001ada23ca800 JavaThread "Unconstrained build operations Thread 56" [_thread_blocked, id=12220, stack(0x0000002ee3d00000,0x0000002ee3e00000)]
  0x000001ada23cb800 JavaThread "Unconstrained build operations Thread 57" [_thread_blocked, id=11168, stack(0x0000002ee3e00000,0x0000002ee3f00000)]
  0x000001ada23c6000 JavaThread "Unconstrained build operations Thread 58" [_thread_blocked, id=3228, stack(0x0000002ee3f00000,0x0000002ee4000000)]
  0x000001ada23ce000 JavaThread "Unconstrained build operations Thread 59" [_thread_blocked, id=1008, stack(0x0000002ee4000000,0x0000002ee4100000)]
  0x000001ada23c9000 JavaThread "Unconstrained build operations Thread 60" [_thread_blocked, id=3720, stack(0x0000002ee4100000,0x0000002ee4200000)]
  0x000001ada23ca000 JavaThread "Unconstrained build operations Thread 61" [_thread_blocked, id=13864, stack(0x0000002ee4200000,0x0000002ee4300000)]
  0x000001ada23cf000 JavaThread "Unconstrained build operations Thread 62" [_thread_blocked, id=12536, stack(0x0000002ee4300000,0x0000002ee4400000)]
  0x000001ada23cc800 JavaThread "Unconstrained build operations Thread 63" [_thread_blocked, id=12800, stack(0x0000002ee4400000,0x0000002ee4500000)]
  0x000001ada23d2000 JavaThread "Unconstrained build operations Thread 64" [_thread_blocked, id=2348, stack(0x0000002ee4500000,0x0000002ee4600000)]
  0x000001ada23cd000 JavaThread "Unconstrained build operations Thread 65" [_thread_blocked, id=12804, stack(0x0000002ee4600000,0x0000002ee4700000)]
  0x000001ada23d0800 JavaThread "Unconstrained build operations Thread 66" [_thread_blocked, id=12528, stack(0x0000002ee4700000,0x0000002ee4800000)]
  0x000001ada23d3000 JavaThread "Unconstrained build operations Thread 67" [_thread_blocked, id=2276, stack(0x0000002ee4800000,0x0000002ee4900000)]
  0x000001ada23cf800 JavaThread "Unconstrained build operations Thread 68" [_thread_blocked, id=1068, stack(0x0000002ee4900000,0x0000002ee4a00000)]
  0x000001ada23d1800 JavaThread "Unconstrained build operations Thread 69" [_thread_blocked, id=6912, stack(0x0000002ee4a00000,0x0000002ee4b00000)]
  0x000001ada0289000 JavaThread "Unconstrained build operations Thread 70" [_thread_blocked, id=8860, stack(0x0000002ee4b00000,0x0000002ee4c00000)]
  0x000001ada0288000 JavaThread "Unconstrained build operations Thread 71" [_thread_blocked, id=6616, stack(0x0000002ee4c00000,0x0000002ee4d00000)]
  0x000001ada028a000 JavaThread "Unconstrained build operations Thread 72" [_thread_blocked, id=12396, stack(0x0000002ee4d00000,0x0000002ee4e00000)]
  0x000001ada0285800 JavaThread "Unconstrained build operations Thread 73" [_thread_blocked, id=13496, stack(0x0000002ee4e00000,0x0000002ee4f00000)]
  0x000001ada0287800 JavaThread "Unconstrained build operations Thread 74" [_thread_blocked, id=1184, stack(0x0000002ee4f00000,0x0000002ee5000000)]
  0x000001ada0284000 JavaThread "Unconstrained build operations Thread 75" [_thread_blocked, id=1448, stack(0x0000002ee5000000,0x0000002ee5100000)]
  0x000001ada0286800 JavaThread "Unconstrained build operations Thread 76" [_thread_blocked, id=4520, stack(0x0000002ee5100000,0x0000002ee5200000)]
  0x000001ada028a800 JavaThread "Unconstrained build operations Thread 77" [_thread_blocked, id=9944, stack(0x0000002ee5200000,0x0000002ee5300000)]
  0x000001ada0285000 JavaThread "Unconstrained build operations Thread 78" [_thread_blocked, id=6560, stack(0x0000002ee5300000,0x0000002ee5400000)]
  0x000001ada028e800 JavaThread "Unconstrained build operations Thread 79" [_thread_blocked, id=6300, stack(0x0000002ee5400000,0x0000002ee5500000)]
  0x000001ada028e000 JavaThread "Unconstrained build operations Thread 80" [_thread_blocked, id=6840, stack(0x0000002ee5500000,0x0000002ee5600000)]
  0x000001ada028c000 JavaThread "jar transforms Thread 4" [_thread_blocked, id=10696, stack(0x0000002ee5600000,0x0000002ee5700000)]
  0x000001ada0290800 JavaThread "jar transforms Thread 5" [_thread_blocked, id=13748, stack(0x0000002ee5700000,0x0000002ee5800000)]
  0x000001ada028f800 JavaThread "jar transforms Thread 6" [_thread_blocked, id=10452, stack(0x0000002ee5800000,0x0000002ee5900000)]
  0x000001ada028b800 JavaThread "jar transforms Thread 7" [_thread_blocked, id=5112, stack(0x0000002ee5900000,0x0000002ee5a00000)]
  0x000001ada0292000 JavaThread "jar transforms Thread 8" [_thread_blocked, id=13476, stack(0x0000002ee5a00000,0x0000002ee5b00000)]
  0x000001ada0292800 JavaThread "Memory manager" [_thread_blocked, id=3000, stack(0x0000002ee5b00000,0x0000002ee5c00000)]
  0x000001ada028d000 JavaThread "build event listener" [_thread_blocked, id=9156, stack(0x0000002ee5c00000,0x0000002ee5d00000)]
  0x000001ada7772000 JavaThread "Execution worker for ':'" [_thread_blocked, id=5744, stack(0x0000002ee5d00000,0x0000002ee5e00000)]
  0x000001ada7773800 JavaThread "Execution worker for ':' Thread 2" [_thread_blocked, id=14128, stack(0x0000002ee5e00000,0x0000002ee5f00000)]
  0x000001ada7772800 JavaThread "Execution worker for ':' Thread 3" [_thread_blocked, id=10704, stack(0x0000002ee5f00000,0x0000002ee6000000)]
  0x000001ada7774800 JavaThread "Execution worker for ':' Thread 4" [_thread_blocked, id=5452, stack(0x0000002ee6000000,0x0000002ee6100000)]
  0x000001ada7770800 JavaThread "Execution worker for ':' Thread 5" [_thread_blocked, id=12712, stack(0x0000002ee6100000,0x0000002ee6200000)]
  0x000001ada7777000 JavaThread "Execution worker for ':' Thread 6" [_thread_blocked, id=11928, stack(0x0000002ee6200000,0x0000002ee6300000)]
  0x000001ada7775000 JavaThread "Execution worker for ':' Thread 7" [_thread_blocked, id=1568, stack(0x0000002ee6300000,0x0000002ee6400000)]
  0x000001ada7771000 JavaThread "Cache worker for execution history cache (C:\Users\shail\AndroidStudioProjects\RegisterPage\.gradle\7.3.3\executionHistory)" [_thread_blocked, id=3152, stack(0x0000002ee6400000,0x0000002ee6500000)]
  0x000001ada7776000 JavaThread "WorkerExecutor Queue" [_thread_in_Java, id=10028, stack(0x0000002ee6a00000,0x0000002ee6b00000)]
  0x000001ada777b800 JavaThread "WorkerExecutor Queue Thread 2" [_thread_in_Java, id=9372, stack(0x0000002ee6b00000,0x0000002ee6c00000)]
  0x000001ada7778800 JavaThread "WorkerExecutor Queue Thread 3" [_thread_in_Java, id=13788, stack(0x0000002ee6c00000,0x0000002ee6d00000)]
  0x000001ada777b000 JavaThread "WorkerExecutor Queue Thread 4" [_thread_in_Java, id=2796, stack(0x0000002ee6d00000,0x0000002ee6e00000)]
  0x000001ada7779000 JavaThread "WorkerExecutor Queue Thread 5" [_thread_in_Java, id=1996, stack(0x0000002ee6e00000,0x0000002ee6f00000)]
  0x000001ada777c800 JavaThread "WorkerExecutor Queue Thread 6" [_thread_in_Java, id=3424, stack(0x0000002ee6f00000,0x0000002ee7000000)]
  0x000001ada777d800 JavaThread "WorkerExecutor Queue Thread 7" [_thread_in_Java, id=11404, stack(0x0000002ee7000000,0x0000002ee7100000)]
  0x000001ada7777800 JavaThread "WorkerExecutor Queue Thread 8" [_thread_in_Java, id=3576, stack(0x0000002ee7100000,0x0000002ee7200000)]
  0x000001ada777f000 JavaThread "Java2D Disposer" daemon [_thread_blocked, id=3760, stack(0x0000002ee7200000,0x0000002ee7300000)]

Other Threads:
  0x000001ad9f3af000 VMThread "VM Thread" [stack: 0x0000002edd700000,0x0000002edd800000] [id=2092]
  0x000001ad9fe9d000 WatcherThread [stack: 0x0000002ede100000,0x0000002ede200000] [id=9212]
  0x000001ad82f36800 GCTaskThread "GC Thread#0" [stack: 0x0000002edd200000,0x0000002edd300000] [id=3500]
  0x000001ada0a3d800 GCTaskThread "GC Thread#1" [stack: 0x0000002ede300000,0x0000002ede400000] [id=12880]
  0x000001ada0970000 GCTaskThread "GC Thread#2" [stack: 0x0000002ede400000,0x0000002ede500000] [id=5416]
  0x000001ada2443800 GCTaskThread "GC Thread#3" [stack: 0x0000002edef00000,0x0000002edf000000] [id=8856]
  0x000001ada2702800 GCTaskThread "GC Thread#4" [stack: 0x0000002edf000000,0x0000002edf100000] [id=6260]
  0x000001ada13f0000 GCTaskThread "GC Thread#5" [stack: 0x0000002edf100000,0x0000002edf200000] [id=8996]
  0x000001ada2095000 GCTaskThread "GC Thread#6" [stack: 0x0000002edf200000,0x0000002edf300000] [id=5688]
  0x000001ada28d1800 GCTaskThread "GC Thread#7" [stack: 0x0000002edf300000,0x0000002edf400000] [id=1836]
  0x000001ad82f68800 ConcurrentGCThread "G1 Main Marker" [stack: 0x0000002edd300000,0x0000002edd400000] [id=12512]
  0x000001ad82f6a800 ConcurrentGCThread "G1 Conc#0" [stack: 0x0000002edd400000,0x0000002edd500000] [id=11088]
  0x000001ada26e3800 ConcurrentGCThread "G1 Conc#1" [stack: 0x0000002edf700000,0x0000002edf800000] [id=6104]
  0x000001ad9f200800 ConcurrentGCThread "G1 Refine#0" [stack: 0x0000002edd500000,0x0000002edd600000] [id=13896]
  0x000001ada547a000 ConcurrentGCThread "G1 Refine#1" [stack: 0x0000002ee6500000,0x0000002ee6600000] [id=2944]
  0x000001ada8591000 ConcurrentGCThread "G1 Refine#2" [stack: 0x0000002ee6600000,0x0000002ee6700000] [id=11872]
  0x000001ada858c800 ConcurrentGCThread "G1 Refine#3" [stack: 0x0000002ee6700000,0x0000002ee6800000] [id=12144]
  0x000001ada5b7f000 ConcurrentGCThread "G1 Refine#4" [stack: 0x0000002ee6800000,0x0000002ee6900000] [id=13456]
  0x000001ada588d800 ConcurrentGCThread "G1 Refine#5" [stack: 0x0000002ee6900000,0x0000002ee6a00000] [id=6888]
  0x000001ad9f201000 ConcurrentGCThread "G1 Young RemSet Sampling" [stack: 0x0000002edd600000,0x0000002edd700000] [id=2268]

Threads with active compile tasks:
C2 CompilerThread0  18835 10718  s!   4       jdk.internal.loader.URLClassPath::getLoader (194 bytes)
C1 CompilerThread0  18835 11409       2       com.android.aapt.Resources$Reference::getSerializedSize (168 bytes)
C2 CompilerThread1  18835 10593   !   4       java.io.ObjectOutputStream::writeObject0 (619 bytes)
C2 CompilerThread2  18835 10684   !   4       java.io.ObjectInputStream::readSerialData (563 bytes)

VM state:not at safepoint (normal execution)

VM Mutex/Monitor currently owned by a thread: None

Heap address: 0x0000000080000000, size: 2048 MB, Compressed Oops mode: 32-bit
Narrow klass base: 0x0000000000000000, Narrow klass shift: 3
Compressed class space size: 1073741824 Address: 0x0000000100000000

Heap:
 garbage-first heap   total 187392K, used 142229K [0x0000000080000000, 0x0000000100000000)
  region size 1024K, 42 young (43008K), 7 survivors (7168K)
 Metaspace       used 91840K, capacity 94085K, committed 94508K, reserved 1130496K
  class space    used 11619K, capacity 12478K, committed 12672K, reserved 1048576K
Heap Regions: E=young(eden), S=young(survivor), O=old, HS=humongous(starts), HC=humongous(continues), CS=collection set, F=free, A=archive, TAMS=top-at-mark-start (previous, next)
|   0|0x0000000080000000, 0x0000000080100000, 0x0000000080100000|100%| O|  |TAMS 0x0000000080100000, 0x0000000080000000| Untracked 
|   1|0x0000000080100000, 0x0000000080200000, 0x0000000080200000|100%| O|  |TAMS 0x0000000080200000, 0x0000000080100000| Untracked 
|   2|0x0000000080200000, 0x0000000080300000, 0x0000000080300000|100%| O|  |TAMS 0x0000000080300000, 0x0000000080200000| Untracked 
|   3|0x0000000080300000, 0x0000000080400000, 0x0000000080400000|100%|HS|  |TAMS 0x0000000080400000, 0x0000000080300000| Complete 
|   4|0x0000000080400000, 0x0000000080500000, 0x0000000080500000|100%|HC|  |TAMS 0x0000000080500000, 0x0000000080400000| Complete 
|   5|0x0000000080500000, 0x0000000080600000, 0x0000000080600000|100%|HC|  |TAMS 0x0000000080600000, 0x0000000080500000| Complete 
|   6|0x0000000080600000, 0x0000000080700000, 0x0000000080700000|100%| O|  |TAMS 0x0000000080700000, 0x0000000080600000| Untracked 
|   7|0x0000000080700000, 0x0000000080800000, 0x0000000080800000|100%| O|  |TAMS 0x0000000080800000, 0x0000000080700000| Untracked 
|   8|0x0000000080800000, 0x0000000080900000, 0x0000000080900000|100%| O|  |TAMS 0x0000000080900000, 0x0000000080800000| Untracked 
|   9|0x0000000080900000, 0x0000000080a00000, 0x0000000080a00000|100%| O|  |TAMS 0x0000000080a00000, 0x0000000080900000| Untracked 
|  10|0x0000000080a00000, 0x0000000080b00000, 0x0000000080b00000|100%| O|  |TAMS 0x0000000080b00000, 0x0000000080a00000| Untracked 
|  11|0x0000000080b00000, 0x0000000080c00000, 0x0000000080c00000|100%| O|  |TAMS 0x0000000080c00000, 0x0000000080b00000| Untracked 
|  12|0x0000000080c00000, 0x0000000080d00000, 0x0000000080d00000|100%| O|  |TAMS 0x0000000080d00000, 0x0000000080c00000| Untracked 
|  13|0x0000000080d00000, 0x0000000080e00000, 0x0000000080e00000|100%| O|  |TAMS 0x0000000080e00000, 0x0000000080d00000| Untracked 
|  14|0x0000000080e00000, 0x0000000080f00000, 0x0000000080f00000|100%| O|  |TAMS 0x0000000080f00000, 0x0000000080e00000| Untracked 
|  15|0x0000000080f00000, 0x0000000081000000, 0x0000000081000000|100%| O|  |TAMS 0x0000000081000000, 0x0000000080f00000| Untracked 
|  16|0x0000000081000000, 0x0000000081100000, 0x0000000081100000|100%| O|  |TAMS 0x0000000081100000, 0x0000000081000000| Untracked 
|  17|0x0000000081100000, 0x0000000081200000, 0x0000000081200000|100%|HS|  |TAMS 0x0000000081200000, 0x0000000081100000| Complete 
|  18|0x0000000081200000, 0x0000000081300000, 0x0000000081300000|100%| O|  |TAMS 0x0000000081300000, 0x0000000081200000| Untracked 
|  19|0x0000000081300000, 0x0000000081400000, 0x0000000081400000|100%| O|  |TAMS 0x0000000081400000, 0x0000000081300000| Untracked 
|  20|0x0000000081400000, 0x0000000081500000, 0x0000000081500000|100%| O|  |TAMS 0x0000000081500000, 0x0000000081400000| Untracked 
|  21|0x0000000081500000, 0x0000000081600000, 0x0000000081600000|100%| O|  |TAMS 0x0000000081600000, 0x0000000081500000| Untracked 
|  22|0x0000000081600000, 0x0000000081700000, 0x0000000081700000|100%| O|  |TAMS 0x0000000081700000, 0x0000000081600000| Untracked 
|  23|0x0000000081700000, 0x0000000081800000, 0x0000000081800000|100%| O|  |TAMS 0x0000000081800000, 0x0000000081700000| Untracked 
|  24|0x0000000081800000, 0x0000000081900000, 0x0000000081900000|100%|HS|  |TAMS 0x0000000081900000, 0x0000000081800000| Complete 
|  25|0x0000000081900000, 0x0000000081a00000, 0x0000000081a00000|100%|HS|  |TAMS 0x0000000081a00000, 0x0000000081900000| Complete 
|  26|0x0000000081a00000, 0x0000000081b00000, 0x0000000081b00000|100%|HC|  |TAMS 0x0000000081b00000, 0x0000000081a00000| Complete 
|  27|0x0000000081b00000, 0x0000000081c00000, 0x0000000081c00000|100%| O|  |TAMS 0x0000000081c00000, 0x0000000081b00000| Untracked 
|  28|0x0000000081c00000, 0x0000000081d00000, 0x0000000081d00000|100%| O|  |TAMS 0x0000000081d00000, 0x0000000081c00000| Untracked 
|  29|0x0000000081d00000, 0x0000000081e00000, 0x0000000081e00000|100%| O|  |TAMS 0x0000000081e00000, 0x0000000081d00000| Untracked 
|  30|0x0000000081e00000, 0x0000000081f00000, 0x0000000081f00000|100%| O|  |TAMS 0x0000000081f00000, 0x0000000081e00000| Untracked 
|  31|0x0000000081f00000, 0x0000000082000000, 0x0000000082000000|100%| O|  |TAMS 0x0000000082000000, 0x0000000081f00000| Untracked 
|  32|0x0000000082000000, 0x0000000082100000, 0x0000000082100000|100%| O|  |TAMS 0x0000000082100000, 0x0000000082000000| Untracked 
|  33|0x0000000082100000, 0x0000000082200000, 0x0000000082200000|100%| O|  |TAMS 0x0000000082200000, 0x0000000082100000| Untracked 
|  34|0x0000000082200000, 0x0000000082300000, 0x0000000082300000|100%| O|  |TAMS 0x0000000082300000, 0x0000000082200000| Untracked 
|  35|0x0000000082300000, 0x0000000082400000, 0x0000000082400000|100%| O|  |TAMS 0x0000000082400000, 0x0000000082300000| Untracked 
|  36|0x0000000082400000, 0x0000000082500000, 0x0000000082500000|100%| O|  |TAMS 0x0000000082500000, 0x0000000082400000| Untracked 
|  37|0x0000000082500000, 0x0000000082600000, 0x0000000082600000|100%| O|  |TAMS 0x0000000082600000, 0x0000000082500000| Untracked 
|  38|0x0000000082600000, 0x0000000082700000, 0x0000000082700000|100%| O|  |TAMS 0x0000000082700000, 0x0000000082600000| Untracked 
|  39|0x0000000082700000, 0x0000000082800000, 0x0000000082800000|100%| O|  |TAMS 0x0000000082800000, 0x0000000082700000| Untracked 
|  40|0x0000000082800000, 0x0000000082900000, 0x0000000082900000|100%| O|  |TAMS 0x0000000082900000, 0x0000000082800000| Untracked 
|  41|0x0000000082900000, 0x0000000082a00000, 0x0000000082a00000|100%| O|  |TAMS 0x0000000082a00000, 0x0000000082900000| Untracked 
|  42|0x0000000082a00000, 0x0000000082b00000, 0x0000000082b00000|100%| O|  |TAMS 0x0000000082b00000, 0x0000000082a00000| Untracked 
|  43|0x0000000082b00000, 0x0000000082c00000, 0x0000000082c00000|100%| O|  |TAMS 0x0000000082c00000, 0x0000000082b00000| Untracked 
|  44|0x0000000082c00000, 0x0000000082d00000, 0x0000000082d00000|100%| O|  |TAMS 0x0000000082d00000, 0x0000000082c00000| Untracked 
|  45|0x0000000082d00000, 0x0000000082e00000, 0x0000000082e00000|100%| O|  |TAMS 0x0000000082e00000, 0x0000000082d00000| Untracked 
|  46|0x0000000082e00000, 0x0000000082f00000, 0x0000000082f00000|100%| O|  |TAMS 0x0000000082f00000, 0x0000000082e00000| Untracked 
|  47|0x0000000082f00000, 0x0000000083000000, 0x0000000083000000|100%| O|  |TAMS 0x0000000083000000, 0x0000000082f00000| Untracked 
|  48|0x0000000083000000, 0x0000000083100000, 0x0000000083100000|100%| O|  |TAMS 0x0000000083100000, 0x0000000083000000| Untracked 
|  49|0x0000000083100000, 0x0000000083200000, 0x0000000083200000|100%| O|  |TAMS 0x0000000083200000, 0x0000000083100000| Untracked 
|  50|0x0000000083200000, 0x0000000083300000, 0x0000000083300000|100%| O|  |TAMS 0x0000000083300000, 0x0000000083200000| Untracked 
|  51|0x0000000083300000, 0x0000000083400000, 0x0000000083400000|100%| O|  |TAMS 0x0000000083400000, 0x0000000083300000| Untracked 
|  52|0x0000000083400000, 0x0000000083500000, 0x0000000083500000|100%| O|  |TAMS 0x0000000083500000, 0x0000000083400000| Untracked 
|  53|0x0000000083500000, 0x0000000083600000, 0x0000000083600000|100%| O|  |TAMS 0x0000000083600000, 0x0000000083500000| Untracked 
|  54|0x0000000083600000, 0x0000000083600000, 0x0000000083700000|  0%| F|  |TAMS 0x0000000083600000, 0x0000000083600000| Untracked 
|  55|0x0000000083700000, 0x0000000083800000, 0x0000000083800000|100%| O|  |TAMS 0x0000000083800000, 0x0000000083700000| Untracked 
|  56|0x0000000083800000, 0x0000000083900000, 0x0000000083900000|100%|HS|  |TAMS 0x0000000083900000, 0x0000000083800000| Complete 
|  57|0x0000000083900000, 0x0000000083a00000, 0x0000000083a00000|100%| O|  |TAMS 0x0000000083a00000, 0x0000000083900000| Untracked 
|  58|0x0000000083a00000, 0x0000000083b00000, 0x0000000083b00000|100%| O|  |TAMS 0x0000000083b00000, 0x0000000083a00000| Untracked 
|  59|0x0000000083b00000, 0x0000000083c00000, 0x0000000083c00000|100%| O|  |TAMS 0x0000000083c00000, 0x0000000083b00000| Untracked 
|  60|0x0000000083c00000, 0x0000000083d00000, 0x0000000083d00000|100%| O|  |TAMS 0x0000000083d00000, 0x0000000083c00000| Untracked 
|  61|0x0000000083d00000, 0x0000000083e00000, 0x0000000083e00000|100%| O|  |TAMS 0x0000000083e00000, 0x0000000083d00000| Untracked 
|  62|0x0000000083e00000, 0x0000000083f00000, 0x0000000083f00000|100%| O|  |TAMS 0x0000000083f00000, 0x0000000083e00000| Untracked 
|  63|0x0000000083f00000, 0x0000000084000000, 0x0000000084000000|100%| O|  |TAMS 0x0000000084000000, 0x0000000083f00000| Untracked 
|  64|0x0000000084000000, 0x0000000084100000, 0x0000000084100000|100%| O|  |TAMS 0x0000000084100000, 0x0000000084000000| Untracked 
|  65|0x0000000084100000, 0x0000000084200000, 0x0000000084200000|100%| O|  |TAMS 0x0000000084200000, 0x0000000084100000| Untracked 
|  66|0x0000000084200000, 0x0000000084300000, 0x0000000084300000|100%| O|  |TAMS 0x0000000084300000, 0x0000000084200000| Untracked 
|  67|0x0000000084300000, 0x0000000084400000, 0x0000000084400000|100%| O|  |TAMS 0x0000000084400000, 0x0000000084300000| Untracked 
|  68|0x0000000084400000, 0x0000000084500000, 0x0000000084500000|100%| O|  |TAMS 0x0000000084500000, 0x0000000084400000| Untracked 
|  69|0x0000000084500000, 0x0000000084600000, 0x0000000084600000|100%| O|  |TAMS 0x0000000084600000, 0x0000000084500000| Untracked 
|  70|0x0000000084600000, 0x0000000084700000, 0x0000000084700000|100%| O|  |TAMS 0x0000000084700000, 0x0000000084600000| Untracked 
|  71|0x0000000084700000, 0x0000000084800000, 0x0000000084800000|100%| O|  |TAMS 0x0000000084800000, 0x0000000084700000| Untracked 
|  72|0x0000000084800000, 0x0000000084900000, 0x0000000084900000|100%| O|  |TAMS 0x0000000084900000, 0x0000000084800000| Untracked 
|  73|0x0000000084900000, 0x0000000084a00000, 0x0000000084a00000|100%| O|  |TAMS 0x0000000084a00000, 0x0000000084900000| Untracked 
|  74|0x0000000084a00000, 0x0000000084b00000, 0x0000000084b00000|100%| O|  |TAMS 0x0000000084b00000, 0x0000000084a00000| Untracked 
|  75|0x0000000084b00000, 0x0000000084c00000, 0x0000000084c00000|100%| O|  |TAMS 0x0000000084c00000, 0x0000000084b00000| Untracked 
|  76|0x0000000084c00000, 0x0000000084d00000, 0x0000000084d00000|100%| O|  |TAMS 0x0000000084d00000, 0x0000000084c00000| Untracked 
|  77|0x0000000084d00000, 0x0000000084e00000, 0x0000000084e00000|100%| O|  |TAMS 0x0000000084e00000, 0x0000000084d00000| Untracked 
|  78|0x0000000084e00000, 0x0000000084f00000, 0x0000000084f00000|100%| O|  |TAMS 0x0000000084f00000, 0x0000000084e00000| Untracked 
|  79|0x0000000084f00000, 0x0000000085000000, 0x0000000085000000|100%| O|  |TAMS 0x0000000085000000, 0x0000000084f00000| Untracked 
|  80|0x0000000085000000, 0x0000000085100000, 0x0000000085100000|100%| O|  |TAMS 0x0000000085100000, 0x0000000085000000| Untracked 
|  81|0x0000000085100000, 0x0000000085200000, 0x0000000085200000|100%| O|  |TAMS 0x0000000085100000, 0x0000000085100000| Untracked 
|  82|0x0000000085200000, 0x0000000085300000, 0x0000000085300000|100%| O|  |TAMS 0x0000000085300000, 0x0000000085200000| Untracked 
|  83|0x0000000085300000, 0x0000000085400000, 0x0000000085400000|100%| O|  |TAMS 0x0000000085400000, 0x0000000085300000| Untracked 
|  84|0x0000000085400000, 0x0000000085500000, 0x0000000085500000|100%| O|  |TAMS 0x0000000085500000, 0x0000000085400000| Untracked 
|  85|0x0000000085500000, 0x0000000085600000, 0x0000000085600000|100%| O|  |TAMS 0x0000000085600000, 0x0000000085500000| Untracked 
|  86|0x0000000085600000, 0x0000000085700000, 0x0000000085700000|100%| O|  |TAMS 0x0000000085700000, 0x0000000085600000| Untracked 
|  87|0x0000000085700000, 0x0000000085800000, 0x0000000085800000|100%| O|  |TAMS 0x0000000085800000, 0x0000000085700000| Untracked 
|  88|0x0000000085800000, 0x0000000085900000, 0x0000000085900000|100%| O|  |TAMS 0x0000000085900000, 0x0000000085800000| Untracked 
|  89|0x0000000085900000, 0x0000000085a00000, 0x0000000085a00000|100%| O|  |TAMS 0x0000000085a00000, 0x0000000085900000| Untracked 
|  90|0x0000000085a00000, 0x0000000085b00000, 0x0000000085b00000|100%| O|  |TAMS 0x0000000085b00000, 0x0000000085a00000| Untracked 
|  91|0x0000000085b00000, 0x0000000085c00000, 0x0000000085c00000|100%| O|  |TAMS 0x0000000085c00000, 0x0000000085b00000| Untracked 
|  92|0x0000000085c00000, 0x0000000085d00000, 0x0000000085d00000|100%| O|  |TAMS 0x0000000085d00000, 0x0000000085c00000| Untracked 
|  93|0x0000000085d00000, 0x0000000085e00000, 0x0000000085e00000|100%| O|  |TAMS 0x0000000085e00000, 0x0000000085d00000| Untracked 
|  94|0x0000000085e00000, 0x0000000085e00000, 0x0000000085f00000|  0%| F|  |TAMS 0x0000000085e00000, 0x0000000085e00000| Untracked 
|  95|0x0000000085f00000, 0x0000000085f00000, 0x0000000086000000|  0%| F|  |TAMS 0x0000000085f00000, 0x0000000085f00000| Untracked 
|  96|0x0000000086000000, 0x0000000086000000, 0x0000000086100000|  0%| F|  |TAMS 0x0000000086000000, 0x0000000086000000| Untracked 
|  97|0x0000000086100000, 0x0000000086100000, 0x0000000086200000|  0%| F|  |TAMS 0x0000000086100000, 0x0000000086100000| Untracked 
|  98|0x0000000086200000, 0x0000000086200000, 0x0000000086300000|  0%| F|  |TAMS 0x0000000086200000, 0x0000000086200000| Untracked 
|  99|0x0000000086300000, 0x0000000086300000, 0x0000000086400000|  0%| F|  |TAMS 0x0000000086300000, 0x0000000086300000| Untracked 
| 100|0x0000000086400000, 0x0000000086400000, 0x0000000086500000|  0%| F|  |TAMS 0x0000000086400000, 0x0000000086400000| Untracked 
| 101|0x0000000086500000, 0x0000000086500000, 0x0000000086600000|  0%| F|  |TAMS 0x0000000086500000, 0x0000000086500000| Untracked 
| 102|0x0000000086600000, 0x0000000086600000, 0x0000000086700000|  0%| F|  |TAMS 0x0000000086600000, 0x0000000086600000| Untracked 
| 103|0x0000000086700000, 0x0000000086700000, 0x0000000086800000|  0%| F|  |TAMS 0x0000000086700000, 0x0000000086700000| Untracked 
| 104|0x0000000086800000, 0x0000000086800000, 0x0000000086900000|  0%| F|  |TAMS 0x0000000086800000, 0x0000000086800000| Untracked 
| 105|0x0000000086900000, 0x0000000086900000, 0x0000000086a00000|  0%| F|  |TAMS 0x0000000086900000, 0x0000000086900000| Untracked 
| 106|0x0000000086a00000, 0x0000000086a00000, 0x0000000086b00000|  0%| F|  |TAMS 0x0000000086a00000, 0x0000000086a00000| Untracked 
| 107|0x0000000086b00000, 0x0000000086b00000, 0x0000000086c00000|  0%| F|  |TAMS 0x0000000086b00000, 0x0000000086b00000| Untracked 
| 108|0x0000000086c00000, 0x0000000086d00000, 0x0000000086d00000|100%| O|  |TAMS 0x0000000086c00000, 0x0000000086c00000| Untracked 
| 109|0x0000000086d00000, 0x0000000086e00000, 0x0000000086e00000|100%| O|  |TAMS 0x0000000086d00000, 0x0000000086d00000| Untracked 
| 110|0x0000000086e00000, 0x0000000086f00000, 0x0000000086f00000|100%| O|  |TAMS 0x0000000086e00000, 0x0000000086e00000| Untracked 
| 111|0x0000000086f00000, 0x0000000087000000, 0x0000000087000000|100%| O|  |TAMS 0x0000000086f00000, 0x0000000086f00000| Untracked 
| 112|0x0000000087000000, 0x00000000870e5400, 0x0000000087100000| 89%| O|  |TAMS 0x0000000087000000, 0x0000000087000000| Untracked 
| 113|0x0000000087100000, 0x0000000087100000, 0x0000000087200000|  0%| F|  |TAMS 0x0000000087100000, 0x0000000087100000| Untracked 
| 114|0x0000000087200000, 0x0000000087200000, 0x0000000087300000|  0%| F|  |TAMS 0x0000000087200000, 0x0000000087200000| Untracked 
| 115|0x0000000087300000, 0x0000000087300000, 0x0000000087400000|  0%| F|  |TAMS 0x0000000087300000, 0x0000000087300000| Untracked 
| 116|0x0000000087400000, 0x0000000087400000, 0x0000000087500000|  0%| F|  |TAMS 0x0000000087400000, 0x0000000087400000| Untracked 
| 117|0x0000000087500000, 0x0000000087500000, 0x0000000087600000|  0%| F|  |TAMS 0x0000000087500000, 0x0000000087500000| Untracked 
| 118|0x0000000087600000, 0x0000000087600000, 0x0000000087700000|  0%| F|  |TAMS 0x0000000087600000, 0x0000000087600000| Untracked 
| 119|0x0000000087700000, 0x0000000087700000, 0x0000000087800000|  0%| F|  |TAMS 0x0000000087700000, 0x0000000087700000| Untracked 
| 120|0x0000000087800000, 0x0000000087800000, 0x0000000087900000|  0%| F|  |TAMS 0x0000000087800000, 0x0000000087800000| Untracked 
| 121|0x0000000087900000, 0x0000000087900000, 0x0000000087a00000|  0%| F|  |TAMS 0x0000000087900000, 0x0000000087900000| Untracked 
| 122|0x0000000087a00000, 0x0000000087a00000, 0x0000000087b00000|  0%| F|  |TAMS 0x0000000087a00000, 0x0000000087a00000| Untracked 
| 123|0x0000000087b00000, 0x0000000087b00000, 0x0000000087c00000|  0%| F|  |TAMS 0x0000000087b00000, 0x0000000087b00000| Untracked 
| 124|0x0000000087c00000, 0x0000000087c00000, 0x0000000087d00000|  0%| F|  |TAMS 0x0000000087c00000, 0x0000000087c00000| Untracked 
| 125|0x0000000087d00000, 0x0000000087d00000, 0x0000000087e00000|  0%| F|  |TAMS 0x0000000087d00000, 0x0000000087d00000| Untracked 
| 126|0x0000000087e00000, 0x0000000087e00000, 0x0000000087f00000|  0%| F|  |TAMS 0x0000000087e00000, 0x0000000087e00000| Untracked 
| 127|0x0000000087f00000, 0x0000000088000000, 0x0000000088000000|100%| S|CS|TAMS 0x0000000087f00000, 0x0000000087f00000| Complete 
| 128|0x0000000088000000, 0x0000000088100000, 0x0000000088100000|100%| S|CS|TAMS 0x0000000088000000, 0x0000000088000000| Complete 
| 129|0x0000000088100000, 0x0000000088200000, 0x0000000088200000|100%| S|CS|TAMS 0x0000000088100000, 0x0000000088100000| Complete 
| 130|0x0000000088200000, 0x0000000088300000, 0x0000000088300000|100%| S|CS|TAMS 0x0000000088200000, 0x0000000088200000| Complete 
| 131|0x0000000088300000, 0x0000000088400000, 0x0000000088400000|100%| S|CS|TAMS 0x0000000088300000, 0x0000000088300000| Complete 
| 132|0x0000000088400000, 0x0000000088500000, 0x0000000088500000|100%| S|CS|TAMS 0x0000000088400000, 0x0000000088400000| Complete 
| 133|0x0000000088500000, 0x0000000088600000, 0x0000000088600000|100%| S|CS|TAMS 0x0000000088500000, 0x0000000088500000| Complete 
| 134|0x0000000088600000, 0x0000000088600000, 0x0000000088700000|  0%| F|  |TAMS 0x0000000088600000, 0x0000000088600000| Untracked 
| 135|0x0000000088700000, 0x0000000088700000, 0x0000000088800000|  0%| F|  |TAMS 0x0000000088700000, 0x0000000088700000| Untracked 
| 136|0x0000000088800000, 0x0000000088800000, 0x0000000088900000|  0%| F|  |TAMS 0x0000000088800000, 0x0000000088800000| Untracked 
| 137|0x0000000088900000, 0x0000000088900000, 0x0000000088a00000|  0%| F|  |TAMS 0x0000000088900000, 0x0000000088900000| Untracked 
| 138|0x0000000088a00000, 0x0000000088a00000, 0x0000000088b00000|  0%| F|  |TAMS 0x0000000088a00000, 0x0000000088a00000| Untracked 
| 139|0x0000000088b00000, 0x0000000088b00000, 0x0000000088c00000|  0%| F|  |TAMS 0x0000000088b00000, 0x0000000088b00000| Untracked 
| 140|0x0000000088c00000, 0x0000000088c00000, 0x0000000088d00000|  0%| F|  |TAMS 0x0000000088c00000, 0x0000000088c00000| Untracked 
| 141|0x0000000088d00000, 0x0000000088d00000, 0x0000000088e00000|  0%| F|  |TAMS 0x0000000088d00000, 0x0000000088d00000| Untracked 
| 142|0x0000000088e00000, 0x0000000088e00000, 0x0000000088f00000|  0%| F|  |TAMS 0x0000000088e00000, 0x0000000088e00000| Untracked 
| 143|0x0000000088f00000, 0x0000000088f00000, 0x0000000089000000|  0%| F|  |TAMS 0x0000000088f00000, 0x0000000088f00000| Untracked 
| 144|0x0000000089000000, 0x0000000089000000, 0x0000000089100000|  0%| F|  |TAMS 0x0000000089000000, 0x0000000089000000| Untracked 
| 145|0x0000000089100000, 0x0000000089100000, 0x0000000089200000|  0%| F|  |TAMS 0x0000000089100000, 0x0000000089100000| Untracked 
| 146|0x0000000089200000, 0x000000008923c8e8, 0x0000000089300000| 23%| E|  |TAMS 0x0000000089200000, 0x0000000089200000| Complete 
| 147|0x0000000089300000, 0x0000000089400000, 0x0000000089400000|100%| E|CS|TAMS 0x0000000089300000, 0x0000000089300000| Complete 
| 148|0x0000000089400000, 0x0000000089500000, 0x0000000089500000|100%| E|CS|TAMS 0x0000000089400000, 0x0000000089400000| Complete 
| 149|0x0000000089500000, 0x0000000089600000, 0x0000000089600000|100%| E|CS|TAMS 0x0000000089500000, 0x0000000089500000| Complete 
| 150|0x0000000089600000, 0x0000000089700000, 0x0000000089700000|100%| E|CS|TAMS 0x0000000089600000, 0x0000000089600000| Complete 
| 151|0x0000000089700000, 0x0000000089800000, 0x0000000089800000|100%| E|CS|TAMS 0x0000000089700000, 0x0000000089700000| Complete 
| 152|0x0000000089800000, 0x0000000089900000, 0x0000000089900000|100%| E|CS|TAMS 0x0000000089800000, 0x0000000089800000| Complete 
| 153|0x0000000089900000, 0x0000000089a00000, 0x0000000089a00000|100%| E|CS|TAMS 0x0000000089900000, 0x0000000089900000| Complete 
| 154|0x0000000089a00000, 0x0000000089b00000, 0x0000000089b00000|100%| E|CS|TAMS 0x0000000089a00000, 0x0000000089a00000| Complete 
| 155|0x0000000089b00000, 0x0000000089c00000, 0x0000000089c00000|100%| E|CS|TAMS 0x0000000089b00000, 0x0000000089b00000| Complete 
| 156|0x0000000089c00000, 0x0000000089d00000, 0x0000000089d00000|100%| E|CS|TAMS 0x0000000089c00000, 0x0000000089c00000| Complete 
| 157|0x0000000089d00000, 0x0000000089e00000, 0x0000000089e00000|100%| E|CS|TAMS 0x0000000089d00000, 0x0000000089d00000| Complete 
| 158|0x0000000089e00000, 0x0000000089f00000, 0x0000000089f00000|100%| E|CS|TAMS 0x0000000089e00000, 0x0000000089e00000| Complete 
| 159|0x0000000089f00000, 0x000000008a000000, 0x000000008a000000|100%| E|CS|TAMS 0x0000000089f00000, 0x0000000089f00000| Complete 
| 160|0x000000008a000000, 0x000000008a100000, 0x000000008a100000|100%| E|CS|TAMS 0x000000008a000000, 0x000000008a000000| Complete 
| 161|0x000000008a100000, 0x000000008a200000, 0x000000008a200000|100%| E|CS|TAMS 0x000000008a100000, 0x000000008a100000| Complete 
| 162|0x000000008a200000, 0x000000008a300000, 0x000000008a300000|100%| E|CS|TAMS 0x000000008a200000, 0x000000008a200000| Complete 
| 163|0x000000008a300000, 0x000000008a400000, 0x000000008a400000|100%| E|CS|TAMS 0x000000008a300000, 0x000000008a300000| Complete 
| 164|0x000000008a400000, 0x000000008a500000, 0x000000008a500000|100%| E|CS|TAMS 0x000000008a400000, 0x000000008a400000| Complete 
| 165|0x000000008a500000, 0x000000008a600000, 0x000000008a600000|100%| E|CS|TAMS 0x000000008a500000, 0x000000008a500000| Complete 
| 166|0x000000008a600000, 0x000000008a700000, 0x000000008a700000|100%| E|CS|TAMS 0x000000008a600000, 0x000000008a600000| Complete 
| 167|0x000000008a700000, 0x000000008a800000, 0x000000008a800000|100%| E|CS|TAMS 0x000000008a700000, 0x000000008a700000| Complete 
| 168|0x000000008a800000, 0x000000008a900000, 0x000000008a900000|100%| E|CS|TAMS 0x000000008a800000, 0x000000008a800000| Complete 
| 169|0x000000008a900000, 0x000000008aa00000, 0x000000008aa00000|100%| E|CS|TAMS 0x000000008a900000, 0x000000008a900000| Complete 
| 170|0x000000008aa00000, 0x000000008ab00000, 0x000000008ab00000|100%| E|CS|TAMS 0x000000008aa00000, 0x000000008aa00000| Complete 
| 171|0x000000008ab00000, 0x000000008ac00000, 0x000000008ac00000|100%| E|CS|TAMS 0x000000008ab00000, 0x000000008ab00000| Complete 
| 172|0x000000008ac00000, 0x000000008ad00000, 0x000000008ad00000|100%| E|CS|TAMS 0x000000008ac00000, 0x000000008ac00000| Complete 
| 173|0x000000008ad00000, 0x000000008ae00000, 0x000000008ae00000|100%| E|CS|TAMS 0x000000008ad00000, 0x000000008ad00000| Complete 
| 174|0x000000008ae00000, 0x000000008af00000, 0x000000008af00000|100%| E|CS|TAMS 0x000000008ae00000, 0x000000008ae00000| Complete 
| 175|0x000000008af00000, 0x000000008b000000, 0x000000008b000000|100%| E|CS|TAMS 0x000000008af00000, 0x000000008af00000| Complete 
| 176|0x000000008b000000, 0x000000008b100000, 0x000000008b100000|100%| E|CS|TAMS 0x000000008b000000, 0x000000008b000000| Complete 
| 177|0x000000008b100000, 0x000000008b200000, 0x000000008b200000|100%| E|CS|TAMS 0x000000008b100000, 0x000000008b100000| Complete 
| 178|0x000000008b200000, 0x000000008b300000, 0x000000008b300000|100%| E|CS|TAMS 0x000000008b200000, 0x000000008b200000| Complete 
| 179|0x000000008b300000, 0x000000008b400000, 0x000000008b400000|100%| E|CS|TAMS 0x000000008b300000, 0x000000008b300000| Complete 
| 180|0x000000008b400000, 0x000000008b500000, 0x000000008b500000|100%| E|CS|TAMS 0x000000008b400000, 0x000000008b400000| Complete 
| 181|0x000000008b500000, 0x000000008b600000, 0x000000008b600000|100%| E|CS|TAMS 0x000000008b500000, 0x000000008b500000| Complete 
| 182|0x000000008b600000, 0x000000008b700000, 0x000000008b700000|100%| E|CS|TAMS 0x000000008b600000, 0x000000008b600000| Complete 

Card table byte_map: [0x000001ad980e0000,0x000001ad984e0000] _byte_map_base: 0x000001ad97ce0000

Marking Bits (Prev, Next): (CMBitMap*) 0x000001ad82f5f860, (CMBitMap*) 0x000001ad82f5f828
 Prev Bits: [0x000001ad9a8e0000, 0x000001ad9c8e0000)
 Next Bits: [0x000001ad988e0000, 0x000001ad9a8e0000)

Polling page: 0x000001ad83000000

Metaspace:

Usage:
  Non-class:     79.82 MB capacity,    78.48 MB ( 98%) used,     1.09 MB (  1%) free+waste,   253.56 KB ( <1%) overhead. 
      Class:     12.19 MB capacity,    11.36 MB ( 93%) used,   733.46 KB (  6%) free+waste,   115.44 KB ( <1%) overhead. 
       Both:     92.00 MB capacity,    89.83 MB ( 98%) used,     1.81 MB (  2%) free+waste,   369.00 KB ( <1%) overhead. 

Virtual space:
  Non-class space:       82.00 MB reserved,      80.17 MB ( 98%) committed 
      Class space:        1.00 GB reserved,      12.38 MB (  1%) committed 
             Both:        1.08 GB reserved,      92.54 MB (  8%) committed 

Chunk freelists:
   Non-Class:  229.00 KB
       Class:  98.00 KB
        Both:  327.00 KB

MaxMetaspaceSize: 17179869184.00 GB
CompressedClassSpaceSize: 1.00 GB
Initial GC threshold: 20.80 MB
Current GC threshold: 147.78 MB
CDS: off

CodeHeap 'non-profiled nmethods': size=120000Kb used=7277Kb max_used=7277Kb free=112722Kb
 bounds [0x000001ad8fd30000, 0x000001ad90450000, 0x000001ad97260000]
CodeHeap 'profiled nmethods': size=120000Kb used=24262Kb max_used=24262Kb free=95737Kb
 bounds [0x000001ad88800000, 0x000001ad89fc0000, 0x000001ad8fd30000]
CodeHeap 'non-nmethods': size=5760Kb used=2473Kb max_used=2515Kb free=3286Kb
 bounds [0x000001ad88260000, 0x000001ad884e0000, 0x000001ad88800000]
 total_blobs=12253 nmethods=11250 adapters=915
 compilation: enabled
              stopped_count=0, restarted_count=0
 full_count=0

Compilation events (20 events):
Event: 18.784 Thread 0x000001ad9f3d7800 11344       2       com.android.aapt.ConfigurationOuterClass$Configuration$Builder::setNavHidden (26 bytes)
Event: 18.785 Thread 0x000001ad9f3d7800 nmethod 11344 0x000001ad89f8c390 code [0x000001ad89f8c580, 0x000001ad89f8c848]
Event: 18.785 Thread 0x000001ad9f3d7800 11354       2       com.android.aapt.Resources$Value$Builder::setWeak (11 bytes)
Event: 18.785 Thread 0x000001ad9f3d7800 nmethod 11354 0x000001ad89f8ca10 code [0x000001ad89f8cbc0, 0x000001ad89f8cd08]
Event: 18.785 Thread 0x000001ad9f3d7800 11373       2       com.android.aapt.Resources$Entry::<init> (11 bytes)
Event: 18.785 Thread 0x000001ad9f3d7800 nmethod 11373 0x000001ad89f8ce10 code [0x000001ad89f8cfc0, 0x000001ad89f8d118]
Event: 18.785 Thread 0x000001ad9f3d7800 11385       2       com.android.aapt.Resources$Value$Builder::<init> (20 bytes)
Event: 18.786 Thread 0x000001ad9f3d7800 nmethod 11385 0x000001ad89f8d210 code [0x000001ad89f8d3c0, 0x000001ad89f8d5f8]
Event: 18.786 Thread 0x000001ad9f3d7800 11390       2       com.android.aapt.Resources$Value$Builder::<init> (5 bytes)
Event: 18.786 Thread 0x000001ad9f3d7800 nmethod 11390 0x000001ad89f8d690 code [0x000001ad89f8d840, 0x000001ad89f8da78]
Event: 18.786 Thread 0x000001ad9f3d7800 11347       2       com.android.aapt.Resources$ConfigValue$Builder::setValue (42 bytes)
Event: 18.786 Thread 0x000001ad9f3d7800 nmethod 11347 0x000001ad89f8db10 code [0x000001ad89f8dce0, 0x000001ad89f8df68]
Event: 18.787 Thread 0x000001ad9f3d7800 11348       2       com.android.aapt.Resources$ConfigValue$Builder::build (19 bytes)
Event: 18.787 Thread 0x000001ad9f3d7800 nmethod 11348 0x000001ad89f8e090 code [0x000001ad89f8e260, 0x000001ad89f8e488]
Event: 18.787 Thread 0x000001ad9f3d7800 11366       2       com.android.aapt.Resources$Entry$Builder::addConfigValue (52 bytes)
Event: 18.787 Thread 0x000001ad9f3d7800 nmethod 11366 0x000001ad89f8e610 code [0x000001ad89f8e800, 0x000001ad89f8eb88]
Event: 18.788 Thread 0x000001ad9f3d7800 11247       2       com.android.aapt.Resources$Value$Builder::setItem (47 bytes)
Event: 18.788 Thread 0x000001ad9f3d7800 nmethod 11247 0x000001ad89f8ed10 code [0x000001ad89f8eee0, 0x000001ad89f8f188]
Event: 18.788 Thread 0x000001ad9f3d7800 11346       2       com.android.aapt.ConfigurationOuterClass$Configuration$Builder::buildPartial (241 bytes)
Event: 18.789 Thread 0x000001ad9f3d7800 nmethod 11346 0x000001ad89f8f290 code [0x000001ad89f8f440, 0x000001ad89f8f778]

GC Heap History (20 events):
Event: 8.016 GC heap before
{Heap before GC invocations=10 (full 0):
 garbage-first heap   total 155648K, used 109799K [0x0000000080000000, 0x0000000100000000)
  region size 1024K, 83 young (84992K), 8 survivors (8192K)
 Metaspace       used 49033K, capacity 50326K, committed 50560K, reserved 1093632K
  class space    used 6303K, capacity 6779K, committed 6784K, reserved 1048576K
}
Event: 8.030 GC heap after
{Heap after GC invocations=11 (full 0):
 garbage-first heap   total 155648K, used 42812K [0x0000000080000000, 0x0000000100000000)
  region size 1024K, 11 young (11264K), 11 survivors (11264K)
 Metaspace       used 49033K, capacity 50326K, committed 50560K, reserved 1093632K
  class space    used 6303K, capacity 6779K, committed 6784K, reserved 1048576K
}
Event: 9.089 GC heap before
{Heap before GC invocations=11 (full 0):
 garbage-first heap   total 155648K, used 108348K [0x0000000080000000, 0x0000000100000000)
  region size 1024K, 76 young (77824K), 11 survivors (11264K)
 Metaspace       used 58376K, capacity 59805K, committed 59948K, reserved 1101824K
  class space    used 7459K, capacity 7996K, committed 8064K, reserved 1048576K
}
Event: 9.111 GC heap after
{Heap after GC invocations=12 (full 0):
 garbage-first heap   total 155648K, used 45842K [0x0000000080000000, 0x0000000100000000)
  region size 1024K, 3 young (3072K), 3 survivors (3072K)
 Metaspace       used 58376K, capacity 59805K, committed 59948K, reserved 1101824K
  class space    used 7459K, capacity 7996K, committed 8064K, reserved 1048576K
}
Event: 10.091 GC heap before
{Heap before GC invocations=13 (full 0):
 garbage-first heap   total 155648K, used 114450K [0x0000000080000000, 0x0000000100000000)
  region size 1024K, 70 young (71680K), 3 survivors (3072K)
 Metaspace       used 64923K, capacity 66475K, committed 66732K, reserved 1107968K
  class space    used 8271K, capacity 8864K, committed 8960K, reserved 1048576K
}
Event: 10.106 GC heap after
{Heap after GC invocations=14 (full 0):
 garbage-first heap   total 155648K, used 51838K [0x0000000080000000, 0x0000000100000000)
  region size 1024K, 9 young (9216K), 9 survivors (9216K)
 Metaspace       used 64923K, capacity 66475K, committed 66732K, reserved 1107968K
  class space    used 8271K, capacity 8864K, committed 8960K, reserved 1048576K
}
Event: 11.418 GC heap before
{Heap before GC invocations=15 (full 0):
 garbage-first heap   total 155648K, used 117374K [0x0000000080000000, 0x0000000100000000)
  region size 1024K, 73 young (74752K), 9 survivors (9216K)
 Metaspace       used 69158K, capacity 70752K, committed 71084K, reserved 1110016K
  class space    used 8997K, capacity 9583K, committed 9728K, reserved 1048576K
}
Event: 11.429 GC heap after
{Heap after GC invocations=16 (full 0):
 garbage-first heap   total 187392K, used 55625K [0x0000000080000000, 0x0000000100000000)
  region size 1024K, 5 young (5120K), 5 survivors (5120K)
 Metaspace       used 69158K, capacity 70752K, committed 71084K, reserved 1110016K
  class space    used 8997K, capacity 9583K, committed 9728K, reserved 1048576K
}
Event: 12.911 GC heap before
{Heap before GC invocations=16 (full 0):
 garbage-first heap   total 187392K, used 136521K [0x0000000080000000, 0x0000000100000000)
  region size 1024K, 84 young (86016K), 5 survivors (5120K)
 Metaspace       used 77414K, capacity 79221K, committed 79404K, reserved 1118208K
  class space    used 10166K, capacity 10855K, committed 10880K, reserved 1048576K
}
Event: 12.921 GC heap after
{Heap after GC invocations=17 (full 0):
 garbage-first heap   total 187392K, used 60242K [0x0000000080000000, 0x0000000100000000)
  region size 1024K, 10 young (10240K), 10 survivors (10240K)
 Metaspace       used 77414K, capacity 79221K, committed 79404K, reserved 1118208K
  class space    used 10166K, capacity 10855K, committed 10880K, reserved 1048576K
}
Event: 14.355 GC heap before
{Heap before GC invocations=17 (full 0):
 garbage-first heap   total 187392K, used 139090K [0x0000000080000000, 0x0000000100000000)
  region size 1024K, 88 young (90112K), 10 survivors (10240K)
 Metaspace       used 81299K, capacity 83506K, committed 83756K, reserved 1122304K
  class space    used 10743K, capacity 11595K, committed 11648K, reserved 1048576K
}
Event: 14.374 GC heap after
{Heap after GC invocations=18 (full 0):
 garbage-first heap   total 187392K, used 65876K [0x0000000080000000, 0x0000000100000000)
  region size 1024K, 11 young (11264K), 11 survivors (11264K)
 Metaspace       used 81299K, capacity 83506K, committed 83756K, reserved 1122304K
  class space    used 10743K, capacity 11595K, committed 11648K, reserved 1048576K
}
Event: 15.748 GC heap before
{Heap before GC invocations=18 (full 0):
 garbage-first heap   total 187392K, used 146772K [0x0000000080000000, 0x0000000100000000)
  region size 1024K, 88 young (90112K), 11 survivors (11264K)
 Metaspace       used 83365K, capacity 85580K, committed 85676K, reserved 1124352K
  class space    used 10900K, capacity 11730K, committed 11776K, reserved 1048576K
}
Event: 15.770 GC heap after
{Heap after GC invocations=19 (full 0):
 garbage-first heap   total 187392K, used 85560K [0x0000000080000000, 0x0000000100000000)
  region size 1024K, 11 young (11264K), 11 survivors (11264K)
 Metaspace       used 83365K, capacity 85580K, committed 85676K, reserved 1124352K
  class space    used 10900K, capacity 11730K, committed 11776K, reserved 1048576K
}
Event: 17.043 GC heap before
{Heap before GC invocations=19 (full 0):
 garbage-first heap   total 187392K, used 150072K [0x0000000080000000, 0x0000000100000000)
  region size 1024K, 66 young (67584K), 11 survivors (11264K)
 Metaspace       used 87992K, capacity 90353K, committed 90540K, reserved 1128448K
  class space    used 11362K, capacity 12238K, committed 12288K, reserved 1048576K
}
Event: 17.064 GC heap after
{Heap after GC invocations=20 (full 0):
 garbage-first heap   total 187392K, used 95927K [0x0000000080000000, 0x0000000100000000)
  region size 1024K, 8 young (8192K), 8 survivors (8192K)
 Metaspace       used 87992K, capacity 90353K, committed 90540K, reserved 1128448K
  class space    used 11362K, capacity 12238K, committed 12288K, reserved 1048576K
}
Event: 17.887 GC heap before
{Heap before GC invocations=20 (full 0):
 garbage-first heap   total 187392K, used 118455K [0x0000000080000000, 0x0000000100000000)
  region size 1024K, 32 young (32768K), 8 survivors (8192K)
 Metaspace       used 88124K, capacity 90492K, committed 90540K, reserved 1128448K
  class space    used 11371K, capacity 12241K, committed 12288K, reserved 1048576K
}
Event: 17.902 GC heap after
{Heap after GC invocations=21 (full 0):
 garbage-first heap   total 187392K, used 101376K [0x0000000080000000, 0x0000000100000000)
  region size 1024K, 7 young (7168K), 7 survivors (7168K)
 Metaspace       used 88124K, capacity 90492K, committed 90540K, reserved 1128448K
  class space    used 11371K, capacity 12241K, committed 12288K, reserved 1048576K
}
Event: 18.499 GC heap before
{Heap before GC invocations=22 (full 0):
 garbage-first heap   total 187392K, used 158720K [0x0000000080000000, 0x0000000100000000)
  region size 1024K, 49 young (50176K), 7 survivors (7168K)
 Metaspace       used 90626K, capacity 92900K, committed 93356K, reserved 1130496K
  class space    used 11537K, capacity 12382K, committed 12544K, reserved 1048576K
}
Event: 18.513 GC heap after
{Heap after GC invocations=23 (full 0):
 garbage-first heap   total 187392K, used 107413K [0x0000000080000000, 0x0000000100000000)
  region size 1024K, 7 young (7168K), 7 survivors (7168K)
 Metaspace       used 90626K, capacity 92900K, committed 93356K, reserved 1130496K
  class space    used 11537K, capacity 12382K, committed 12544K, reserved 1048576K
}

Deoptimization events (20 events):
Event: 18.437 Thread 0x000001ada7779000 DEOPT PACKING pc=0x000001ad89e750ff sp=0x0000002ee6efd4c0
Event: 18.437 Thread 0x000001ada7779000 DEOPT UNPACKING pc=0x000001ad882a9d0e sp=0x0000002ee6efc9b0 mode 0
Event: 18.485 Thread 0x000001ada7779000 DEOPT PACKING pc=0x000001ad89e8f775 sp=0x0000002ee6efd240
Event: 18.485 Thread 0x000001ada7779000 DEOPT UNPACKING pc=0x000001ad882a9d0e sp=0x0000002ee6efc708 mode 0
Event: 18.565 Thread 0x000001ada777c800 Uncommon trap: trap_request=0xffffff4d fr.pc=0x000001ad9026c5e8 relative=0x00000000000001c8
Event: 18.565 Thread 0x000001ada777c800 Uncommon trap: reason=unstable_if action=reinterpret pc=0x000001ad9026c5e8 method=java.lang.StringCoding.encodeUTF8(B[BZ)[B @ 18 c2
Event: 18.565 Thread 0x000001ada777b800 Uncommon trap: trap_request=0xffffff4d fr.pc=0x000001ad9026c604 relative=0x00000000000001e4
Event: 18.565 Thread 0x000001ada777c800 DEOPT PACKING pc=0x000001ad9026c5e8 sp=0x0000002ee6ffd010
Event: 18.565 Thread 0x000001ada777b800 Uncommon trap: reason=unstable_if action=reinterpret pc=0x000001ad9026c604 method=java.lang.StringCoding.encodeUTF8(B[BZ)[B @ 2 c2
Event: 18.565 Thread 0x000001ada777b800 DEOPT PACKING pc=0x000001ad9026c604 sp=0x0000002ee6bfc910
Event: 18.565 Thread 0x000001ada777c800 DEOPT UNPACKING pc=0x000001ad882685af sp=0x0000002ee6ffcfa8 mode 2
Event: 18.565 Thread 0x000001ada777b800 DEOPT UNPACKING pc=0x000001ad882685af sp=0x0000002ee6bfc8a0 mode 2
Event: 18.565 Thread 0x000001ada7778800 Uncommon trap: trap_request=0xffffff4d fr.pc=0x000001ad9026c604 relative=0x00000000000001e4
Event: 18.565 Thread 0x000001ada7778800 Uncommon trap: reason=unstable_if action=reinterpret pc=0x000001ad9026c604 method=java.lang.StringCoding.encodeUTF8(B[BZ)[B @ 2 c2
Event: 18.565 Thread 0x000001ada7778800 DEOPT PACKING pc=0x000001ad9026c604 sp=0x0000002ee6cfc8b0
Event: 18.565 Thread 0x000001ada7778800 DEOPT UNPACKING pc=0x000001ad882685af sp=0x0000002ee6cfc840 mode 2
Event: 18.636 Thread 0x000001ada7778800 DEOPT PACKING pc=0x000001ad89ea67b1 sp=0x0000002ee6cfd3d0
Event: 18.636 Thread 0x000001ada7778800 DEOPT UNPACKING pc=0x000001ad882a9d0e sp=0x0000002ee6cfc840 mode 0
Event: 18.686 Thread 0x000001ada7778800 DEOPT PACKING pc=0x000001ad89f2ee4f sp=0x0000002ee6cfcb00
Event: 18.686 Thread 0x000001ada7778800 DEOPT UNPACKING pc=0x000001ad882a9d0e sp=0x0000002ee6cfc048 mode 0

Classes redefined (0 events):
No events

Internal exceptions (20 events):
Event: 16.066 Thread 0x000001ada7772000 Exception <a 'java/lang/NoSuchMethodError'{0x000000008a690870}: <clinit>> (0x000000008a690870) thrown at [./src/hotspot/share/prims/jni.cpp, line 1365]
Event: 16.067 Thread 0x000001ada7772000 Exception <a 'java/lang/NoSuchMethodError'{0x000000008a695250}: <clinit>> (0x000000008a695250) thrown at [./src/hotspot/share/prims/jni.cpp, line 1365]
Event: 16.068 Thread 0x000001ada7772000 Exception <a 'java/lang/NoSuchMethodError'{0x000000008a6a09f0}: <clinit>> (0x000000008a6a09f0) thrown at [./src/hotspot/share/prims/jni.cpp, line 1365]
Event: 16.083 Thread 0x000001ada7772000 Exception <a 'java/lang/NoSuchMethodError'{0x000000008a50c630}: <clinit>> (0x000000008a50c630) thrown at [./src/hotspot/share/prims/jni.cpp, line 1365]
Event: 16.089 Thread 0x000001ada7772000 Exception <a 'java/lang/NoSuchMethodError'{0x000000008a5414e0}: <clinit>> (0x000000008a5414e0) thrown at [./src/hotspot/share/prims/jni.cpp, line 1365]
Event: 16.096 Thread 0x000001ada7772000 Exception <a 'java/lang/NoSuchMethodError'{0x000000008a5736b0}: <clinit>> (0x000000008a5736b0) thrown at [./src/hotspot/share/prims/jni.cpp, line 1365]
Event: 16.096 Thread 0x000001ada7772000 Exception <a 'java/lang/NoSuchMethodError'{0x000000008a576b18}: <clinit>> (0x000000008a576b18) thrown at [./src/hotspot/share/prims/jni.cpp, line 1365]
Event: 16.098 Thread 0x000001ada7772000 Exception <a 'java/lang/NoSuchMethodError'{0x000000008a579788}: <clinit>> (0x000000008a579788) thrown at [./src/hotspot/share/prims/jni.cpp, line 1365]
Event: 16.102 Thread 0x000001ada7772000 Exception <a 'java/lang/NoSuchMethodError'{0x000000008a591780}: <clinit>> (0x000000008a591780) thrown at [./src/hotspot/share/prims/jni.cpp, line 1365]
Event: 16.104 Thread 0x000001ada7772000 Exception <a 'java/lang/NoSuchMethodError'{0x000000008a5a8a88}: <clinit>> (0x000000008a5a8a88) thrown at [./src/hotspot/share/prims/jni.cpp, line 1365]
Event: 16.109 Thread 0x000001ada7772000 Exception <a 'java/lang/NoSuchMethodError'{0x000000008a5ca7a8}: <clinit>> (0x000000008a5ca7a8) thrown at [./src/hotspot/share/prims/jni.cpp, line 1365]
Event: 16.111 Thread 0x000001ada7772000 Exception <a 'java/lang/NoSuchMethodError'{0x000000008a5dd210}: <clinit>> (0x000000008a5dd210) thrown at [./src/hotspot/share/prims/jni.cpp, line 1365]
Event: 16.195 Thread 0x000001ada7772000 Exception <a 'java/lang/NoSuchMethodError'{0x000000008a1ba698}: <clinit>> (0x000000008a1ba698) thrown at [./src/hotspot/share/prims/jni.cpp, line 1365]
Event: 16.278 Thread 0x000001ada7779000 Exception <a 'java/lang/ClassNotFoundException'{0x0000000089c0e4d8}: sun/awt/resources/spi/awtProvider> (0x0000000089c0e4d8) thrown at [./src/hotspot/share/classfile/systemDictionary.cpp, line 231]
Event: 16.301 Thread 0x000001ada7779000 Exception <a 'java/io/FileNotFoundException'{0x0000000089b5ff10}> (0x0000000089b5ff10) thrown at [./src/hotspot/share/prims/jni.cpp, line 615]
Event: 16.306 Thread 0x000001ada7779000 Exception <a 'java/io/FileNotFoundException'{0x0000000089b63370}> (0x0000000089b63370) thrown at [./src/hotspot/share/prims/jni.cpp, line 615]
Event: 17.953 Thread 0x000001ada7772000 Implicit null exception at 0x000001ad903ed93c to 0x000001ad903f2e68
Event: 18.040 Thread 0x000001ada7772000 Exception <a 'java/lang/NoSuchMethodError'{0x000000008b48fdc0}: <clinit>> (0x000000008b48fdc0) thrown at [./src/hotspot/share/prims/jni.cpp, line 1365]
Event: 18.087 Thread 0x000001ada7772000 Exception <a 'java/lang/NoSuchMethodError'{0x000000008b3fe4d8}: <clinit>> (0x000000008b3fe4d8) thrown at [./src/hotspot/share/prims/jni.cpp, line 1365]
Event: 18.113 Thread 0x000001ada7772000 Exception <a 'java/lang/NoSuchMethodError'{0x000000008b016380}: <clinit>> (0x000000008b016380) thrown at [./src/hotspot/share/prims/jni.cpp, line 1365]

Events (20 events):
Event: 18.561 loading class com/android/aapt/Resources$StringPool$Builder
Event: 18.561 loading class com/android/aapt/Resources$StringPool$Builder done
Event: 18.563 loading class com/android/aaptcompiler/Container$EntryType
Event: 18.563 loading class com/android/aaptcompiler/Container$EntryType done
Event: 18.564 loading class com/google/protobuf/WireFormat
Event: 18.564 loading class com/google/protobuf/WireFormat done
Event: 18.592 loading class com/android/aaptcompiler/FileReference
Event: 18.592 loading class com/android/aaptcompiler/FileReference done
Event: 18.594 loading class com/android/aapt/Resources$Primitive$NullTypeOrBuilder
Event: 18.594 loading class com/android/aapt/Resources$Primitive$NullTypeOrBuilder done
Event: 18.594 loading class com/android/aapt/Resources$Primitive$EmptyTypeOrBuilder
Event: 18.594 loading class com/android/aapt/Resources$Primitive$EmptyTypeOrBuilder done
Event: 18.594 loading class com/android/aapt/Resources$Primitive$1
Event: 18.594 loading class com/android/aapt/Resources$Primitive$1 done
Event: 18.595 loading class com/android/aapt/Resources$Primitive$Builder
Event: 18.595 loading class com/android/aapt/Resources$Primitive$Builder done
Event: 18.598 loading class com/android/aapt/Resources$Primitive$EmptyType
Event: 18.598 loading class com/android/aapt/Resources$Primitive$EmptyType done
Event: 18.601 loading class com/android/aapt/Resources$Primitive$NullType
Event: 18.601 loading class com/android/aapt/Resources$Primitive$NullType done


Dynamic libraries:
0x00007ff781610000 - 0x00007ff78161a000 	C:\Program Files\Android\Android Studio\jre\bin\java.exe
0x00007ff9512b0000 - 0x00007ff9514a8000 	C:\WINDOWS\SYSTEM32\ntdll.dll
0x00007ff950b40000 - 0x00007ff950bfd000 	C:\WINDOWS\System32\KERNEL32.DLL
0x00007ff94eb00000 - 0x00007ff94edce000 	C:\WINDOWS\System32\KERNELBASE.dll
0x00007ff94f0b0000 - 0x00007ff94f1b0000 	C:\WINDOWS\System32\ucrtbase.dll
0x00007ff9434a0000 - 0x00007ff9434b7000 	C:\Program Files\Android\Android Studio\jre\bin\VCRUNTIME140.dll
0x00007ff945bd0000 - 0x00007ff945be9000 	C:\Program Files\Android\Android Studio\jre\bin\jli.dll
0x00007ff94f390000 - 0x00007ff94f530000 	C:\WINDOWS\System32\USER32.dll
0x00007ff94ead0000 - 0x00007ff94eaf2000 	C:\WINDOWS\System32\win32u.dll
0x00007ff93a100000 - 0x00007ff93a39a000 	C:\WINDOWS\WinSxS\amd64_microsoft.windows.common-controls_6595b64144ccf1df_6.0.19041.1110_none_60b5254171f9507e\COMCTL32.dll
0x00007ff94f530000 - 0x00007ff94f55a000 	C:\WINDOWS\System32\GDI32.dll
0x00007ff94ee40000 - 0x00007ff94ef4b000 	C:\WINDOWS\System32\gdi32full.dll
0x00007ff950c00000 - 0x00007ff950c9e000 	C:\WINDOWS\System32\msvcrt.dll
0x00007ff94efe0000 - 0x00007ff94f07d000 	C:\WINDOWS\System32\msvcp_win.dll
0x00007ff950b10000 - 0x00007ff950b40000 	C:\WINDOWS\System32\IMM32.DLL
0x00007ff934df0000 - 0x00007ff934e8d000 	C:\Program Files\Android\Android Studio\jre\bin\msvcp140.dll
0x00007ff8ed7b0000 - 0x00007ff8ee295000 	C:\Program Files\Android\Android Studio\jre\bin\server\jvm.dll
0x00007ff94fa10000 - 0x00007ff94fabe000 	C:\WINDOWS\System32\ADVAPI32.dll
0x00007ff94f570000 - 0x00007ff94f60c000 	C:\WINDOWS\System32\sechost.dll
0x00007ff951140000 - 0x00007ff951265000 	C:\WINDOWS\System32\RPCRT4.dll
0x00007ff94fbe0000 - 0x00007ff94fbe8000 	C:\WINDOWS\System32\PSAPI.DLL
0x00007ff9388a0000 - 0x00007ff9388c7000 	C:\WINDOWS\SYSTEM32\WINMM.dll
0x00007ff949ed0000 - 0x00007ff949ed9000 	C:\WINDOWS\SYSTEM32\WSOCK32.dll
0x00007ff945210000 - 0x00007ff94521a000 	C:\WINDOWS\SYSTEM32\VERSION.dll
0x00007ff9508f0000 - 0x00007ff95095b000 	C:\WINDOWS\System32\WS2_32.dll
0x00007ff94d220000 - 0x00007ff94d232000 	C:\WINDOWS\SYSTEM32\kernel.appcore.dll
0x00007ff945c60000 - 0x00007ff945c71000 	C:\Program Files\Android\Android Studio\jre\bin\verify.dll
0x00007ff94c620000 - 0x00007ff94c804000 	C:\WINDOWS\SYSTEM32\DBGHELP.DLL
0x00007ff93b8c0000 - 0x00007ff93b8ec000 	C:\WINDOWS\SYSTEM32\dbgcore.DLL
0x00007ff94ef50000 - 0x00007ff94efd2000 	C:\WINDOWS\System32\bcryptPrimitives.dll
0x00007ff945c30000 - 0x00007ff945c59000 	C:\Program Files\Android\Android Studio\jre\bin\java.dll
0x00007ff949ec0000 - 0x00007ff949ecb000 	C:\Program Files\Android\Android Studio\jre\bin\jimage.dll
0x00007ff936670000 - 0x00007ff936688000 	C:\Program Files\Android\Android Studio\jre\bin\zip.dll
0x00007ff94fc00000 - 0x00007ff950344000 	C:\WINDOWS\System32\SHELL32.dll
0x00007ff94ca70000 - 0x00007ff94d204000 	C:\WINDOWS\SYSTEM32\windows.storage.dll
0x00007ff950ca0000 - 0x00007ff950ff4000 	C:\WINDOWS\System32\combase.dll
0x00007ff94e430000 - 0x00007ff94e460000 	C:\WINDOWS\SYSTEM32\Wldp.dll
0x00007ff950a60000 - 0x00007ff950b0d000 	C:\WINDOWS\System32\SHCORE.dll
0x00007ff94fac0000 - 0x00007ff94fb15000 	C:\WINDOWS\System32\shlwapi.dll
0x00007ff94e910000 - 0x00007ff94e92f000 	C:\WINDOWS\SYSTEM32\profapi.dll
0x00007ff936650000 - 0x00007ff93666a000 	C:\Program Files\Android\Android Studio\jre\bin\net.dll
0x00007ff946bc0000 - 0x00007ff946cca000 	C:\WINDOWS\SYSTEM32\WINHTTP.dll
0x00007ff94e190000 - 0x00007ff94e1fa000 	C:\WINDOWS\system32\mswsock.dll
0x00007ff936460000 - 0x00007ff936474000 	C:\Program Files\Android\Android Studio\jre\bin\nio.dll
0x00007ff9363e0000 - 0x00007ff936407000 	C:\Users\shail\.gradle\native\e1d6ef7f7dcc3fd88c89a11ec53ec762bb8ba0a96d01ffa2cd45eb1d1d8dd5c5\windows-amd64\native-platform.dll
0x00007ff9232f0000 - 0x00007ff923434000 	C:\Users\shail\.gradle\native\5664cfc778a61ccfe75a443a1ab52a65af34e5dc3c78e0209fed803814484fcb\windows-amd64\native-platform-file-events.dll
0x00007ff945c20000 - 0x00007ff945c2a000 	C:\Program Files\Android\Android Studio\jre\bin\management.dll
0x00007ff9433f0000 - 0x00007ff9433fd000 	C:\Program Files\Android\Android Studio\jre\bin\management_ext.dll
0x00007ff94e380000 - 0x00007ff94e398000 	C:\WINDOWS\SYSTEM32\CRYPTSP.dll
0x00007ff94da60000 - 0x00007ff94da94000 	C:\WINDOWS\system32\rsaenh.dll
0x00007ff94f080000 - 0x00007ff94f0a7000 	C:\WINDOWS\System32\bcrypt.dll
0x00007ff94e890000 - 0x00007ff94e8be000 	C:\WINDOWS\SYSTEM32\USERENV.dll
0x00007ff94e3a0000 - 0x00007ff94e3ac000 	C:\WINDOWS\SYSTEM32\CRYPTBASE.dll
0x00007ff94de10000 - 0x00007ff94de4b000 	C:\WINDOWS\SYSTEM32\IPHLPAPI.DLL
0x00007ff94f560000 - 0x00007ff94f568000 	C:\WINDOWS\System32\NSI.dll
0x00007ff942ac0000 - 0x00007ff942ad7000 	C:\WINDOWS\SYSTEM32\dhcpcsvc6.DLL
0x00007ff9446f0000 - 0x00007ff94470d000 	C:\WINDOWS\SYSTEM32\dhcpcsvc.DLL
0x00007ff94de80000 - 0x00007ff94df4a000 	C:\WINDOWS\SYSTEM32\DNSAPI.dll
0x00007ff935970000 - 0x00007ff935b15000 	C:\Program Files\Android\Android Studio\jre\bin\awt.dll
0x00007ff94f940000 - 0x00007ff94fa0d000 	C:\WINDOWS\System32\OLEAUT32.dll
0x00007ff94c1e0000 - 0x00007ff94c20f000 	C:\WINDOWS\SYSTEM32\dwmapi.dll
0x00007ff94bef0000 - 0x00007ff94bf80000 	C:\WINDOWS\SYSTEM32\apphelp.dll
0x00007ff94bff0000 - 0x00007ff94c08e000 	C:\WINDOWS\system32\uxtheme.dll

dbghelp: loaded successfully - version: 4.0.5 - missing functions: none
symbol engine: initialized successfully - sym options: 0x614 - pdb path: .;C:\Program Files\Android\Android Studio\jre\bin;C:\WINDOWS\SYSTEM32;C:\WINDOWS\WinSxS\amd64_microsoft.windows.common-controls_6595b64144ccf1df_6.0.19041.1110_none_60b5254171f9507e;C:\Program Files\Android\Android Studio\jre\bin\server;C:\Users\shail\.gradle\native\e1d6ef7f7dcc3fd88c89a11ec53ec762bb8ba0a96d01ffa2cd45eb1d1d8dd5c5\windows-amd64;C:\Users\shail\.gradle\native\5664cfc778a61ccfe75a443a1ab52a65af34e5dc3c78e0209fed803814484fcb\windows-amd64

VM Arguments:
jvm_args: --add-opens=java.base/java.util=ALL-UNNAMED --add-opens=java.base/java.lang=ALL-UNNAMED --add-opens=java.base/java.lang.invoke=ALL-UNNAMED --add-opens=java.base/java.util=ALL-UNNAMED --add-opens=java.prefs/java.util.prefs=ALL-UNNAMED --add-opens=java.prefs/java.util.prefs=ALL-UNNAMED --add-opens=java.base/java.nio.charset=ALL-UNNAMED --add-opens=java.base/java.net=ALL-UNNAMED --add-opens=java.base/java.util.concurrent.atomic=ALL-UNNAMED -Xmx2048m -Dfile.encoding=UTF-8 -Duser.country=IN -Duser.language=en -Duser.variant 
java_command: org.gradle.launcher.daemon.bootstrap.GradleDaemon 7.3.3
java_class_path (initial): C:\Users\shail\.gradle\wrapper\dists\gradle-7.3.3-bin\6a41zxkdtcxs8rphpq6y0069z\gradle-7.3.3\lib\gradle-launcher-7.3.3.jar
Launcher Type: SUN_STANDARD

[Global flags]
     intx CICompilerCount                          = 4                                         {product} {ergonomic}
     uint ConcGCThreads                            = 2                                         {product} {ergonomic}
     uint G1ConcRefinementThreads                  = 8                                         {product} {ergonomic}
   size_t G1HeapRegionSize                         = 1048576                                   {product} {ergonomic}
    uintx GCDrainStackTargetSize                   = 64                                        {product} {ergonomic}
   size_t InitialHeapSize                          = 132120576                                 {product} {ergonomic}
   size_t MarkStackSize                            = 4194304                                   {product} {ergonomic}
   size_t MaxHeapSize                              = 2147483648                                {product} {command line}
   size_t MaxNewSize                               = 1287651328                                {product} {ergonomic}
   size_t MinHeapDeltaBytes                        = 1048576                                   {product} {ergonomic}
    uintx NonNMethodCodeHeapSize                   = 5836300                                {pd product} {ergonomic}
    uintx NonProfiledCodeHeapSize                  = 122910970                              {pd product} {ergonomic}
    uintx ProfiledCodeHeapSize                     = 122910970                              {pd product} {ergonomic}
    uintx ReservedCodeCacheSize                    = 251658240                              {pd product} {ergonomic}
     bool SegmentedCodeCache                       = true                                      {product} {ergonomic}
     bool UseCompressedClassPointers               = true                                 {lp64_product} {ergonomic}
     bool UseCompressedOops                        = true                                 {lp64_product} {ergonomic}
     bool UseG1GC                                  = true                                      {product} {ergonomic}
     bool UseLargePagesIndividualAllocation        = false                                  {pd product} {ergonomic}

Logging:
Log output configuration:
 #0: stdout all=warning uptime,level,tags
 #1: stderr all=off uptime,level,tags

Environment Variables:
JAVA_HOME=C:\Program Files\Java\jdk-18.0.2
PATH=C:\Windows\system32;C:\Windows;C:\Windows\System32\Wbem;C:\Windows\System32\WindowsPowerShell\v1.0\;C:\Windows\System32\OpenSSH\;C:\Program Files\NVIDIA Corporation\NVIDIA NvDLISR;C:\WINDOWS\system32;C:\WINDOWS;C:\WINDOWS\System32\Wbem;C:\WINDOWS\System32\WindowsPowerShell\v1.0\;C:\WINDOWS\System32\OpenSSH\;C:\Program Files\Java\jdk-18.0.2.1\bin;C:\MinGW\bin;C:\Users\shail\AppData\Local\Microsoft\WindowsApps;;C:\Users\shail\AppData\Local\Programs\Microsoft VS Code\bin
USERNAME=shail
OS=Windows_NT
PROCESSOR_IDENTIFIER=Intel64 Family 6 Model 126 Stepping 5, GenuineIntel



---------------  S Y S T E M  ---------------

OS: Windows 10 , 64 bit Build 19041 (10.0.19041.1889)
OS uptime: 0 days 1:55 hours
Hyper-V role detected

CPU:total 8 (initial active 8) (4 cores per cpu, 2 threads per core) family 6 model 126 stepping 5 microcode 0xb0, cmov, cx8, fxsr, mmx, sse, sse2, sse3, ssse3, sse4.1, sse4.2, popcnt, avx, avx2, aes, clmul, erms, 3dnowpref, lzcnt, ht, tsc, tscinvbit, bmi1, bmi2, adx, evex, sha, fma

Memory: 4k page, system-wide physical 7959M (856M free)
TotalPageFile size 7959M (AvailPageFile size 5M)
current process WorkingSet (physical memory assigned to process): 492M, peak: 492M
current process commit charge ("private bytes"): 532M, peak: 533M

vm_info: OpenJDK 64-Bit Server VM (11.0.12+7-b1504.28-7817840) for windows-amd64 JRE (11.0.12+7-b1504.28-7817840), built on Oct 13 2021 22:12:33 by "builder" with MS VC++ 14.0 (VS2015)

END.
