#
# There is insufficient memory for the Java Runtime Environment to continue.
# Native memory allocation (mmap) failed to map 38797312 bytes for Failed to commit area from 0x000000008b700000 to 0x000000008dc00000 of length 38797312.
# Possible reasons:
#   The system is out of physical RAM or swap space
#   The process is running with CompressedOops enabled, and the Java Heap may be blocking the growth of the native heap
# Possible solutions:
#   Reduce memory load on the system
#   Increase physical memory or swap space
#   Check if swap backing store is full
#   Decrease Java heap size (-Xmx/-Xms)
#   Decrease number of Java threads
#   Decrease Java thread stack sizes (-Xss)
#   Set larger code cache with -XX:ReservedCodeCacheSize=
#   JVM is running with Unscaled Compressed Oops mode in which the Java heap is
#     placed in the first 4GB address space. The Java Heap base address is the
#     maximum limit for the native heap growth. Please use -XX:HeapBaseMinAddress
#     to set the Java Heap base and to place the Java Heap above 4GB virtual address.
# This output file may be truncated or incomplete.
#
#  Out of Memory Error (./src/hotspot/os/windows/os_windows.cpp:3521), pid=9304, tid=8708
#
# JRE version: OpenJDK Runtime Environment (11.0.12+7) (build 11.0.12+7-b1504.28-7817840)
# Java VM: OpenJDK 64-Bit Server VM (11.0.12+7-b1504.28-7817840, mixed mode, tiered, compressed oops, g1 gc, windows-amd64)
# No core dump will be written. Minidumps are not enabled by default on client versions of Windows
#

---------------  S U M M A R Y ------------

Command Line: --add-opens=java.base/java.util=ALL-UNNAMED --add-opens=java.base/java.lang=ALL-UNNAMED --add-opens=java.base/java.lang.invoke=ALL-UNNAMED --add-opens=java.base/java.util=ALL-UNNAMED --add-opens=java.prefs/java.util.prefs=ALL-UNNAMED --add-opens=java.prefs/java.util.prefs=ALL-UNNAMED --add-opens=java.base/java.nio.charset=ALL-UNNAMED --add-opens=java.base/java.net=ALL-UNNAMED --add-opens=java.base/java.util.concurrent.atomic=ALL-UNNAMED -Xmx2048m -Dfile.encoding=UTF-8 -Duser.country=IN -Duser.language=en -Duser.variant org.gradle.launcher.daemon.bootstrap.GradleDaemon 7.3.3

Host: Intel(R) Core(TM) i5-1035G1 CPU @ 1.00GHz, 8 cores, 7G,  Windows 10 , 64 bit Build 19041 (10.0.19041.1889)
Time: Thu Aug 25 01:32:13 2022 India Standard Time elapsed time: 24.500564 seconds (0d 0h 0m 24s)

---------------  T H R E A D  ---------------

Current thread (0x000002c3b5f3f000):  VMThread "VM Thread" [stack: 0x000000f63ca00000,0x000000f63cb00000] [id=8708]

Stack: [0x000000f63ca00000,0x000000f63cb00000]
[error occurred during error reporting (printing stack bounds), id 0xc0000005, EXCEPTION_ACCESS_VIOLATION (0xc0000005) at pc=0x000002c39f5c12e7]

Native frames: (J=compiled Java code, j=interpreted, Vv=VM code, C=native code)
V  [jvm.dll+0x5fbcea]
V  [jvm.dll+0x731905]
V  [jvm.dll+0x732f1d]
V  [jvm.dll+0x733535]
V  [jvm.dll+0x7334eb]
V  [jvm.dll+0x5fb080]
V  [jvm.dll+0x5fb818]
C  [ntdll.dll+0xa229f]
C  [ntdll.dll+0x51454]
C  [ntdll.dll+0xa0dce]
C  0x000002c39f5c12e7

VM_Operation (0x000000f6462fd6e0): G1CollectForAllocation, mode: safepoint, requested by thread 0x000002c3bc1a0800


---------------  P R O C E S S  ---------------

Threads class SMR info:
_java_thread_list=0x000002c3bfa9c6a0, length=143, elements={
0x000002c39baad000, 0x000002c3b5f43800, 0x000002c3b5f4f000, 0x000002c3b5f5c000,
0x000002c3b5f60000, 0x000002c3b5f61000, 0x000002c3b5f63800, 0x000002c3b5f67800,
0x000002c3b5f68800, 0x000002c3b6a20000, 0x000002c3b8824800, 0x000002c3b6bf6000,
0x000002c3b6d08800, 0x000002c3b95a3800, 0x000002c3b88cf000, 0x000002c3b9ddc800,
0x000002c3b9b45000, 0x000002c3b873d800, 0x000002c3b78e4800, 0x000002c3b9aaa800,
0x000002c3b9aab800, 0x000002c3b9aa7800, 0x000002c3b9aa9000, 0x000002c3b9aa8000,
0x000002c3b9aac800, 0x000002c3b9aa6800, 0x000002c3b9aaa000, 0x000002c3b9aad000,
0x000002c3b7b9f000, 0x000002c3b7ba1000, 0x000002c3b7b9d800, 0x000002c3b7ba0000,
0x000002c3b7b9b000, 0x000002c3b7ba1800, 0x000002c3b7b9c000, 0x000002c3ba6c4800,
0x000002c3ba6c3000, 0x000002c3ba6c3800, 0x000002c3ba6c0800, 0x000002c3ba6bf800,
0x000002c3ba6bf000, 0x000002c3ba6c7000, 0x000002c3ba6c2000, 0x000002c3ba6c6000,
0x000002c3ba6c1000, 0x000002c3ba6c8000, 0x000002c3ba6ca000, 0x000002c3ba6c9800,
0x000002c3ba6cb000, 0x000002c3ba6c8800, 0x000002c3ba6c5800, 0x000002c3ba6cc000,
0x000002c3ba6cc800, 0x000002c3ba6cd800, 0x000002c3b750f800, 0x000002c3b750b000,
0x000002c3b750e800, 0x000002c3b7510000, 0x000002c3b750a800, 0x000002c3b750c000,
0x000002c3b7511000, 0x000002c3b750d000, 0x000002c3b7511800, 0x000002c3b7512800,
0x000002c3b750d800, 0x000002c3b7515000, 0x000002c3b7517800, 0x000002c3b7516000,
0x000002c3b7516800, 0x000002c3b7518000, 0x000002c3b7519000, 0x000002c3b7514000,
0x000002c3b7513800, 0x000002c3bbefe000, 0x000002c3bbf03000, 0x000002c3bbf03800,
0x000002c3bbf04800, 0x000002c3bbf02000, 0x000002c3bbf00800, 0x000002c3bbefe800,
0x000002c3bbf05800, 0x000002c3bbf01000, 0x000002c3bbeff800, 0x000002c3bbf08800,
0x000002c3bbf07800, 0x000002c3bbf07000, 0x000002c3bbf0a000, 0x000002c3bbf09800,
0x000002c3bbf0b000, 0x000002c3bbf0c000, 0x000002c3bbf06000, 0x000002c3bbf0c800,
0x000002c3ba0b4800, 0x000002c3ba0b3000, 0x000002c3ba0b5800, 0x000002c3ba0b3800,
0x000002c3ba0b6000, 0x000002c3ba0b1000, 0x000002c3ba0b7000, 0x000002c3ba0b8000,
0x000002c3ba0b2000, 0x000002c3ba0bc800, 0x000002c3ba0bb000, 0x000002c3ba0bd800,
0x000002c3ba0ba000, 0x000002c3ba0be800, 0x000002c3ba0bc000, 0x000002c3ba0b8800,
0x000002c3ba0bf000, 0x000002c3ba0b9800, 0x000002c3ba0c0000, 0x000002c3bbaaa800,
0x000002c3bbaab000, 0x000002c3bbaac000, 0x000002c3bbaa7000, 0x000002c3bbaa9800,
0x000002c3bbaa8000, 0x000002c3bbaa6800, 0x000002c3bbaad000, 0x000002c3bbaad800,
0x000002c3bbaae800, 0x000002c3bbaa8800, 0x000002c3bbaaf800, 0x000002c3bbab5000,
0x000002c3bbab1000, 0x000002c3bbab3800, 0x000002c3bbab0000, 0x000002c3bbab1800,
0x000002c3bbab2800, 0x000002c3bc197800, 0x000002c3bc198000, 0x000002c3c0093800,
0x000002c3b95fe800, 0x000002c3bc193800, 0x000002c3bc199000, 0x000002c3bc194000,
0x000002c3bc19a000, 0x000002c3bc195000, 0x000002c3bc196800, 0x000002c3bc195800,
0x000002c3bc1a0800, 0x000002c3bc19f800, 0x000002c3bc19a800
}

Java Threads: ( => current thread )
  0x000002c39baad000 JavaThread "main" [_thread_blocked, id=11756, stack(0x000000f63c400000,0x000000f63c500000)]
  0x000002c3b5f43800 JavaThread "Reference Handler" daemon [_thread_blocked, id=3140, stack(0x000000f63cb00000,0x000000f63cc00000)]
  0x000002c3b5f4f000 JavaThread "Finalizer" daemon [_thread_blocked, id=240, stack(0x000000f63cc00000,0x000000f63cd00000)]
  0x000002c3b5f5c000 JavaThread "Signal Dispatcher" daemon [_thread_blocked, id=5584, stack(0x000000f63cd00000,0x000000f63ce00000)]
  0x000002c3b5f60000 JavaThread "Attach Listener" daemon [_thread_blocked, id=11636, stack(0x000000f63ce00000,0x000000f63cf00000)]
  0x000002c3b5f61000 JavaThread "Service Thread" daemon [_thread_blocked, id=2468, stack(0x000000f63cf00000,0x000000f63d000000)]
  0x000002c3b5f63800 JavaThread "C2 CompilerThread0" daemon [_thread_blocked, id=12672, stack(0x000000f63d000000,0x000000f63d100000)]
  0x000002c3b5f67800 JavaThread "C1 CompilerThread0" daemon [_thread_blocked, id=7656, stack(0x000000f63d100000,0x000000f63d200000)]
  0x000002c3b5f68800 JavaThread "Sweeper thread" daemon [_thread_blocked, id=13940, stack(0x000000f63d200000,0x000000f63d300000)]
  0x000002c3b6a20000 JavaThread "Common-Cleaner" daemon [_thread_blocked, id=12788, stack(0x000000f63d300000,0x000000f63d400000)]
  0x000002c3b8824800 JavaThread "Daemon health stats" [_thread_blocked, id=14268, stack(0x000000f63d900000,0x000000f63da00000)]
  0x000002c3b6bf6000 JavaThread "Incoming local TCP Connector on port 52315" [_thread_in_native, id=6708, stack(0x000000f63d500000,0x000000f63d600000)]
  0x000002c3b6d08800 JavaThread "Daemon periodic checks" [_thread_blocked, id=2876, stack(0x000000f63d600000,0x000000f63d700000)]
  0x000002c3b95a3800 JavaThread "Daemon" [_thread_blocked, id=9256, stack(0x000000f63da00000,0x000000f63db00000)]
  0x000002c3b88cf000 JavaThread "Handler for socket connection from /127.0.0.1:52315 to /127.0.0.1:52316" [_thread_in_native, id=7772, stack(0x000000f63db00000,0x000000f63dc00000)]
  0x000002c3b9ddc800 JavaThread "Cancel handler" [_thread_blocked, id=4560, stack(0x000000f63dc00000,0x000000f63dd00000)]
  0x000002c3b9b45000 JavaThread "Daemon worker" [_thread_blocked, id=9804, stack(0x000000f63dd00000,0x000000f63de00000)]
  0x000002c3b873d800 JavaThread "Asynchronous log dispatcher for DefaultDaemonConnection: socket connection from /127.0.0.1:52315 to /127.0.0.1:52316" [_thread_blocked, id=11888, stack(0x000000f63df00000,0x000000f63e000000)]
  0x000002c3b78e4800 JavaThread "Stdin handler" [_thread_blocked, id=9664, stack(0x000000f63e000000,0x000000f63e100000)]
  0x000002c3b9aaa800 JavaThread "Daemon client event forwarder" [_thread_blocked, id=9792, stack(0x000000f63e100000,0x000000f63e200000)]
  0x000002c3b9aab800 JavaThread "Cache worker for journal cache (C:\Users\shail\.gradle\caches\journal-1)" [_thread_blocked, id=12904, stack(0x000000f63e700000,0x000000f63e800000)]
  0x000002c3b9aa7800 JavaThread "File lock request listener" [_thread_in_native, id=8148, stack(0x000000f63e800000,0x000000f63e900000)]
  0x000002c3b9aa9000 JavaThread "Cache worker for file hash cache (C:\Users\shail\.gradle\caches\7.3.3\fileHashes)" [_thread_blocked, id=3216, stack(0x000000f63e900000,0x000000f63ea00000)]
  0x000002c3b9aa8000 JavaThread "Cache worker for file hash cache (C:\Users\shail\AndroidStudioProjects\RegisterPage\.gradle\7.3.3\fileHashes)" [_thread_blocked, id=3104, stack(0x000000f63eb00000,0x000000f63ec00000)]
  0x000002c3b9aac800 JavaThread "File watcher server" daemon [_thread_blocked, id=9124, stack(0x000000f63ec00000,0x000000f63ed00000)]
  0x000002c3b9aa6800 JavaThread "File watcher consumer" daemon [_thread_blocked, id=8464, stack(0x000000f63ed00000,0x000000f63ee00000)]
  0x000002c3b9aaa000 JavaThread "Cache worker for checksums cache (C:\Users\shail\AndroidStudioProjects\RegisterPage\.gradle\7.3.3\checksums)" [_thread_blocked, id=1708, stack(0x000000f63ee00000,0x000000f63ef00000)]
  0x000002c3b9aad000 JavaThread "Cache worker for cache directory md-supplier (C:\Users\shail\.gradle\caches\7.3.3\md-supplier)" [_thread_blocked, id=13720, stack(0x000000f63ef00000,0x000000f63f000000)]
  0x000002c3b7b9f000 JavaThread "Cache worker for cache directory md-rule (C:\Users\shail\.gradle\caches\7.3.3\md-rule)" [_thread_blocked, id=6204, stack(0x000000f63f000000,0x000000f63f100000)]
  0x000002c3b7ba1000 JavaThread "Cache worker for execution history cache (C:\Users\shail\.gradle\caches\7.3.3\executionHistory)" [_thread_blocked, id=8844, stack(0x000000f63f100000,0x000000f63f200000)]
  0x000002c3b7b9d800 JavaThread "jar transforms" [_thread_blocked, id=12476, stack(0x000000f63f300000,0x000000f63f400000)]
  0x000002c3b7ba0000 JavaThread "Cache worker for file content cache (C:\Users\shail\.gradle\caches\7.3.3\fileContent)" [_thread_blocked, id=12708, stack(0x000000f63f400000,0x000000f63f500000)]
  0x000002c3b7b9b000 JavaThread "jar transforms Thread 2" [_thread_blocked, id=13928, stack(0x000000f63f500000,0x000000f63f600000)]
  0x000002c3b7ba1800 JavaThread "Cache worker for dependencies-accessors (C:\Users\shail\AndroidStudioProjects\RegisterPage\.gradle\7.3.3\dependencies-accessors)" [_thread_blocked, id=7244, stack(0x000000f63f600000,0x000000f63f700000)]
  0x000002c3b7b9c000 JavaThread "jar transforms Thread 3" [_thread_blocked, id=11376, stack(0x000000f63f700000,0x000000f63f800000)]
  0x000002c3ba6c4800 JavaThread "Cache worker for Build Output Cleanup Cache (C:\Users\shail\AndroidStudioProjects\RegisterPage\.gradle\buildOutputCleanup)" [_thread_blocked, id=13648, stack(0x000000f63f800000,0x000000f63f900000)]
  0x000002c3ba6c3000 JavaThread "Unconstrained build operations" [_thread_blocked, id=13536, stack(0x000000f63f900000,0x000000f63fa00000)]
  0x000002c3ba6c3800 JavaThread "Unconstrained build operations Thread 2" [_thread_blocked, id=14216, stack(0x000000f63fa00000,0x000000f63fb00000)]
  0x000002c3ba6c0800 JavaThread "Unconstrained build operations Thread 3" [_thread_blocked, id=11704, stack(0x000000f63fb00000,0x000000f63fc00000)]
  0x000002c3ba6bf800 JavaThread "Unconstrained build operations Thread 4" [_thread_blocked, id=7960, stack(0x000000f63fc00000,0x000000f63fd00000)]
  0x000002c3ba6bf000 JavaThread "Unconstrained build operations Thread 5" [_thread_blocked, id=2524, stack(0x000000f63fd00000,0x000000f63fe00000)]
  0x000002c3ba6c7000 JavaThread "Unconstrained build operations Thread 6" [_thread_blocked, id=1380, stack(0x000000f63fe00000,0x000000f63ff00000)]
  0x000002c3ba6c2000 JavaThread "Unconstrained build operations Thread 7" [_thread_blocked, id=12056, stack(0x000000f63ff00000,0x000000f640000000)]
  0x000002c3ba6c6000 JavaThread "Unconstrained build operations Thread 8" [_thread_blocked, id=3332, stack(0x000000f640000000,0x000000f640100000)]
  0x000002c3ba6c1000 JavaThread "Unconstrained build operations Thread 9" [_thread_blocked, id=5672, stack(0x000000f640100000,0x000000f640200000)]
  0x000002c3ba6c8000 JavaThread "Unconstrained build operations Thread 10" [_thread_blocked, id=2744, stack(0x000000f640200000,0x000000f640300000)]
  0x000002c3ba6ca000 JavaThread "Unconstrained build operations Thread 11" [_thread_blocked, id=6024, stack(0x000000f640300000,0x000000f640400000)]
  0x000002c3ba6c9800 JavaThread "Unconstrained build operations Thread 12" [_thread_blocked, id=7760, stack(0x000000f640400000,0x000000f640500000)]
  0x000002c3ba6cb000 JavaThread "Unconstrained build operations Thread 13" [_thread_blocked, id=9432, stack(0x000000f640500000,0x000000f640600000)]
  0x000002c3ba6c8800 JavaThread "Unconstrained build operations Thread 14" [_thread_blocked, id=12900, stack(0x000000f640600000,0x000000f640700000)]
  0x000002c3ba6c5800 JavaThread "Unconstrained build operations Thread 15" [_thread_blocked, id=10236, stack(0x000000f640700000,0x000000f640800000)]
  0x000002c3ba6cc000 JavaThread "Unconstrained build operations Thread 16" [_thread_blocked, id=5128, stack(0x000000f640800000,0x000000f640900000)]
  0x000002c3ba6cc800 JavaThread "Unconstrained build operations Thread 17" [_thread_blocked, id=10128, stack(0x000000f640900000,0x000000f640a00000)]
  0x000002c3ba6cd800 JavaThread "Unconstrained build operations Thread 18" [_thread_blocked, id=9244, stack(0x000000f640a00000,0x000000f640b00000)]
  0x000002c3b750f800 JavaThread "Unconstrained build operations Thread 19" [_thread_blocked, id=12256, stack(0x000000f640b00000,0x000000f640c00000)]
  0x000002c3b750b000 JavaThread "Unconstrained build operations Thread 20" [_thread_blocked, id=2740, stack(0x000000f640c00000,0x000000f640d00000)]
  0x000002c3b750e800 JavaThread "Unconstrained build operations Thread 21" [_thread_blocked, id=10124, stack(0x000000f640d00000,0x000000f640e00000)]
  0x000002c3b7510000 JavaThread "Unconstrained build operations Thread 22" [_thread_blocked, id=9776, stack(0x000000f640e00000,0x000000f640f00000)]
  0x000002c3b750a800 JavaThread "Unconstrained build operations Thread 23" [_thread_blocked, id=2648, stack(0x000000f640f00000,0x000000f641000000)]
  0x000002c3b750c000 JavaThread "Unconstrained build operations Thread 24" [_thread_blocked, id=13632, stack(0x000000f641000000,0x000000f641100000)]
  0x000002c3b7511000 JavaThread "Unconstrained build operations Thread 25" [_thread_blocked, id=7552, stack(0x000000f641100000,0x000000f641200000)]
  0x000002c3b750d000 JavaThread "Unconstrained build operations Thread 26" [_thread_blocked, id=2696, stack(0x000000f641200000,0x000000f641300000)]
  0x000002c3b7511800 JavaThread "Unconstrained build operations Thread 27" [_thread_blocked, id=8984, stack(0x000000f641300000,0x000000f641400000)]
  0x000002c3b7512800 JavaThread "Unconstrained build operations Thread 28" [_thread_blocked, id=14332, stack(0x000000f641400000,0x000000f641500000)]
  0x000002c3b750d800 JavaThread "Unconstrained build operations Thread 29" [_thread_blocked, id=13052, stack(0x000000f641500000,0x000000f641600000)]
  0x000002c3b7515000 JavaThread "Unconstrained build operations Thread 30" [_thread_blocked, id=13800, stack(0x000000f641600000,0x000000f641700000)]
  0x000002c3b7517800 JavaThread "Unconstrained build operations Thread 31" [_thread_blocked, id=14120, stack(0x000000f641700000,0x000000f641800000)]
  0x000002c3b7516000 JavaThread "Unconstrained build operations Thread 32" [_thread_blocked, id=4420, stack(0x000000f641800000,0x000000f641900000)]
  0x000002c3b7516800 JavaThread "Unconstrained build operations Thread 33" [_thread_blocked, id=13268, stack(0x000000f641900000,0x000000f641a00000)]
  0x000002c3b7518000 JavaThread "Unconstrained build operations Thread 34" [_thread_blocked, id=12452, stack(0x000000f641a00000,0x000000f641b00000)]
  0x000002c3b7519000 JavaThread "Unconstrained build operations Thread 35" [_thread_blocked, id=11288, stack(0x000000f641b00000,0x000000f641c00000)]
  0x000002c3b7514000 JavaThread "Unconstrained build operations Thread 36" [_thread_blocked, id=4160, stack(0x000000f641c00000,0x000000f641d00000)]
  0x000002c3b7513800 JavaThread "Unconstrained build operations Thread 37" [_thread_blocked, id=652, stack(0x000000f641d00000,0x000000f641e00000)]
  0x000002c3bbefe000 JavaThread "Unconstrained build operations Thread 38" [_thread_blocked, id=11480, stack(0x000000f641e00000,0x000000f641f00000)]
  0x000002c3bbf03000 JavaThread "Unconstrained build operations Thread 39" [_thread_blocked, id=7544, stack(0x000000f641f00000,0x000000f642000000)]
  0x000002c3bbf03800 JavaThread "Unconstrained build operations Thread 40" [_thread_blocked, id=6484, stack(0x000000f642000000,0x000000f642100000)]
  0x000002c3bbf04800 JavaThread "Unconstrained build operations Thread 41" [_thread_blocked, id=13360, stack(0x000000f642100000,0x000000f642200000)]
  0x000002c3bbf02000 JavaThread "Unconstrained build operations Thread 42" [_thread_blocked, id=9712, stack(0x000000f642200000,0x000000f642300000)]
  0x000002c3bbf00800 JavaThread "Unconstrained build operations Thread 43" [_thread_blocked, id=9136, stack(0x000000f642300000,0x000000f642400000)]
  0x000002c3bbefe800 JavaThread "Unconstrained build operations Thread 44" [_thread_blocked, id=448, stack(0x000000f642400000,0x000000f642500000)]
  0x000002c3bbf05800 JavaThread "Unconstrained build operations Thread 45" [_thread_blocked, id=11440, stack(0x000000f642500000,0x000000f642600000)]
  0x000002c3bbf01000 JavaThread "Unconstrained build operations Thread 46" [_thread_blocked, id=12276, stack(0x000000f642600000,0x000000f642700000)]
  0x000002c3bbeff800 JavaThread "Unconstrained build operations Thread 47" [_thread_blocked, id=1904, stack(0x000000f642700000,0x000000f642800000)]
  0x000002c3bbf08800 JavaThread "Unconstrained build operations Thread 48" [_thread_blocked, id=3860, stack(0x000000f642800000,0x000000f642900000)]
  0x000002c3bbf07800 JavaThread "Unconstrained build operations Thread 49" [_thread_blocked, id=12556, stack(0x000000f642900000,0x000000f642a00000)]
  0x000002c3bbf07000 JavaThread "Unconstrained build operations Thread 50" [_thread_blocked, id=12304, stack(0x000000f642a00000,0x000000f642b00000)]
  0x000002c3bbf0a000 JavaThread "Unconstrained build operations Thread 51" [_thread_blocked, id=8344, stack(0x000000f642b00000,0x000000f642c00000)]
  0x000002c3bbf09800 JavaThread "Unconstrained build operations Thread 52" [_thread_blocked, id=13204, stack(0x000000f642c00000,0x000000f642d00000)]
  0x000002c3bbf0b000 JavaThread "Unconstrained build operations Thread 53" [_thread_blocked, id=13056, stack(0x000000f642d00000,0x000000f642e00000)]
  0x000002c3bbf0c000 JavaThread "Unconstrained build operations Thread 54" [_thread_blocked, id=12076, stack(0x000000f642e00000,0x000000f642f00000)]
  0x000002c3bbf06000 JavaThread "Unconstrained build operations Thread 55" [_thread_blocked, id=13952, stack(0x000000f642f00000,0x000000f643000000)]
  0x000002c3bbf0c800 JavaThread "Unconstrained build operations Thread 56" [_thread_blocked, id=13172, stack(0x000000f643000000,0x000000f643100000)]
  0x000002c3ba0b4800 JavaThread "Unconstrained build operations Thread 57" [_thread_blocked, id=11900, stack(0x000000f643100000,0x000000f643200000)]
  0x000002c3ba0b3000 JavaThread "Unconstrained build operations Thread 58" [_thread_blocked, id=11388, stack(0x000000f643200000,0x000000f643300000)]
  0x000002c3ba0b5800 JavaThread "Unconstrained build operations Thread 59" [_thread_blocked, id=5228, stack(0x000000f643300000,0x000000f643400000)]
  0x000002c3ba0b3800 JavaThread "Unconstrained build operations Thread 60" [_thread_blocked, id=2284, stack(0x000000f643400000,0x000000f643500000)]
  0x000002c3ba0b6000 JavaThread "Unconstrained build operations Thread 61" [_thread_blocked, id=32, stack(0x000000f643500000,0x000000f643600000)]
  0x000002c3ba0b1000 JavaThread "Unconstrained build operations Thread 62" [_thread_blocked, id=3036, stack(0x000000f643600000,0x000000f643700000)]
  0x000002c3ba0b7000 JavaThread "Unconstrained build operations Thread 63" [_thread_blocked, id=4008, stack(0x000000f643700000,0x000000f643800000)]
  0x000002c3ba0b8000 JavaThread "Unconstrained build operations Thread 64" [_thread_blocked, id=6012, stack(0x000000f643800000,0x000000f643900000)]
  0x000002c3ba0b2000 JavaThread "Unconstrained build operations Thread 65" [_thread_blocked, id=9700, stack(0x000000f643900000,0x000000f643a00000)]
  0x000002c3ba0bc800 JavaThread "Unconstrained build operations Thread 66" [_thread_blocked, id=8380, stack(0x000000f643a00000,0x000000f643b00000)]
  0x000002c3ba0bb000 JavaThread "Unconstrained build operations Thread 67" [_thread_blocked, id=13736, stack(0x000000f643b00000,0x000000f643c00000)]
  0x000002c3ba0bd800 JavaThread "Unconstrained build operations Thread 68" [_thread_blocked, id=13488, stack(0x000000f643c00000,0x000000f643d00000)]
  0x000002c3ba0ba000 JavaThread "Unconstrained build operations Thread 69" [_thread_blocked, id=1888, stack(0x000000f643d00000,0x000000f643e00000)]
  0x000002c3ba0be800 JavaThread "Unconstrained build operations Thread 70" [_thread_blocked, id=6728, stack(0x000000f643e00000,0x000000f643f00000)]
  0x000002c3ba0bc000 JavaThread "Unconstrained build operations Thread 71" [_thread_blocked, id=11032, stack(0x000000f643f00000,0x000000f644000000)]
  0x000002c3ba0b8800 JavaThread "Unconstrained build operations Thread 72" [_thread_blocked, id=7196, stack(0x000000f644000000,0x000000f644100000)]
  0x000002c3ba0bf000 JavaThread "Unconstrained build operations Thread 73" [_thread_blocked, id=9224, stack(0x000000f644100000,0x000000f644200000)]
  0x000002c3ba0b9800 JavaThread "Unconstrained build operations Thread 74" [_thread_blocked, id=1676, stack(0x000000f644200000,0x000000f644300000)]
  0x000002c3ba0c0000 JavaThread "Unconstrained build operations Thread 75" [_thread_blocked, id=3952, stack(0x000000f644300000,0x000000f644400000)]
  0x000002c3bbaaa800 JavaThread "Unconstrained build operations Thread 76" [_thread_blocked, id=3976, stack(0x000000f644400000,0x000000f644500000)]
  0x000002c3bbaab000 JavaThread "Unconstrained build operations Thread 77" [_thread_blocked, id=13664, stack(0x000000f644500000,0x000000f644600000)]
  0x000002c3bbaac000 JavaThread "Unconstrained build operations Thread 78" [_thread_blocked, id=10184, stack(0x000000f644600000,0x000000f644700000)]
  0x000002c3bbaa7000 JavaThread "Unconstrained build operations Thread 79" [_thread_blocked, id=11728, stack(0x000000f644700000,0x000000f644800000)]
  0x000002c3bbaa9800 JavaThread "Unconstrained build operations Thread 80" [_thread_blocked, id=13668, stack(0x000000f644800000,0x000000f644900000)]
  0x000002c3bbaa8000 JavaThread "jar transforms Thread 4" [_thread_blocked, id=7108, stack(0x000000f644900000,0x000000f644a00000)]
  0x000002c3bbaa6800 JavaThread "jar transforms Thread 5" [_thread_blocked, id=2344, stack(0x000000f644a00000,0x000000f644b00000)]
  0x000002c3bbaad000 JavaThread "jar transforms Thread 6" [_thread_blocked, id=10464, stack(0x000000f644b00000,0x000000f644c00000)]
  0x000002c3bbaad800 JavaThread "jar transforms Thread 7" [_thread_blocked, id=5724, stack(0x000000f644c00000,0x000000f644d00000)]
  0x000002c3bbaae800 JavaThread "jar transforms Thread 8" [_thread_blocked, id=12208, stack(0x000000f644d00000,0x000000f644e00000)]
  0x000002c3bbaa8800 JavaThread "Memory manager" [_thread_blocked, id=10272, stack(0x000000f644e00000,0x000000f644f00000)]
  0x000002c3bbaaf800 JavaThread "build event listener" [_thread_blocked, id=7952, stack(0x000000f644f00000,0x000000f645000000)]
  0x000002c3bbab5000 JavaThread "Execution worker for ':'" [_thread_blocked, id=14180, stack(0x000000f645000000,0x000000f645100000)]
  0x000002c3bbab1000 JavaThread "Execution worker for ':' Thread 2" [_thread_blocked, id=9768, stack(0x000000f645100000,0x000000f645200000)]
  0x000002c3bbab3800 JavaThread "Execution worker for ':' Thread 3" [_thread_blocked, id=7000, stack(0x000000f645200000,0x000000f645300000)]
  0x000002c3bbab0000 JavaThread "Execution worker for ':' Thread 4" [_thread_blocked, id=6192, stack(0x000000f645300000,0x000000f645400000)]
  0x000002c3bbab1800 JavaThread "Execution worker for ':' Thread 5" [_thread_blocked, id=12772, stack(0x000000f645400000,0x000000f645500000)]
  0x000002c3bbab2800 JavaThread "Execution worker for ':' Thread 6" [_thread_blocked, id=11644, stack(0x000000f645500000,0x000000f645600000)]
  0x000002c3bc197800 JavaThread "Execution worker for ':' Thread 7" [_thread_blocked, id=11844, stack(0x000000f645600000,0x000000f645700000)]
  0x000002c3bc198000 JavaThread "Cache worker for execution history cache (C:\Users\shail\AndroidStudioProjects\RegisterPage\.gradle\7.3.3\executionHistory)" [_thread_blocked, id=1832, stack(0x000000f645700000,0x000000f645800000)]
  0x000002c3c0093800 JavaThread "C2 CompilerThread1" daemon [_thread_blocked, id=12468, stack(0x000000f63de00000,0x000000f63df00000)]
  0x000002c3b95fe800 JavaThread "C2 CompilerThread2" daemon [_thread_in_native, id=9872, stack(0x000000f63f200000,0x000000f63f300000)]
  0x000002c3bc193800 JavaThread "WorkerExecutor Queue" [_thread_blocked, id=2020, stack(0x000000f645b00000,0x000000f645c00000)]
  0x000002c3bc199000 JavaThread "WorkerExecutor Queue Thread 2" [_thread_blocked, id=7864, stack(0x000000f645c00000,0x000000f645d00000)]
  0x000002c3bc194000 JavaThread "WorkerExecutor Queue Thread 3" [_thread_blocked, id=392, stack(0x000000f645d00000,0x000000f645e00000)]
  0x000002c3bc19a000 JavaThread "WorkerExecutor Queue Thread 4" [_thread_blocked, id=10724, stack(0x000000f645e00000,0x000000f645f00000)]
  0x000002c3bc195000 JavaThread "WorkerExecutor Queue Thread 5" [_thread_blocked, id=11400, stack(0x000000f645f00000,0x000000f646000000)]
  0x000002c3bc196800 JavaThread "WorkerExecutor Queue Thread 6" [_thread_blocked, id=4416, stack(0x000000f646000000,0x000000f646100000)]
  0x000002c3bc195800 JavaThread "WorkerExecutor Queue Thread 7" [_thread_blocked, id=12348, stack(0x000000f646100000,0x000000f646200000)]
  0x000002c3bc1a0800 JavaThread "WorkerExecutor Queue Thread 8" [_thread_blocked, id=2552, stack(0x000000f646200000,0x000000f646300000)]
  0x000002c3bc19f800 JavaThread "Java2D Disposer" daemon [_thread_blocked, id=12580, stack(0x000000f646300000,0x000000f646400000)]
  0x000002c3bc19a800 JavaThread "WorkerExecutor Queue Thread 9" [_thread_blocked, id=9212, stack(0x000000f646400000,0x000000f646500000)]

Other Threads:
=>0x000002c3b5f3f000 VMThread "VM Thread" [stack: 0x000000f63ca00000,0x000000f63cb00000] [id=8708]
  0x000002c3b6a29800 WatcherThread [stack: 0x000000f63d400000,0x000000f63d500000] [id=4120]
  0x000002c39bac7000 GCTaskThread "GC Thread#0" [stack: 0x000000f63c500000,0x000000f63c600000] [id=8388]
  0x000002c3b7847800 GCTaskThread "GC Thread#1" [stack: 0x000000f63d700000,0x000000f63d800000] [id=7340]
  0x000002c3b7881000 GCTaskThread "GC Thread#2" [stack: 0x000000f63d800000,0x000000f63d900000] [id=12500]
  0x000002c3b868e800 GCTaskThread "GC Thread#3" [stack: 0x000000f63e200000,0x000000f63e300000] [id=1020]
  0x000002c3b8bc8800 GCTaskThread "GC Thread#4" [stack: 0x000000f63e300000,0x000000f63e400000] [id=9516]
  0x000002c3b8bc9000 GCTaskThread "GC Thread#5" [stack: 0x000000f63e400000,0x000000f63e500000] [id=6696]
  0x000002c3b89bb800 GCTaskThread "GC Thread#6" [stack: 0x000000f63e500000,0x000000f63e600000] [id=9064]
  0x000002c3b89bc000 GCTaskThread "GC Thread#7" [stack: 0x000000f63e600000,0x000000f63e700000] [id=11696]
  0x000002c39baf7000 ConcurrentGCThread "G1 Main Marker" [stack: 0x000000f63c600000,0x000000f63c700000] [id=3492]
  0x000002c39baf8800 ConcurrentGCThread "G1 Conc#0" [stack: 0x000000f63c700000,0x000000f63c800000] [id=12524]
  0x000002c3b8843800 ConcurrentGCThread "G1 Conc#1" [stack: 0x000000f63ea00000,0x000000f63eb00000] [id=10588]
  0x000002c3b5d90800 ConcurrentGCThread "G1 Refine#0" [stack: 0x000000f63c800000,0x000000f63c900000] [id=9476]
  0x000002c3bc88e000 ConcurrentGCThread "G1 Refine#1" [stack: 0x000000f645800000,0x000000f645900000] [id=9428]
  0x000002c3bdf8d000 ConcurrentGCThread "G1 Refine#2" [stack: 0x000000f645900000,0x000000f645a00000] [id=13960]
  0x000002c3bff2c800 ConcurrentGCThread "G1 Refine#3" [stack: 0x000000f645a00000,0x000000f645b00000] [id=788]
  0x000002c3b5d91800 ConcurrentGCThread "G1 Young RemSet Sampling" [stack: 0x000000f63c900000,0x000000f63ca00000] [id=9980]

Threads with active compile tasks:
C2 CompilerThread0  24527 13348       4       org.gradle.api.internal.artifacts.transform.ConsumerProvidedVariantFinder::matchAttributes (68 bytes)
C2 CompilerThread1  24527 13632       4       org.gradle.internal.snapshot.impl.DefaultValueSnapshotter::processValue (675 bytes)
C2 CompilerThread2  24527 13200   !   4       java.io.ObjectOutputStream::writeSerialData (221 bytes)

VM state:at safepoint (normal execution)

VM Mutex/Monitor currently owned by a thread:  ([mutex/lock_event])
[0x000002c39baa8640] Threads_lock - owner thread: 0x000002c3b5f3f000
[0x000002c39baa8760] Heap_lock - owner thread: 0x000002c3bc1a0800

Heap address: 0x0000000080000000, size: 2048 MB, Compressed Oops mode: 32-bit
Narrow klass base: 0x0000000000000000, Narrow klass shift: 3
Compressed class space size: 1073741824 Address: 0x0000000100000000

Heap:
 garbage-first heap   total 225280K, used 93055K [0x0000000080000000, 0x0000000100000000)
  region size 1024K, 8 young (8192K), 8 survivors (8192K)
 Metaspace       used 100587K, capacity 102918K, committed 103048K, reserved 1138688K
  class space    used 12608K, capacity 13476K, committed 13520K, reserved 1048576K
Heap Regions: E=young(eden), S=young(survivor), O=old, HS=humongous(starts), HC=humongous(continues), CS=collection set, F=free, A=archive, TAMS=top-at-mark-start (previous, next)
|   0|0x0000000080000000, 0x0000000080100000, 0x0000000080100000|100%| O|  |TAMS 0x0000000080100000, 0x0000000080100000| Untracked 
|   1|0x0000000080100000, 0x0000000080200000, 0x0000000080200000|100%| O|  |TAMS 0x0000000080200000, 0x0000000080200000| Untracked 
|   2|0x0000000080200000, 0x0000000080300000, 0x0000000080300000|100%| O|  |TAMS 0x0000000080300000, 0x0000000080300000| Untracked 
|   3|0x0000000080300000, 0x0000000080400000, 0x0000000080400000|100%|HS|  |TAMS 0x0000000080400000, 0x0000000080400000| Complete 
|   4|0x0000000080400000, 0x0000000080500000, 0x0000000080500000|100%|HC|  |TAMS 0x0000000080500000, 0x0000000080500000| Complete 
|   5|0x0000000080500000, 0x0000000080600000, 0x0000000080600000|100%|HC|  |TAMS 0x0000000080600000, 0x0000000080600000| Complete 
|   6|0x0000000080600000, 0x0000000080700000, 0x0000000080700000|100%| O|  |TAMS 0x0000000080700000, 0x0000000080700000| Untracked 
|   7|0x0000000080700000, 0x0000000080800000, 0x0000000080800000|100%| O|  |TAMS 0x0000000080800000, 0x0000000080800000| Untracked 
|   8|0x0000000080800000, 0x0000000080900000, 0x0000000080900000|100%| O|  |TAMS 0x0000000080900000, 0x0000000080900000| Untracked 
|   9|0x0000000080900000, 0x0000000080a00000, 0x0000000080a00000|100%| O|  |TAMS 0x0000000080a00000, 0x0000000080a00000| Untracked 
|  10|0x0000000080a00000, 0x0000000080b00000, 0x0000000080b00000|100%| O|  |TAMS 0x0000000080b00000, 0x0000000080b00000| Untracked 
|  11|0x0000000080b00000, 0x0000000080c00000, 0x0000000080c00000|100%| O|  |TAMS 0x0000000080c00000, 0x0000000080c00000| Untracked 
|  12|0x0000000080c00000, 0x0000000080d00000, 0x0000000080d00000|100%| O|  |TAMS 0x0000000080d00000, 0x0000000080d00000| Untracked 
|  13|0x0000000080d00000, 0x0000000080e00000, 0x0000000080e00000|100%| O|  |TAMS 0x0000000080e00000, 0x0000000080e00000| Untracked 
|  14|0x0000000080e00000, 0x0000000080f00000, 0x0000000080f00000|100%| O|  |TAMS 0x0000000080f00000, 0x0000000080f00000| Untracked 
|  15|0x0000000080f00000, 0x0000000081000000, 0x0000000081000000|100%| O|  |TAMS 0x0000000081000000, 0x0000000081000000| Untracked 
|  16|0x0000000081000000, 0x0000000081100000, 0x0000000081100000|100%| O|  |TAMS 0x0000000081100000, 0x0000000081100000| Untracked 
|  17|0x0000000081100000, 0x0000000081200000, 0x0000000081200000|100%|HS|  |TAMS 0x0000000081200000, 0x0000000081200000| Complete 
|  18|0x0000000081200000, 0x0000000081300000, 0x0000000081300000|100%| O|  |TAMS 0x0000000081300000, 0x0000000081300000| Untracked 
|  19|0x0000000081300000, 0x0000000081400000, 0x0000000081400000|100%| O|  |TAMS 0x0000000081400000, 0x0000000081400000| Untracked 
|  20|0x0000000081400000, 0x0000000081500000, 0x0000000081500000|100%| O|  |TAMS 0x0000000081500000, 0x0000000081500000| Untracked 
|  21|0x0000000081500000, 0x0000000081600000, 0x0000000081600000|100%| O|  |TAMS 0x0000000081600000, 0x0000000081600000| Untracked 
|  22|0x0000000081600000, 0x0000000081700000, 0x0000000081700000|100%| O|  |TAMS 0x0000000081700000, 0x0000000081700000| Untracked 
|  23|0x0000000081700000, 0x0000000081800000, 0x0000000081800000|100%| O|  |TAMS 0x0000000081800000, 0x0000000081800000| Untracked 
|  24|0x0000000081800000, 0x0000000081900000, 0x0000000081900000|100%|HS|  |TAMS 0x0000000081900000, 0x0000000081900000| Complete 
|  25|0x0000000081900000, 0x0000000081a00000, 0x0000000081a00000|100%|HS|  |TAMS 0x0000000081a00000, 0x0000000081a00000| Complete 
|  26|0x0000000081a00000, 0x0000000081b00000, 0x0000000081b00000|100%|HC|  |TAMS 0x0000000081b00000, 0x0000000081b00000| Complete 
|  27|0x0000000081b00000, 0x0000000081c00000, 0x0000000081c00000|100%| O|  |TAMS 0x0000000081c00000, 0x0000000081c00000| Untracked 
|  28|0x0000000081c00000, 0x0000000081d00000, 0x0000000081d00000|100%| O|  |TAMS 0x0000000081d00000, 0x0000000081d00000| Untracked 
|  29|0x0000000081d00000, 0x0000000081e00000, 0x0000000081e00000|100%| O|  |TAMS 0x0000000081e00000, 0x0000000081e00000| Untracked 
|  30|0x0000000081e00000, 0x0000000081f00000, 0x0000000081f00000|100%| O|  |TAMS 0x0000000081f00000, 0x0000000081f00000| Untracked 
|  31|0x0000000081f00000, 0x0000000082000000, 0x0000000082000000|100%| O|  |TAMS 0x0000000082000000, 0x0000000082000000| Untracked 
|  32|0x0000000082000000, 0x0000000082100000, 0x0000000082100000|100%| O|  |TAMS 0x0000000082100000, 0x0000000082100000| Untracked 
|  33|0x0000000082100000, 0x0000000082200000, 0x0000000082200000|100%| O|  |TAMS 0x0000000082200000, 0x0000000082200000| Untracked 
|  34|0x0000000082200000, 0x0000000082300000, 0x0000000082300000|100%| O|  |TAMS 0x0000000082300000, 0x0000000082300000| Untracked 
|  35|0x0000000082300000, 0x0000000082400000, 0x0000000082400000|100%| O|  |TAMS 0x0000000082400000, 0x0000000082400000| Untracked 
|  36|0x0000000082400000, 0x0000000082500000, 0x0000000082500000|100%| O|  |TAMS 0x0000000082500000, 0x0000000082500000| Untracked 
|  37|0x0000000082500000, 0x0000000082600000, 0x0000000082600000|100%| O|  |TAMS 0x0000000082600000, 0x0000000082600000| Untracked 
|  38|0x0000000082600000, 0x0000000082700000, 0x0000000082700000|100%| O|  |TAMS 0x0000000082700000, 0x0000000082700000| Untracked 
|  39|0x0000000082700000, 0x0000000082800000, 0x0000000082800000|100%| O|  |TAMS 0x0000000082800000, 0x0000000082800000| Untracked 
|  40|0x0000000082800000, 0x0000000082900000, 0x0000000082900000|100%| O|  |TAMS 0x0000000082900000, 0x0000000082900000| Untracked 
|  41|0x0000000082900000, 0x0000000082a00000, 0x0000000082a00000|100%| O|  |TAMS 0x0000000082a00000, 0x0000000082a00000| Untracked 
|  42|0x0000000082a00000, 0x0000000082b00000, 0x0000000082b00000|100%| O|  |TAMS 0x0000000082b00000, 0x0000000082b00000| Untracked 
|  43|0x0000000082b00000, 0x0000000082c00000, 0x0000000082c00000|100%| O|  |TAMS 0x0000000082c00000, 0x0000000082c00000| Untracked 
|  44|0x0000000082c00000, 0x0000000082d00000, 0x0000000082d00000|100%| O|  |TAMS 0x0000000082d00000, 0x0000000082d00000| Untracked 
|  45|0x0000000082d00000, 0x0000000082e00000, 0x0000000082e00000|100%| O|  |TAMS 0x0000000082e00000, 0x0000000082e00000| Untracked 
|  46|0x0000000082e00000, 0x0000000082f00000, 0x0000000082f00000|100%| O|  |TAMS 0x0000000082f00000, 0x0000000082f00000| Untracked 
|  47|0x0000000082f00000, 0x0000000083000000, 0x0000000083000000|100%| O|  |TAMS 0x0000000083000000, 0x0000000083000000| Untracked 
|  48|0x0000000083000000, 0x0000000083100000, 0x0000000083100000|100%| O|  |TAMS 0x0000000083100000, 0x0000000083100000| Untracked 
|  49|0x0000000083100000, 0x0000000083200000, 0x0000000083200000|100%| O|  |TAMS 0x0000000083200000, 0x0000000083200000| Untracked 
|  50|0x0000000083200000, 0x0000000083300000, 0x0000000083300000|100%| O|  |TAMS 0x0000000083300000, 0x0000000083300000| Untracked 
|  51|0x0000000083300000, 0x0000000083400000, 0x0000000083400000|100%| O|  |TAMS 0x0000000083400000, 0x0000000083400000| Untracked 
|  52|0x0000000083400000, 0x0000000083500000, 0x0000000083500000|100%| O|  |TAMS 0x0000000083500000, 0x0000000083500000| Untracked 
|  53|0x0000000083500000, 0x0000000083600000, 0x0000000083600000|100%| O|  |TAMS 0x0000000083600000, 0x0000000083600000| Untracked 
|  54|0x0000000083600000, 0x0000000083700000, 0x0000000083700000|100%| O|  |TAMS 0x0000000083700000, 0x0000000083700000| Untracked 
|  55|0x0000000083700000, 0x0000000083800000, 0x0000000083800000|100%| O|  |TAMS 0x0000000083700000, 0x0000000083800000| Untracked 
|  56|0x0000000083800000, 0x0000000083900000, 0x0000000083900000|100%| O|  |TAMS 0x0000000083800000, 0x0000000083900000| Untracked 
|  57|0x0000000083900000, 0x0000000083a00000, 0x0000000083a00000|100%|HS|  |TAMS 0x0000000083900000, 0x0000000083a00000| Complete 
|  58|0x0000000083a00000, 0x0000000083b00000, 0x0000000083b00000|100%| O|  |TAMS 0x0000000083b00000, 0x0000000083b00000| Untracked 
|  59|0x0000000083b00000, 0x0000000083c00000, 0x0000000083c00000|100%| O|  |TAMS 0x0000000083c00000, 0x0000000083c00000| Untracked 
|  60|0x0000000083c00000, 0x0000000083d00000, 0x0000000083d00000|100%| O|  |TAMS 0x0000000083d00000, 0x0000000083d00000| Untracked 
|  61|0x0000000083d00000, 0x0000000083e00000, 0x0000000083e00000|100%| O|  |TAMS 0x0000000083e00000, 0x0000000083e00000| Untracked 
|  62|0x0000000083e00000, 0x0000000083f00000, 0x0000000083f00000|100%| O|  |TAMS 0x0000000083e00000, 0x0000000083f00000| Untracked 
|  63|0x0000000083f00000, 0x0000000084000000, 0x0000000084000000|100%|HS|  |TAMS 0x0000000083f00000, 0x0000000084000000| Complete 
|  64|0x0000000084000000, 0x0000000084100000, 0x0000000084100000|100%| O|  |TAMS 0x0000000084000000, 0x0000000084100000| Untracked 
|  65|0x0000000084100000, 0x0000000084200000, 0x0000000084200000|100%| O|  |TAMS 0x0000000084200000, 0x0000000084200000| Untracked 
|  66|0x0000000084200000, 0x0000000084300000, 0x0000000084300000|100%|HS|  |TAMS 0x0000000084200000, 0x0000000084300000| Complete 
|  67|0x0000000084300000, 0x0000000084400000, 0x0000000084400000|100%|HC|  |TAMS 0x0000000084300000, 0x0000000084400000| Complete 
|  68|0x0000000084400000, 0x0000000084500000, 0x0000000084500000|100%| O|  |TAMS 0x0000000084500000, 0x0000000084500000| Untracked 
|  69|0x0000000084500000, 0x0000000084600000, 0x0000000084600000|100%| O|  |TAMS 0x0000000084600000, 0x0000000084600000| Untracked 
|  70|0x0000000084600000, 0x0000000084700000, 0x0000000084700000|100%| O|  |TAMS 0x0000000084700000, 0x0000000084700000| Untracked 
|  71|0x0000000084700000, 0x0000000084800000, 0x0000000084800000|100%| O|  |TAMS 0x0000000084700000, 0x0000000084800000| Untracked 
|  72|0x0000000084800000, 0x0000000084872e00, 0x0000000084900000| 44%| O|  |TAMS 0x0000000084800000, 0x0000000084872e00| Untracked 
|  73|0x0000000084900000, 0x0000000084900000, 0x0000000084a00000|  0%| F|  |TAMS 0x0000000084900000, 0x0000000084900000| Untracked 
|  74|0x0000000084a00000, 0x0000000084a00000, 0x0000000084b00000|  0%| F|  |TAMS 0x0000000084a00000, 0x0000000084a00000| Untracked 
|  75|0x0000000084b00000, 0x0000000084b00000, 0x0000000084c00000|  0%| F|  |TAMS 0x0000000084b00000, 0x0000000084b00000| Untracked 
|  76|0x0000000084c00000, 0x0000000084d00000, 0x0000000084d00000|100%| O|  |TAMS 0x0000000084d00000, 0x0000000084d00000| Untracked 
|  77|0x0000000084d00000, 0x0000000084e00000, 0x0000000084e00000|100%| O|  |TAMS 0x0000000084e00000, 0x0000000084e00000| Untracked 
|  78|0x0000000084e00000, 0x0000000084f00000, 0x0000000084f00000|100%| O|  |TAMS 0x0000000084f00000, 0x0000000084f00000| Untracked 
|  79|0x0000000084f00000, 0x0000000085000000, 0x0000000085000000|100%| O|  |TAMS 0x0000000085000000, 0x0000000085000000| Untracked 
|  80|0x0000000085000000, 0x0000000085000000, 0x0000000085100000|  0%| F|  |TAMS 0x0000000085000000, 0x0000000085000000| Untracked 
|  81|0x0000000085100000, 0x0000000085200000, 0x0000000085200000|100%| O|  |TAMS 0x0000000085200000, 0x0000000085200000| Untracked 
|  82|0x0000000085200000, 0x0000000085200000, 0x0000000085300000|  0%| F|  |TAMS 0x0000000085200000, 0x0000000085200000| Untracked 
|  83|0x0000000085300000, 0x0000000085400000, 0x0000000085400000|100%| O|  |TAMS 0x0000000085400000, 0x0000000085400000| Untracked 
|  84|0x0000000085400000, 0x0000000085500000, 0x0000000085500000|100%| O|  |TAMS 0x0000000085500000, 0x0000000085500000| Untracked 
|  85|0x0000000085500000, 0x0000000085600000, 0x0000000085600000|100%| O|  |TAMS 0x0000000085600000, 0x0000000085600000| Untracked 
|  86|0x0000000085600000, 0x0000000085700000, 0x0000000085700000|100%| O|  |TAMS 0x0000000085700000, 0x0000000085700000| Untracked 
|  87|0x0000000085700000, 0x0000000085800000, 0x0000000085800000|100%| O|  |TAMS 0x0000000085800000, 0x0000000085800000| Untracked 
|  88|0x0000000085800000, 0x0000000085900000, 0x0000000085900000|100%| O|  |TAMS 0x0000000085900000, 0x0000000085900000| Untracked 
|  89|0x0000000085900000, 0x0000000085900000, 0x0000000085a00000|  0%| F|  |TAMS 0x0000000085900000, 0x0000000085900000| Untracked 
|  90|0x0000000085a00000, 0x0000000085a00000, 0x0000000085b00000|  0%| F|  |TAMS 0x0000000085a00000, 0x0000000085a00000| Untracked 
|  91|0x0000000085b00000, 0x0000000085b00000, 0x0000000085c00000|  0%| F|  |TAMS 0x0000000085b00000, 0x0000000085b00000| Untracked 
|  92|0x0000000085c00000, 0x0000000085c00000, 0x0000000085d00000|  0%| F|  |TAMS 0x0000000085c00000, 0x0000000085c00000| Untracked 
|  93|0x0000000085d00000, 0x0000000085d00000, 0x0000000085e00000|  0%| F|  |TAMS 0x0000000085d00000, 0x0000000085d00000| Untracked 
|  94|0x0000000085e00000, 0x0000000085e00000, 0x0000000085f00000|  0%| F|  |TAMS 0x0000000085e00000, 0x0000000085e00000| Untracked 
|  95|0x0000000085f00000, 0x0000000085f00000, 0x0000000086000000|  0%| F|  |TAMS 0x0000000085f00000, 0x0000000085f00000| Untracked 
|  96|0x0000000086000000, 0x0000000086000000, 0x0000000086100000|  0%| F|  |TAMS 0x0000000086000000, 0x0000000086000000| Untracked 
|  97|0x0000000086100000, 0x0000000086100000, 0x0000000086200000|  0%| F|  |TAMS 0x0000000086100000, 0x0000000086100000| Untracked 
|  98|0x0000000086200000, 0x0000000086200000, 0x0000000086300000|  0%| F|  |TAMS 0x0000000086200000, 0x0000000086200000| Untracked 
|  99|0x0000000086300000, 0x0000000086300000, 0x0000000086400000|  0%| F|  |TAMS 0x0000000086300000, 0x0000000086300000| Untracked 
| 100|0x0000000086400000, 0x0000000086400000, 0x0000000086500000|  0%| F|  |TAMS 0x0000000086400000, 0x0000000086400000| Untracked 
| 101|0x0000000086500000, 0x0000000086500000, 0x0000000086600000|  0%| F|  |TAMS 0x0000000086500000, 0x0000000086500000| Untracked 
| 102|0x0000000086600000, 0x0000000086600000, 0x0000000086700000|  0%| F|  |TAMS 0x0000000086600000, 0x0000000086600000| Untracked 
| 103|0x0000000086700000, 0x0000000086700000, 0x0000000086800000|  0%| F|  |TAMS 0x0000000086700000, 0x0000000086700000| Untracked 
| 104|0x0000000086800000, 0x0000000086800000, 0x0000000086900000|  0%| F|  |TAMS 0x0000000086800000, 0x0000000086800000| Untracked 
| 105|0x0000000086900000, 0x0000000086900000, 0x0000000086a00000|  0%| F|  |TAMS 0x0000000086900000, 0x0000000086900000| Untracked 
| 106|0x0000000086a00000, 0x0000000086a00000, 0x0000000086b00000|  0%| F|  |TAMS 0x0000000086a00000, 0x0000000086a00000| Untracked 
| 107|0x0000000086b00000, 0x0000000086b00000, 0x0000000086c00000|  0%| F|  |TAMS 0x0000000086b00000, 0x0000000086b00000| Untracked 
| 108|0x0000000086c00000, 0x0000000086c00000, 0x0000000086d00000|  0%| F|  |TAMS 0x0000000086c00000, 0x0000000086c00000| Untracked 
| 109|0x0000000086d00000, 0x0000000086d00000, 0x0000000086e00000|  0%| F|  |TAMS 0x0000000086d00000, 0x0000000086d00000| Untracked 
| 110|0x0000000086e00000, 0x0000000086e00000, 0x0000000086f00000|  0%| F|  |TAMS 0x0000000086e00000, 0x0000000086e00000| Untracked 
| 111|0x0000000086f00000, 0x0000000086f00000, 0x0000000087000000|  0%| F|  |TAMS 0x0000000086f00000, 0x0000000086f00000| Untracked 
| 112|0x0000000087000000, 0x0000000087000000, 0x0000000087100000|  0%| F|  |TAMS 0x0000000087000000, 0x0000000087000000| Untracked 
| 113|0x0000000087100000, 0x0000000087100000, 0x0000000087200000|  0%| F|  |TAMS 0x0000000087100000, 0x0000000087100000| Untracked 
| 114|0x0000000087200000, 0x0000000087200000, 0x0000000087300000|  0%| F|  |TAMS 0x0000000087200000, 0x0000000087200000| Untracked 
| 115|0x0000000087300000, 0x0000000087300000, 0x0000000087400000|  0%| F|  |TAMS 0x0000000087300000, 0x0000000087300000| Untracked 
| 116|0x0000000087400000, 0x0000000087400000, 0x0000000087500000|  0%| F|  |TAMS 0x0000000087400000, 0x0000000087400000| Untracked 
| 117|0x0000000087500000, 0x0000000087500000, 0x0000000087600000|  0%| F|  |TAMS 0x0000000087500000, 0x0000000087500000| Untracked 
| 118|0x0000000087600000, 0x0000000087600000, 0x0000000087700000|  0%| F|  |TAMS 0x0000000087600000, 0x0000000087600000| Untracked 
| 119|0x0000000087700000, 0x0000000087700000, 0x0000000087800000|  0%| F|  |TAMS 0x0000000087700000, 0x0000000087700000| Untracked 
| 120|0x0000000087800000, 0x0000000087800000, 0x0000000087900000|  0%| F|  |TAMS 0x0000000087800000, 0x0000000087800000| Untracked 
| 121|0x0000000087900000, 0x0000000087900000, 0x0000000087a00000|  0%| F|  |TAMS 0x0000000087900000, 0x0000000087900000| Untracked 
| 122|0x0000000087a00000, 0x0000000087a00000, 0x0000000087b00000|  0%| F|  |TAMS 0x0000000087a00000, 0x0000000087a00000| Untracked 
| 123|0x0000000087b00000, 0x0000000087b00000, 0x0000000087c00000|  0%| F|  |TAMS 0x0000000087b00000, 0x0000000087b00000| Untracked 
| 124|0x0000000087c00000, 0x0000000087c00000, 0x0000000087d00000|  0%| F|  |TAMS 0x0000000087c00000, 0x0000000087c00000| Untracked 
| 125|0x0000000087d00000, 0x0000000087d00000, 0x0000000087e00000|  0%| F|  |TAMS 0x0000000087d00000, 0x0000000087d00000| Untracked 
| 126|0x0000000087e00000, 0x0000000087e00000, 0x0000000087f00000|  0%| F|  |TAMS 0x0000000087e00000, 0x0000000087e00000| Untracked 
| 127|0x0000000087f00000, 0x0000000087f00000, 0x0000000088000000|  0%| F|  |TAMS 0x0000000087f00000, 0x0000000087f00000| Untracked 
| 128|0x0000000088000000, 0x0000000088000000, 0x0000000088100000|  0%| F|  |TAMS 0x0000000088000000, 0x0000000088000000| Untracked 
| 129|0x0000000088100000, 0x0000000088100000, 0x0000000088200000|  0%| F|  |TAMS 0x0000000088100000, 0x0000000088100000| Untracked 
| 130|0x0000000088200000, 0x0000000088200000, 0x0000000088300000|  0%| F|  |TAMS 0x0000000088200000, 0x0000000088200000| Untracked 
| 131|0x0000000088300000, 0x0000000088300000, 0x0000000088400000|  0%| F|  |TAMS 0x0000000088300000, 0x0000000088300000| Untracked 
| 132|0x0000000088400000, 0x0000000088400000, 0x0000000088500000|  0%| F|  |TAMS 0x0000000088400000, 0x0000000088400000| Untracked 
| 133|0x0000000088500000, 0x0000000088500000, 0x0000000088600000|  0%| F|  |TAMS 0x0000000088500000, 0x0000000088500000| Untracked 
| 134|0x0000000088600000, 0x0000000088600000, 0x0000000088700000|  0%| F|  |TAMS 0x0000000088600000, 0x0000000088600000| Untracked 
| 135|0x0000000088700000, 0x0000000088700000, 0x0000000088800000|  0%| F|  |TAMS 0x0000000088700000, 0x0000000088700000| Untracked 
| 136|0x0000000088800000, 0x0000000088800000, 0x0000000088900000|  0%| F|  |TAMS 0x0000000088800000, 0x0000000088800000| Untracked 
| 137|0x0000000088900000, 0x0000000088900000, 0x0000000088a00000|  0%| F|  |TAMS 0x0000000088900000, 0x0000000088900000| Untracked 
| 138|0x0000000088a00000, 0x0000000088a00000, 0x0000000088b00000|  0%| F|  |TAMS 0x0000000088a00000, 0x0000000088a00000| Untracked 
| 139|0x0000000088b00000, 0x0000000088b00000, 0x0000000088c00000|  0%| F|  |TAMS 0x0000000088b00000, 0x0000000088b00000| Untracked 
| 140|0x0000000088c00000, 0x0000000088c6cf10, 0x0000000088d00000| 42%| S|CS|TAMS 0x0000000088c00000, 0x0000000088c00000| Complete 
| 141|0x0000000088d00000, 0x0000000088e00000, 0x0000000088e00000|100%| S|CS|TAMS 0x0000000088d00000, 0x0000000088d00000| Complete 
| 142|0x0000000088e00000, 0x0000000088f00000, 0x0000000088f00000|100%| S|CS|TAMS 0x0000000088e00000, 0x0000000088e00000| Complete 
| 143|0x0000000088f00000, 0x0000000089000000, 0x0000000089000000|100%| S|CS|TAMS 0x0000000088f00000, 0x0000000088f00000| Complete 
| 144|0x0000000089000000, 0x0000000089100000, 0x0000000089100000|100%| S|CS|TAMS 0x0000000089000000, 0x0000000089000000| Complete 
| 145|0x0000000089100000, 0x0000000089200000, 0x0000000089200000|100%| S|CS|TAMS 0x0000000089100000, 0x0000000089100000| Complete 
| 146|0x0000000089200000, 0x0000000089300000, 0x0000000089300000|100%| S|CS|TAMS 0x0000000089200000, 0x0000000089200000| Complete 
| 147|0x0000000089300000, 0x0000000089400000, 0x0000000089400000|100%| S|CS|TAMS 0x0000000089300000, 0x0000000089300000| Complete 
| 148|0x0000000089400000, 0x0000000089400000, 0x0000000089500000|  0%| F|  |TAMS 0x0000000089400000, 0x0000000089400000| Untracked 
| 149|0x0000000089500000, 0x0000000089500000, 0x0000000089600000|  0%| F|  |TAMS 0x0000000089500000, 0x0000000089500000| Untracked 
| 150|0x0000000089600000, 0x0000000089600000, 0x0000000089700000|  0%| F|  |TAMS 0x0000000089600000, 0x0000000089600000| Untracked 
| 151|0x0000000089700000, 0x0000000089700000, 0x0000000089800000|  0%| F|  |TAMS 0x0000000089700000, 0x0000000089700000| Untracked 
| 152|0x0000000089800000, 0x0000000089800000, 0x0000000089900000|  0%| F|  |TAMS 0x0000000089800000, 0x0000000089800000| Untracked 
| 153|0x0000000089900000, 0x0000000089900000, 0x0000000089a00000|  0%| F|  |TAMS 0x0000000089900000, 0x0000000089900000| Untracked 
| 154|0x0000000089a00000, 0x0000000089a00000, 0x0000000089b00000|  0%| F|  |TAMS 0x0000000089a00000, 0x0000000089a00000| Untracked 
| 155|0x0000000089b00000, 0x0000000089b00000, 0x0000000089c00000|  0%| F|  |TAMS 0x0000000089b00000, 0x0000000089b00000| Untracked 
| 156|0x0000000089c00000, 0x0000000089c00000, 0x0000000089d00000|  0%| F|  |TAMS 0x0000000089c00000, 0x0000000089c00000| Untracked 
| 157|0x0000000089d00000, 0x0000000089d00000, 0x0000000089e00000|  0%| F|  |TAMS 0x0000000089d00000, 0x0000000089d00000| Untracked 
| 158|0x0000000089e00000, 0x0000000089e00000, 0x0000000089f00000|  0%| F|  |TAMS 0x0000000089e00000, 0x0000000089e00000| Untracked 
| 159|0x0000000089f00000, 0x0000000089f00000, 0x000000008a000000|  0%| F|  |TAMS 0x0000000089f00000, 0x0000000089f00000| Untracked 
| 160|0x000000008a000000, 0x000000008a000000, 0x000000008a100000|  0%| F|  |TAMS 0x000000008a000000, 0x000000008a000000| Untracked 
| 161|0x000000008a100000, 0x000000008a100000, 0x000000008a200000|  0%| F|  |TAMS 0x000000008a100000, 0x000000008a100000| Untracked 
| 162|0x000000008a200000, 0x000000008a200000, 0x000000008a300000|  0%| F|  |TAMS 0x000000008a200000, 0x000000008a200000| Untracked 
| 163|0x000000008a300000, 0x000000008a300000, 0x000000008a400000|  0%| F|  |TAMS 0x000000008a300000, 0x000000008a300000| Untracked 
| 164|0x000000008a400000, 0x000000008a400000, 0x000000008a500000|  0%| F|  |TAMS 0x000000008a400000, 0x000000008a400000| Untracked 
| 165|0x000000008a500000, 0x000000008a500000, 0x000000008a600000|  0%| F|  |TAMS 0x000000008a500000, 0x000000008a500000| Untracked 
| 166|0x000000008a600000, 0x000000008a600000, 0x000000008a700000|  0%| F|  |TAMS 0x000000008a600000, 0x000000008a600000| Untracked 
| 167|0x000000008a700000, 0x000000008a700000, 0x000000008a800000|  0%| F|  |TAMS 0x000000008a700000, 0x000000008a700000| Untracked 
| 168|0x000000008a800000, 0x000000008a800000, 0x000000008a900000|  0%| F|  |TAMS 0x000000008a800000, 0x000000008a800000| Untracked 
| 169|0x000000008a900000, 0x000000008a900000, 0x000000008aa00000|  0%| F|  |TAMS 0x000000008a900000, 0x000000008a900000| Untracked 
| 170|0x000000008aa00000, 0x000000008aa00000, 0x000000008ab00000|  0%| F|  |TAMS 0x000000008aa00000, 0x000000008aa00000| Untracked 
| 171|0x000000008ab00000, 0x000000008ab00000, 0x000000008ac00000|  0%| F|  |TAMS 0x000000008ab00000, 0x000000008ab00000| Untracked 
| 172|0x000000008ac00000, 0x000000008ac00000, 0x000000008ad00000|  0%| F|  |TAMS 0x000000008ac00000, 0x000000008ac00000| Untracked 
| 173|0x000000008ad00000, 0x000000008ad00000, 0x000000008ae00000|  0%| F|  |TAMS 0x000000008ad00000, 0x000000008ad00000| Untracked 
| 174|0x000000008ae00000, 0x000000008ae00000, 0x000000008af00000|  0%| F|  |TAMS 0x000000008ae00000, 0x000000008ae00000| Untracked 
| 175|0x000000008af00000, 0x000000008af00000, 0x000000008b000000|  0%| F|  |TAMS 0x000000008af00000, 0x000000008af00000| Untracked 
| 176|0x000000008b000000, 0x000000008b000000, 0x000000008b100000|  0%| F|  |TAMS 0x000000008b000000, 0x000000008b000000| Untracked 
| 177|0x000000008b100000, 0x000000008b100000, 0x000000008b200000|  0%| F|  |TAMS 0x000000008b100000, 0x000000008b100000| Untracked 
| 178|0x000000008b200000, 0x000000008b200000, 0x000000008b300000|  0%| F|  |TAMS 0x000000008b200000, 0x000000008b200000| Untracked 
| 179|0x000000008b300000, 0x000000008b300000, 0x000000008b400000|  0%| F|  |TAMS 0x000000008b300000, 0x000000008b300000| Untracked 
| 180|0x000000008b400000, 0x000000008b400000, 0x000000008b500000|  0%| F|  |TAMS 0x000000008b400000, 0x000000008b400000| Untracked 
| 181|0x000000008b500000, 0x000000008b500000, 0x000000008b600000|  0%| F|  |TAMS 0x000000008b500000, 0x000000008b500000| Untracked 
| 182|0x000000008b600000, 0x000000008b600000, 0x000000008b700000|  0%| F|  |TAMS 0x000000008b600000, 0x000000008b600000| Untracked 

Card table byte_map: [0x000002c3aecf0000,0x000002c3af0f0000] _byte_map_base: 0x000002c3ae8f0000

Marking Bits (Prev, Next): (CMBitMap*) 0x000002c39baee610, (CMBitMap*) 0x000002c39baee5d8
 Prev Bits: [0x000002c3b14f0000, 0x000002c3b34f0000)
 Next Bits: [0x000002c3af4f0000, 0x000002c3b14f0000)

Polling page: 0x000002c399a50000

Metaspace:

Usage:
  Non-class:     87.35 MB capacity,    85.92 MB ( 98%) used,     1.16 MB (  1%) free+waste,   280.00 KB ( <1%) overhead. 
      Class:     13.16 MB capacity,    12.31 MB ( 94%) used,   744.09 KB (  6%) free+waste,   123.56 KB ( <1%) overhead. 
       Both:    100.51 MB capacity,    98.23 MB ( 98%) used,     1.88 MB (  2%) free+waste,   403.56 KB ( <1%) overhead. 

Virtual space:
  Non-class space:       88.00 MB reserved,      87.43 MB (>99%) committed 
      Class space:        1.00 GB reserved,      13.20 MB (  1%) committed 
             Both:        1.09 GB reserved,     100.63 MB (  9%) committed 

Chunk freelists:
   Non-Class:  2.00 KB
       Class:  28.00 KB
        Both:  30.00 KB

MaxMetaspaceSize: 17179869184.00 GB
CompressedClassSpaceSize: 1.00 GB
Initial GC threshold: 20.80 MB
Current GC threshold: 159.39 MB
CDS: off

CodeHeap 'non-profiled nmethods': size=120000Kb used=8724Kb max_used=8724Kb free=111276Kb
 bounds [0x000002c3a7090000, 0x000002c3a7920000, 0x000002c3ae5c0000]
CodeHeap 'profiled nmethods': size=120000Kb used=29918Kb max_used=29918Kb free=90081Kb
 bounds [0x000002c39fb60000, 0x000002c3a18a0000, 0x000002c3a7090000]
CodeHeap 'non-nmethods': size=5760Kb used=2492Kb max_used=2553Kb free=3268Kb
 bounds [0x000002c39f5c0000, 0x000002c39f840000, 0x000002c39fb60000]
 total_blobs=14532 nmethods=13506 adapters=936
 compilation: enabled
              stopped_count=0, restarted_count=0
 full_count=0

Compilation events (20 events):
Event: 24.444 Thread 0x000002c3c0093800 nmethod 13617 0x000002c3a7914010 code [0x000002c3a79141e0, 0x000002c3a7914918]
Event: 24.444 Thread 0x000002c3c0093800 13632       4       org.gradle.internal.snapshot.impl.DefaultValueSnapshotter::processValue (675 bytes)
Event: 24.447 Thread 0x000002c3b5f67800 13652       3       org.gradle.api.internal.tasks.properties.DefaultValidatingProperty::<init> (10 bytes)
Event: 24.447 Thread 0x000002c3b5f67800 nmethod 13652 0x000002c3a188f490 code [0x000002c3a188f660, 0x000002c3a188f938]
Event: 24.447 Thread 0x000002c3b5f67800 13653       1       org.gradle.api.internal.tasks.properties.annotations.NestedBeanAnnotationHandler::shouldVisit (2 bytes)
Event: 24.448 Thread 0x000002c3b5f67800 nmethod 13653 0x000002c3a7914d10 code [0x000002c3a7914ec0, 0x000002c3a7914f78]
Event: 24.449 Thread 0x000002c3b5f67800 13654       3       java.util.stream.FindOps$FindSink$OfRef::get (5 bytes)
Event: 24.450 Thread 0x000002c3b5f67800 nmethod 13654 0x000002c3a188fa10 code [0x000002c3a188fc00, 0x000002c3a18900e8]
Event: 24.450 Thread 0x000002c3b5f67800 13655       3       java.util.stream.FindOps$FindSink$OfRef::get (19 bytes)
Event: 24.450 Thread 0x000002c3b5f67800 nmethod 13655 0x000002c3a1890290 code [0x000002c3a1890480, 0x000002c3a1890908]
Event: 24.450 Thread 0x000002c3b5f67800 13657       3       java.util.stream.FindOps$FindSink::accept (18 bytes)
Event: 24.451 Thread 0x000002c3b5f67800 nmethod 13657 0x000002c3a1890a90 code [0x000002c3a1890c40, 0x000002c3a1890dd8]
Event: 24.451 Thread 0x000002c3b5f67800 13656       3       org.gradle.tooling.internal.provider.runner.OperationDependenciesResolver$$Lambda$848/0x0000000100acc440::apply (12 bytes)
Event: 24.451 Thread 0x000002c3b5f67800 nmethod 13656 0x000002c3a1890e90 code [0x000002c3a1891060, 0x000002c3a1891388]
Event: 24.454 Thread 0x000002c3b5f67800 13658   !   3       jdk.internal.reflect.GeneratedMethodAccessor26::invoke (66 bytes)
Event: 24.455 Thread 0x000002c3b5f67800 nmethod 13658 0x000002c3a1891490 code [0x000002c3a18916e0, 0x000002c3a1891df8]
Event: 24.467 Thread 0x000002c3b5f67800 13660       3       jdk.internal.reflect.AccessorGenerator::emitMethod (275 bytes)
Event: 24.473 Thread 0x000002c3b5f67800 nmethod 13660 0x000002c3a1892190 code [0x000002c3a1892860, 0x000002c3a1895a38]
Event: 24.473 Thread 0x000002c3b5f67800 13661       3       jdk.internal.reflect.ClassFileAssembler::getMaxStack (6 bytes)
Event: 24.473 Thread 0x000002c3b5f67800 nmethod 13661 0x000002c3a1897510 code [0x000002c3a18976c0, 0x000002c3a18977d8]

GC Heap History (20 events):
Event: 18.077 GC heap after
{Heap after GC invocations=20 (full 0):
 garbage-first heap   total 187392K, used 94723K [0x0000000080000000, 0x0000000100000000)
  region size 1024K, 9 young (9216K), 9 survivors (9216K)
 Metaspace       used 87996K, capacity 90336K, committed 90632K, reserved 1128448K
  class space    used 11387K, capacity 12275K, committed 12368K, reserved 1048576K
}
Event: 19.298 GC heap before
{Heap before GC invocations=20 (full 0):
 garbage-first heap   total 187392K, used 132611K [0x0000000080000000, 0x0000000100000000)
  region size 1024K, 48 young (49152K), 9 survivors (9216K)
 Metaspace       used 88216K, capacity 90539K, committed 90632K, reserved 1128448K
  class space    used 11396K, capacity 12278K, committed 12368K, reserved 1048576K
}
Event: 19.315 GC heap after
{Heap after GC invocations=21 (full 0):
 garbage-first heap   total 187392K, used 103317K [0x0000000080000000, 0x0000000100000000)
  region size 1024K, 7 young (7168K), 7 survivors (7168K)
 Metaspace       used 88216K, capacity 90539K, committed 90632K, reserved 1128448K
  class space    used 11396K, capacity 12278K, committed 12368K, reserved 1048576K
}
Event: 19.907 GC heap before
{Heap before GC invocations=22 (full 0):
 garbage-first heap   total 187392K, used 157588K [0x0000000080000000, 0x0000000100000000)
  region size 1024K, 47 young (48128K), 7 survivors (7168K)
 Metaspace       used 90241K, capacity 92418K, committed 93064K, reserved 1130496K
  class space    used 11499K, capacity 12349K, committed 12496K, reserved 1048576K
}
Event: 19.922 GC heap after
{Heap after GC invocations=23 (full 0):
 garbage-first heap   total 187392K, used 108785K [0x0000000080000000, 0x0000000100000000)
  region size 1024K, 6 young (6144K), 6 survivors (6144K)
 Metaspace       used 90241K, capacity 92418K, committed 93064K, reserved 1130496K
  class space    used 11499K, capacity 12349K, committed 12496K, reserved 1048576K
}
Event: 20.393 GC heap before
{Heap before GC invocations=23 (full 0):
 garbage-first heap   total 187392K, used 146673K [0x0000000080000000, 0x0000000100000000)
  region size 1024K, 44 young (45056K), 6 survivors (6144K)
 Metaspace       used 91843K, capacity 94051K, committed 94728K, reserved 1132544K
  class space    used 11619K, capacity 12445K, committed 12624K, reserved 1048576K
}
Event: 20.411 GC heap after
{Heap after GC invocations=24 (full 0):
 garbage-first heap   total 187392K, used 112560K [0x0000000080000000, 0x0000000100000000)
  region size 1024K, 3 young (3072K), 3 survivors (3072K)
 Metaspace       used 91843K, capacity 94051K, committed 94728K, reserved 1132544K
  class space    used 11619K, capacity 12445K, committed 12624K, reserved 1048576K
}
Event: 20.848 GC heap before
{Heap before GC invocations=25 (full 0):
 garbage-first heap   total 187392K, used 137136K [0x0000000080000000, 0x0000000100000000)
  region size 1024K, 40 young (40960K), 3 survivors (3072K)
 Metaspace       used 92750K, capacity 94873K, committed 95624K, reserved 1132544K
  class space    used 11689K, capacity 12507K, committed 12752K, reserved 1048576K
}
Event: 20.857 GC heap after
{Heap after GC invocations=26 (full 0):
 garbage-first heap   total 187392K, used 105472K [0x0000000080000000, 0x0000000100000000)
  region size 1024K, 5 young (5120K), 5 survivors (5120K)
 Metaspace       used 92750K, capacity 94873K, committed 95624K, reserved 1132544K
  class space    used 11689K, capacity 12507K, committed 12752K, reserved 1048576K
}
Event: 20.913 GC heap before
{Heap before GC invocations=26 (full 0):
 garbage-first heap   total 187392K, used 108544K [0x0000000080000000, 0x0000000100000000)
  region size 1024K, 9 young (9216K), 5 survivors (5120K)
 Metaspace       used 92785K, capacity 94937K, committed 95624K, reserved 1132544K
  class space    used 11689K, capacity 12507K, committed 12752K, reserved 1048576K
}
Event: 20.926 GC heap after
{Heap after GC invocations=27 (full 0):
 garbage-first heap   total 187392K, used 94208K [0x0000000080000000, 0x0000000100000000)
  region size 1024K, 2 young (2048K), 2 survivors (2048K)
 Metaspace       used 92785K, capacity 94937K, committed 95624K, reserved 1132544K
  class space    used 11689K, capacity 12507K, committed 12752K, reserved 1048576K
}
Event: 22.223 GC heap before
{Heap before GC invocations=27 (full 0):
 garbage-first heap   total 187392K, used 138240K [0x0000000080000000, 0x0000000100000000)
  region size 1024K, 46 young (47104K), 2 survivors (2048K)
 Metaspace       used 95082K, capacity 97382K, committed 97928K, reserved 1134592K
  class space    used 11943K, capacity 12795K, committed 13008K, reserved 1048576K
}
Event: 22.233 GC heap after
{Heap after GC invocations=28 (full 0):
 garbage-first heap   total 187392K, used 95557K [0x0000000080000000, 0x0000000100000000)
  region size 1024K, 4 young (4096K), 4 survivors (4096K)
 Metaspace       used 95082K, capacity 97382K, committed 97928K, reserved 1134592K
  class space    used 11943K, capacity 12795K, committed 13008K, reserved 1048576K
}
Event: 23.147 GC heap before
{Heap before GC invocations=29 (full 0):
 garbage-first heap   total 187392K, used 138565K [0x0000000080000000, 0x0000000100000000)
  region size 1024K, 49 young (50176K), 4 survivors (4096K)
 Metaspace       used 98180K, capacity 100461K, committed 100872K, reserved 1136640K
  class space    used 12352K, capacity 13180K, committed 13392K, reserved 1048576K
}
Event: 23.153 GC heap after
{Heap after GC invocations=30 (full 0):
 garbage-first heap   total 187392K, used 92829K [0x0000000080000000, 0x0000000100000000)
  region size 1024K, 3 young (3072K), 3 survivors (3072K)
 Metaspace       used 98180K, capacity 100461K, committed 100872K, reserved 1136640K
  class space    used 12352K, capacity 13180K, committed 13392K, reserved 1048576K
}
Event: 23.319 GC heap before
{Heap before GC invocations=30 (full 0):
 garbage-first heap   total 187392K, used 98973K [0x0000000080000000, 0x0000000100000000)
  region size 1024K, 9 young (9216K), 3 survivors (3072K)
 Metaspace       used 98378K, capacity 100592K, committed 101128K, reserved 1136640K
  class space    used 12354K, capacity 13181K, committed 13392K, reserved 1048576K
}
Event: 23.326 GC heap after
{Heap after GC invocations=31 (full 0):
 garbage-first heap   total 187392K, used 81291K [0x0000000080000000, 0x0000000100000000)
  region size 1024K, 2 young (2048K), 2 survivors (2048K)
 Metaspace       used 98378K, capacity 100592K, committed 101128K, reserved 1136640K
  class space    used 12354K, capacity 13181K, committed 13392K, reserved 1048576K
}
Event: 24.057 GC heap before
{Heap before GC invocations=31 (full 0):
 garbage-first heap   total 187392K, used 133515K [0x0000000080000000, 0x0000000100000000)
  region size 1024K, 54 young (55296K), 2 survivors (2048K)
 Metaspace       used 99743K, capacity 102006K, committed 102280K, reserved 1138688K
  class space    used 12505K, capacity 13338K, committed 13520K, reserved 1048576K
}
Event: 24.066 GC heap after
{Heap after GC invocations=32 (full 0):
 garbage-first heap   total 187392K, used 84472K [0x0000000080000000, 0x0000000100000000)
  region size 1024K, 6 young (6144K), 6 survivors (6144K)
 Metaspace       used 99743K, capacity 102006K, committed 102280K, reserved 1138688K
  class space    used 12505K, capacity 13338K, committed 13520K, reserved 1048576K
}
Event: 24.477 GC heap before
{Heap before GC invocations=32 (full 0):
 garbage-first heap   total 187392K, used 122360K [0x0000000080000000, 0x0000000100000000)
  region size 1024K, 41 young (41984K), 6 survivors (6144K)
 Metaspace       used 100587K, capacity 102918K, committed 103048K, reserved 1138688K
  class space    used 12608K, capacity 13476K, committed 13520K, reserved 1048576K
}

Deoptimization events (20 events):
Event: 24.359 Thread 0x000002c3bbab5000 Uncommon trap: trap_request=0xffffffde fr.pc=0x000002c3a785a3ac relative=0x00000000000000ec
Event: 24.359 Thread 0x000002c3bbab5000 Uncommon trap: reason=class_check action=maybe_recompile pc=0x000002c3a785a3ac method=java.util.regex.Pattern$CharPredicate.lambda$negate$3(I)Z @ 2 c2
Event: 24.359 Thread 0x000002c3bbab5000 DEOPT PACKING pc=0x000002c3a785a3ac sp=0x000000f6450f9f10
Event: 24.359 Thread 0x000002c3bbab5000 DEOPT UNPACKING pc=0x000002c39f5c85af sp=0x000000f6450f9e30 mode 2
Event: 24.365 Thread 0x000002c3bc199000 Uncommon trap: trap_request=0xffffffde fr.pc=0x000002c3a7907be0 relative=0x0000000000000b40
Event: 24.365 Thread 0x000002c3bc199000 Uncommon trap: reason=class_check action=maybe_recompile pc=0x000002c3a7907be0 method=com.android.tools.build.apkzlib.zip.ZipField.checkVerifiesInvariants(J)V @ 25 c2
Event: 24.365 Thread 0x000002c3bc199000 DEOPT PACKING pc=0x000002c3a7907be0 sp=0x000000f645cfdae0
Event: 24.365 Thread 0x000002c3bc199000 DEOPT UNPACKING pc=0x000002c39f5c85af sp=0x000000f645cfdaa8 mode 2
Event: 24.399 Thread 0x000002c3bc1a0800 Uncommon trap: trap_request=0xffffff4d fr.pc=0x000002c3a77d07dc relative=0x0000000000005a7c
Event: 24.399 Thread 0x000002c3bc1a0800 Uncommon trap: reason=unstable_if action=reinterpret pc=0x000002c3a77d07dc method=java.io.ObjectInputStream.readSerialData(Ljava/lang/Object;Ljava/io/ObjectStreamClass;)V @ 150 c2
Event: 24.399 Thread 0x000002c3bc1a0800 DEOPT PACKING pc=0x000002c3a77d07dc sp=0x000000f6462fd0d0
Event: 24.399 Thread 0x000002c3bc1a0800 DEOPT UNPACKING pc=0x000002c39f5c85af sp=0x000000f6462fd140 mode 2
Event: 24.403 Thread 0x000002c3bbab5000 Uncommon trap: trap_request=0xffffff4d fr.pc=0x000002c3a748ca8c relative=0x00000000000005ec
Event: 24.403 Thread 0x000002c3bbab5000 Uncommon trap: reason=unstable_if action=reinterpret pc=0x000002c3a748ca8c method=java.lang.Class.getTypeName()Ljava/lang/String; @ 23 c2
Event: 24.403 Thread 0x000002c3bbab5000 DEOPT PACKING pc=0x000002c3a748ca8c sp=0x000000f6450f9c20
Event: 24.403 Thread 0x000002c3bbab5000 DEOPT UNPACKING pc=0x000002c39f5c85af sp=0x000000f6450f9be8 mode 2
Event: 24.438 Thread 0x000002c3b9aa8000 Uncommon trap: trap_request=0xffffffc6 fr.pc=0x000002c3a71a16e8 relative=0x0000000000000a48
Event: 24.439 Thread 0x000002c3b9aa8000 Uncommon trap: reason=bimorphic_or_optimized_type_check action=maybe_recompile pc=0x000002c3a71a16e8 method=java.io.DataOutputStream.writeShort(I)V @ 12 c2
Event: 24.439 Thread 0x000002c3b9aa8000 DEOPT PACKING pc=0x000002c3a71a16e8 sp=0x000000f63ebfe7a0
Event: 24.439 Thread 0x000002c3b9aa8000 DEOPT UNPACKING pc=0x000002c39f5c85af sp=0x000000f63ebfe7a8 mode 2

Classes redefined (0 events):
No events

Internal exceptions (20 events):
Event: 21.654 Thread 0x000002c3bbab1800 Exception <a 'sun/nio/fs/WindowsException'{0x0000000089bae388}> (0x0000000089bae388) thrown at [./src/hotspot/share/prims/jni.cpp, line 615]
Event: 21.654 Thread 0x000002c3bbab1800 Exception <a 'sun/nio/fs/WindowsException'{0x0000000089bae6a8}> (0x0000000089bae6a8) thrown at [./src/hotspot/share/prims/jni.cpp, line 615]
Event: 21.654 Thread 0x000002c3bbab1800 Exception <a 'sun/nio/fs/WindowsException'{0x0000000089bb05e0}> (0x0000000089bb05e0) thrown at [./src/hotspot/share/prims/jni.cpp, line 615]
Event: 21.654 Thread 0x000002c3bbab1800 Exception <a 'sun/nio/fs/WindowsException'{0x0000000089bb08e0}> (0x0000000089bb08e0) thrown at [./src/hotspot/share/prims/jni.cpp, line 615]
Event: 21.655 Thread 0x000002c3bbab1800 Exception <a 'sun/nio/fs/WindowsException'{0x0000000089bb29f0}> (0x0000000089bb29f0) thrown at [./src/hotspot/share/prims/jni.cpp, line 615]
Event: 22.016 Thread 0x000002c3bbab1800 Implicit null exception at 0x000002c3a748edf4 to 0x000002c3a748f47c
Event: 23.346 Thread 0x000002c3bbab1800 Exception <a 'sun/nio/fs/WindowsException'{0x000000008b509668}> (0x000000008b509668) thrown at [./src/hotspot/share/prims/jni.cpp, line 615]
Event: 23.346 Thread 0x000002c3bbab1800 Exception <a 'sun/nio/fs/WindowsException'{0x000000008b50a500}> (0x000000008b50a500) thrown at [./src/hotspot/share/prims/jni.cpp, line 615]
Event: 23.686 Thread 0x000002c3bbab0000 Exception <a 'java/lang/NoSuchMethodError'{0x0000000089f6df18}: 'int java.lang.invoke.DirectMethodHandle$Holder.invokeSpecial(java.lang.Object, java.lang.Object, java.lang.Object, java.lang.Object, java.lang.Object)'> (0x0000000089f6df18) thrown at [./src/hotspot/share/interpreter/linkResolver.cpp, line 773]
Event: 23.703 Thread 0x000002c3bbab0000 Exception <a 'sun/nio/fs/WindowsException'{0x0000000089e28420}> (0x0000000089e28420) thrown at [./src/hotspot/share/prims/jni.cpp, line 615]
Event: 23.703 Thread 0x000002c3bbab0000 Exception <a 'sun/nio/fs/WindowsException'{0x0000000089e292a8}> (0x0000000089e292a8) thrown at [./src/hotspot/share/prims/jni.cpp, line 615]
Event: 23.720 Thread 0x000002c3bc199000 Exception <a 'sun/nio/fs/WindowsException'{0x0000000089d35fc0}> (0x0000000089d35fc0) thrown at [./src/hotspot/share/prims/jni.cpp, line 615]
Event: 23.720 Thread 0x000002c3bc199000 Exception <a 'sun/nio/fs/WindowsException'{0x0000000089d362a8}> (0x0000000089d362a8) thrown at [./src/hotspot/share/prims/jni.cpp, line 615]
Event: 23.745 Thread 0x000002c3bbf0b000 Implicit null exception at 0x000002c3a78cc22e to 0x000002c3a78cc778
Event: 23.791 Thread 0x000002c3bbf08800 Implicit null exception at 0x000002c3a78d240f to 0x000002c3a78d2b58
Event: 24.468 Thread 0x000002c3bbab1800 Exception <a 'java/lang/NoSuchMethodError'{0x0000000089592660}: <clinit>> (0x0000000089592660) thrown at [./src/hotspot/share/prims/jni.cpp, line 1365]
Event: 24.468 Thread 0x000002c3bbab1800 Exception <a 'java/lang/NoSuchMethodError'{0x0000000089593c50}: <clinit>> (0x0000000089593c50) thrown at [./src/hotspot/share/prims/jni.cpp, line 1365]
Event: 24.469 Thread 0x000002c3bbab1800 Exception <a 'java/lang/NoSuchMethodError'{0x0000000089596850}: <clinit>> (0x0000000089596850) thrown at [./src/hotspot/share/prims/jni.cpp, line 1365]
Event: 24.476 Thread 0x000002c3bbab1800 Exception <a 'java/lang/NoSuchMethodError'{0x00000000895ad4c0}: <clinit>> (0x00000000895ad4c0) thrown at [./src/hotspot/share/prims/jni.cpp, line 1365]
Event: 24.476 Thread 0x000002c3bbab1800 Exception <a 'java/lang/NoSuchMethodError'{0x00000000895ae6f8}: <clinit>> (0x00000000895ae6f8) thrown at [./src/hotspot/share/prims/jni.cpp, line 1365]

Events (20 events):
Event: 24.416 loading class com/android/builder/utils/ExceptionConsumer done
Event: 24.416 loading class com/android/builder/dexing/ClassFileInput
Event: 24.416 loading class com/android/builder/dexing/ClassFileInput done
Event: 24.416 loading class com/android/builder/dexing/DirDexArchive
Event: 24.416 loading class com/android/builder/dexing/DirDexArchive done
Event: 24.417 loading class com/android/builder/utils/ExceptionFunction
Event: 24.417 loading class com/android/builder/utils/ExceptionFunction done
Event: 24.417 loading class com/android/builder/utils/ExceptionFunction
Event: 24.417 loading class com/android/builder/utils/ExceptionFunction done
Event: 24.418 loading class com/android/builder/utils/SynchronizedFile$LockingType
Event: 24.418 loading class com/android/builder/utils/SynchronizedFile$LockingType done
Event: 24.418 loading class com/android/tools/build/apkzlib/zip/DataDescriptorType
Event: 24.418 loading class com/android/tools/build/apkzlib/zip/DataDescriptorType done
Event: 24.418 loading class com/android/tools/build/apkzlib/zip/DataDescriptorType
Event: 24.418 loading class com/android/tools/build/apkzlib/zip/DataDescriptorType done
Event: 24.418 loading class com/android/tools/build/apkzlib/zip/StoredEntry
Event: 24.418 loading class com/android/tools/build/apkzlib/zip/StoredEntry done
Event: 24.419 Executing VM operation: RevokeBias
Event: 24.419 Executing VM operation: RevokeBias done
Event: 24.477 Executing VM operation: G1CollectForAllocation


Dynamic libraries:
0x00007ff781610000 - 0x00007ff78161a000 	C:\Program Files\Android\Android Studio\jre\bin\java.exe
0x00007ff9512b0000 - 0x00007ff9514a8000 	C:\WINDOWS\SYSTEM32\ntdll.dll
0x00007ff950b40000 - 0x00007ff950bfd000 	C:\WINDOWS\System32\KERNEL32.DLL
0x00007ff94eb00000 - 0x00007ff94edce000 	C:\WINDOWS\System32\KERNELBASE.dll
0x00007ff94f0b0000 - 0x00007ff94f1b0000 	C:\WINDOWS\System32\ucrtbase.dll
0x00007ff9434a0000 - 0x00007ff9434b7000 	C:\Program Files\Android\Android Studio\jre\bin\VCRUNTIME140.dll
0x00007ff9366c0000 - 0x00007ff9366d9000 	C:\Program Files\Android\Android Studio\jre\bin\jli.dll
0x00007ff94f390000 - 0x00007ff94f530000 	C:\WINDOWS\System32\USER32.dll
0x00007ff94ead0000 - 0x00007ff94eaf2000 	C:\WINDOWS\System32\win32u.dll
0x00007ff93a100000 - 0x00007ff93a39a000 	C:\WINDOWS\WinSxS\amd64_microsoft.windows.common-controls_6595b64144ccf1df_6.0.19041.1110_none_60b5254171f9507e\COMCTL32.dll
0x00007ff94f530000 - 0x00007ff94f55a000 	C:\WINDOWS\System32\GDI32.dll
0x00007ff950c00000 - 0x00007ff950c9e000 	C:\WINDOWS\System32\msvcrt.dll
0x00007ff94ee40000 - 0x00007ff94ef4b000 	C:\WINDOWS\System32\gdi32full.dll
0x00007ff94efe0000 - 0x00007ff94f07d000 	C:\WINDOWS\System32\msvcp_win.dll
0x00007ff950b10000 - 0x00007ff950b40000 	C:\WINDOWS\System32\IMM32.DLL
0x00007ff934df0000 - 0x00007ff934e8d000 	C:\Program Files\Android\Android Studio\jre\bin\msvcp140.dll
0x00007ff8ed7b0000 - 0x00007ff8ee295000 	C:\Program Files\Android\Android Studio\jre\bin\server\jvm.dll
0x00007ff94fa10000 - 0x00007ff94fabe000 	C:\WINDOWS\System32\ADVAPI32.dll
0x00007ff94f570000 - 0x00007ff94f60c000 	C:\WINDOWS\System32\sechost.dll
0x00007ff951140000 - 0x00007ff951265000 	C:\WINDOWS\System32\RPCRT4.dll
0x00007ff94fbe0000 - 0x00007ff94fbe8000 	C:\WINDOWS\System32\PSAPI.DLL
0x00007ff949ed0000 - 0x00007ff949ed9000 	C:\WINDOWS\SYSTEM32\WSOCK32.dll
0x00007ff945210000 - 0x00007ff94521a000 	C:\WINDOWS\SYSTEM32\VERSION.dll
0x00007ff9388a0000 - 0x00007ff9388c7000 	C:\WINDOWS\SYSTEM32\WINMM.dll
0x00007ff9508f0000 - 0x00007ff95095b000 	C:\WINDOWS\System32\WS2_32.dll
0x00007ff94d220000 - 0x00007ff94d232000 	C:\WINDOWS\SYSTEM32\kernel.appcore.dll
0x00007ff945c60000 - 0x00007ff945c71000 	C:\Program Files\Android\Android Studio\jre\bin\verify.dll
0x00007ff94c620000 - 0x00007ff94c804000 	C:\WINDOWS\SYSTEM32\DBGHELP.DLL
0x00007ff93b8c0000 - 0x00007ff93b8ec000 	C:\WINDOWS\SYSTEM32\dbgcore.DLL
0x00007ff94ef50000 - 0x00007ff94efd2000 	C:\WINDOWS\System32\bcryptPrimitives.dll
0x00007ff945c30000 - 0x00007ff945c59000 	C:\Program Files\Android\Android Studio\jre\bin\java.dll
0x00007ff949ec0000 - 0x00007ff949ecb000 	C:\Program Files\Android\Android Studio\jre\bin\jimage.dll
0x00007ff936670000 - 0x00007ff936688000 	C:\Program Files\Android\Android Studio\jre\bin\zip.dll
0x00007ff94fc00000 - 0x00007ff950344000 	C:\WINDOWS\System32\SHELL32.dll
0x00007ff94ca70000 - 0x00007ff94d204000 	C:\WINDOWS\SYSTEM32\windows.storage.dll
0x00007ff950ca0000 - 0x00007ff950ff4000 	C:\WINDOWS\System32\combase.dll
0x00007ff94e430000 - 0x00007ff94e460000 	C:\WINDOWS\SYSTEM32\Wldp.dll
0x00007ff950a60000 - 0x00007ff950b0d000 	C:\WINDOWS\System32\SHCORE.dll
0x00007ff94fac0000 - 0x00007ff94fb15000 	C:\WINDOWS\System32\shlwapi.dll
0x00007ff94e910000 - 0x00007ff94e92f000 	C:\WINDOWS\SYSTEM32\profapi.dll
0x00007ff936650000 - 0x00007ff93666a000 	C:\Program Files\Android\Android Studio\jre\bin\net.dll
0x00007ff946bc0000 - 0x00007ff946cca000 	C:\WINDOWS\SYSTEM32\WINHTTP.dll
0x00007ff94e190000 - 0x00007ff94e1fa000 	C:\WINDOWS\system32\mswsock.dll
0x00007ff936460000 - 0x00007ff936474000 	C:\Program Files\Android\Android Studio\jre\bin\nio.dll
0x00007ff9363e0000 - 0x00007ff936407000 	C:\Users\shail\.gradle\native\e1d6ef7f7dcc3fd88c89a11ec53ec762bb8ba0a96d01ffa2cd45eb1d1d8dd5c5\windows-amd64\native-platform.dll
0x00007ff9232f0000 - 0x00007ff923434000 	C:\Users\shail\.gradle\native\5664cfc778a61ccfe75a443a1ab52a65af34e5dc3c78e0209fed803814484fcb\windows-amd64\native-platform-file-events.dll
0x00007ff945c20000 - 0x00007ff945c2a000 	C:\Program Files\Android\Android Studio\jre\bin\management.dll
0x00007ff9433f0000 - 0x00007ff9433fd000 	C:\Program Files\Android\Android Studio\jre\bin\management_ext.dll
0x00007ff94e380000 - 0x00007ff94e398000 	C:\WINDOWS\SYSTEM32\CRYPTSP.dll
0x00007ff94da60000 - 0x00007ff94da94000 	C:\WINDOWS\system32\rsaenh.dll
0x00007ff94f080000 - 0x00007ff94f0a7000 	C:\WINDOWS\System32\bcrypt.dll
0x00007ff94e890000 - 0x00007ff94e8be000 	C:\WINDOWS\SYSTEM32\USERENV.dll
0x00007ff94e3a0000 - 0x00007ff94e3ac000 	C:\WINDOWS\SYSTEM32\CRYPTBASE.dll
0x00007ff94de10000 - 0x00007ff94de4b000 	C:\WINDOWS\SYSTEM32\IPHLPAPI.DLL
0x00007ff94f560000 - 0x00007ff94f568000 	C:\WINDOWS\System32\NSI.dll
0x00007ff942ac0000 - 0x00007ff942ad7000 	C:\WINDOWS\SYSTEM32\dhcpcsvc6.DLL
0x00007ff9446f0000 - 0x00007ff94470d000 	C:\WINDOWS\SYSTEM32\dhcpcsvc.DLL
0x00007ff94de80000 - 0x00007ff94df4a000 	C:\WINDOWS\SYSTEM32\DNSAPI.dll
0x00007ff935970000 - 0x00007ff935b15000 	C:\Program Files\Android\Android Studio\jre\bin\awt.dll
0x00007ff94f940000 - 0x00007ff94fa0d000 	C:\WINDOWS\System32\OLEAUT32.dll
0x00007ff94c1e0000 - 0x00007ff94c20f000 	C:\WINDOWS\SYSTEM32\dwmapi.dll
0x00007ff94bef0000 - 0x00007ff94bf80000 	C:\WINDOWS\SYSTEM32\apphelp.dll
0x00007ff94bff0000 - 0x00007ff94c08e000 	C:\WINDOWS\system32\uxtheme.dll
0x00007ff94d690000 - 0x00007ff94d6c3000 	C:\WINDOWS\SYSTEM32\ntmarta.dll

dbghelp: loaded successfully - version: 4.0.5 - missing functions: none
symbol engine: initialized successfully - sym options: 0x614 - pdb path: .;C:\Program Files\Android\Android Studio\jre\bin;C:\WINDOWS\SYSTEM32;C:\WINDOWS\WinSxS\amd64_microsoft.windows.common-controls_6595b64144ccf1df_6.0.19041.1110_none_60b5254171f9507e;C:\Program Files\Android\Android Studio\jre\bin\server;C:\Users\shail\.gradle\native\e1d6ef7f7dcc3fd88c89a11ec53ec762bb8ba0a96d01ffa2cd45eb1d1d8dd5c5\windows-amd64;C:\Users\shail\.gradle\native\5664cfc778a61ccfe75a443a1ab52a65af34e5dc3c78e0209fed803814484fcb\windows-amd64

VM Arguments:
jvm_args: --add-opens=java.base/java.util=ALL-UNNAMED --add-opens=java.base/java.lang=ALL-UNNAMED --add-opens=java.base/java.lang.invoke=ALL-UNNAMED --add-opens=java.base/java.util=ALL-UNNAMED --add-opens=java.prefs/java.util.prefs=ALL-UNNAMED --add-opens=java.prefs/java.util.prefs=ALL-UNNAMED --add-opens=java.base/java.nio.charset=ALL-UNNAMED --add-opens=java.base/java.net=ALL-UNNAMED --add-opens=java.base/java.util.concurrent.atomic=ALL-UNNAMED -Xmx2048m -Dfile.encoding=UTF-8 -Duser.country=IN -Duser.language=en -Duser.variant 
java_command: org.gradle.launcher.daemon.bootstrap.GradleDaemon 7.3.3
java_class_path (initial): C:\Users\shail\.gradle\wrapper\dists\gradle-7.3.3-bin\6a41zxkdtcxs8rphpq6y0069z\gradle-7.3.3\lib\gradle-launcher-7.3.3.jar
Launcher Type: SUN_STANDARD

[Global flags]
     intx CICompilerCount                          = 4                                         {product} {ergonomic}
     uint ConcGCThreads                            = 2                                         {product} {ergonomic}
     uint G1ConcRefinementThreads                  = 8                                         {product} {ergonomic}
   size_t G1HeapRegionSize                         = 1048576                                   {product} {ergonomic}
    uintx GCDrainStackTargetSize                   = 64                                        {product} {ergonomic}
   size_t InitialHeapSize                          = 132120576                                 {product} {ergonomic}
   size_t MarkStackSize                            = 4194304                                   {product} {ergonomic}
   size_t MaxHeapSize                              = 2147483648                                {product} {command line}
   size_t MaxNewSize                               = 1287651328                                {product} {ergonomic}
   size_t MinHeapDeltaBytes                        = 1048576                                   {product} {ergonomic}
    uintx NonNMethodCodeHeapSize                   = 5836300                                {pd product} {ergonomic}
    uintx NonProfiledCodeHeapSize                  = 122910970                              {pd product} {ergonomic}
    uintx ProfiledCodeHeapSize                     = 122910970                              {pd product} {ergonomic}
    uintx ReservedCodeCacheSize                    = 251658240                              {pd product} {ergonomic}
     bool SegmentedCodeCache                       = true                                      {product} {ergonomic}
     bool UseCompressedClassPointers               = true                                 {lp64_product} {ergonomic}
     bool UseCompressedOops                        = true                                 {lp64_product} {ergonomic}
     bool UseG1GC                                  = true                                      {product} {ergonomic}
     bool UseLargePagesIndividualAllocation        = false                                  {pd product} {ergonomic}

Logging:
Log output configuration:
 #0: stdout all=warning uptime,level,tags
 #1: stderr all=off uptime,level,tags

Environment Variables:
JAVA_HOME=C:\Program Files\Java\jdk-18.0.2
PATH=C:\Windows\system32;C:\Windows;C:\Windows\System32\Wbem;C:\Windows\System32\WindowsPowerShell\v1.0\;C:\Windows\System32\OpenSSH\;C:\Program Files\NVIDIA Corporation\NVIDIA NvDLISR;C:\WINDOWS\system32;C:\WINDOWS;C:\WINDOWS\System32\Wbem;C:\WINDOWS\System32\WindowsPowerShell\v1.0\;C:\WINDOWS\System32\OpenSSH\;C:\Program Files\Java\jdk-18.0.2.1\bin;C:\MinGW\bin;C:\Users\shail\AppData\Local\Microsoft\WindowsApps;;C:\Users\shail\AppData\Local\Programs\Microsoft VS Code\bin
USERNAME=shail
OS=Windows_NT
PROCESSOR_IDENTIFIER=Intel64 Family 6 Model 126 Stepping 5, GenuineIntel



---------------  S Y S T E M  ---------------

OS: Windows 10 , 64 bit Build 19041 (10.0.19041.1889)
OS uptime: 0 days 1:55 hours
Hyper-V role detected

CPU:total 8 (initial active 8) (4 cores per cpu, 2 threads per core) family 6 model 126 stepping 5 microcode 0xb0, cmov, cx8, fxsr, mmx, sse, sse2, sse3, ssse3, sse4.1, sse4.2, popcnt, avx, avx2, aes, clmul, erms, 3dnowpref, lzcnt, ht, tsc, tscinvbit, bmi1, bmi2, adx, evex, sha, fma

Memory: 4k page, system-wide physical 7959M (860M free)
TotalPageFile size 7959M (AvailPageFile size 33M)
current process WorkingSet (physical memory assigned to process): 504M, peak: 505M
current process commit charge ("private bytes"): 542M, peak: 579M

vm_info: OpenJDK 64-Bit Server VM (11.0.12+7-b1504.28-7817840) for windows-amd64 JRE (11.0.12+7-b1504.28-7817840), built on Oct 13 2021 22:12:33 by "builder" with MS VC++ 14.0 (VS2015)

END.
