#
# There is insufficient memory for the Java Runtime Environment to continue.
# Native memory allocation (malloc) failed to allocate 67376 bytes for Chunk::new
# Possible reasons:
#   The system is out of physical RAM or swap space
#   The process is running with CompressedOops enabled, and the Java Heap may be blocking the growth of the native heap
# Possible solutions:
#   Reduce memory load on the system
#   Increase physical memory or swap space
#   Check if swap backing store is full
#   Decrease Java heap size (-Xmx/-Xms)
#   Decrease number of Java threads
#   Decrease Java thread stack sizes (-Xss)
#   Set larger code cache with -XX:ReservedCodeCacheSize=
#   JVM is running with Unscaled Compressed Oops mode in which the Java heap is
#     placed in the first 4GB address space. The Java Heap base address is the
#     maximum limit for the native heap growth. Please use -XX:HeapBaseMinAddress
#     to set the Java Heap base and to place the Java Heap above 4GB virtual address.
# This output file may be truncated or incomplete.
#
#  Out of Memory Error (./src/hotspot/share/memory/arena.cpp:197), pid=13460, tid=11276
#
# JRE version: OpenJDK Runtime Environment (11.0.12+7) (build 11.0.12+7-b1504.28-7817840)
# Java VM: OpenJDK 64-Bit Server VM (11.0.12+7-b1504.28-7817840, mixed mode, tiered, compressed oops, g1 gc, windows-amd64)
# No core dump will be written. Minidumps are not enabled by default on client versions of Windows
#

---------------  S U M M A R Y ------------

Command Line: --add-opens=java.base/java.util=ALL-UNNAMED --add-opens=java.base/java.lang=ALL-UNNAMED --add-opens=java.base/java.lang.invoke=ALL-UNNAMED --add-opens=java.base/java.util=ALL-UNNAMED --add-opens=java.prefs/java.util.prefs=ALL-UNNAMED --add-opens=java.prefs/java.util.prefs=ALL-UNNAMED --add-opens=java.base/java.nio.charset=ALL-UNNAMED --add-opens=java.base/java.net=ALL-UNNAMED --add-opens=java.base/java.util.concurrent.atomic=ALL-UNNAMED -Xmx2048m -Dfile.encoding=UTF-8 -Duser.country=IN -Duser.language=en -Duser.variant org.gradle.launcher.daemon.bootstrap.GradleDaemon 7.3.3

Host: Intel(R) Core(TM) i5-1035G1 CPU @ 1.00GHz, 8 cores, 7G,  Windows 10 , 64 bit Build 19041 (10.0.19041.1889)
Time: Wed Aug 24 10:29:46 2022 India Standard Time elapsed time: 44.149855 seconds (0d 0h 0m 44s)

---------------  T H R E A D  ---------------

Current thread (0x000001b1449a3000):  JavaThread "C2 CompilerThread0" daemon [_thread_in_native, id=11276, stack(0x000000271fc00000,0x000000271fd00000)]


Current CompileTask:
C2:  44149 6507 %     4       java.util.zip.ZipFile$Source::initCEN @ 228 (697 bytes)

Stack: [0x000000271fc00000,0x000000271fd00000]
Native frames: (J=compiled Java code, j=interpreted, Vv=VM code, C=native code)
V  [jvm.dll+0x5fbcea]
V  [jvm.dll+0x731905]
V  [jvm.dll+0x732f1d]
V  [jvm.dll+0x7335d3]
V  [jvm.dll+0x247bf8]
V  [jvm.dll+0xc018c]
V  [jvm.dll+0xc06cc]
V  [jvm.dll+0x4f525d]
V  [jvm.dll+0x328832]
V  [jvm.dll+0x327cfa]
V  [jvm.dll+0x200602]
V  [jvm.dll+0x1ff794]
V  [jvm.dll+0x18868c]
V  [jvm.dll+0x20e0d7]
V  [jvm.dll+0x20c901]
V  [jvm.dll+0x6f9b7f]
V  [jvm.dll+0x6f26a5]
V  [jvm.dll+0x5fabf6]
C  [ucrtbase.dll+0x21bb2]
C  [KERNEL32.DLL+0x17034]
C  [ntdll.dll+0x52651]


---------------  P R O C E S S  ---------------

Threads class SMR info:
_java_thread_list=0x000001b14da039d0, length=121, elements={
0x000001b129d0a000, 0x000001b144982800, 0x000001b144984000, 0x000001b145303800,
0x000001b14499e000, 0x000001b1449a0000, 0x000001b1449a3000, 0x000001b1449a4800,
0x000001b145348800, 0x000001b145454000, 0x000001b147bca800, 0x000001b1479a8800,
0x000001b146c18800, 0x000001b146240800, 0x000001b1464eb800, 0x000001b1472ae800,
0x000001b1469da800, 0x000001b146b9c000, 0x000001b1457c5800, 0x000001b146a5f000,
0x000001b146a60000, 0x000001b146a5d800, 0x000001b146a5d000, 0x000001b146a61000,
0x000001b146a5e800, 0x000001b146a63800, 0x000001b146a61800, 0x000001b146a62800,
0x000001b148195800, 0x000001b148196000, 0x000001b148192000, 0x000001b148197000,
0x000001b148194800, 0x000001b148191800, 0x000001b148193800, 0x000001b148198000,
0x000001b148198800, 0x000001b148193000, 0x000001b14819d800, 0x000001b14819c800,
0x000001b148199800, 0x000001b14819a000, 0x000001b14819e800, 0x000001b1481a0000,
0x000001b14819b000, 0x000001b14b132800, 0x000001b14b12e800, 0x000001b14b130800,
0x000001b14b12f800, 0x000001b14b133800, 0x000001b14b132000, 0x000001b14b131000,
0x000001b14b12e000, 0x000001b14b137000, 0x000001b14b134800, 0x000001b14b135000,
0x000001b14b137800, 0x000001b14b138800, 0x000001b14b139800, 0x000001b14b13a000,
0x000001b14b13b000, 0x000001b14b136000, 0x000001b14b13b800, 0x000001b14b13c800,
0x000001b148003800, 0x000001b148004800, 0x000001b148002000, 0x000001b148003000,
0x000001b148005800, 0x000001b148007000, 0x000001b148006000, 0x000001b148001000,
0x000001b14800b000, 0x000001b14800d800, 0x000001b148008000, 0x000001b14800e800,
0x000001b148008800, 0x000001b14800f000, 0x000001b14800c000, 0x000001b148009800,
0x000001b148010000, 0x000001b14800a000, 0x000001b14800c800, 0x000001b14796c800,
0x000001b14796f000, 0x000001b147970000, 0x000001b14796b000, 0x000001b14796d800,
0x000001b147971800, 0x000001b14796c000, 0x000001b147973800, 0x000001b147974000,
0x000001b147971000, 0x000001b147972800, 0x000001b14796e800, 0x000001b147979000,
0x000001b147975800, 0x000001b147976800, 0x000001b147977800, 0x000001b147975000,
0x000001b14797a000, 0x000001b147978000, 0x000001b1488d0000, 0x000001b1488d6800,
0x000001b1488d1000, 0x000001b1488d3800, 0x000001b1488d7800, 0x000001b1488d2000,
0x000001b1488d4800, 0x000001b1488d8800, 0x000001b1488d5000, 0x000001b1488d2800,
0x000001b1488db800, 0x000001b1488da000, 0x000001b1488d9000, 0x000001b1488db000,
0x000001b1488d6000, 0x000001b1488dc800, 0x000001b1488dd800, 0x000001b1488de000,
0x000001b1488df000
}

Java Threads: ( => current thread )
  0x000001b129d0a000 JavaThread "main" [_thread_blocked, id=11052, stack(0x000000271f000000,0x000000271f100000)]
  0x000001b144982800 JavaThread "Reference Handler" daemon [_thread_blocked, id=6096, stack(0x000000271f700000,0x000000271f800000)]
  0x000001b144984000 JavaThread "Finalizer" daemon [_thread_blocked, id=9304, stack(0x000000271f800000,0x000000271f900000)]
  0x000001b145303800 JavaThread "Signal Dispatcher" daemon [_thread_blocked, id=14656, stack(0x000000271f900000,0x000000271fa00000)]
  0x000001b14499e000 JavaThread "Attach Listener" daemon [_thread_blocked, id=328, stack(0x000000271fa00000,0x000000271fb00000)]
  0x000001b1449a0000 JavaThread "Service Thread" daemon [_thread_blocked, id=13368, stack(0x000000271fb00000,0x000000271fc00000)]
=>0x000001b1449a3000 JavaThread "C2 CompilerThread0" daemon [_thread_in_native, id=11276, stack(0x000000271fc00000,0x000000271fd00000)]
  0x000001b1449a4800 JavaThread "C1 CompilerThread0" daemon [_thread_blocked, id=8888, stack(0x000000271fd00000,0x000000271fe00000)]
  0x000001b145348800 JavaThread "Sweeper thread" daemon [_thread_blocked, id=13448, stack(0x000000271fe00000,0x000000271ff00000)]
  0x000001b145454000 JavaThread "Common-Cleaner" daemon [_thread_blocked, id=17676, stack(0x000000271ff00000,0x0000002720000000)]
  0x000001b147bca800 JavaThread "Daemon health stats" [_thread_blocked, id=14756, stack(0x0000002720400000,0x0000002720500000)]
  0x000001b1479a8800 JavaThread "Incoming local TCP Connector on port 62661" [_thread_in_native, id=13252, stack(0x0000002720300000,0x0000002720400000)]
  0x000001b146c18800 JavaThread "Daemon periodic checks" [_thread_blocked, id=19316, stack(0x0000002720500000,0x0000002720600000)]
  0x000001b146240800 JavaThread "Daemon" [_thread_blocked, id=1668, stack(0x0000002720600000,0x0000002720700000)]
  0x000001b1464eb800 JavaThread "Handler for socket connection from /127.0.0.1:62661 to /127.0.0.1:62662" [_thread_in_native, id=18272, stack(0x0000002720700000,0x0000002720800000)]
  0x000001b1472ae800 JavaThread "Cancel handler" [_thread_blocked, id=17660, stack(0x0000002720800000,0x0000002720900000)]
  0x000001b1469da800 JavaThread "Daemon worker" [_thread_in_Java, id=17716, stack(0x0000002720900000,0x0000002720a00000)]
  0x000001b146b9c000 JavaThread "Asynchronous log dispatcher for DefaultDaemonConnection: socket connection from /127.0.0.1:62661 to /127.0.0.1:62662" [_thread_blocked, id=12444, stack(0x0000002720a00000,0x0000002720b00000)]
  0x000001b1457c5800 JavaThread "Stdin handler" [_thread_blocked, id=10380, stack(0x0000002720b00000,0x0000002720c00000)]
  0x000001b146a5f000 JavaThread "Daemon client event forwarder" [_thread_blocked, id=17976, stack(0x0000002720c00000,0x0000002720d00000)]
  0x000001b146a60000 JavaThread "Cache worker for journal cache (C:\Users\shail\.gradle\caches\journal-1)" [_thread_blocked, id=18740, stack(0x0000002721200000,0x0000002721300000)]
  0x000001b146a5d800 JavaThread "File lock request listener" [_thread_in_native, id=10008, stack(0x0000002721300000,0x0000002721400000)]
  0x000001b146a5d000 JavaThread "Cache worker for file hash cache (C:\Users\shail\.gradle\caches\7.3.3\fileHashes)" [_thread_blocked, id=7208, stack(0x0000002721500000,0x0000002721600000)]
  0x000001b146a61000 JavaThread "Cache worker for file hash cache (C:\Users\shail\AndroidStudioProjects\Textviewchange\.gradle\7.3.3\fileHashes)" [_thread_blocked, id=12232, stack(0x0000002721600000,0x0000002721700000)]
  0x000001b146a5e800 JavaThread "File watcher server" daemon [_thread_in_native, id=16672, stack(0x0000002721800000,0x0000002721900000)]
  0x000001b146a63800 JavaThread "File watcher consumer" daemon [_thread_blocked, id=2064, stack(0x0000002721900000,0x0000002721a00000)]
  0x000001b146a61800 JavaThread "jar transforms" [_thread_blocked, id=18384, stack(0x0000002721700000,0x0000002721800000)]
  0x000001b146a62800 JavaThread "jar transforms Thread 2" [_thread_blocked, id=10200, stack(0x0000002721a00000,0x0000002721b00000)]
  0x000001b148195800 JavaThread "jar transforms Thread 3" [_thread_blocked, id=17664, stack(0x0000002721b00000,0x0000002721c00000)]
  0x000001b148196000 JavaThread "jar transforms Thread 4" [_thread_blocked, id=10932, stack(0x0000002721c00000,0x0000002721d00000)]
  0x000001b148192000 JavaThread "jar transforms Thread 5" [_thread_blocked, id=8904, stack(0x0000002721d00000,0x0000002721e00000)]
  0x000001b148197000 JavaThread "jar transforms Thread 6" [_thread_blocked, id=1708, stack(0x0000002721e00000,0x0000002721f00000)]
  0x000001b148194800 JavaThread "jar transforms Thread 7" [_thread_blocked, id=14540, stack(0x0000002721f00000,0x0000002722000000)]
  0x000001b148191800 JavaThread "jar transforms Thread 8" [_thread_blocked, id=14276, stack(0x0000002722000000,0x0000002722100000)]
  0x000001b148193800 JavaThread "Cache worker for checksums cache (C:\Users\shail\AndroidStudioProjects\Textviewchange\.gradle\7.3.3\checksums)" [_thread_blocked, id=16900, stack(0x0000002722100000,0x0000002722200000)]
  0x000001b148198000 JavaThread "Cache worker for cache directory md-supplier (C:\Users\shail\.gradle\caches\7.3.3\md-supplier)" [_thread_blocked, id=18896, stack(0x0000002722200000,0x0000002722300000)]
  0x000001b148198800 JavaThread "Cache worker for cache directory md-rule (C:\Users\shail\.gradle\caches\7.3.3\md-rule)" [_thread_blocked, id=10568, stack(0x0000002722300000,0x0000002722400000)]
  0x000001b148193000 JavaThread "Cache worker for execution history cache (C:\Users\shail\.gradle\caches\7.3.3\executionHistory)" [_thread_blocked, id=13288, stack(0x0000002722400000,0x0000002722500000)]
  0x000001b14819d800 JavaThread "Cache worker for file content cache (C:\Users\shail\.gradle\caches\7.3.3\fileContent)" [_thread_blocked, id=17968, stack(0x0000002722700000,0x0000002722800000)]
  0x000001b14819c800 JavaThread "Cache worker for dependencies-accessors (C:\Users\shail\AndroidStudioProjects\Textviewchange\.gradle\7.3.3\dependencies-accessors)" [_thread_blocked, id=12216, stack(0x0000002722600000,0x0000002722700000)]
  0x000001b148199800 JavaThread "Cache worker for Build Output Cleanup Cache (C:\Users\shail\AndroidStudioProjects\Textviewchange\.gradle\buildOutputCleanup)" [_thread_blocked, id=13820, stack(0x0000002722500000,0x0000002722600000)]
  0x000001b14819a000 JavaThread "Unconstrained build operations" [_thread_blocked, id=16484, stack(0x0000002722800000,0x0000002722900000)]
  0x000001b14819e800 JavaThread "Unconstrained build operations Thread 2" [_thread_blocked, id=1560, stack(0x0000002722900000,0x0000002722a00000)]
  0x000001b1481a0000 JavaThread "Unconstrained build operations Thread 3" [_thread_blocked, id=18932, stack(0x0000002722a00000,0x0000002722b00000)]
  0x000001b14819b000 JavaThread "Unconstrained build operations Thread 4" [_thread_blocked, id=19028, stack(0x0000002722b00000,0x0000002722c00000)]
  0x000001b14b132800 JavaThread "Unconstrained build operations Thread 5" [_thread_blocked, id=13720, stack(0x0000002722c00000,0x0000002722d00000)]
  0x000001b14b12e800 JavaThread "Unconstrained build operations Thread 6" [_thread_blocked, id=9312, stack(0x0000002722d00000,0x0000002722e00000)]
  0x000001b14b130800 JavaThread "Unconstrained build operations Thread 7" [_thread_blocked, id=14448, stack(0x0000002722e00000,0x0000002722f00000)]
  0x000001b14b12f800 JavaThread "Unconstrained build operations Thread 8" [_thread_blocked, id=3224, stack(0x0000002722f00000,0x0000002723000000)]
  0x000001b14b133800 JavaThread "Unconstrained build operations Thread 9" [_thread_blocked, id=10980, stack(0x0000002723000000,0x0000002723100000)]
  0x000001b14b132000 JavaThread "Unconstrained build operations Thread 10" [_thread_blocked, id=19336, stack(0x0000002723100000,0x0000002723200000)]
  0x000001b14b131000 JavaThread "Unconstrained build operations Thread 11" [_thread_blocked, id=16856, stack(0x0000002723200000,0x0000002723300000)]
  0x000001b14b12e000 JavaThread "Unconstrained build operations Thread 12" [_thread_blocked, id=5884, stack(0x0000002723300000,0x0000002723400000)]
  0x000001b14b137000 JavaThread "Unconstrained build operations Thread 13" [_thread_blocked, id=8852, stack(0x0000002723400000,0x0000002723500000)]
  0x000001b14b134800 JavaThread "Unconstrained build operations Thread 14" [_thread_blocked, id=4476, stack(0x0000002723500000,0x0000002723600000)]
  0x000001b14b135000 JavaThread "Unconstrained build operations Thread 15" [_thread_blocked, id=17700, stack(0x0000002723600000,0x0000002723700000)]
  0x000001b14b137800 JavaThread "Unconstrained build operations Thread 16" [_thread_blocked, id=10296, stack(0x0000002723700000,0x0000002723800000)]
  0x000001b14b138800 JavaThread "Unconstrained build operations Thread 17" [_thread_blocked, id=6048, stack(0x0000002723800000,0x0000002723900000)]
  0x000001b14b139800 JavaThread "Unconstrained build operations Thread 18" [_thread_blocked, id=14596, stack(0x0000002723900000,0x0000002723a00000)]
  0x000001b14b13a000 JavaThread "Unconstrained build operations Thread 19" [_thread_blocked, id=17008, stack(0x0000002723a00000,0x0000002723b00000)]
  0x000001b14b13b000 JavaThread "Unconstrained build operations Thread 20" [_thread_blocked, id=13824, stack(0x0000002723b00000,0x0000002723c00000)]
  0x000001b14b136000 JavaThread "Unconstrained build operations Thread 21" [_thread_blocked, id=12932, stack(0x0000002723c00000,0x0000002723d00000)]
  0x000001b14b13b800 JavaThread "Unconstrained build operations Thread 22" [_thread_blocked, id=5496, stack(0x0000002723d00000,0x0000002723e00000)]
  0x000001b14b13c800 JavaThread "Unconstrained build operations Thread 23" [_thread_blocked, id=8660, stack(0x0000002723e00000,0x0000002723f00000)]
  0x000001b148003800 JavaThread "Unconstrained build operations Thread 24" [_thread_blocked, id=3660, stack(0x0000002723f00000,0x0000002724000000)]
  0x000001b148004800 JavaThread "Unconstrained build operations Thread 25" [_thread_blocked, id=1876, stack(0x0000002724000000,0x0000002724100000)]
  0x000001b148002000 JavaThread "Unconstrained build operations Thread 26" [_thread_blocked, id=16344, stack(0x0000002724100000,0x0000002724200000)]
  0x000001b148003000 JavaThread "Unconstrained build operations Thread 27" [_thread_blocked, id=18892, stack(0x0000002724200000,0x0000002724300000)]
  0x000001b148005800 JavaThread "Unconstrained build operations Thread 28" [_thread_blocked, id=14616, stack(0x0000002724300000,0x0000002724400000)]
  0x000001b148007000 JavaThread "Unconstrained build operations Thread 29" [_thread_blocked, id=4756, stack(0x0000002724400000,0x0000002724500000)]
  0x000001b148006000 JavaThread "Unconstrained build operations Thread 30" [_thread_blocked, id=9368, stack(0x0000002724500000,0x0000002724600000)]
  0x000001b148001000 JavaThread "Unconstrained build operations Thread 31" [_thread_blocked, id=13148, stack(0x0000002724600000,0x0000002724700000)]
  0x000001b14800b000 JavaThread "Unconstrained build operations Thread 32" [_thread_blocked, id=9004, stack(0x0000002724700000,0x0000002724800000)]
  0x000001b14800d800 JavaThread "Unconstrained build operations Thread 33" [_thread_blocked, id=17860, stack(0x0000002724800000,0x0000002724900000)]
  0x000001b148008000 JavaThread "Unconstrained build operations Thread 34" [_thread_blocked, id=16276, stack(0x0000002724900000,0x0000002724a00000)]
  0x000001b14800e800 JavaThread "Unconstrained build operations Thread 35" [_thread_blocked, id=14480, stack(0x0000002724a00000,0x0000002724b00000)]
  0x000001b148008800 JavaThread "Unconstrained build operations Thread 36" [_thread_blocked, id=2640, stack(0x0000002724b00000,0x0000002724c00000)]
  0x000001b14800f000 JavaThread "Unconstrained build operations Thread 37" [_thread_blocked, id=10928, stack(0x0000002724c00000,0x0000002724d00000)]
  0x000001b14800c000 JavaThread "Unconstrained build operations Thread 38" [_thread_blocked, id=1816, stack(0x0000002724d00000,0x0000002724e00000)]
  0x000001b148009800 JavaThread "Unconstrained build operations Thread 39" [_thread_blocked, id=13520, stack(0x0000002724e00000,0x0000002724f00000)]
  0x000001b148010000 JavaThread "Unconstrained build operations Thread 40" [_thread_blocked, id=16724, stack(0x0000002724f00000,0x0000002725000000)]
  0x000001b14800a000 JavaThread "Unconstrained build operations Thread 41" [_thread_blocked, id=14260, stack(0x0000002725000000,0x0000002725100000)]
  0x000001b14800c800 JavaThread "Unconstrained build operations Thread 42" [_thread_blocked, id=3512, stack(0x0000002725100000,0x0000002725200000)]
  0x000001b14796c800 JavaThread "Unconstrained build operations Thread 43" [_thread_blocked, id=15428, stack(0x0000002725200000,0x0000002725300000)]
  0x000001b14796f000 JavaThread "Unconstrained build operations Thread 44" [_thread_blocked, id=13840, stack(0x0000002725300000,0x0000002725400000)]
  0x000001b147970000 JavaThread "Unconstrained build operations Thread 45" [_thread_blocked, id=12540, stack(0x0000002725400000,0x0000002725500000)]
  0x000001b14796b000 JavaThread "Unconstrained build operations Thread 46" [_thread_blocked, id=8816, stack(0x0000002725500000,0x0000002725600000)]
  0x000001b14796d800 JavaThread "Unconstrained build operations Thread 47" [_thread_blocked, id=16928, stack(0x0000002725600000,0x0000002725700000)]
  0x000001b147971800 JavaThread "Unconstrained build operations Thread 48" [_thread_blocked, id=9008, stack(0x0000002725700000,0x0000002725800000)]
  0x000001b14796c000 JavaThread "Unconstrained build operations Thread 49" [_thread_blocked, id=3360, stack(0x0000002725800000,0x0000002725900000)]
  0x000001b147973800 JavaThread "Unconstrained build operations Thread 50" [_thread_blocked, id=12668, stack(0x0000002725900000,0x0000002725a00000)]
  0x000001b147974000 JavaThread "Unconstrained build operations Thread 51" [_thread_blocked, id=13628, stack(0x0000002725a00000,0x0000002725b00000)]
  0x000001b147971000 JavaThread "Unconstrained build operations Thread 52" [_thread_blocked, id=7516, stack(0x0000002725b00000,0x0000002725c00000)]
  0x000001b147972800 JavaThread "Unconstrained build operations Thread 53" [_thread_blocked, id=6400, stack(0x0000002725c00000,0x0000002725d00000)]
  0x000001b14796e800 JavaThread "Unconstrained build operations Thread 54" [_thread_blocked, id=10940, stack(0x0000002725d00000,0x0000002725e00000)]
  0x000001b147979000 JavaThread "Unconstrained build operations Thread 55" [_thread_blocked, id=18244, stack(0x0000002725e00000,0x0000002725f00000)]
  0x000001b147975800 JavaThread "Unconstrained build operations Thread 56" [_thread_blocked, id=17368, stack(0x0000002725f00000,0x0000002726000000)]
  0x000001b147976800 JavaThread "Unconstrained build operations Thread 57" [_thread_blocked, id=5212, stack(0x0000002726000000,0x0000002726100000)]
  0x000001b147977800 JavaThread "Unconstrained build operations Thread 58" [_thread_blocked, id=11976, stack(0x0000002726100000,0x0000002726200000)]
  0x000001b147975000 JavaThread "Unconstrained build operations Thread 59" [_thread_blocked, id=16904, stack(0x0000002726200000,0x0000002726300000)]
  0x000001b14797a000 JavaThread "Unconstrained build operations Thread 60" [_thread_blocked, id=17780, stack(0x0000002726300000,0x0000002726400000)]
  0x000001b147978000 JavaThread "Unconstrained build operations Thread 61" [_thread_blocked, id=12864, stack(0x0000002726400000,0x0000002726500000)]
  0x000001b1488d0000 JavaThread "Unconstrained build operations Thread 62" [_thread_blocked, id=17404, stack(0x0000002726500000,0x0000002726600000)]
  0x000001b1488d6800 JavaThread "Unconstrained build operations Thread 63" [_thread_blocked, id=14592, stack(0x0000002726600000,0x0000002726700000)]
  0x000001b1488d1000 JavaThread "Unconstrained build operations Thread 64" [_thread_blocked, id=2032, stack(0x0000002726700000,0x0000002726800000)]
  0x000001b1488d3800 JavaThread "Unconstrained build operations Thread 65" [_thread_blocked, id=5040, stack(0x0000002726800000,0x0000002726900000)]
  0x000001b1488d7800 JavaThread "Unconstrained build operations Thread 66" [_thread_blocked, id=18884, stack(0x0000002726900000,0x0000002726a00000)]
  0x000001b1488d2000 JavaThread "Unconstrained build operations Thread 67" [_thread_blocked, id=18624, stack(0x0000002726a00000,0x0000002726b00000)]
  0x000001b1488d4800 JavaThread "Unconstrained build operations Thread 68" [_thread_blocked, id=10884, stack(0x0000002726b00000,0x0000002726c00000)]
  0x000001b1488d8800 JavaThread "Unconstrained build operations Thread 69" [_thread_blocked, id=17756, stack(0x0000002726c00000,0x0000002726d00000)]
  0x000001b1488d5000 JavaThread "Unconstrained build operations Thread 70" [_thread_blocked, id=1108, stack(0x0000002726d00000,0x0000002726e00000)]
  0x000001b1488d2800 JavaThread "Unconstrained build operations Thread 71" [_thread_blocked, id=7680, stack(0x0000002726e00000,0x0000002726f00000)]
  0x000001b1488db800 JavaThread "Unconstrained build operations Thread 72" [_thread_blocked, id=16072, stack(0x0000002726f00000,0x0000002727000000)]
  0x000001b1488da000 JavaThread "Unconstrained build operations Thread 73" [_thread_blocked, id=12256, stack(0x0000002727000000,0x0000002727100000)]
  0x000001b1488d9000 JavaThread "Unconstrained build operations Thread 74" [_thread_blocked, id=15988, stack(0x0000002727100000,0x0000002727200000)]
  0x000001b1488db000 JavaThread "Unconstrained build operations Thread 75" [_thread_blocked, id=17984, stack(0x0000002727200000,0x0000002727300000)]
  0x000001b1488d6000 JavaThread "Unconstrained build operations Thread 76" [_thread_blocked, id=17508, stack(0x0000002727300000,0x0000002727400000)]
  0x000001b1488dc800 JavaThread "Unconstrained build operations Thread 77" [_thread_blocked, id=17436, stack(0x0000002727400000,0x0000002727500000)]
  0x000001b1488dd800 JavaThread "Unconstrained build operations Thread 78" [_thread_blocked, id=7896, stack(0x0000002727500000,0x0000002727600000)]
  0x000001b1488de000 JavaThread "Unconstrained build operations Thread 79" [_thread_blocked, id=10608, stack(0x0000002727600000,0x0000002727700000)]
  0x000001b1488df000 JavaThread "Unconstrained build operations Thread 80" [_thread_blocked, id=6232, stack(0x0000002727700000,0x0000002727800000)]

Other Threads:
  0x000001b14497c000 VMThread "VM Thread" [stack: 0x000000271f600000,0x000000271f700000] [id=13444]
  0x000001b1454a3800 WatcherThread [stack: 0x0000002720000000,0x0000002720100000] [id=3368]
  0x000001b129d24800 GCTaskThread "GC Thread#0" [stack: 0x000000271f100000,0x000000271f200000] [id=7996]
  0x000001b1460b7000 GCTaskThread "GC Thread#1" [stack: 0x0000002720100000,0x0000002720200000] [id=8424]
  0x000001b14589b000 GCTaskThread "GC Thread#2" [stack: 0x0000002720200000,0x0000002720300000] [id=16984]
  0x000001b146b64800 GCTaskThread "GC Thread#3" [stack: 0x0000002720d00000,0x0000002720e00000] [id=14412]
  0x000001b1468eb800 GCTaskThread "GC Thread#4" [stack: 0x0000002720e00000,0x0000002720f00000] [id=2628]
  0x000001b147dd9800 GCTaskThread "GC Thread#5" [stack: 0x0000002720f00000,0x0000002721000000] [id=15128]
  0x000001b147e4c800 GCTaskThread "GC Thread#6" [stack: 0x0000002721000000,0x0000002721100000] [id=10096]
  0x000001b146c57000 GCTaskThread "GC Thread#7" [stack: 0x0000002721100000,0x0000002721200000] [id=14740]
  0x000001b129d56000 ConcurrentGCThread "G1 Main Marker" [stack: 0x000000271f200000,0x000000271f300000] [id=1360]
  0x000001b129d57000 ConcurrentGCThread "G1 Conc#0" [stack: 0x000000271f300000,0x000000271f400000] [id=12276]
  0x000001b14639c800 ConcurrentGCThread "G1 Conc#1" [stack: 0x0000002721400000,0x0000002721500000] [id=6748]
  0x000001b129de8800 ConcurrentGCThread "G1 Refine#0" [stack: 0x000000271f400000,0x000000271f500000] [id=3140]
  0x000001b129de9800 ConcurrentGCThread "G1 Young RemSet Sampling" [stack: 0x000000271f500000,0x000000271f600000] [id=18196]

Threads with active compile tasks:
C2 CompilerThread0  44194 6507 %     4       java.util.zip.ZipFile$Source::initCEN @ 228 (697 bytes)

VM state:not at safepoint (normal execution)

VM Mutex/Monitor currently owned by a thread: None

Heap address: 0x0000000080000000, size: 2048 MB, Compressed Oops mode: 32-bit
Narrow klass base: 0x0000000000000000, Narrow klass shift: 3
Compressed class space size: 1073741824 Address: 0x0000000100000000

Heap:
 garbage-first heap   total 129024K, used 77406K [0x0000000080000000, 0x0000000100000000)
  region size 1024K, 22 young (22528K), 6 survivors (6144K)
 Metaspace       used 56864K, capacity 58420K, committed 58700K, reserved 1099776K
  class space    used 7369K, capacity 7921K, committed 8012K, reserved 1048576K
Heap Regions: E=young(eden), S=young(survivor), O=old, HS=humongous(starts), HC=humongous(continues), CS=collection set, F=free, A=archive, TAMS=top-at-mark-start (previous, next)
|   0|0x0000000080000000, 0x0000000080100000, 0x0000000080100000|100%| O|  |TAMS 0x0000000080100000, 0x0000000080000000| Untracked 
|   1|0x0000000080100000, 0x0000000080200000, 0x0000000080200000|100%| O|  |TAMS 0x0000000080200000, 0x0000000080100000| Untracked 
|   2|0x0000000080200000, 0x0000000080300000, 0x0000000080300000|100%| O|  |TAMS 0x0000000080300000, 0x0000000080200000| Untracked 
|   3|0x0000000080300000, 0x0000000080400000, 0x0000000080400000|100%|HS|  |TAMS 0x0000000080400000, 0x0000000080300000| Complete 
|   4|0x0000000080400000, 0x0000000080500000, 0x0000000080500000|100%|HC|  |TAMS 0x0000000080500000, 0x0000000080400000| Complete 
|   5|0x0000000080500000, 0x0000000080600000, 0x0000000080600000|100%|HC|  |TAMS 0x0000000080600000, 0x0000000080500000| Complete 
|   6|0x0000000080600000, 0x0000000080700000, 0x0000000080700000|100%| O|  |TAMS 0x0000000080700000, 0x0000000080600000| Untracked 
|   7|0x0000000080700000, 0x0000000080800000, 0x0000000080800000|100%| O|  |TAMS 0x0000000080800000, 0x0000000080700000| Untracked 
|   8|0x0000000080800000, 0x0000000080900000, 0x0000000080900000|100%| O|  |TAMS 0x0000000080900000, 0x0000000080800000| Untracked 
|   9|0x0000000080900000, 0x0000000080a00000, 0x0000000080a00000|100%| O|  |TAMS 0x0000000080a00000, 0x0000000080900000| Untracked 
|  10|0x0000000080a00000, 0x0000000080b00000, 0x0000000080b00000|100%| O|  |TAMS 0x0000000080b00000, 0x0000000080a00000| Untracked 
|  11|0x0000000080b00000, 0x0000000080c00000, 0x0000000080c00000|100%| O|  |TAMS 0x0000000080c00000, 0x0000000080b00000| Untracked 
|  12|0x0000000080c00000, 0x0000000080d00000, 0x0000000080d00000|100%| O|  |TAMS 0x0000000080d00000, 0x0000000080c00000| Untracked 
|  13|0x0000000080d00000, 0x0000000080e00000, 0x0000000080e00000|100%| O|  |TAMS 0x0000000080e00000, 0x0000000080d00000| Untracked 
|  14|0x0000000080e00000, 0x0000000080f00000, 0x0000000080f00000|100%| O|  |TAMS 0x0000000080f00000, 0x0000000080e00000| Untracked 
|  15|0x0000000080f00000, 0x0000000081000000, 0x0000000081000000|100%| O|  |TAMS 0x0000000081000000, 0x0000000080f00000| Untracked 
|  16|0x0000000081000000, 0x0000000081100000, 0x0000000081100000|100%|HS|  |TAMS 0x0000000081100000, 0x0000000081000000| Complete 
|  17|0x0000000081100000, 0x0000000081200000, 0x0000000081200000|100%|HC|  |TAMS 0x0000000081200000, 0x0000000081100000| Complete 
|  18|0x0000000081200000, 0x0000000081300000, 0x0000000081300000|100%|HS|  |TAMS 0x0000000081300000, 0x0000000081200000| Complete 
|  19|0x0000000081300000, 0x0000000081400000, 0x0000000081400000|100%|HC|  |TAMS 0x0000000081400000, 0x0000000081300000| Complete 
|  20|0x0000000081400000, 0x0000000081500000, 0x0000000081500000|100%|HC|  |TAMS 0x0000000081500000, 0x0000000081400000| Complete 
|  21|0x0000000081500000, 0x0000000081600000, 0x0000000081600000|100%|HS|  |TAMS 0x0000000081600000, 0x0000000081500000| Complete 
|  22|0x0000000081600000, 0x0000000081700000, 0x0000000081700000|100%|HS|  |TAMS 0x0000000081700000, 0x0000000081600000| Complete 
|  23|0x0000000081700000, 0x0000000081800000, 0x0000000081800000|100%|HC|  |TAMS 0x0000000081800000, 0x0000000081700000| Complete 
|  24|0x0000000081800000, 0x0000000081900000, 0x0000000081900000|100%|HC|  |TAMS 0x0000000081900000, 0x0000000081800000| Complete 
|  25|0x0000000081900000, 0x0000000081a00000, 0x0000000081a00000|100%|HC|  |TAMS 0x0000000081a00000, 0x0000000081900000| Complete 
|  26|0x0000000081a00000, 0x0000000081b00000, 0x0000000081b00000|100%| O|  |TAMS 0x0000000081b00000, 0x0000000081a00000| Untracked 
|  27|0x0000000081b00000, 0x0000000081c00000, 0x0000000081c00000|100%| O|  |TAMS 0x0000000081c00000, 0x0000000081b00000| Untracked 
|  28|0x0000000081c00000, 0x0000000081d00000, 0x0000000081d00000|100%| O|  |TAMS 0x0000000081c4a400, 0x0000000081c00000| Untracked 
|  29|0x0000000081d00000, 0x0000000081e00000, 0x0000000081e00000|100%|HS|  |TAMS 0x0000000081d00000, 0x0000000081d00000| Complete 
|  30|0x0000000081e00000, 0x0000000081f00000, 0x0000000081f00000|100%| O|  |TAMS 0x0000000081e00000, 0x0000000081e00000| Untracked 
|  31|0x0000000081f00000, 0x0000000082000000, 0x0000000082000000|100%| O|  |TAMS 0x0000000081f00000, 0x0000000081f00000| Untracked 
|  32|0x0000000082000000, 0x0000000082100000, 0x0000000082100000|100%| O|  |TAMS 0x0000000082000000, 0x0000000082000000| Untracked 
|  33|0x0000000082100000, 0x0000000082200000, 0x0000000082200000|100%| O|  |TAMS 0x0000000082100000, 0x0000000082100000| Untracked 
|  34|0x0000000082200000, 0x0000000082300000, 0x0000000082300000|100%| O|  |TAMS 0x0000000082200000, 0x0000000082200000| Untracked 
|  35|0x0000000082300000, 0x0000000082400000, 0x0000000082400000|100%| O|  |TAMS 0x0000000082300000, 0x0000000082300000| Untracked 
|  36|0x0000000082400000, 0x0000000082500000, 0x0000000082500000|100%|HS|  |TAMS 0x0000000082400000, 0x0000000082400000| Complete 
|  37|0x0000000082500000, 0x0000000082600000, 0x0000000082600000|100%|HC|  |TAMS 0x0000000082500000, 0x0000000082500000| Complete 
|  38|0x0000000082600000, 0x0000000082700000, 0x0000000082700000|100%|HC|  |TAMS 0x0000000082600000, 0x0000000082600000| Complete 
|  39|0x0000000082700000, 0x0000000082800000, 0x0000000082800000|100%| O|  |TAMS 0x0000000082700000, 0x0000000082700000| Untracked 
|  40|0x0000000082800000, 0x0000000082900000, 0x0000000082900000|100%| O|  |TAMS 0x0000000082800000, 0x0000000082800000| Untracked 
|  41|0x0000000082900000, 0x0000000082a00000, 0x0000000082a00000|100%| O|  |TAMS 0x0000000082900000, 0x0000000082900000| Untracked 
|  42|0x0000000082a00000, 0x0000000082b00000, 0x0000000082b00000|100%| O|  |TAMS 0x0000000082a00000, 0x0000000082a00000| Untracked 
|  43|0x0000000082b00000, 0x0000000082c00000, 0x0000000082c00000|100%| O|  |TAMS 0x0000000082b00000, 0x0000000082b00000| Untracked 
|  44|0x0000000082c00000, 0x0000000082d00000, 0x0000000082d00000|100%|HS|  |TAMS 0x0000000082c00000, 0x0000000082c00000| Complete 
|  45|0x0000000082d00000, 0x0000000082e00000, 0x0000000082e00000|100%|HC|  |TAMS 0x0000000082d00000, 0x0000000082d00000| Complete 
|  46|0x0000000082e00000, 0x0000000082f00000, 0x0000000082f00000|100%|HC|  |TAMS 0x0000000082e00000, 0x0000000082e00000| Complete 
|  47|0x0000000082f00000, 0x0000000083000000, 0x0000000083000000|100%|HC|  |TAMS 0x0000000082f00000, 0x0000000082f00000| Complete 
|  48|0x0000000083000000, 0x0000000083100000, 0x0000000083100000|100%| O|  |TAMS 0x0000000083000000, 0x0000000083000000| Untracked 
|  49|0x0000000083100000, 0x0000000083200000, 0x0000000083200000|100%| O|  |TAMS 0x0000000083100000, 0x0000000083100000| Untracked 
|  50|0x0000000083200000, 0x0000000083300000, 0x0000000083300000|100%| O|  |TAMS 0x0000000083200000, 0x0000000083200000| Untracked 
|  51|0x0000000083300000, 0x0000000083400000, 0x0000000083400000|100%| O|  |TAMS 0x0000000083300000, 0x0000000083300000| Untracked 
|  52|0x0000000083400000, 0x0000000083500000, 0x0000000083500000|100%| O|  |TAMS 0x0000000083400000, 0x0000000083400000| Untracked 
|  53|0x0000000083500000, 0x000000008352a400, 0x0000000083600000| 16%| O|  |TAMS 0x0000000083500000, 0x0000000083500000| Untracked 
|  54|0x0000000083600000, 0x0000000083700000, 0x0000000083700000|100%|HS|  |TAMS 0x0000000083600000, 0x0000000083600000| Complete 
|  55|0x0000000083700000, 0x0000000083800000, 0x0000000083800000|100%|HS|  |TAMS 0x0000000083700000, 0x0000000083700000| Complete 
|  56|0x0000000083800000, 0x0000000083800000, 0x0000000083900000|  0%| F|  |TAMS 0x0000000083800000, 0x0000000083800000| Untracked 
|  57|0x0000000083900000, 0x0000000083900000, 0x0000000083a00000|  0%| F|  |TAMS 0x0000000083900000, 0x0000000083900000| Untracked 
|  58|0x0000000083a00000, 0x0000000083a00000, 0x0000000083b00000|  0%| F|  |TAMS 0x0000000083a00000, 0x0000000083a00000| Untracked 
|  59|0x0000000083b00000, 0x0000000083b00000, 0x0000000083c00000|  0%| F|  |TAMS 0x0000000083b00000, 0x0000000083b00000| Untracked 
|  60|0x0000000083c00000, 0x0000000083c00000, 0x0000000083d00000|  0%| F|  |TAMS 0x0000000083c00000, 0x0000000083c00000| Untracked 
|  61|0x0000000083d00000, 0x0000000083d00000, 0x0000000083e00000|  0%| F|  |TAMS 0x0000000083d00000, 0x0000000083d00000| Untracked 
|  62|0x0000000083e00000, 0x0000000083e00000, 0x0000000083f00000|  0%| F|  |TAMS 0x0000000083e00000, 0x0000000083e00000| Untracked 
|  63|0x0000000083f00000, 0x0000000083f00000, 0x0000000084000000|  0%| F|  |TAMS 0x0000000083f00000, 0x0000000083f00000| Untracked 
|  64|0x0000000084000000, 0x0000000084000000, 0x0000000084100000|  0%| F|  |TAMS 0x0000000084000000, 0x0000000084000000| Untracked 
|  65|0x0000000084100000, 0x0000000084100000, 0x0000000084200000|  0%| F|  |TAMS 0x0000000084100000, 0x0000000084100000| Untracked 
|  66|0x0000000084200000, 0x0000000084200000, 0x0000000084300000|  0%| F|  |TAMS 0x0000000084200000, 0x0000000084200000| Untracked 
|  67|0x0000000084300000, 0x0000000084300000, 0x0000000084400000|  0%| F|  |TAMS 0x0000000084300000, 0x0000000084300000| Untracked 
|  68|0x0000000084400000, 0x0000000084400000, 0x0000000084500000|  0%| F|  |TAMS 0x0000000084400000, 0x0000000084400000| Untracked 
|  69|0x0000000084500000, 0x0000000084500000, 0x0000000084600000|  0%| F|  |TAMS 0x0000000084500000, 0x0000000084500000| Untracked 
|  70|0x0000000084600000, 0x0000000084600000, 0x0000000084700000|  0%| F|  |TAMS 0x0000000084600000, 0x0000000084600000| Untracked 
|  71|0x0000000084700000, 0x0000000084700000, 0x0000000084800000|  0%| F|  |TAMS 0x0000000084700000, 0x0000000084700000| Untracked 
|  72|0x0000000084800000, 0x0000000084800000, 0x0000000084900000|  0%| F|  |TAMS 0x0000000084800000, 0x0000000084800000| Untracked 
|  73|0x0000000084900000, 0x0000000084900000, 0x0000000084a00000|  0%| F|  |TAMS 0x0000000084900000, 0x0000000084900000| Untracked 
|  74|0x0000000084a00000, 0x0000000084a00000, 0x0000000084b00000|  0%| F|  |TAMS 0x0000000084a00000, 0x0000000084a00000| Untracked 
|  75|0x0000000084b00000, 0x0000000084b6d698, 0x0000000084c00000| 42%| S|CS|TAMS 0x0000000084b00000, 0x0000000084b00000| Complete 
|  76|0x0000000084c00000, 0x0000000084d00000, 0x0000000084d00000|100%| S|CS|TAMS 0x0000000084c00000, 0x0000000084c00000| Complete 
|  77|0x0000000084d00000, 0x0000000084d00000, 0x0000000084e00000|  0%| F|  |TAMS 0x0000000084d00000, 0x0000000084d00000| Untracked 
|  78|0x0000000084e00000, 0x0000000084f00000, 0x0000000084f00000|100%| S|CS|TAMS 0x0000000084e00000, 0x0000000084e00000| Complete 
|  79|0x0000000084f00000, 0x0000000085000000, 0x0000000085000000|100%| S|CS|TAMS 0x0000000084f00000, 0x0000000084f00000| Complete 
|  80|0x0000000085000000, 0x0000000085100000, 0x0000000085100000|100%| S|CS|TAMS 0x0000000085000000, 0x0000000085000000| Complete 
|  81|0x0000000085100000, 0x0000000085200000, 0x0000000085200000|100%| S|CS|TAMS 0x0000000085100000, 0x0000000085100000| Complete 
|  82|0x0000000085200000, 0x0000000085200000, 0x0000000085300000|  0%| F|  |TAMS 0x0000000085200000, 0x0000000085200000| Untracked 
|  83|0x0000000085300000, 0x0000000085300000, 0x0000000085400000|  0%| F|  |TAMS 0x0000000085300000, 0x0000000085300000| Untracked 
|  84|0x0000000085400000, 0x0000000085400000, 0x0000000085500000|  0%| F|  |TAMS 0x0000000085400000, 0x0000000085400000| Untracked 
|  85|0x0000000085500000, 0x0000000085500000, 0x0000000085600000|  0%| F|  |TAMS 0x0000000085500000, 0x0000000085500000| Untracked 
|  86|0x0000000085600000, 0x0000000085600000, 0x0000000085700000|  0%| F|  |TAMS 0x0000000085600000, 0x0000000085600000| Untracked 
|  87|0x0000000085700000, 0x0000000085700000, 0x0000000085800000|  0%| F|  |TAMS 0x0000000085700000, 0x0000000085700000| Untracked 
|  88|0x0000000085800000, 0x0000000085800000, 0x0000000085900000|  0%| F|  |TAMS 0x0000000085800000, 0x0000000085800000| Untracked 
|  89|0x0000000085900000, 0x0000000085900000, 0x0000000085a00000|  0%| F|  |TAMS 0x0000000085900000, 0x0000000085900000| Untracked 
|  90|0x0000000085a00000, 0x0000000085a00000, 0x0000000085b00000|  0%| F|  |TAMS 0x0000000085a00000, 0x0000000085a00000| Untracked 
|  91|0x0000000085b00000, 0x0000000085b00000, 0x0000000085c00000|  0%| F|  |TAMS 0x0000000085b00000, 0x0000000085b00000| Untracked 
|  92|0x0000000085c00000, 0x0000000085c00000, 0x0000000085d00000|  0%| F|  |TAMS 0x0000000085c00000, 0x0000000085c00000| Untracked 
|  93|0x0000000085d00000, 0x0000000085d00000, 0x0000000085e00000|  0%| F|  |TAMS 0x0000000085d00000, 0x0000000085d00000| Untracked 
|  94|0x0000000085e00000, 0x0000000085e00000, 0x0000000085f00000|  0%| F|  |TAMS 0x0000000085e00000, 0x0000000085e00000| Untracked 
|  95|0x0000000085f00000, 0x0000000085f00000, 0x0000000086000000|  0%| F|  |TAMS 0x0000000085f00000, 0x0000000085f00000| Untracked 
|  96|0x0000000086000000, 0x0000000086000000, 0x0000000086100000|  0%| F|  |TAMS 0x0000000086000000, 0x0000000086000000| Untracked 
|  97|0x0000000086100000, 0x0000000086100000, 0x0000000086200000|  0%| F|  |TAMS 0x0000000086100000, 0x0000000086100000| Untracked 
|  98|0x0000000086200000, 0x0000000086200000, 0x0000000086300000|  0%| F|  |TAMS 0x0000000086200000, 0x0000000086200000| Untracked 
|  99|0x0000000086300000, 0x0000000086300000, 0x0000000086400000|  0%| F|  |TAMS 0x0000000086300000, 0x0000000086300000| Untracked 
| 100|0x0000000086400000, 0x0000000086400000, 0x0000000086500000|  0%| F|  |TAMS 0x0000000086400000, 0x0000000086400000| Untracked 
| 101|0x0000000086500000, 0x0000000086500000, 0x0000000086600000|  0%| F|  |TAMS 0x0000000086500000, 0x0000000086500000| Untracked 
| 102|0x0000000086600000, 0x0000000086600000, 0x0000000086700000|  0%| F|  |TAMS 0x0000000086600000, 0x0000000086600000| Untracked 
| 103|0x0000000086700000, 0x0000000086700000, 0x0000000086800000|  0%| F|  |TAMS 0x0000000086700000, 0x0000000086700000| Untracked 
| 104|0x0000000086800000, 0x0000000086800000, 0x0000000086900000|  0%| F|  |TAMS 0x0000000086800000, 0x0000000086800000| Untracked 
| 105|0x0000000086900000, 0x0000000086900000, 0x0000000086a00000|  0%| F|  |TAMS 0x0000000086900000, 0x0000000086900000| Untracked 
| 106|0x0000000086a00000, 0x0000000086a00000, 0x0000000086b00000|  0%| F|  |TAMS 0x0000000086a00000, 0x0000000086a00000| Untracked 
| 107|0x0000000086b00000, 0x0000000086b00000, 0x0000000086c00000|  0%| F|  |TAMS 0x0000000086b00000, 0x0000000086b00000| Untracked 
| 108|0x0000000086c00000, 0x0000000086c00000, 0x0000000086d00000|  0%| F|  |TAMS 0x0000000086c00000, 0x0000000086c00000| Untracked 
| 109|0x0000000086d00000, 0x0000000086d00000, 0x0000000086e00000|  0%| F|  |TAMS 0x0000000086d00000, 0x0000000086d00000| Untracked 
| 110|0x0000000086e00000, 0x0000000086f00000, 0x0000000086f00000|100%| E|  |TAMS 0x0000000086e00000, 0x0000000086e00000| Complete 
| 111|0x0000000086f00000, 0x0000000087000000, 0x0000000087000000|100%| E|CS|TAMS 0x0000000086f00000, 0x0000000086f00000| Complete 
| 112|0x0000000087000000, 0x0000000087100000, 0x0000000087100000|100%| E|CS|TAMS 0x0000000087000000, 0x0000000087000000| Complete 
| 113|0x0000000087100000, 0x0000000087200000, 0x0000000087200000|100%| E|CS|TAMS 0x0000000087100000, 0x0000000087100000| Complete 
| 114|0x0000000087200000, 0x0000000087300000, 0x0000000087300000|100%| E|CS|TAMS 0x0000000087200000, 0x0000000087200000| Complete 
| 115|0x0000000087300000, 0x0000000087400000, 0x0000000087400000|100%| E|CS|TAMS 0x0000000087300000, 0x0000000087300000| Complete 
| 116|0x0000000087400000, 0x0000000087500000, 0x0000000087500000|100%| E|CS|TAMS 0x0000000087400000, 0x0000000087400000| Complete 
| 117|0x0000000087500000, 0x0000000087600000, 0x0000000087600000|100%| E|CS|TAMS 0x0000000087500000, 0x0000000087500000| Complete 
| 118|0x0000000087600000, 0x0000000087700000, 0x0000000087700000|100%| E|CS|TAMS 0x0000000087600000, 0x0000000087600000| Complete 
| 119|0x0000000087700000, 0x0000000087800000, 0x0000000087800000|100%| E|CS|TAMS 0x0000000087700000, 0x0000000087700000| Complete 
| 120|0x0000000087800000, 0x0000000087900000, 0x0000000087900000|100%| E|CS|TAMS 0x0000000087800000, 0x0000000087800000| Complete 
| 121|0x0000000087900000, 0x0000000087a00000, 0x0000000087a00000|100%| E|CS|TAMS 0x0000000087900000, 0x0000000087900000| Complete 
| 122|0x0000000087a00000, 0x0000000087b00000, 0x0000000087b00000|100%| E|CS|TAMS 0x0000000087a00000, 0x0000000087a00000| Complete 
| 123|0x0000000087b00000, 0x0000000087c00000, 0x0000000087c00000|100%| E|CS|TAMS 0x0000000087b00000, 0x0000000087b00000| Complete 
| 124|0x0000000087c00000, 0x0000000087d00000, 0x0000000087d00000|100%| E|CS|TAMS 0x0000000087c00000, 0x0000000087c00000| Complete 
| 125|0x0000000087d00000, 0x0000000087e00000, 0x0000000087e00000|100%| E|CS|TAMS 0x0000000087d00000, 0x0000000087d00000| Complete 

Card table byte_map: [0x000001b13d690000,0x000001b13da90000] _byte_map_base: 0x000001b13d290000

Marking Bits (Prev, Next): (CMBitMap*) 0x000001b129d4cf38, (CMBitMap*) 0x000001b129d4cf70
 Prev Bits: [0x000001b13de90000, 0x000001b13fe90000)
 Next Bits: [0x000001b13fe90000, 0x000001b141e90000)

Polling page: 0x000001b1284b0000

Metaspace:

Usage:
  Non-class:     49.32 MB capacity,    48.33 MB ( 98%) used,   847.50 KB (  2%) free+waste,   156.75 KB ( <1%) overhead. 
      Class:      7.74 MB capacity,     7.20 MB ( 93%) used,   476.66 KB (  6%) free+waste,    74.81 KB ( <1%) overhead. 
       Both:     57.05 MB capacity,    55.53 MB ( 97%) used,     1.29 MB (  2%) free+waste,   231.56 KB ( <1%) overhead. 

Virtual space:
  Non-class space:       50.00 MB reserved,      49.50 MB ( 99%) committed 
      Class space:        1.00 GB reserved,       7.82 MB ( <1%) committed 
             Both:        1.05 GB reserved,      57.32 MB (  5%) committed 

Chunk freelists:
   Non-Class:  1.00 KB
       Class:  15.00 KB
        Both:  16.00 KB

MaxMetaspaceSize: 17179869184.00 GB
CompressedClassSpaceSize: 1.00 GB
Initial GC threshold: 20.80 MB
Current GC threshold: 58.88 MB
CDS: off

CodeHeap 'non-profiled nmethods': size=120000Kb used=3911Kb max_used=3911Kb free=116089Kb
 bounds [0x000001b1352f0000, 0x000001b1356d0000, 0x000001b13c820000]
CodeHeap 'profiled nmethods': size=120000Kb used=13606Kb max_used=13606Kb free=106393Kb
 bounds [0x000001b12ddc0000, 0x000001b12eb10000, 0x000001b1352f0000]
CodeHeap 'non-nmethods': size=5760Kb used=2328Kb max_used=2358Kb free=3431Kb
 bounds [0x000001b12d820000, 0x000001b12da90000, 0x000001b12ddc0000]
 total_blobs=7315 nmethods=6496 adapters=728
 compilation: enabled
              stopped_count=0, restarted_count=0
 full_count=0

Compilation events (20 events):
Event: 39.033 Thread 0x000001b1449a3000 nmethod 6491 0x000001b1356bf290 code [0x000001b1356bf480, 0x000001b1356bfc50]
Event: 39.033 Thread 0x000001b1449a3000 6495       4       groovy.lang.MetaClassImpl::filterPropertyMethod (305 bytes)
Event: 39.049 Thread 0x000001b1449a3000 nmethod 6495 0x000001b1356c0190 code [0x000001b1356c0400, 0x000001b1356c0bc0]
Event: 39.049 Thread 0x000001b1449a3000 6494       4       org.codehaus.groovy.reflection.CachedClass::hashCode (33 bytes)
Event: 39.051 Thread 0x000001b1449a3000 nmethod 6494 0x000001b1356c1290 code [0x000001b1356c1440, 0x000001b1356c1508]
Event: 39.071 Thread 0x000001b1449a3000 6500       4       java.util.HashMap$HashMapSpliterator::getFence (53 bytes)
Event: 39.072 Thread 0x000001b1449a3000 nmethod 6500 0x000001b1356c1610 code [0x000001b1356c17a0, 0x000001b1356c1838]
Event: 41.079 Thread 0x000001b1449a4800 6501       3       javax.management.ObjectName::<init> (15 bytes)
Event: 41.079 Thread 0x000001b1449a4800 nmethod 6501 0x000001b12eaff590 code [0x000001b12eaff760, 0x000001b12eaff8e8]
Event: 41.079 Thread 0x000001b1449a4800 6502       3       sun.management.Util::newObjectName (11 bytes)
Event: 41.084 Thread 0x000001b1449a4800 nmethod 6502 0x000001b12eaff990 code [0x000001b12eaffec0, 0x000001b12eb02f08]
Event: 41.084 Thread 0x000001b1449a4800 6503       3       java.lang.invoke.DelegatingMethodHandle$Holder::reinvoke_L (18 bytes)
Event: 41.084 Thread 0x000001b1449a4800 nmethod 6503 0x000001b12eb04190 code [0x000001b12eb04360, 0x000001b12eb04858]
Event: 41.085 Thread 0x000001b1449a4800 6504       3       sun.management.MemoryPoolImpl::getObjectName (10 bytes)
Event: 41.088 Thread 0x000001b1449a4800 nmethod 6504 0x000001b12eb04990 code [0x000001b12eb04ee0, 0x000001b12eb07d68]
Event: 41.983 Thread 0x000001b1449a4800 6505       3       java.io.File::getParent (65 bytes)
Event: 41.984 Thread 0x000001b1449a4800 nmethod 6505 0x000001b12eb08e90 code [0x000001b12eb090e0, 0x000001b12eb09798]
Event: 42.074 Thread 0x000001b1449a3000 6506       4       java.util.stream.Sink$ChainedReference::cancellationRequested (10 bytes)
Event: 42.074 Thread 0x000001b1449a3000 nmethod 6506 0x000001b1356c1910 code [0x000001b1356c1aa0, 0x000001b1356c1b38]
Event: 44.096 Thread 0x000001b1449a3000 6507 %     4       java.util.zip.ZipFile$Source::initCEN @ 228 (697 bytes)

GC Heap History (20 events):
Event: 12.554 GC heap before
{Heap before GC invocations=1 (full 0):
 garbage-first heap   total 129024K, used 82927K [0x0000000080000000, 0x0000000100000000)
  region size 1024K, 75 young (76800K), 3 survivors (3072K)
 Metaspace       used 18001K, capacity 18354K, committed 18432K, reserved 1064960K
  class space    used 2122K, capacity 2260K, committed 2304K, reserved 1048576K
}
Event: 12.568 GC heap after
{Heap after GC invocations=2 (full 0):
 garbage-first heap   total 129024K, used 16287K [0x0000000080000000, 0x0000000100000000)
  region size 1024K, 10 young (10240K), 10 survivors (10240K)
 Metaspace       used 18001K, capacity 18354K, committed 18432K, reserved 1064960K
  class space    used 2122K, capacity 2260K, committed 2304K, reserved 1048576K
}
Event: 13.498 GC heap before
{Heap before GC invocations=2 (full 0):
 garbage-first heap   total 129024K, used 41887K [0x0000000080000000, 0x0000000100000000)
  region size 1024K, 36 young (36864K), 10 survivors (10240K)
 Metaspace       used 20608K, capacity 21096K, committed 21248K, reserved 1067008K
  class space    used 2533K, capacity 2727K, committed 2816K, reserved 1048576K
}
Event: 13.509 GC heap after
{Heap after GC invocations=3 (full 0):
 garbage-first heap   total 129024K, used 17127K [0x0000000080000000, 0x0000000100000000)
  region size 1024K, 2 young (2048K), 2 survivors (2048K)
 Metaspace       used 20608K, capacity 21096K, committed 21248K, reserved 1067008K
  class space    used 2533K, capacity 2727K, committed 2816K, reserved 1048576K
}
Event: 15.531 GC heap before
{Heap before GC invocations=4 (full 0):
 garbage-first heap   total 129024K, used 68327K [0x0000000080000000, 0x0000000100000000)
  region size 1024K, 52 young (53248K), 2 survivors (2048K)
 Metaspace       used 26001K, capacity 26610K, committed 26624K, reserved 1073152K
  class space    used 3354K, capacity 3570K, committed 3584K, reserved 1048576K
}
Event: 15.535 GC heap after
{Heap after GC invocations=5 (full 0):
 garbage-first heap   total 129024K, used 18906K [0x0000000080000000, 0x0000000100000000)
  region size 1024K, 3 young (3072K), 3 survivors (3072K)
 Metaspace       used 26001K, capacity 26610K, committed 26624K, reserved 1073152K
  class space    used 3354K, capacity 3570K, committed 3584K, reserved 1048576K
}
Event: 22.686 GC heap before
{Heap before GC invocations=5 (full 0):
 garbage-first heap   total 129024K, used 86490K [0x0000000080000000, 0x0000000100000000)
  region size 1024K, 60 young (61440K), 3 survivors (3072K)
 Metaspace       used 31270K, capacity 32162K, committed 32256K, reserved 1077248K
  class space    used 4189K, capacity 4527K, committed 4608K, reserved 1048576K
}
Event: 22.691 GC heap after
{Heap after GC invocations=6 (full 0):
 garbage-first heap   total 129024K, used 33542K [0x0000000080000000, 0x0000000100000000)
  region size 1024K, 8 young (8192K), 8 survivors (8192K)
 Metaspace       used 31270K, capacity 32162K, committed 32256K, reserved 1077248K
  class space    used 4189K, capacity 4527K, committed 4608K, reserved 1048576K
}
Event: 23.722 GC heap before
{Heap before GC invocations=6 (full 0):
 garbage-first heap   total 129024K, used 56070K [0x0000000080000000, 0x0000000100000000)
  region size 1024K, 31 young (31744K), 8 survivors (8192K)
 Metaspace       used 34867K, capacity 35772K, committed 35840K, reserved 1081344K
  class space    used 4655K, capacity 4985K, committed 4992K, reserved 1048576K
}
Event: 23.736 GC heap after
{Heap after GC invocations=7 (full 0):
 garbage-first heap   total 129024K, used 35062K [0x0000000080000000, 0x0000000100000000)
  region size 1024K, 6 young (6144K), 6 survivors (6144K)
 Metaspace       used 34867K, capacity 35772K, committed 35840K, reserved 1081344K
  class space    used 4655K, capacity 4985K, committed 4992K, reserved 1048576K
}
Event: 26.033 GC heap before
{Heap before GC invocations=8 (full 0):
 garbage-first heap   total 129024K, used 92406K [0x0000000080000000, 0x0000000100000000)
  region size 1024K, 60 young (61440K), 6 survivors (6144K)
 Metaspace       used 41860K, capacity 42931K, committed 43212K, reserved 1087488K
  class space    used 5341K, capacity 5724K, committed 5836K, reserved 1048576K
}
Event: 26.042 GC heap after
{Heap after GC invocations=9 (full 0):
 garbage-first heap   total 129024K, used 40156K [0x0000000080000000, 0x0000000100000000)
  region size 1024K, 7 young (7168K), 7 survivors (7168K)
 Metaspace       used 41860K, capacity 42931K, committed 43212K, reserved 1087488K
  class space    used 5341K, capacity 5724K, committed 5836K, reserved 1048576K
}
Event: 30.347 GC heap before
{Heap before GC invocations=9 (full 0):
 garbage-first heap   total 129024K, used 97500K [0x0000000080000000, 0x0000000100000000)
  region size 1024K, 59 young (60416K), 7 survivors (7168K)
 Metaspace       used 45893K, capacity 47167K, committed 47308K, reserved 1089536K
  class space    used 5813K, capacity 6253K, committed 6348K, reserved 1048576K
}
Event: 30.356 GC heap after
{Heap after GC invocations=10 (full 0):
 garbage-first heap   total 129024K, used 47352K [0x0000000080000000, 0x0000000100000000)
  region size 1024K, 4 young (4096K), 4 survivors (4096K)
 Metaspace       used 45893K, capacity 47167K, committed 47308K, reserved 1089536K
  class space    used 5813K, capacity 6253K, committed 6348K, reserved 1048576K
}
Event: 33.247 GC heap before
{Heap before GC invocations=10 (full 0):
 garbage-first heap   total 129024K, used 97528K [0x0000000080000000, 0x0000000100000000)
  region size 1024K, 53 young (54272K), 4 survivors (4096K)
 Metaspace       used 51354K, capacity 52650K, committed 52940K, reserved 1095680K
  class space    used 6572K, capacity 7057K, committed 7116K, reserved 1048576K
}
Event: 33.254 GC heap after
{Heap after GC invocations=11 (full 0):
 garbage-first heap   total 129024K, used 50432K [0x0000000080000000, 0x0000000100000000)
  region size 1024K, 7 young (7168K), 7 survivors (7168K)
 Metaspace       used 51354K, capacity 52650K, committed 52940K, reserved 1095680K
  class space    used 6572K, capacity 7057K, committed 7116K, reserved 1048576K
}
Event: 36.209 GC heap before
{Heap before GC invocations=11 (full 0):
 garbage-first heap   total 129024K, used 103680K [0x0000000080000000, 0x0000000100000000)
  region size 1024K, 55 young (56320K), 7 survivors (7168K)
 Metaspace       used 54024K, capacity 55473K, committed 55756K, reserved 1097728K
  class space    used 7010K, capacity 7528K, committed 7628K, reserved 1048576K
}
Event: 36.219 GC heap after
{Heap after GC invocations=12 (full 0):
 garbage-first heap   total 129024K, used 58081K [0x0000000080000000, 0x0000000100000000)
  region size 1024K, 7 young (7168K), 7 survivors (7168K)
 Metaspace       used 54024K, capacity 55473K, committed 55756K, reserved 1097728K
  class space    used 7010K, capacity 7528K, committed 7628K, reserved 1048576K
}
Event: 38.157 GC heap before
{Heap before GC invocations=12 (full 0):
 garbage-first heap   total 129024K, used 102113K [0x0000000080000000, 0x0000000100000000)
  region size 1024K, 51 young (52224K), 7 survivors (7168K)
 Metaspace       used 56460K, capacity 58016K, committed 58060K, reserved 1099776K
  class space    used 7333K, capacity 7880K, committed 7884K, reserved 1048576K
}
Event: 38.165 GC heap after
{Heap after GC invocations=13 (full 0):
 garbage-first heap   total 129024K, used 59998K [0x0000000080000000, 0x0000000100000000)
  region size 1024K, 6 young (6144K), 6 survivors (6144K)
 Metaspace       used 56460K, capacity 58016K, committed 58060K, reserved 1099776K
  class space    used 7333K, capacity 7880K, committed 7884K, reserved 1048576K
}

Deoptimization events (20 events):
Event: 37.931 Thread 0x000001b1481a0000 Uncommon trap: trap_request=0xffffff5c fr.pc=0x000001b1355125dc relative=0x000000000000141c
Event: 37.931 Thread 0x000001b1481a0000 Uncommon trap: reason=speculate_null_assert action=make_not_entrant pc=0x000001b1355125dc method=java.lang.invoke.MethodType$ConcurrentWeakInternSet.add(Ljava/lang/Object;)Ljava/lang/Object; @ 47 c2
Event: 37.931 Thread 0x000001b1481a0000 DEOPT PACKING pc=0x000001b1355125dc sp=0x0000002722afd0c0
Event: 37.931 Thread 0x000001b1481a0000 DEOPT UNPACKING pc=0x000001b12d8285af sp=0x0000002722afd078 mode 2
Event: 37.960 Thread 0x000001b14b137000 Uncommon trap: trap_request=0xffffff4d fr.pc=0x000001b135685b58 relative=0x0000000000000278
Event: 37.960 Thread 0x000001b14b137000 Uncommon trap: reason=unstable_if action=reinterpret pc=0x000001b135685b58 method=com.esotericsoftware.kryo.io.Output.writeString(Ljava/lang/CharSequence;)V @ 1 c2
Event: 37.960 Thread 0x000001b14b137000 DEOPT PACKING pc=0x000001b135685b58 sp=0x00000027234fd140
Event: 37.960 Thread 0x000001b14b137000 DEOPT UNPACKING pc=0x000001b12d8285af sp=0x00000027234fd0d8 mode 2
Event: 37.984 Thread 0x000001b14819a000 DEOPT PACKING pc=0x000001b12e569674 sp=0x00000027228fd8d0
Event: 37.984 Thread 0x000001b14819a000 DEOPT UNPACKING pc=0x000001b12d869d0e sp=0x00000027228fce70 mode 0
Event: 38.056 Thread 0x000001b14819a000 DEOPT PACKING pc=0x000001b12e569674 sp=0x00000027228fce40
Event: 38.056 Thread 0x000001b14819a000 DEOPT UNPACKING pc=0x000001b12d869d0e sp=0x00000027228fc3e0 mode 0
Event: 38.126 Thread 0x000001b14819e800 DEOPT PACKING pc=0x000001b12e569674 sp=0x00000027229fdcb0
Event: 38.126 Thread 0x000001b14819e800 DEOPT UNPACKING pc=0x000001b12d869d0e sp=0x00000027229fd250 mode 0
Event: 38.200 Thread 0x000001b14800c000 DEOPT PACKING pc=0x000001b12e569674 sp=0x0000002724dfdd70
Event: 38.200 Thread 0x000001b14800c000 DEOPT UNPACKING pc=0x000001b12d869d0e sp=0x0000002724dfd310 mode 0
Event: 38.259 Thread 0x000001b1488d8800 DEOPT PACKING pc=0x000001b12e569674 sp=0x0000002726cfceb0
Event: 38.259 Thread 0x000001b1488d8800 DEOPT UNPACKING pc=0x000001b12d869d0e sp=0x0000002726cfc450 mode 0
Event: 38.486 Thread 0x000001b146a60000 DEOPT PACKING pc=0x000001b12e11b47a sp=0x00000027212fe5b0
Event: 38.486 Thread 0x000001b146a60000 DEOPT UNPACKING pc=0x000001b12d869d0e sp=0x00000027212fd9e8 mode 0

Classes redefined (0 events):
No events

Internal exceptions (20 events):
Event: 44.111 Thread 0x000001b1469da800 Exception <a 'java/security/PrivilegedActionException'{0x0000000086e47e08}> (0x0000000086e47e08) thrown at [./src/hotspot/share/prims/jvm.cpp, line 1306]
Event: 44.111 Thread 0x000001b1469da800 Exception <a 'java/security/PrivilegedActionException'{0x0000000086e49370}> (0x0000000086e49370) thrown at [./src/hotspot/share/prims/jvm.cpp, line 1306]
Event: 44.112 Thread 0x000001b1469da800 Exception <a 'java/security/PrivilegedActionException'{0x0000000086e4c500}> (0x0000000086e4c500) thrown at [./src/hotspot/share/prims/jvm.cpp, line 1306]
Event: 44.112 Thread 0x000001b1469da800 Exception <a 'java/security/PrivilegedActionException'{0x0000000086e4da68}> (0x0000000086e4da68) thrown at [./src/hotspot/share/prims/jvm.cpp, line 1306]
Event: 44.112 Thread 0x000001b1469da800 Exception <a 'java/security/PrivilegedActionException'{0x0000000086e50be8}> (0x0000000086e50be8) thrown at [./src/hotspot/share/prims/jvm.cpp, line 1306]
Event: 44.112 Thread 0x000001b1469da800 Exception <a 'java/security/PrivilegedActionException'{0x0000000086e52150}> (0x0000000086e52150) thrown at [./src/hotspot/share/prims/jvm.cpp, line 1306]
Event: 44.112 Thread 0x000001b1469da800 Exception <a 'java/security/PrivilegedActionException'{0x0000000086e55308}> (0x0000000086e55308) thrown at [./src/hotspot/share/prims/jvm.cpp, line 1306]
Event: 44.112 Thread 0x000001b1469da800 Exception <a 'java/security/PrivilegedActionException'{0x0000000086e56870}> (0x0000000086e56870) thrown at [./src/hotspot/share/prims/jvm.cpp, line 1306]
Event: 44.113 Thread 0x000001b1469da800 Exception <a 'java/security/PrivilegedActionException'{0x0000000086e59a40}> (0x0000000086e59a40) thrown at [./src/hotspot/share/prims/jvm.cpp, line 1306]
Event: 44.113 Thread 0x000001b1469da800 Exception <a 'java/security/PrivilegedActionException'{0x0000000086e5afa8}> (0x0000000086e5afa8) thrown at [./src/hotspot/share/prims/jvm.cpp, line 1306]
Event: 44.113 Thread 0x000001b1469da800 Exception <a 'java/security/PrivilegedActionException'{0x0000000086e5e330}> (0x0000000086e5e330) thrown at [./src/hotspot/share/prims/jvm.cpp, line 1306]
Event: 44.113 Thread 0x000001b1469da800 Exception <a 'java/security/PrivilegedActionException'{0x0000000086e5f898}> (0x0000000086e5f898) thrown at [./src/hotspot/share/prims/jvm.cpp, line 1306]
Event: 44.114 Thread 0x000001b1469da800 Exception <a 'java/security/PrivilegedActionException'{0x0000000086e62a18}> (0x0000000086e62a18) thrown at [./src/hotspot/share/prims/jvm.cpp, line 1306]
Event: 44.114 Thread 0x000001b1469da800 Exception <a 'java/security/PrivilegedActionException'{0x0000000086e63f80}> (0x0000000086e63f80) thrown at [./src/hotspot/share/prims/jvm.cpp, line 1306]
Event: 44.115 Thread 0x000001b1469da800 Exception <a 'java/security/PrivilegedActionException'{0x0000000086e67150}> (0x0000000086e67150) thrown at [./src/hotspot/share/prims/jvm.cpp, line 1306]
Event: 44.115 Thread 0x000001b1469da800 Exception <a 'java/security/PrivilegedActionException'{0x0000000086e686b8}> (0x0000000086e686b8) thrown at [./src/hotspot/share/prims/jvm.cpp, line 1306]
Event: 44.115 Thread 0x000001b1469da800 Exception <a 'java/security/PrivilegedActionException'{0x0000000086e6b8a0}> (0x0000000086e6b8a0) thrown at [./src/hotspot/share/prims/jvm.cpp, line 1306]
Event: 44.115 Thread 0x000001b1469da800 Exception <a 'java/security/PrivilegedActionException'{0x0000000086e6ce08}> (0x0000000086e6ce08) thrown at [./src/hotspot/share/prims/jvm.cpp, line 1306]
Event: 44.117 Thread 0x000001b1469da800 Exception <a 'java/security/PrivilegedActionException'{0x0000000086e6ff80}> (0x0000000086e6ff80) thrown at [./src/hotspot/share/prims/jvm.cpp, line 1306]
Event: 44.117 Thread 0x000001b1469da800 Exception <a 'java/security/PrivilegedActionException'{0x0000000086e714e8}> (0x0000000086e714e8) thrown at [./src/hotspot/share/prims/jvm.cpp, line 1306]

Events (20 events):
Event: 38.900 loading class org/gradle/internal/extensibility/ConventionAwareHelper$2
Event: 38.900 loading class org/gradle/internal/extensibility/ConventionAwareHelper$2 done
Event: 38.901 loading class org/gradle/internal/extensibility/ConventionAwareHelper$1
Event: 38.901 loading class org/gradle/internal/extensibility/ConventionAwareHelper$1 done
Event: 38.904 loading class org/gradle/api/tasks/UntrackedTask
Event: 38.904 loading class org/gradle/api/tasks/UntrackedTask done
Event: 38.905 loading class org/gradle/api/internal/project/taskfactory/DefaultTaskClassInfoStore$StandardTaskActionFactory
Event: 38.905 loading class org/gradle/api/internal/project/taskfactory/DefaultTaskClassInfoStore$StandardTaskActionFactory done
Event: 38.907 loading class org/gradle/api/internal/project/taskfactory/StandardTaskAction
Event: 38.907 loading class org/gradle/api/internal/project/taskfactory/StandardTaskAction done
Event: 38.908 loading class org/gradle/api/Task
Event: 38.908 loading class org/gradle/api/Task done
Event: 38.916 loading class groovy/runtime/metaclass/org/gradle/api/tasks/Delete_DecoratedMetaClass
Event: 38.916 loading class groovy/runtime/metaclass/org/gradle/api/tasks/Delete_DecoratedMetaClass done
Event: 38.919 loading class org/gradle/api/tasks/Delete_DecoratedBeanInfo
Event: 38.919 loading class org/gradle/api/tasks/Delete_DecoratedBeanInfo done
Event: 38.920 loading class org/gradle/api/tasks/Delete_DecoratedBeanInfo
Event: 38.920 loading class org/gradle/api/tasks/Delete_DecoratedBeanInfo done
Event: 38.920 loading class org/gradle/api/tasks/Delete_DecoratedBeanInfo
Event: 38.920 loading class org/gradle/api/tasks/Delete_DecoratedBeanInfo done


Dynamic libraries:
0x00007ff7d8460000 - 0x00007ff7d846a000 	C:\Program Files\Android\Android Studio\jre\bin\java.exe
0x00007ffca2af0000 - 0x00007ffca2ce8000 	C:\WINDOWS\SYSTEM32\ntdll.dll
0x00007ffca11c0000 - 0x00007ffca127d000 	C:\WINDOWS\System32\KERNEL32.DLL
0x00007ffca0830000 - 0x00007ffca0afe000 	C:\WINDOWS\System32\KERNELBASE.dll
0x00007ffc8cf30000 - 0x00007ffc8cf47000 	C:\Program Files\Android\Android Studio\jre\bin\VCRUNTIME140.dll
0x00007ffc66e00000 - 0x00007ffc66e19000 	C:\Program Files\Android\Android Studio\jre\bin\jli.dll
0x00007ffca0b50000 - 0x00007ffca0cf0000 	C:\WINDOWS\System32\USER32.dll
0x00007ffca0210000 - 0x00007ffca0232000 	C:\WINDOWS\System32\win32u.dll
0x00007ffca1c60000 - 0x00007ffca1c8a000 	C:\WINDOWS\System32\GDI32.dll
0x00007ffca0410000 - 0x00007ffca051b000 	C:\WINDOWS\System32\gdi32full.dll
0x00007ffca0790000 - 0x00007ffca082d000 	C:\WINDOWS\System32\msvcp_win.dll
0x00007ffc893d0000 - 0x00007ffc8966a000 	C:\WINDOWS\WinSxS\amd64_microsoft.windows.common-controls_6595b64144ccf1df_6.0.19041.1110_none_60b5254171f9507e\COMCTL32.dll
0x00007ffca1bc0000 - 0x00007ffca1c5e000 	C:\WINDOWS\System32\msvcrt.dll
0x00007ffca0550000 - 0x00007ffca0650000 	C:\WINDOWS\System32\ucrtbase.dll
0x00007ffca1fe0000 - 0x00007ffca2010000 	C:\WINDOWS\System32\IMM32.DLL
0x00007ffc65640000 - 0x00007ffc656dd000 	C:\Program Files\Android\Android Studio\jre\bin\msvcp140.dll
0x00007ffc25610000 - 0x00007ffc260f5000 	C:\Program Files\Android\Android Studio\jre\bin\server\jvm.dll
0x00007ffca1470000 - 0x00007ffca151e000 	C:\WINDOWS\System32\ADVAPI32.dll
0x00007ffca2960000 - 0x00007ffca29fc000 	C:\WINDOWS\System32\sechost.dll
0x00007ffca1d00000 - 0x00007ffca1e25000 	C:\WINDOWS\System32\RPCRT4.dll
0x00007ffca1bb0000 - 0x00007ffca1bb8000 	C:\WINDOWS\System32\PSAPI.DLL
0x00007ffc9b7d0000 - 0x00007ffc9b7d9000 	C:\WINDOWS\SYSTEM32\WSOCK32.dll
0x00007ffc98920000 - 0x00007ffc9892a000 	C:\WINDOWS\SYSTEM32\VERSION.dll
0x00007ffca1ae0000 - 0x00007ffca1b4b000 	C:\WINDOWS\System32\WS2_32.dll
0x00007ffc8b2a0000 - 0x00007ffc8b2c7000 	C:\WINDOWS\SYSTEM32\WINMM.dll
0x00007ffc9eaa0000 - 0x00007ffc9eab2000 	C:\WINDOWS\SYSTEM32\kernel.appcore.dll
0x00007ffc9a840000 - 0x00007ffc9a851000 	C:\Program Files\Android\Android Studio\jre\bin\verify.dll
0x00007ffc9dff0000 - 0x00007ffc9e1d4000 	C:\WINDOWS\SYSTEM32\DBGHELP.DLL
0x00007ffc81c90000 - 0x00007ffc81cbc000 	C:\WINDOWS\SYSTEM32\dbgcore.DLL
0x00007ffca0650000 - 0x00007ffca06d2000 	C:\WINDOWS\System32\bcryptPrimitives.dll
0x00007ffc8e4b0000 - 0x00007ffc8e4d9000 	C:\Program Files\Android\Android Studio\jre\bin\java.dll
0x00007ffc9a830000 - 0x00007ffc9a83b000 	C:\Program Files\Android\Android Studio\jre\bin\jimage.dll
0x00007ffc8e560000 - 0x00007ffc8e578000 	C:\Program Files\Android\Android Studio\jre\bin\zip.dll
0x00007ffca2120000 - 0x00007ffca2864000 	C:\WINDOWS\System32\SHELL32.dll
0x00007ffc9e1e0000 - 0x00007ffc9e974000 	C:\WINDOWS\SYSTEM32\windows.storage.dll
0x00007ffca15d0000 - 0x00007ffca1924000 	C:\WINDOWS\System32\combase.dll
0x00007ffc9fba0000 - 0x00007ffc9fbd0000 	C:\WINDOWS\SYSTEM32\Wldp.dll
0x00007ffca1520000 - 0x00007ffca15cd000 	C:\WINDOWS\System32\SHCORE.dll
0x00007ffca0cf0000 - 0x00007ffca0d45000 	C:\WINDOWS\System32\shlwapi.dll
0x00007ffca0150000 - 0x00007ffca016f000 	C:\WINDOWS\SYSTEM32\profapi.dll
0x00007ffc8e490000 - 0x00007ffc8e4aa000 	C:\Program Files\Android\Android Studio\jre\bin\net.dll
0x00007ffc97d60000 - 0x00007ffc97e6a000 	C:\WINDOWS\SYSTEM32\WINHTTP.dll
0x00007ffc9f900000 - 0x00007ffc9f96a000 	C:\WINDOWS\system32\mswsock.dll
0x00007ffc8e470000 - 0x00007ffc8e484000 	C:\Program Files\Android\Android Studio\jre\bin\nio.dll
0x00007ffc77d60000 - 0x00007ffc77d87000 	C:\Users\shail\.gradle\native\e1d6ef7f7dcc3fd88c89a11ec53ec762bb8ba0a96d01ffa2cd45eb1d1d8dd5c5\windows-amd64\native-platform.dll
0x00007ffc654f0000 - 0x00007ffc65634000 	C:\Users\shail\.gradle\native\5664cfc778a61ccfe75a443a1ab52a65af34e5dc3c78e0209fed803814484fcb\windows-amd64\native-platform-file-events.dll
0x00007ffc9a820000 - 0x00007ffc9a82a000 	C:\Program Files\Android\Android Studio\jre\bin\management.dll
0x00007ffc8e330000 - 0x00007ffc8e33d000 	C:\Program Files\Android\Android Studio\jre\bin\management_ext.dll
0x00007ffc9faf0000 - 0x00007ffc9fb08000 	C:\WINDOWS\SYSTEM32\CRYPTSP.dll
0x00007ffc9f280000 - 0x00007ffc9f2b4000 	C:\WINDOWS\system32\rsaenh.dll
0x00007ffca0520000 - 0x00007ffca0547000 	C:\WINDOWS\System32\bcrypt.dll
0x00007ffca00d0000 - 0x00007ffca00fe000 	C:\WINDOWS\SYSTEM32\USERENV.dll
0x00007ffc9fb10000 - 0x00007ffc9fb1c000 	C:\WINDOWS\SYSTEM32\CRYPTBASE.dll
0x00007ffc9f5f0000 - 0x00007ffc9f62b000 	C:\WINDOWS\SYSTEM32\IPHLPAPI.DLL
0x00007ffca2870000 - 0x00007ffca2878000 	C:\WINDOWS\System32\NSI.dll
0x00007ffc97060000 - 0x00007ffc97077000 	C:\WINDOWS\SYSTEM32\dhcpcsvc6.DLL
0x00007ffc978a0000 - 0x00007ffc978bd000 	C:\WINDOWS\SYSTEM32\dhcpcsvc.DLL
0x00007ffc9f630000 - 0x00007ffc9f6fa000 	C:\WINDOWS\SYSTEM32\DNSAPI.dll

dbghelp: loaded successfully - version: 4.0.5 - missing functions: none
symbol engine: initialized successfully - sym options: 0x614 - pdb path: .;C:\Program Files\Android\Android Studio\jre\bin;C:\WINDOWS\SYSTEM32;C:\WINDOWS\WinSxS\amd64_microsoft.windows.common-controls_6595b64144ccf1df_6.0.19041.1110_none_60b5254171f9507e;C:\Program Files\Android\Android Studio\jre\bin\server;C:\Users\shail\.gradle\native\e1d6ef7f7dcc3fd88c89a11ec53ec762bb8ba0a96d01ffa2cd45eb1d1d8dd5c5\windows-amd64;C:\Users\shail\.gradle\native\5664cfc778a61ccfe75a443a1ab52a65af34e5dc3c78e0209fed803814484fcb\windows-amd64

VM Arguments:
jvm_args: --add-opens=java.base/java.util=ALL-UNNAMED --add-opens=java.base/java.lang=ALL-UNNAMED --add-opens=java.base/java.lang.invoke=ALL-UNNAMED --add-opens=java.base/java.util=ALL-UNNAMED --add-opens=java.prefs/java.util.prefs=ALL-UNNAMED --add-opens=java.prefs/java.util.prefs=ALL-UNNAMED --add-opens=java.base/java.nio.charset=ALL-UNNAMED --add-opens=java.base/java.net=ALL-UNNAMED --add-opens=java.base/java.util.concurrent.atomic=ALL-UNNAMED -Xmx2048m -Dfile.encoding=UTF-8 -Duser.country=IN -Duser.language=en -Duser.variant 
java_command: org.gradle.launcher.daemon.bootstrap.GradleDaemon 7.3.3
java_class_path (initial): C:\Users\shail\.gradle\wrapper\dists\gradle-7.3.3-bin\6a41zxkdtcxs8rphpq6y0069z\gradle-7.3.3\lib\gradle-launcher-7.3.3.jar
Launcher Type: SUN_STANDARD

[Global flags]
     intx CICompilerCount                          = 4                                         {product} {ergonomic}
     uint ConcGCThreads                            = 2                                         {product} {ergonomic}
     uint G1ConcRefinementThreads                  = 8                                         {product} {ergonomic}
   size_t G1HeapRegionSize                         = 1048576                                   {product} {ergonomic}
    uintx GCDrainStackTargetSize                   = 64                                        {product} {ergonomic}
   size_t InitialHeapSize                          = 132120576                                 {product} {ergonomic}
   size_t MarkStackSize                            = 4194304                                   {product} {ergonomic}
   size_t MaxHeapSize                              = 2147483648                                {product} {command line}
   size_t MaxNewSize                               = 1287651328                                {product} {ergonomic}
   size_t MinHeapDeltaBytes                        = 1048576                                   {product} {ergonomic}
    uintx NonNMethodCodeHeapSize                   = 5836300                                {pd product} {ergonomic}
    uintx NonProfiledCodeHeapSize                  = 122910970                              {pd product} {ergonomic}
    uintx ProfiledCodeHeapSize                     = 122910970                              {pd product} {ergonomic}
    uintx ReservedCodeCacheSize                    = 251658240                              {pd product} {ergonomic}
     bool SegmentedCodeCache                       = true                                      {product} {ergonomic}
     bool UseCompressedClassPointers               = true                                 {lp64_product} {ergonomic}
     bool UseCompressedOops                        = true                                 {lp64_product} {ergonomic}
     bool UseG1GC                                  = true                                      {product} {ergonomic}
     bool UseLargePagesIndividualAllocation        = false                                  {pd product} {ergonomic}

Logging:
Log output configuration:
 #0: stdout all=warning uptime,level,tags
 #1: stderr all=off uptime,level,tags

Environment Variables:
JAVA_HOME=C:\Program Files\Java\jdk-18.0.2
PATH=C:\Windows\system32;C:\Windows;C:\Windows\System32\Wbem;C:\Windows\System32\WindowsPowerShell\v1.0\;C:\Windows\System32\OpenSSH\;C:\Program Files\NVIDIA Corporation\NVIDIA NvDLISR;C:\WINDOWS\system32;C:\WINDOWS;C:\WINDOWS\System32\Wbem;C:\WINDOWS\System32\WindowsPowerShell\v1.0\;C:\WINDOWS\System32\OpenSSH\;C:\Program Files\Java\jdk-18.0.2.1\bin;C:\MinGW\bin;C:\Users\shail\AppData\Local\Microsoft\WindowsApps;;C:\Users\shail\AppData\Local\Programs\Microsoft VS Code\bin
USERNAME=shail
OS=Windows_NT
PROCESSOR_IDENTIFIER=Intel64 Family 6 Model 126 Stepping 5, GenuineIntel



---------------  S Y S T E M  ---------------

OS: Windows 10 , 64 bit Build 19041 (10.0.19041.1889)
OS uptime: 0 days 1:38 hours

CPU:total 8 (initial active 8) (4 cores per cpu, 2 threads per core) family 6 model 126 stepping 5 microcode 0xb0, cmov, cx8, fxsr, mmx, sse, sse2, sse3, ssse3, sse4.1, sse4.2, popcnt, avx, avx2, aes, clmul, erms, 3dnowpref, lzcnt, ht, tsc, tscinvbit, bmi1, bmi2, adx, evex, sha, fma

Memory: 4k page, system-wide physical 7959M (912M free)
TotalPageFile size 7959M (AvailPageFile size 4M)
current process WorkingSet (physical memory assigned to process): 285M, peak: 312M
current process commit charge ("private bytes"): 327M, peak: 350M

vm_info: OpenJDK 64-Bit Server VM (11.0.12+7-b1504.28-7817840) for windows-amd64 JRE (11.0.12+7-b1504.28-7817840), built on Oct 13 2021 22:12:33 by "builder" with MS VC++ 14.0 (VS2015)

END.
