#
# There is insufficient memory for the Java Runtime Environment to continue.
# Native memory allocation (malloc) failed to allocate 32784 bytes for Chunk::new
# Possible reasons:
#   The system is out of physical RAM or swap space
#   The process is running with CompressedOops enabled, and the Java Heap may be blocking the growth of the native heap
# Possible solutions:
#   Reduce memory load on the system
#   Increase physical memory or swap space
#   Check if swap backing store is full
#   Decrease Java heap size (-Xmx/-Xms)
#   Decrease number of Java threads
#   Decrease Java thread stack sizes (-Xss)
#   Set larger code cache with -XX:ReservedCodeCacheSize=
#   JVM is running with Unscaled Compressed Oops mode in which the Java heap is
#     placed in the first 4GB address space. The Java Heap base address is the
#     maximum limit for the native heap growth. Please use -XX:HeapBaseMinAddress
#     to set the Java Heap base and to place the Java Heap above 4GB virtual address.
# This output file may be truncated or incomplete.
#
#  Out of Memory Error (./src/hotspot/share/memory/arena.cpp:197), pid=9412, tid=19428
#
# JRE version: OpenJDK Runtime Environment (11.0.12+7) (build 11.0.12+7-b1504.28-7817840)
# Java VM: OpenJDK 64-Bit Server VM (11.0.12+7-b1504.28-7817840, mixed mode, tiered, compressed oops, g1 gc, windows-amd64)
# No core dump will be written. Minidumps are not enabled by default on client versions of Windows
#

---------------  S U M M A R Y ------------

Command Line: --add-opens=java.base/java.util=ALL-UNNAMED --add-opens=java.base/java.lang=ALL-UNNAMED --add-opens=java.base/java.lang.invoke=ALL-UNNAMED --add-opens=java.base/java.util=ALL-UNNAMED --add-opens=java.prefs/java.util.prefs=ALL-UNNAMED --add-opens=java.prefs/java.util.prefs=ALL-UNNAMED --add-opens=java.base/java.nio.charset=ALL-UNNAMED --add-opens=java.base/java.net=ALL-UNNAMED --add-opens=java.base/java.util.concurrent.atomic=ALL-UNNAMED -Xmx2048m -Dfile.encoding=UTF-8 -Duser.country=IN -Duser.language=en -Duser.variant org.gradle.launcher.daemon.bootstrap.GradleDaemon 7.3.3

Host: Intel(R) Core(TM) i5-1035G1 CPU @ 1.00GHz, 8 cores, 7G,  Windows 10 , 64 bit Build 19041 (10.0.19041.1889)
Time: Wed Aug 24 10:30:20 2022 India Standard Time elapsed time: 21.919555 seconds (0d 0h 0m 21s)

---------------  T H R E A D  ---------------

Current thread (0x00000128635af000):  JavaThread "C2 CompilerThread0" daemon [_thread_in_native, id=19428, stack(0x000000166af00000,0x000000166b000000)]


Current CompileTask:
C2:  21919 2818   !   4       java.util.zip.ZipFile::getInputStream (323 bytes)

Stack: [0x000000166af00000,0x000000166b000000]
Native frames: (J=compiled Java code, j=interpreted, Vv=VM code, C=native code)
V  [jvm.dll+0x5fbcea]
V  [jvm.dll+0x731905]
V  [jvm.dll+0x732f1d]
V  [jvm.dll+0x7335d3]
V  [jvm.dll+0x247bf8]
V  [jvm.dll+0xc018c]
V  [jvm.dll+0xc06cc]
V  [jvm.dll+0xc02cc]
V  [jvm.dll+0x6282e0]
V  [jvm.dll+0x8750a]
V  [jvm.dll+0x5121a8]
V  [jvm.dll+0x5116c7]
V  [jvm.dll+0x2018ec]
V  [jvm.dll+0x1ff71f]
V  [jvm.dll+0x18868c]
V  [jvm.dll+0x20e0d7]
V  [jvm.dll+0x20c901]
V  [jvm.dll+0x6f9b7f]
V  [jvm.dll+0x6f26a5]
V  [jvm.dll+0x5fabf6]
C  [ucrtbase.dll+0x21bb2]
C  [KERNEL32.DLL+0x17034]
C  [ntdll.dll+0x52651]


---------------  P R O C E S S  ---------------

Threads class SMR info:
_java_thread_list=0x00000128665506a0, length=38, elements={
0x00000128490ed800, 0x000001286358d800, 0x000001286358e800, 0x00000128635aa000,
0x00000128635ad000, 0x00000128635ad800, 0x00000128635af000, 0x00000128635b0800,
0x00000128635b3800, 0x0000012864060000, 0x000001286648e800, 0x0000012865817000,
0x000001286540c800, 0x0000012865a9e000, 0x00000128662e6800, 0x0000012865ecd800,
0x00000128653a5800, 0x000001286541f800, 0x00000128642c4000, 0x0000012865f14800,
0x0000012865f17000, 0x0000012865f13000, 0x0000012865f11800, 0x0000012865f13800,
0x0000012865f15800, 0x0000012865f18000, 0x0000012865f16000, 0x0000012865f12000,
0x000001286729e000, 0x000001286729f000, 0x000001286729d800, 0x000001286729f800,
0x000001286729b000, 0x000001286729b800, 0x00000128672a0800, 0x00000128672a1800,
0x00000128672a2000, 0x000001286729c800
}

Java Threads: ( => current thread )
  0x00000128490ed800 JavaThread "main" [_thread_blocked, id=8680, stack(0x000000166a300000,0x000000166a400000)]
  0x000001286358d800 JavaThread "Reference Handler" daemon [_thread_blocked, id=17892, stack(0x000000166aa00000,0x000000166ab00000)]
  0x000001286358e800 JavaThread "Finalizer" daemon [_thread_blocked, id=12252, stack(0x000000166ab00000,0x000000166ac00000)]
  0x00000128635aa000 JavaThread "Signal Dispatcher" daemon [_thread_blocked, id=16696, stack(0x000000166ac00000,0x000000166ad00000)]
  0x00000128635ad000 JavaThread "Attach Listener" daemon [_thread_blocked, id=14844, stack(0x000000166ad00000,0x000000166ae00000)]
  0x00000128635ad800 JavaThread "Service Thread" daemon [_thread_blocked, id=15804, stack(0x000000166ae00000,0x000000166af00000)]
=>0x00000128635af000 JavaThread "C2 CompilerThread0" daemon [_thread_in_native, id=19428, stack(0x000000166af00000,0x000000166b000000)]
  0x00000128635b0800 JavaThread "C1 CompilerThread0" daemon [_thread_blocked, id=17180, stack(0x000000166b000000,0x000000166b100000)]
  0x00000128635b3800 JavaThread "Sweeper thread" daemon [_thread_blocked, id=11816, stack(0x000000166b100000,0x000000166b200000)]
  0x0000012864060000 JavaThread "Common-Cleaner" daemon [_thread_blocked, id=16192, stack(0x000000166b200000,0x000000166b300000)]
  0x000001286648e800 JavaThread "Daemon health stats" [_thread_blocked, id=18188, stack(0x000000166b700000,0x000000166b800000)]
  0x0000012865817000 JavaThread "Incoming local TCP Connector on port 62669" [_thread_in_native, id=5116, stack(0x000000166b600000,0x000000166b700000)]
  0x000001286540c800 JavaThread "Daemon periodic checks" [_thread_blocked, id=19124, stack(0x000000166b800000,0x000000166b900000)]
  0x0000012865a9e000 JavaThread "Daemon" [_thread_blocked, id=8668, stack(0x000000166b900000,0x000000166ba00000)]
  0x00000128662e6800 JavaThread "Handler for socket connection from /127.0.0.1:62669 to /127.0.0.1:62670" [_thread_in_native, id=13108, stack(0x000000166ba00000,0x000000166bb00000)]
  0x0000012865ecd800 JavaThread "Cancel handler" [_thread_blocked, id=13760, stack(0x000000166bb00000,0x000000166bc00000)]
  0x00000128653a5800 JavaThread "Daemon worker" [_thread_in_vm, id=18404, stack(0x000000166bc00000,0x000000166bd00000)]
  0x000001286541f800 JavaThread "Asynchronous log dispatcher for DefaultDaemonConnection: socket connection from /127.0.0.1:62669 to /127.0.0.1:62670" [_thread_blocked, id=18088, stack(0x000000166bd00000,0x000000166be00000)]
  0x00000128642c4000 JavaThread "Stdin handler" [_thread_blocked, id=16280, stack(0x000000166be00000,0x000000166bf00000)]
  0x0000012865f14800 JavaThread "Daemon client event forwarder" [_thread_blocked, id=15348, stack(0x000000166bf00000,0x000000166c000000)]
  0x0000012865f17000 JavaThread "Cache worker for journal cache (C:\Users\shail\.gradle\caches\journal-1)" [_thread_blocked, id=2092, stack(0x000000166c500000,0x000000166c600000)]
  0x0000012865f13000 JavaThread "File lock request listener" [_thread_in_native, id=12728, stack(0x000000166c600000,0x000000166c700000)]
  0x0000012865f11800 JavaThread "Cache worker for file hash cache (C:\Users\shail\.gradle\caches\7.3.3\fileHashes)" [_thread_blocked, id=13380, stack(0x000000166c800000,0x000000166c900000)]
  0x0000012865f13800 JavaThread "Cache worker for file hash cache (C:\Users\shail\AndroidStudioProjects\Textviewchange\.gradle\7.3.3\fileHashes)" [_thread_blocked, id=17160, stack(0x000000166c900000,0x000000166ca00000)]
  0x0000012865f15800 JavaThread "File watcher server" daemon [_thread_in_native, id=18820, stack(0x000000166cb00000,0x000000166cc00000)]
  0x0000012865f18000 JavaThread "File watcher consumer" daemon [_thread_blocked, id=12860, stack(0x000000166cc00000,0x000000166cd00000)]
  0x0000012865f16000 JavaThread "jar transforms" [_thread_blocked, id=17424, stack(0x000000166ca00000,0x000000166cb00000)]
  0x0000012865f12000 JavaThread "jar transforms Thread 2" [_thread_blocked, id=11832, stack(0x000000166cd00000,0x000000166ce00000)]
  0x000001286729e000 JavaThread "jar transforms Thread 3" [_thread_blocked, id=18024, stack(0x000000166ce00000,0x000000166cf00000)]
  0x000001286729f000 JavaThread "jar transforms Thread 4" [_thread_blocked, id=11248, stack(0x000000166cf00000,0x000000166d000000)]
  0x000001286729d800 JavaThread "jar transforms Thread 5" [_thread_blocked, id=19164, stack(0x000000166d000000,0x000000166d100000)]
  0x000001286729f800 JavaThread "jar transforms Thread 6" [_thread_blocked, id=9668, stack(0x000000166d100000,0x000000166d200000)]
  0x000001286729b000 JavaThread "jar transforms Thread 7" [_thread_blocked, id=13080, stack(0x000000166d200000,0x000000166d300000)]
  0x000001286729b800 JavaThread "jar transforms Thread 8" [_thread_blocked, id=13184, stack(0x000000166d300000,0x000000166d400000)]
  0x00000128672a0800 JavaThread "Cache worker for checksums cache (C:\Users\shail\AndroidStudioProjects\Textviewchange\.gradle\7.3.3\checksums)" [_thread_blocked, id=9180, stack(0x000000166d400000,0x000000166d500000)]
  0x00000128672a1800 JavaThread "Cache worker for cache directory md-supplier (C:\Users\shail\.gradle\caches\7.3.3\md-supplier)" [_thread_blocked, id=6808, stack(0x000000166d500000,0x000000166d600000)]
  0x00000128672a2000 JavaThread "Cache worker for cache directory md-rule (C:\Users\shail\.gradle\caches\7.3.3\md-rule)" [_thread_blocked, id=2708, stack(0x000000166d600000,0x000000166d700000)]
  0x000001286729c800 JavaThread "Cache worker for execution history cache (C:\Users\shail\.gradle\caches\7.3.3\executionHistory)" [_thread_blocked, id=14332, stack(0x000000166d700000,0x000000166d800000)]

Other Threads:
  0x0000012863588800 VMThread "VM Thread" [stack: 0x000000166a900000,0x000000166aa00000] [id=10904]
  0x0000012864069800 WatcherThread [stack: 0x000000166b300000,0x000000166b400000] [id=19040]
  0x0000012849105000 GCTaskThread "GC Thread#0" [stack: 0x000000166a400000,0x000000166a500000] [id=13784]
  0x0000012864b61000 GCTaskThread "GC Thread#1" [stack: 0x000000166b400000,0x000000166b500000] [id=10492]
  0x0000012864e86000 GCTaskThread "GC Thread#2" [stack: 0x000000166b500000,0x000000166b600000] [id=13852]
  0x0000012865f3d800 GCTaskThread "GC Thread#3" [stack: 0x000000166c000000,0x000000166c100000] [id=17024]
  0x0000012866a14800 GCTaskThread "GC Thread#4" [stack: 0x000000166c100000,0x000000166c200000] [id=16532]
  0x0000012866a15000 GCTaskThread "GC Thread#5" [stack: 0x000000166c200000,0x000000166c300000] [id=15816]
  0x0000012865cf6800 GCTaskThread "GC Thread#6" [stack: 0x000000166c300000,0x000000166c400000] [id=18856]
  0x0000012865cf7800 GCTaskThread "GC Thread#7" [stack: 0x000000166c400000,0x000000166c500000] [id=18668]
  0x0000012849134800 ConcurrentGCThread "G1 Main Marker" [stack: 0x000000166a500000,0x000000166a600000] [id=17208]
  0x0000012849136000 ConcurrentGCThread "G1 Conc#0" [stack: 0x000000166a600000,0x000000166a700000] [id=12456]
  0x0000012864f2b000 ConcurrentGCThread "G1 Conc#1" [stack: 0x000000166c700000,0x000000166c800000] [id=12004]
  0x00000128633e0800 ConcurrentGCThread "G1 Refine#0" [stack: 0x000000166a700000,0x000000166a800000] [id=18904]
  0x00000128633e1000 ConcurrentGCThread "G1 Young RemSet Sampling" [stack: 0x000000166a800000,0x000000166a900000] [id=5260]

Threads with active compile tasks:
C2 CompilerThread0  21957 2818   !   4       java.util.zip.ZipFile::getInputStream (323 bytes)

VM state:not at safepoint (normal execution)

VM Mutex/Monitor currently owned by a thread: None

Heap address: 0x0000000080000000, size: 2048 MB, Compressed Oops mode: 32-bit
Narrow klass base: 0x0000000000000000, Narrow klass shift: 3
Compressed class space size: 1073741824 Address: 0x0000000100000000

Heap:
 garbage-first heap   total 129024K, used 87786K [0x0000000080000000, 0x0000000100000000)
  region size 1024K, 62 young (63488K), 4 survivors (4096K)
 Metaspace       used 32175K, capacity 33032K, committed 33152K, reserved 1081344K
  class space    used 4332K, capacity 4670K, committed 4736K, reserved 1048576K
Heap Regions: E=young(eden), S=young(survivor), O=old, HS=humongous(starts), HC=humongous(continues), CS=collection set, F=free, A=archive, TAMS=top-at-mark-start (previous, next)
|   0|0x0000000080000000, 0x0000000080100000, 0x0000000080100000|100%| O|  |TAMS 0x0000000080100000, 0x0000000080000000| Untracked 
|   1|0x0000000080100000, 0x0000000080200000, 0x0000000080200000|100%| O|  |TAMS 0x0000000080200000, 0x0000000080100000| Untracked 
|   2|0x0000000080200000, 0x0000000080300000, 0x0000000080300000|100%| O|  |TAMS 0x0000000080300000, 0x0000000080200000| Untracked 
|   3|0x0000000080300000, 0x0000000080400000, 0x0000000080400000|100%|HS|  |TAMS 0x0000000080400000, 0x0000000080300000| Complete 
|   4|0x0000000080400000, 0x0000000080500000, 0x0000000080500000|100%|HC|  |TAMS 0x0000000080500000, 0x0000000080400000| Complete 
|   5|0x0000000080500000, 0x0000000080600000, 0x0000000080600000|100%|HC|  |TAMS 0x0000000080600000, 0x0000000080500000| Complete 
|   6|0x0000000080600000, 0x0000000080700000, 0x0000000080700000|100%| O|  |TAMS 0x0000000080700000, 0x0000000080600000| Untracked 
|   7|0x0000000080700000, 0x0000000080800000, 0x0000000080800000|100%| O|  |TAMS 0x0000000080800000, 0x0000000080700000| Untracked 
|   8|0x0000000080800000, 0x0000000080900000, 0x0000000080900000|100%| O|  |TAMS 0x0000000080900000, 0x0000000080800000| Untracked 
|   9|0x0000000080900000, 0x0000000080a00000, 0x0000000080a00000|100%| O|  |TAMS 0x0000000080a00000, 0x0000000080900000| Untracked 
|  10|0x0000000080a00000, 0x0000000080b00000, 0x0000000080b00000|100%| O|  |TAMS 0x0000000080b00000, 0x0000000080a00000| Untracked 
|  11|0x0000000080b00000, 0x0000000080c00000, 0x0000000080c00000|100%| O|  |TAMS 0x0000000080c00000, 0x0000000080b00000| Untracked 
|  12|0x0000000080c00000, 0x0000000080d00000, 0x0000000080d00000|100%| O|  |TAMS 0x0000000080d00000, 0x0000000080c00000| Untracked 
|  13|0x0000000080d00000, 0x0000000080e00000, 0x0000000080e00000|100%| O|  |TAMS 0x0000000080e00000, 0x0000000080d00000| Untracked 
|  14|0x0000000080e00000, 0x0000000080f00000, 0x0000000080f00000|100%| O|  |TAMS 0x0000000080f00000, 0x0000000080e00000| Untracked 
|  15|0x0000000080f00000, 0x0000000080f72600, 0x0000000081000000| 44%| O|  |TAMS 0x0000000080f72600, 0x0000000080f00000| Untracked 
|  16|0x0000000081000000, 0x0000000081100000, 0x0000000081100000|100%|HS|  |TAMS 0x0000000081000000, 0x0000000081000000| Complete 
|  17|0x0000000081100000, 0x0000000081200000, 0x0000000081200000|100%|HC|  |TAMS 0x0000000081100000, 0x0000000081100000| Complete 
|  18|0x0000000081200000, 0x0000000081300000, 0x0000000081300000|100%|HS|  |TAMS 0x0000000081200000, 0x0000000081200000| Complete 
|  19|0x0000000081300000, 0x0000000081400000, 0x0000000081400000|100%|HC|  |TAMS 0x0000000081300000, 0x0000000081300000| Complete 
|  20|0x0000000081400000, 0x0000000081500000, 0x0000000081500000|100%|HC|  |TAMS 0x0000000081400000, 0x0000000081400000| Complete 
|  21|0x0000000081500000, 0x0000000081600000, 0x0000000081600000|100%|HS|  |TAMS 0x0000000081500000, 0x0000000081500000| Complete 
|  22|0x0000000081600000, 0x0000000081700000, 0x0000000081700000|100%|HS|  |TAMS 0x0000000081600000, 0x0000000081600000| Complete 
|  23|0x0000000081700000, 0x0000000081800000, 0x0000000081800000|100%|HC|  |TAMS 0x0000000081700000, 0x0000000081700000| Complete 
|  24|0x0000000081800000, 0x0000000081900000, 0x0000000081900000|100%|HC|  |TAMS 0x0000000081800000, 0x0000000081800000| Complete 
|  25|0x0000000081900000, 0x0000000081a00000, 0x0000000081a00000|100%|HC|  |TAMS 0x0000000081900000, 0x0000000081900000| Complete 
|  26|0x0000000081a00000, 0x0000000081a00000, 0x0000000081b00000|  0%| F|  |TAMS 0x0000000081a00000, 0x0000000081a00000| Untracked 
|  27|0x0000000081b00000, 0x0000000081b00000, 0x0000000081c00000|  0%| F|  |TAMS 0x0000000081b00000, 0x0000000081b00000| Untracked 
|  28|0x0000000081c00000, 0x0000000081c00000, 0x0000000081d00000|  0%| F|  |TAMS 0x0000000081c00000, 0x0000000081c00000| Untracked 
|  29|0x0000000081d00000, 0x0000000081d00000, 0x0000000081e00000|  0%| F|  |TAMS 0x0000000081d00000, 0x0000000081d00000| Untracked 
|  30|0x0000000081e00000, 0x0000000081e00000, 0x0000000081f00000|  0%| F|  |TAMS 0x0000000081e00000, 0x0000000081e00000| Untracked 
|  31|0x0000000081f00000, 0x0000000081f00000, 0x0000000082000000|  0%| F|  |TAMS 0x0000000081f00000, 0x0000000081f00000| Untracked 
|  32|0x0000000082000000, 0x0000000082000000, 0x0000000082100000|  0%| F|  |TAMS 0x0000000082000000, 0x0000000082000000| Untracked 
|  33|0x0000000082100000, 0x0000000082100000, 0x0000000082200000|  0%| F|  |TAMS 0x0000000082100000, 0x0000000082100000| Untracked 
|  34|0x0000000082200000, 0x0000000082200000, 0x0000000082300000|  0%| F|  |TAMS 0x0000000082200000, 0x0000000082200000| Untracked 
|  35|0x0000000082300000, 0x0000000082300000, 0x0000000082400000|  0%| F|  |TAMS 0x0000000082300000, 0x0000000082300000| Untracked 
|  36|0x0000000082400000, 0x0000000082400000, 0x0000000082500000|  0%| F|  |TAMS 0x0000000082400000, 0x0000000082400000| Untracked 
|  37|0x0000000082500000, 0x0000000082500000, 0x0000000082600000|  0%| F|  |TAMS 0x0000000082500000, 0x0000000082500000| Untracked 
|  38|0x0000000082600000, 0x0000000082600000, 0x0000000082700000|  0%| F|  |TAMS 0x0000000082600000, 0x0000000082600000| Untracked 
|  39|0x0000000082700000, 0x0000000082700000, 0x0000000082800000|  0%| F|  |TAMS 0x0000000082700000, 0x0000000082700000| Untracked 
|  40|0x0000000082800000, 0x0000000082800000, 0x0000000082900000|  0%| F|  |TAMS 0x0000000082800000, 0x0000000082800000| Untracked 
|  41|0x0000000082900000, 0x0000000082900000, 0x0000000082a00000|  0%| F|  |TAMS 0x0000000082900000, 0x0000000082900000| Untracked 
|  42|0x0000000082a00000, 0x0000000082a00000, 0x0000000082b00000|  0%| F|  |TAMS 0x0000000082a00000, 0x0000000082a00000| Untracked 
|  43|0x0000000082b00000, 0x0000000082b00000, 0x0000000082c00000|  0%| F|  |TAMS 0x0000000082b00000, 0x0000000082b00000| Untracked 
|  44|0x0000000082c00000, 0x0000000082c00000, 0x0000000082d00000|  0%| F|  |TAMS 0x0000000082c00000, 0x0000000082c00000| Untracked 
|  45|0x0000000082d00000, 0x0000000082d00000, 0x0000000082e00000|  0%| F|  |TAMS 0x0000000082d00000, 0x0000000082d00000| Untracked 
|  46|0x0000000082e00000, 0x0000000082e00000, 0x0000000082f00000|  0%| F|  |TAMS 0x0000000082e00000, 0x0000000082e00000| Untracked 
|  47|0x0000000082f00000, 0x0000000082f00000, 0x0000000083000000|  0%| F|  |TAMS 0x0000000082f00000, 0x0000000082f00000| Untracked 
|  48|0x0000000083000000, 0x0000000083000000, 0x0000000083100000|  0%| F|  |TAMS 0x0000000083000000, 0x0000000083000000| Untracked 
|  49|0x0000000083100000, 0x0000000083100000, 0x0000000083200000|  0%| F|  |TAMS 0x0000000083100000, 0x0000000083100000| Untracked 
|  50|0x0000000083200000, 0x0000000083200000, 0x0000000083300000|  0%| F|  |TAMS 0x0000000083200000, 0x0000000083200000| Untracked 
|  51|0x0000000083300000, 0x0000000083300000, 0x0000000083400000|  0%| F|  |TAMS 0x0000000083300000, 0x0000000083300000| Untracked 
|  52|0x0000000083400000, 0x0000000083400000, 0x0000000083500000|  0%| F|  |TAMS 0x0000000083400000, 0x0000000083400000| Untracked 
|  53|0x0000000083500000, 0x0000000083500000, 0x0000000083600000|  0%| F|  |TAMS 0x0000000083500000, 0x0000000083500000| Untracked 
|  54|0x0000000083600000, 0x0000000083600000, 0x0000000083700000|  0%| F|  |TAMS 0x0000000083600000, 0x0000000083600000| Untracked 
|  55|0x0000000083700000, 0x0000000083700000, 0x0000000083800000|  0%| F|  |TAMS 0x0000000083700000, 0x0000000083700000| Untracked 
|  56|0x0000000083800000, 0x0000000083800000, 0x0000000083900000|  0%| F|  |TAMS 0x0000000083800000, 0x0000000083800000| Untracked 
|  57|0x0000000083900000, 0x0000000083900000, 0x0000000083a00000|  0%| F|  |TAMS 0x0000000083900000, 0x0000000083900000| Untracked 
|  58|0x0000000083a00000, 0x0000000083a00000, 0x0000000083b00000|  0%| F|  |TAMS 0x0000000083a00000, 0x0000000083a00000| Untracked 
|  59|0x0000000083b00000, 0x0000000083b00000, 0x0000000083c00000|  0%| F|  |TAMS 0x0000000083b00000, 0x0000000083b00000| Untracked 
|  60|0x0000000083c00000, 0x0000000083c00000, 0x0000000083d00000|  0%| F|  |TAMS 0x0000000083c00000, 0x0000000083c00000| Untracked 
|  61|0x0000000083d00000, 0x0000000083d00000, 0x0000000083e00000|  0%| F|  |TAMS 0x0000000083d00000, 0x0000000083d00000| Untracked 
|  62|0x0000000083e00000, 0x0000000083e48440, 0x0000000083f00000| 28%| S|CS|TAMS 0x0000000083e00000, 0x0000000083e00000| Complete 
|  63|0x0000000083f00000, 0x0000000084000000, 0x0000000084000000|100%| S|CS|TAMS 0x0000000083f00000, 0x0000000083f00000| Complete 
|  64|0x0000000084000000, 0x0000000084100000, 0x0000000084100000|100%| S|CS|TAMS 0x0000000084000000, 0x0000000084000000| Complete 
|  65|0x0000000084100000, 0x0000000084200000, 0x0000000084200000|100%| S|CS|TAMS 0x0000000084100000, 0x0000000084100000| Complete 
|  66|0x0000000084200000, 0x0000000084200000, 0x0000000084300000|  0%| F|  |TAMS 0x0000000084200000, 0x0000000084200000| Untracked 
|  67|0x0000000084300000, 0x0000000084300000, 0x0000000084400000|  0%| F|  |TAMS 0x0000000084300000, 0x0000000084300000| Untracked 
|  68|0x0000000084400000, 0x00000000844a2420, 0x0000000084500000| 63%| E|  |TAMS 0x0000000084400000, 0x0000000084400000| Complete 
|  69|0x0000000084500000, 0x0000000084600000, 0x0000000084600000|100%| E|CS|TAMS 0x0000000084500000, 0x0000000084500000| Complete 
|  70|0x0000000084600000, 0x0000000084700000, 0x0000000084700000|100%| E|CS|TAMS 0x0000000084600000, 0x0000000084600000| Complete 
|  71|0x0000000084700000, 0x0000000084800000, 0x0000000084800000|100%| E|CS|TAMS 0x0000000084700000, 0x0000000084700000| Complete 
|  72|0x0000000084800000, 0x0000000084900000, 0x0000000084900000|100%| E|CS|TAMS 0x0000000084800000, 0x0000000084800000| Complete 
|  73|0x0000000084900000, 0x0000000084a00000, 0x0000000084a00000|100%| E|CS|TAMS 0x0000000084900000, 0x0000000084900000| Complete 
|  74|0x0000000084a00000, 0x0000000084b00000, 0x0000000084b00000|100%| E|CS|TAMS 0x0000000084a00000, 0x0000000084a00000| Complete 
|  75|0x0000000084b00000, 0x0000000084c00000, 0x0000000084c00000|100%| E|CS|TAMS 0x0000000084b00000, 0x0000000084b00000| Complete 
|  76|0x0000000084c00000, 0x0000000084d00000, 0x0000000084d00000|100%| E|CS|TAMS 0x0000000084c00000, 0x0000000084c00000| Complete 
|  77|0x0000000084d00000, 0x0000000084e00000, 0x0000000084e00000|100%| E|CS|TAMS 0x0000000084d00000, 0x0000000084d00000| Complete 
|  78|0x0000000084e00000, 0x0000000084f00000, 0x0000000084f00000|100%| E|CS|TAMS 0x0000000084e00000, 0x0000000084e00000| Complete 
|  79|0x0000000084f00000, 0x0000000085000000, 0x0000000085000000|100%| E|CS|TAMS 0x0000000084f00000, 0x0000000084f00000| Complete 
|  80|0x0000000085000000, 0x0000000085100000, 0x0000000085100000|100%| E|CS|TAMS 0x0000000085000000, 0x0000000085000000| Complete 
|  81|0x0000000085100000, 0x0000000085200000, 0x0000000085200000|100%| E|CS|TAMS 0x0000000085100000, 0x0000000085100000| Complete 
|  82|0x0000000085200000, 0x0000000085300000, 0x0000000085300000|100%| E|CS|TAMS 0x0000000085200000, 0x0000000085200000| Complete 
|  83|0x0000000085300000, 0x0000000085400000, 0x0000000085400000|100%| E|CS|TAMS 0x0000000085300000, 0x0000000085300000| Complete 
|  84|0x0000000085400000, 0x0000000085500000, 0x0000000085500000|100%| E|CS|TAMS 0x0000000085400000, 0x0000000085400000| Complete 
|  85|0x0000000085500000, 0x0000000085600000, 0x0000000085600000|100%| E|CS|TAMS 0x0000000085500000, 0x0000000085500000| Complete 
|  86|0x0000000085600000, 0x0000000085700000, 0x0000000085700000|100%| E|CS|TAMS 0x0000000085600000, 0x0000000085600000| Complete 
|  87|0x0000000085700000, 0x0000000085800000, 0x0000000085800000|100%| E|CS|TAMS 0x0000000085700000, 0x0000000085700000| Complete 
|  88|0x0000000085800000, 0x0000000085900000, 0x0000000085900000|100%| E|CS|TAMS 0x0000000085800000, 0x0000000085800000| Complete 
|  89|0x0000000085900000, 0x0000000085a00000, 0x0000000085a00000|100%| E|CS|TAMS 0x0000000085900000, 0x0000000085900000| Complete 
|  90|0x0000000085a00000, 0x0000000085b00000, 0x0000000085b00000|100%| E|CS|TAMS 0x0000000085a00000, 0x0000000085a00000| Complete 
|  91|0x0000000085b00000, 0x0000000085c00000, 0x0000000085c00000|100%| E|CS|TAMS 0x0000000085b00000, 0x0000000085b00000| Complete 
|  92|0x0000000085c00000, 0x0000000085d00000, 0x0000000085d00000|100%| E|CS|TAMS 0x0000000085c00000, 0x0000000085c00000| Complete 
|  93|0x0000000085d00000, 0x0000000085e00000, 0x0000000085e00000|100%| E|CS|TAMS 0x0000000085d00000, 0x0000000085d00000| Complete 
|  94|0x0000000085e00000, 0x0000000085f00000, 0x0000000085f00000|100%| E|CS|TAMS 0x0000000085e00000, 0x0000000085e00000| Complete 
|  95|0x0000000085f00000, 0x0000000086000000, 0x0000000086000000|100%| E|CS|TAMS 0x0000000085f00000, 0x0000000085f00000| Complete 
|  96|0x0000000086000000, 0x0000000086100000, 0x0000000086100000|100%| E|CS|TAMS 0x0000000086000000, 0x0000000086000000| Complete 
|  97|0x0000000086100000, 0x0000000086200000, 0x0000000086200000|100%| E|CS|TAMS 0x0000000086100000, 0x0000000086100000| Complete 
|  98|0x0000000086200000, 0x0000000086300000, 0x0000000086300000|100%| E|CS|TAMS 0x0000000086200000, 0x0000000086200000| Complete 
|  99|0x0000000086300000, 0x0000000086400000, 0x0000000086400000|100%| E|CS|TAMS 0x0000000086300000, 0x0000000086300000| Complete 
| 100|0x0000000086400000, 0x0000000086500000, 0x0000000086500000|100%| E|CS|TAMS 0x0000000086400000, 0x0000000086400000| Complete 
| 101|0x0000000086500000, 0x0000000086600000, 0x0000000086600000|100%| E|CS|TAMS 0x0000000086500000, 0x0000000086500000| Complete 
| 102|0x0000000086600000, 0x0000000086700000, 0x0000000086700000|100%| E|CS|TAMS 0x0000000086600000, 0x0000000086600000| Complete 
| 103|0x0000000086700000, 0x0000000086800000, 0x0000000086800000|100%| E|CS|TAMS 0x0000000086700000, 0x0000000086700000| Complete 
| 104|0x0000000086800000, 0x0000000086900000, 0x0000000086900000|100%| E|CS|TAMS 0x0000000086800000, 0x0000000086800000| Complete 
| 105|0x0000000086900000, 0x0000000086a00000, 0x0000000086a00000|100%| E|CS|TAMS 0x0000000086900000, 0x0000000086900000| Complete 
| 106|0x0000000086a00000, 0x0000000086b00000, 0x0000000086b00000|100%| E|CS|TAMS 0x0000000086a00000, 0x0000000086a00000| Complete 
| 107|0x0000000086b00000, 0x0000000086c00000, 0x0000000086c00000|100%| E|CS|TAMS 0x0000000086b00000, 0x0000000086b00000| Complete 
| 108|0x0000000086c00000, 0x0000000086d00000, 0x0000000086d00000|100%| E|CS|TAMS 0x0000000086c00000, 0x0000000086c00000| Complete 
| 109|0x0000000086d00000, 0x0000000086e00000, 0x0000000086e00000|100%| E|CS|TAMS 0x0000000086d00000, 0x0000000086d00000| Complete 
| 110|0x0000000086e00000, 0x0000000086f00000, 0x0000000086f00000|100%| E|CS|TAMS 0x0000000086e00000, 0x0000000086e00000| Complete 
| 111|0x0000000086f00000, 0x0000000087000000, 0x0000000087000000|100%| E|CS|TAMS 0x0000000086f00000, 0x0000000086f00000| Complete 
| 112|0x0000000087000000, 0x0000000087100000, 0x0000000087100000|100%| E|CS|TAMS 0x0000000087000000, 0x0000000087000000| Complete 
| 113|0x0000000087100000, 0x0000000087200000, 0x0000000087200000|100%| E|CS|TAMS 0x0000000087100000, 0x0000000087100000| Complete 
| 114|0x0000000087200000, 0x0000000087300000, 0x0000000087300000|100%| E|CS|TAMS 0x0000000087200000, 0x0000000087200000| Complete 
| 115|0x0000000087300000, 0x0000000087400000, 0x0000000087400000|100%| E|CS|TAMS 0x0000000087300000, 0x0000000087300000| Complete 
| 116|0x0000000087400000, 0x0000000087500000, 0x0000000087500000|100%| E|CS|TAMS 0x0000000087400000, 0x0000000087400000| Complete 
| 117|0x0000000087500000, 0x0000000087600000, 0x0000000087600000|100%| E|CS|TAMS 0x0000000087500000, 0x0000000087500000| Complete 
| 118|0x0000000087600000, 0x0000000087700000, 0x0000000087700000|100%| E|CS|TAMS 0x0000000087600000, 0x0000000087600000| Complete 
| 119|0x0000000087700000, 0x0000000087800000, 0x0000000087800000|100%| E|CS|TAMS 0x0000000087700000, 0x0000000087700000| Complete 
| 120|0x0000000087800000, 0x0000000087900000, 0x0000000087900000|100%| E|CS|TAMS 0x0000000087800000, 0x0000000087800000| Complete 
| 121|0x0000000087900000, 0x0000000087a00000, 0x0000000087a00000|100%| E|CS|TAMS 0x0000000087900000, 0x0000000087900000| Complete 
| 122|0x0000000087a00000, 0x0000000087b00000, 0x0000000087b00000|100%| E|CS|TAMS 0x0000000087a00000, 0x0000000087a00000| Complete 
| 123|0x0000000087b00000, 0x0000000087c00000, 0x0000000087c00000|100%| E|CS|TAMS 0x0000000087b00000, 0x0000000087b00000| Complete 
| 124|0x0000000087c00000, 0x0000000087d00000, 0x0000000087d00000|100%| E|CS|TAMS 0x0000000087c00000, 0x0000000087c00000| Complete 
| 125|0x0000000087d00000, 0x0000000087e00000, 0x0000000087e00000|100%| E|CS|TAMS 0x0000000087d00000, 0x0000000087d00000| Complete 

Card table byte_map: [0x000001285c330000,0x000001285c730000] _byte_map_base: 0x000001285bf30000

Marking Bits (Prev, Next): (CMBitMap*) 0x000001284912b990, (CMBitMap*) 0x000001284912b958
 Prev Bits: [0x000001285eb30000, 0x0000012860b30000)
 Next Bits: [0x000001285cb30000, 0x000001285eb30000)

Polling page: 0x0000012846fe0000

Metaspace:

Usage:
  Non-class:     27.70 MB capacity,    27.21 MB ( 98%) used,   427.80 KB (  2%) free+waste,    74.81 KB ( <1%) overhead. 
      Class:      4.56 MB capacity,     4.23 MB ( 93%) used,   298.94 KB (  6%) free+waste,    37.69 KB ( <1%) overhead. 
       Both:     32.26 MB capacity,    31.44 MB ( 97%) used,   726.74 KB (  2%) free+waste,   112.50 KB ( <1%) overhead. 

Virtual space:
  Non-class space:       32.00 MB reserved,      27.75 MB ( 87%) committed 
      Class space:        1.00 GB reserved,       4.63 MB ( <1%) committed 
             Both:        1.03 GB reserved,      32.38 MB (  3%) committed 

Chunk freelists:
   Non-Class:  54.00 KB
       Class:  2.00 KB
        Both:  56.00 KB

MaxMetaspaceSize: 17179869184.00 GB
CompressedClassSpaceSize: 1.00 GB
Initial GC threshold: 20.80 MB
Current GC threshold: 35.00 MB
CDS: off

CodeHeap 'non-profiled nmethods': size=120000Kb used=1516Kb max_used=1516Kb free=118483Kb
 bounds [0x00000128546d0000, 0x0000012854940000, 0x000001285bc00000]
CodeHeap 'profiled nmethods': size=120000Kb used=6226Kb max_used=6226Kb free=113773Kb
 bounds [0x000001284d1a0000, 0x000001284d7c0000, 0x00000128546d0000]
CodeHeap 'non-nmethods': size=5760Kb used=1252Kb max_used=1293Kb free=4507Kb
 bounds [0x000001284cc00000, 0x000001284ce70000, 0x000001284d1a0000]
 total_blobs=3330 nmethods=2816 adapters=426
 compilation: enabled
              stopped_count=0, restarted_count=0
 full_count=0

Compilation events (20 events):
Event: 21.707 Thread 0x00000128635b0800 nmethod 2808 0x000001284d7ad210 code [0x000001284d7ad420, 0x000001284d7adb18]
Event: 21.708 Thread 0x00000128635b0800 2809       3       java.lang.reflect.ProxyGenerator::addProxyMethod (233 bytes)
Event: 21.713 Thread 0x00000128635b0800 nmethod 2809 0x000001284d7adc90 code [0x000001284d7ae060, 0x000001284d7afba8]
Event: 21.770 Thread 0x00000128635b0800 2810       3       jdk.internal.org.objectweb.asm.FieldWriter::put (475 bytes)
Event: 21.772 Thread 0x00000128635b0800 nmethod 2810 0x000001284d7b0490 code [0x000001284d7b0880, 0x000001284d7b18f8]
Event: 21.833 Thread 0x00000128635af000 2811       4       java.util.Collections$SetFromMap::add (22 bytes)
Event: 21.834 Thread 0x00000128635af000 nmethod 2811 0x000001285484ac10 code [0x000001285484adc0, 0x000001285484ae88]
Event: 21.892 Thread 0x00000128635b0800 2812       1       org.slf4j.impl.StaticLoggerBinder::getLoggerFactory (5 bytes)
Event: 21.892 Thread 0x00000128635b0800 nmethod 2812 0x000001285484af90 code [0x000001285484b140, 0x000001285484b1f8]
Event: 21.893 Thread 0x00000128635b0800 2813       3       java.util.stream.AbstractPipeline::<init> (55 bytes)
Event: 21.893 Thread 0x00000128635b0800 nmethod 2813 0x000001284d7b1f10 code [0x000001284d7b20e0, 0x000001284d7b23b8]
Event: 21.893 Thread 0x00000128635b0800 2814   !   3       java.util.stream.ReferencePipeline$7$1::accept (127 bytes)
Event: 21.894 Thread 0x00000128635b0800 nmethod 2814 0x000001284d7b2490 code [0x000001284d7b2720, 0x000001284d7b34b8]
Event: 21.894 Thread 0x00000128635b0800 2815       3       java.util.stream.AbstractPipeline::sequential (10 bytes)
Event: 21.894 Thread 0x00000128635b0800 nmethod 2815 0x000001284d7b3990 code [0x000001284d7b3b40, 0x000001284d7b3c58]
Event: 21.896 Thread 0x00000128635b0800 2816       3       java.util.regex.Pattern$BmpCharPredicate$$Lambda$14/0x0000000100090440::is (13 bytes)
Event: 21.896 Thread 0x00000128635b0800 nmethod 2816 0x000001284d7b3d10 code [0x000001284d7b3f00, 0x000001284d7b42d8]
Event: 21.896 Thread 0x00000128635b0800 2817       3       java.util.regex.Pattern$BmpCharPredicate::lambda$union$2 (26 bytes)
Event: 21.897 Thread 0x00000128635b0800 nmethod 2817 0x000001284d7b4410 code [0x000001284d7b45e0, 0x000001284d7b48f8]
Event: 21.902 Thread 0x00000128635af000 2818   !   4       java.util.zip.ZipFile::getInputStream (323 bytes)

GC Heap History (8 events):
Event: 4.071 GC heap before
{Heap before GC invocations=0 (full 0):
 garbage-first heap   total 129024K, used 30720K [0x0000000080000000, 0x0000000100000000)
  region size 1024K, 24 young (24576K), 0 survivors (0K)
 Metaspace       used 10256K, capacity 10499K, committed 10624K, reserved 1058816K
  class space    used 1072K, capacity 1141K, committed 1152K, reserved 1048576K
}
Event: 4.080 GC heap after
{Heap after GC invocations=1 (full 0):
 garbage-first heap   total 129024K, used 9383K [0x0000000080000000, 0x0000000100000000)
  region size 1024K, 3 young (3072K), 3 survivors (3072K)
 Metaspace       used 10256K, capacity 10499K, committed 10624K, reserved 1058816K
  class space    used 1072K, capacity 1141K, committed 1152K, reserved 1048576K
}
Event: 10.424 GC heap before
{Heap before GC invocations=1 (full 0):
 garbage-first heap   total 129024K, used 83111K [0x0000000080000000, 0x0000000100000000)
  region size 1024K, 75 young (76800K), 3 survivors (3072K)
 Metaspace       used 18046K, capacity 18510K, committed 18688K, reserved 1064960K
  class space    used 2133K, capacity 2292K, committed 2304K, reserved 1048576K
}
Event: 10.499 GC heap after
{Heap after GC invocations=2 (full 0):
 garbage-first heap   total 129024K, used 15924K [0x0000000080000000, 0x0000000100000000)
  region size 1024K, 10 young (10240K), 10 survivors (10240K)
 Metaspace       used 18046K, capacity 18510K, committed 18688K, reserved 1064960K
  class space    used 2133K, capacity 2292K, committed 2304K, reserved 1048576K
}
Event: 11.318 GC heap before
{Heap before GC invocations=2 (full 0):
 garbage-first heap   total 129024K, used 40500K [0x0000000080000000, 0x0000000100000000)
  region size 1024K, 35 young (35840K), 10 survivors (10240K)
 Metaspace       used 20689K, capacity 21159K, committed 21248K, reserved 1067008K
  class space    used 2540K, capacity 2728K, committed 2816K, reserved 1048576K
}
Event: 11.330 GC heap after
{Heap after GC invocations=3 (full 0):
 garbage-first heap   total 129024K, used 17123K [0x0000000080000000, 0x0000000100000000)
  region size 1024K, 2 young (2048K), 2 survivors (2048K)
 Metaspace       used 20689K, capacity 21159K, committed 21248K, reserved 1067008K
  class space    used 2540K, capacity 2728K, committed 2816K, reserved 1048576K
}
Event: 13.877 GC heap before
{Heap before GC invocations=4 (full 0):
 garbage-first heap   total 129024K, used 75491K [0x0000000080000000, 0x0000000100000000)
  region size 1024K, 60 young (61440K), 2 survivors (2048K)
 Metaspace       used 27396K, capacity 28051K, committed 28160K, reserved 1073152K
  class space    used 3579K, capacity 3824K, committed 3840K, reserved 1048576K
}
Event: 13.882 GC heap after
{Heap after GC invocations=5 (full 0):
 garbage-first heap   total 129024K, used 19178K [0x0000000080000000, 0x0000000100000000)
  region size 1024K, 4 young (4096K), 4 survivors (4096K)
 Metaspace       used 27396K, capacity 28051K, committed 28160K, reserved 1073152K
  class space    used 3579K, capacity 3824K, committed 3840K, reserved 1048576K
}

Deoptimization events (20 events):
Event: 18.594 Thread 0x00000128653a5800 DEOPT PACKING pc=0x000001284d6d3104 sp=0x000000166bcf5190
Event: 18.594 Thread 0x00000128653a5800 DEOPT UNPACKING pc=0x000001284cc49d0e sp=0x000000166bcf4780 mode 0
Event: 18.726 Thread 0x00000128653a5800 DEOPT PACKING pc=0x000001284d26a49b sp=0x000000166bcf74f0
Event: 18.726 Thread 0x00000128653a5800 DEOPT UNPACKING pc=0x000001284cc49d0e sp=0x000000166bcf6a30 mode 0
Event: 20.615 Thread 0x00000128653a5800 Uncommon trap: trap_request=0xffffff4d fr.pc=0x00000128547cae4c relative=0x000000000000020c
Event: 20.615 Thread 0x00000128653a5800 Uncommon trap: reason=unstable_if action=reinterpret pc=0x00000128547cae4c method=java.util.HashMap.hash(Ljava/lang/Object;)I @ 1 c2
Event: 20.615 Thread 0x00000128653a5800 DEOPT PACKING pc=0x00000128547cae4c sp=0x000000166bcf85d0
Event: 20.616 Thread 0x00000128653a5800 DEOPT UNPACKING pc=0x000001284cc085af sp=0x000000166bcf8508 mode 2
Event: 20.616 Thread 0x00000128653a5800 Uncommon trap: trap_request=0xffffff4d fr.pc=0x000001285479c8ac relative=0x000000000000008c
Event: 20.616 Thread 0x00000128653a5800 Uncommon trap: reason=unstable_if action=reinterpret pc=0x000001285479c8ac method=java.util.HashMap.hash(Ljava/lang/Object;)I @ 1 c2
Event: 20.616 Thread 0x00000128653a5800 DEOPT PACKING pc=0x000001285479c8ac sp=0x000000166bcf8340
Event: 20.616 Thread 0x00000128653a5800 DEOPT UNPACKING pc=0x000001284cc085af sp=0x000000166bcf82d8 mode 2
Event: 21.035 Thread 0x00000128653a5800 Uncommon trap: trap_request=0xffffffcc fr.pc=0x0000012854848678 relative=0x00000000000002b8
Event: 21.035 Thread 0x00000128653a5800 Uncommon trap: reason=intrinsic_or_type_checked_inlining action=make_not_entrant pc=0x0000012854848678 method=java.util.Arrays.copyOf([Ljava/lang/Object;ILjava/lang/Class;)[Ljava/lang/Object; @ 35 c2
Event: 21.035 Thread 0x00000128653a5800 DEOPT PACKING pc=0x0000012854848678 sp=0x000000166bcf8070
Event: 21.035 Thread 0x00000128653a5800 DEOPT UNPACKING pc=0x000001284cc085af sp=0x000000166bcf8000 mode 2
Event: 21.893 Thread 0x00000128653a5800 Uncommon trap: trap_request=0xffffff4d fr.pc=0x0000012854847b64 relative=0x00000000000001a4
Event: 21.893 Thread 0x00000128653a5800 Uncommon trap: reason=unstable_if action=reinterpret pc=0x0000012854847b64 method=java.util.regex.Pattern$BmpCharProperty.match(Ljava/util/regex/Matcher;ILjava/lang/CharSequence;)Z @ 39 c2
Event: 21.893 Thread 0x00000128653a5800 DEOPT PACKING pc=0x0000012854847b64 sp=0x000000166bcf8f90
Event: 21.893 Thread 0x00000128653a5800 DEOPT UNPACKING pc=0x000001284cc085af sp=0x000000166bcf8f40 mode 2

Classes redefined (0 events):
No events

Internal exceptions (20 events):
Event: 19.038 Thread 0x00000128653a5800 Exception <a 'java/lang/NoSuchMethodError'{0x0000000087404af8}: <clinit>> (0x0000000087404af8) thrown at [./src/hotspot/share/prims/jni.cpp, line 1365]
Event: 19.058 Thread 0x00000128653a5800 Exception <a 'java/lang/NoSuchMethodError'{0x00000000874b91c8}: <clinit>> (0x00000000874b91c8) thrown at [./src/hotspot/share/prims/jni.cpp, line 1365]
Event: 19.058 Thread 0x00000128653a5800 Exception <a 'java/lang/NoSuchMethodError'{0x00000000874bbc00}: <clinit>> (0x00000000874bbc00) thrown at [./src/hotspot/share/prims/jni.cpp, line 1365]
Event: 19.058 Thread 0x00000128653a5800 Exception <a 'java/lang/NoSuchMethodError'{0x00000000874bd208}: <clinit>> (0x00000000874bd208) thrown at [./src/hotspot/share/prims/jni.cpp, line 1365]
Event: 19.059 Thread 0x00000128653a5800 Exception <a 'java/lang/NoSuchMethodError'{0x00000000874be7a0}: <clinit>> (0x00000000874be7a0) thrown at [./src/hotspot/share/prims/jni.cpp, line 1365]
Event: 19.060 Thread 0x00000128653a5800 Exception <a 'java/lang/NoSuchMethodError'{0x00000000874bff00}: <clinit>> (0x00000000874bff00) thrown at [./src/hotspot/share/prims/jni.cpp, line 1365]
Event: 19.060 Thread 0x00000128653a5800 Exception <a 'java/lang/NoSuchMethodError'{0x00000000874c1598}: <clinit>> (0x00000000874c1598) thrown at [./src/hotspot/share/prims/jni.cpp, line 1365]
Event: 19.060 Thread 0x00000128653a5800 Exception <a 'java/lang/NoSuchMethodError'{0x00000000874c2ad0}: <clinit>> (0x00000000874c2ad0) thrown at [./src/hotspot/share/prims/jni.cpp, line 1365]
Event: 19.807 Thread 0x00000128653a5800 Exception <a 'java/lang/NoSuchMethodError'{0x00000000864c4c38}: 'java.lang.Object java.lang.invoke.DirectMethodHandle$Holder.invokeSpecialIFC(java.lang.Object, java.lang.Object, java.lang.Object, java.lang.Object)'> (0x00000000864c4c38) thrown at [./src/hotspot/share/interpreter/linkResolver.cpp, line 773]
Event: 19.867 Thread 0x00000128653a5800 Exception <a 'java/lang/NoSuchMethodError'{0x00000000863ea388}: 'java.lang.Object java.lang.invoke.DirectMethodHandle$Holder.invokeSpecial(java.lang.Object, java.lang.Object, java.lang.Object, java.lang.Object, java.lang.Object, java.lang.Object, java.lang.Object, java.lang.Object, java.lang.Object, java.lang.Object, java.lang.Object, java.lang.Object, java.lang.Object)'> (0x00000000863ea388) thrown at [./src/hotspot/share/interpreter/linkResolver.cpp, line 773]
Event: 19.873 Thread 0x00000128653a5800 Exception <a 'java/lang/NoSuchMethodError'{0x00000000863fb490}: 'java.lang.Object java.lang.invoke.DirectMethodHandle$Holder.invokeSpecial(java.lang.Object, java.lang.Object, java.lang.Object, java.lang.Object, java.lang.Object, java.lang.Object, java.lang.Object, java.lang.Object, java.lang.Object, java.lang.Object, java.lang.Object, java.lang.Object)'> (0x00000000863fb490) thrown at [./src/hotspot/share/interpreter/linkResolver.cpp, line 773]
Event: 19.936 Thread 0x00000128653a5800 Exception <a 'java/lang/NoSuchMethodError'{0x0000000086200cf8}: 'java.lang.Object java.lang.invoke.Invokers$Holder.linkToTargetMethod(java.lang.Object, java.lang.Object, java.lang.Object, java.lang.Object, java.lang.Object, java.lang.Object, java.lang.Object, java.lang.Object, java.lang.Object, java.lang.Object, java.lang.Object)'> (0x0000000086200cf8) thrown at [./src/hotspot/share/interpreter/linkResolver.cpp, line 773]
Event: 19.972 Thread 0x00000128653a5800 Exception <a 'java/lang/NoSuchMethodError'{0x00000000861a9ff8}: 'java.lang.Object java.lang.invoke.DirectMethodHandle$Holder.invokeSpecial(java.lang.Object, java.lang.Object, java.lang.Object, java.lang.Object, java.lang.Object, java.lang.Object, java.lang.Object, java.lang.Object, java.lang.Object, java.lang.Object, java.lang.Object, java.lang.Object, java.lang.Object, java.lang.Object)'> (0x00000000861a9ff8) thrown at [./src/hotspot/share/interpreter/linkResolver.cpp, line 773]
Event: 19.975 Thread 0x00000128653a5800 Exception <a 'java/lang/NoSuchMethodError'{0x00000000861bb918}: 'java.lang.Object java.lang.invoke.Invokers$Holder.linkToTargetMethod(java.lang.Object, java.lang.Object, java.lang.Object, java.lang.Object, java.lang.Object, java.lang.Object, java.lang.Object, java.lang.Object, java.lang.Object, java.lang.Object, java.lang.Object, java.lang.Object)'> (0x00000000861bb918) thrown at [./src/hotspot/share/interpreter/linkResolver.cpp, line 773]
Event: 20.034 Thread 0x00000128653a5800 Exception <a 'java/lang/NoSuchMethodError'{0x00000000860a59c8}: 'java.lang.Object java.lang.invoke.DirectMethodHandle$Holder.invokeStaticInit(java.lang.Object, java.lang.Object, java.lang.Object, java.lang.Object)'> (0x00000000860a59c8) thrown at [./src/hotspot/share/interpreter/linkResolver.cpp, line 773]
Event: 20.615 Thread 0x00000128653a5800 Implicit null exception at 0x00000128547cac75 to 0x00000128547cae3c
Event: 20.616 Thread 0x00000128653a5800 Implicit null exception at 0x000001285479c82f to 0x000001285479c89d
Event: 21.132 Thread 0x00000128653a5800 Exception <a 'java/lang/NoSuchMethodError'{0x0000000084f63a08}: 'java.lang.Object java.lang.invoke.Invokers$Holder.linkToTargetMethod(java.lang.Object, java.lang.Object, java.lang.Object, java.lang.Object, java.lang.Object, java.lang.Object, java.lang.Object, java.lang.Object)'> (0x0000000084f63a08) thrown at [./src/hotspot/share/interpreter/linkResolver.cpp, line 773]
Event: 21.148 Thread 0x00000128653a5800 Exception <a 'java/lang/NoSuchMethodError'{0x0000000084fae830}: 'java.lang.Object java.lang.invoke.Invokers$Holder.linkToTargetMethod(java.lang.Object, java.lang.Object, java.lang.Object, java.lang.Object, java.lang.Object, java.lang.Object, java.lang.Object)'> (0x0000000084fae830) thrown at [./src/hotspot/share/interpreter/linkResolver.cpp, line 773]
Event: 21.166 Thread 0x00000128653a5800 Exception <a 'java/lang/IncompatibleClassChangeError'{0x0000000084febc60}: Found class java.lang.Object, but interface was expected> (0x0000000084febc60) thrown at [./src/hotspot/share/interpreter/linkResolver.cpp, line 839]

Events (20 events):
Event: 21.872 loading class org/gradle/api/internal/provider/DefaultListProperty$1
Event: 21.872 loading class org/gradle/api/internal/provider/DefaultListProperty$1 done
Event: 21.875 loading class org/gradle/api/internal/provider/AbstractCollectionProperty$EmptySupplier
Event: 21.875 loading class org/gradle/api/internal/provider/AbstractCollectionProperty$EmptySupplier done
Event: 21.877 loading class org/gradle/api/internal/provider/ValidatingValueCollector
Event: 21.877 loading class org/gradle/api/internal/provider/ValidatingValueCollector done
Event: 21.880 loading class org/gradle/internal/locking/LockFileReaderWriter
Event: 21.880 loading class org/gradle/internal/locking/LockFileReaderWriter done
Event: 21.894 loading class org/gradle/api/resources/TextResource
Event: 21.894 loading class org/gradle/api/resources/TextResource done
Event: 21.897 loading class org/gradle/api/internal/file/DefaultFilePropertyFactory$FixedFile
Event: 21.897 loading class org/gradle/api/internal/file/DefaultFilePropertyFactory$FixedFile done
Event: 21.900 loading class org/gradle/api/internal/file/DefaultFileSystemLocation
Event: 21.900 loading class org/gradle/api/internal/file/DefaultFileSystemLocation done
Event: 21.905 loading class org/gradle/api/internal/artifacts/configurations/DefaultConfigurationContainer
Event: 21.905 loading class org/gradle/api/internal/artifacts/configurations/DefaultConfigurationContainer done
Event: 21.913 loading class org/gradle/api/internal/artifacts/configurations/ConfigurationsProvider
Event: 21.913 loading class org/gradle/api/internal/artifacts/configurations/ConfigurationsProvider done
Event: 21.917 loading class org/gradle/api/internal/AbstractValidatingNamedDomainObjectContainer
Event: 21.917 loading class org/gradle/api/internal/AbstractValidatingNamedDomainObjectContainer done


Dynamic libraries:
0x00007ff7d8460000 - 0x00007ff7d846a000 	C:\Program Files\Android\Android Studio\jre\bin\java.exe
0x00007ffca2af0000 - 0x00007ffca2ce8000 	C:\WINDOWS\SYSTEM32\ntdll.dll
0x00007ffca11c0000 - 0x00007ffca127d000 	C:\WINDOWS\System32\KERNEL32.DLL
0x00007ffca0830000 - 0x00007ffca0afe000 	C:\WINDOWS\System32\KERNELBASE.dll
0x00007ffca0550000 - 0x00007ffca0650000 	C:\WINDOWS\System32\ucrtbase.dll
0x00007ffc8d7c0000 - 0x00007ffc8d7d9000 	C:\Program Files\Android\Android Studio\jre\bin\jli.dll
0x00007ffca0b50000 - 0x00007ffca0cf0000 	C:\WINDOWS\System32\USER32.dll
0x00007ffca0210000 - 0x00007ffca0232000 	C:\WINDOWS\System32\win32u.dll
0x00007ffca1c60000 - 0x00007ffca1c8a000 	C:\WINDOWS\System32\GDI32.dll
0x00007ffca0410000 - 0x00007ffca051b000 	C:\WINDOWS\System32\gdi32full.dll
0x00007ffca0790000 - 0x00007ffca082d000 	C:\WINDOWS\System32\msvcp_win.dll
0x00007ffc8cf30000 - 0x00007ffc8cf47000 	C:\Program Files\Android\Android Studio\jre\bin\VCRUNTIME140.dll
0x00007ffc893d0000 - 0x00007ffc8966a000 	C:\WINDOWS\WinSxS\amd64_microsoft.windows.common-controls_6595b64144ccf1df_6.0.19041.1110_none_60b5254171f9507e\COMCTL32.dll
0x00007ffca1bc0000 - 0x00007ffca1c5e000 	C:\WINDOWS\System32\msvcrt.dll
0x00007ffca1fe0000 - 0x00007ffca2010000 	C:\WINDOWS\System32\IMM32.DLL
0x00007ffc65640000 - 0x00007ffc656dd000 	C:\Program Files\Android\Android Studio\jre\bin\msvcp140.dll
0x00007ffc25610000 - 0x00007ffc260f5000 	C:\Program Files\Android\Android Studio\jre\bin\server\jvm.dll
0x00007ffca1470000 - 0x00007ffca151e000 	C:\WINDOWS\System32\ADVAPI32.dll
0x00007ffca2960000 - 0x00007ffca29fc000 	C:\WINDOWS\System32\sechost.dll
0x00007ffca1d00000 - 0x00007ffca1e25000 	C:\WINDOWS\System32\RPCRT4.dll
0x00007ffca1bb0000 - 0x00007ffca1bb8000 	C:\WINDOWS\System32\PSAPI.DLL
0x00007ffc9b7d0000 - 0x00007ffc9b7d9000 	C:\WINDOWS\SYSTEM32\WSOCK32.dll
0x00007ffca1ae0000 - 0x00007ffca1b4b000 	C:\WINDOWS\System32\WS2_32.dll
0x00007ffc98920000 - 0x00007ffc9892a000 	C:\WINDOWS\SYSTEM32\VERSION.dll
0x00007ffc8b2a0000 - 0x00007ffc8b2c7000 	C:\WINDOWS\SYSTEM32\WINMM.dll
0x00007ffc9eaa0000 - 0x00007ffc9eab2000 	C:\WINDOWS\SYSTEM32\kernel.appcore.dll
0x00007ffc9a840000 - 0x00007ffc9a851000 	C:\Program Files\Android\Android Studio\jre\bin\verify.dll
0x00007ffc9dff0000 - 0x00007ffc9e1d4000 	C:\WINDOWS\SYSTEM32\DBGHELP.DLL
0x00007ffc81c90000 - 0x00007ffc81cbc000 	C:\WINDOWS\SYSTEM32\dbgcore.DLL
0x00007ffca0650000 - 0x00007ffca06d2000 	C:\WINDOWS\System32\bcryptPrimitives.dll
0x00007ffc8e4b0000 - 0x00007ffc8e4d9000 	C:\Program Files\Android\Android Studio\jre\bin\java.dll
0x00007ffc9a830000 - 0x00007ffc9a83b000 	C:\Program Files\Android\Android Studio\jre\bin\jimage.dll
0x00007ffc8e560000 - 0x00007ffc8e578000 	C:\Program Files\Android\Android Studio\jre\bin\zip.dll
0x00007ffca2120000 - 0x00007ffca2864000 	C:\WINDOWS\System32\SHELL32.dll
0x00007ffc9e1e0000 - 0x00007ffc9e974000 	C:\WINDOWS\SYSTEM32\windows.storage.dll
0x00007ffca15d0000 - 0x00007ffca1924000 	C:\WINDOWS\System32\combase.dll
0x00007ffc9fba0000 - 0x00007ffc9fbd0000 	C:\WINDOWS\SYSTEM32\Wldp.dll
0x00007ffca1520000 - 0x00007ffca15cd000 	C:\WINDOWS\System32\SHCORE.dll
0x00007ffca0cf0000 - 0x00007ffca0d45000 	C:\WINDOWS\System32\shlwapi.dll
0x00007ffca0150000 - 0x00007ffca016f000 	C:\WINDOWS\SYSTEM32\profapi.dll
0x00007ffc8e490000 - 0x00007ffc8e4aa000 	C:\Program Files\Android\Android Studio\jre\bin\net.dll
0x00007ffc97d60000 - 0x00007ffc97e6a000 	C:\WINDOWS\SYSTEM32\WINHTTP.dll
0x00007ffc9f900000 - 0x00007ffc9f96a000 	C:\WINDOWS\system32\mswsock.dll
0x00007ffc8e470000 - 0x00007ffc8e484000 	C:\Program Files\Android\Android Studio\jre\bin\nio.dll
0x00007ffc77d60000 - 0x00007ffc77d87000 	C:\Users\shail\.gradle\native\e1d6ef7f7dcc3fd88c89a11ec53ec762bb8ba0a96d01ffa2cd45eb1d1d8dd5c5\windows-amd64\native-platform.dll
0x00007ffc654f0000 - 0x00007ffc65634000 	C:\Users\shail\.gradle\native\5664cfc778a61ccfe75a443a1ab52a65af34e5dc3c78e0209fed803814484fcb\windows-amd64\native-platform-file-events.dll
0x00007ffc9a820000 - 0x00007ffc9a82a000 	C:\Program Files\Android\Android Studio\jre\bin\management.dll
0x00007ffc8e330000 - 0x00007ffc8e33d000 	C:\Program Files\Android\Android Studio\jre\bin\management_ext.dll
0x00007ffc9faf0000 - 0x00007ffc9fb08000 	C:\WINDOWS\SYSTEM32\CRYPTSP.dll
0x00007ffc9f280000 - 0x00007ffc9f2b4000 	C:\WINDOWS\system32\rsaenh.dll
0x00007ffca0520000 - 0x00007ffca0547000 	C:\WINDOWS\System32\bcrypt.dll
0x00007ffca00d0000 - 0x00007ffca00fe000 	C:\WINDOWS\SYSTEM32\USERENV.dll
0x00007ffc9fb10000 - 0x00007ffc9fb1c000 	C:\WINDOWS\SYSTEM32\CRYPTBASE.dll
0x00007ffc9f5f0000 - 0x00007ffc9f62b000 	C:\WINDOWS\SYSTEM32\IPHLPAPI.DLL
0x00007ffca2870000 - 0x00007ffca2878000 	C:\WINDOWS\System32\NSI.dll
0x00007ffc97060000 - 0x00007ffc97077000 	C:\WINDOWS\SYSTEM32\dhcpcsvc6.DLL
0x00007ffc978a0000 - 0x00007ffc978bd000 	C:\WINDOWS\SYSTEM32\dhcpcsvc.DLL
0x00007ffc9f630000 - 0x00007ffc9f6fa000 	C:\WINDOWS\SYSTEM32\DNSAPI.dll

dbghelp: loaded successfully - version: 4.0.5 - missing functions: none
symbol engine: initialized successfully - sym options: 0x614 - pdb path: .;C:\Program Files\Android\Android Studio\jre\bin;C:\WINDOWS\SYSTEM32;C:\WINDOWS\WinSxS\amd64_microsoft.windows.common-controls_6595b64144ccf1df_6.0.19041.1110_none_60b5254171f9507e;C:\Program Files\Android\Android Studio\jre\bin\server;C:\Users\shail\.gradle\native\e1d6ef7f7dcc3fd88c89a11ec53ec762bb8ba0a96d01ffa2cd45eb1d1d8dd5c5\windows-amd64;C:\Users\shail\.gradle\native\5664cfc778a61ccfe75a443a1ab52a65af34e5dc3c78e0209fed803814484fcb\windows-amd64

VM Arguments:
jvm_args: --add-opens=java.base/java.util=ALL-UNNAMED --add-opens=java.base/java.lang=ALL-UNNAMED --add-opens=java.base/java.lang.invoke=ALL-UNNAMED --add-opens=java.base/java.util=ALL-UNNAMED --add-opens=java.prefs/java.util.prefs=ALL-UNNAMED --add-opens=java.prefs/java.util.prefs=ALL-UNNAMED --add-opens=java.base/java.nio.charset=ALL-UNNAMED --add-opens=java.base/java.net=ALL-UNNAMED --add-opens=java.base/java.util.concurrent.atomic=ALL-UNNAMED -Xmx2048m -Dfile.encoding=UTF-8 -Duser.country=IN -Duser.language=en -Duser.variant 
java_command: org.gradle.launcher.daemon.bootstrap.GradleDaemon 7.3.3
java_class_path (initial): C:\Users\shail\.gradle\wrapper\dists\gradle-7.3.3-bin\6a41zxkdtcxs8rphpq6y0069z\gradle-7.3.3\lib\gradle-launcher-7.3.3.jar
Launcher Type: SUN_STANDARD

[Global flags]
     intx CICompilerCount                          = 4                                         {product} {ergonomic}
     uint ConcGCThreads                            = 2                                         {product} {ergonomic}
     uint G1ConcRefinementThreads                  = 8                                         {product} {ergonomic}
   size_t G1HeapRegionSize                         = 1048576                                   {product} {ergonomic}
    uintx GCDrainStackTargetSize                   = 64                                        {product} {ergonomic}
   size_t InitialHeapSize                          = 132120576                                 {product} {ergonomic}
   size_t MarkStackSize                            = 4194304                                   {product} {ergonomic}
   size_t MaxHeapSize                              = 2147483648                                {product} {command line}
   size_t MaxNewSize                               = 1287651328                                {product} {ergonomic}
   size_t MinHeapDeltaBytes                        = 1048576                                   {product} {ergonomic}
    uintx NonNMethodCodeHeapSize                   = 5836300                                {pd product} {ergonomic}
    uintx NonProfiledCodeHeapSize                  = 122910970                              {pd product} {ergonomic}
    uintx ProfiledCodeHeapSize                     = 122910970                              {pd product} {ergonomic}
    uintx ReservedCodeCacheSize                    = 251658240                              {pd product} {ergonomic}
     bool SegmentedCodeCache                       = true                                      {product} {ergonomic}
     bool UseCompressedClassPointers               = true                                 {lp64_product} {ergonomic}
     bool UseCompressedOops                        = true                                 {lp64_product} {ergonomic}
     bool UseG1GC                                  = true                                      {product} {ergonomic}
     bool UseLargePagesIndividualAllocation        = false                                  {pd product} {ergonomic}

Logging:
Log output configuration:
 #0: stdout all=warning uptime,level,tags
 #1: stderr all=off uptime,level,tags

Environment Variables:
JAVA_HOME=C:\Program Files\Java\jdk-18.0.2
PATH=C:\Windows\system32;C:\Windows;C:\Windows\System32\Wbem;C:\Windows\System32\WindowsPowerShell\v1.0\;C:\Windows\System32\OpenSSH\;C:\Program Files\NVIDIA Corporation\NVIDIA NvDLISR;C:\WINDOWS\system32;C:\WINDOWS;C:\WINDOWS\System32\Wbem;C:\WINDOWS\System32\WindowsPowerShell\v1.0\;C:\WINDOWS\System32\OpenSSH\;C:\Program Files\Java\jdk-18.0.2.1\bin;C:\MinGW\bin;C:\Users\shail\AppData\Local\Microsoft\WindowsApps;;C:\Users\shail\AppData\Local\Programs\Microsoft VS Code\bin
USERNAME=shail
OS=Windows_NT
PROCESSOR_IDENTIFIER=Intel64 Family 6 Model 126 Stepping 5, GenuineIntel



---------------  S Y S T E M  ---------------

OS: Windows 10 , 64 bit Build 19041 (10.0.19041.1889)
OS uptime: 0 days 1:39 hours

CPU:total 8 (initial active 8) (4 cores per cpu, 2 threads per core) family 6 model 126 stepping 5 microcode 0xb0, cmov, cx8, fxsr, mmx, sse, sse2, sse3, ssse3, sse4.1, sse4.2, popcnt, avx, avx2, aes, clmul, erms, 3dnowpref, lzcnt, ht, tsc, tscinvbit, bmi1, bmi2, adx, evex, sha, fma

Memory: 4k page, system-wide physical 7959M (935M free)
TotalPageFile size 7959M (AvailPageFile size 2M)
current process WorkingSet (physical memory assigned to process): 212M, peak: 220M
current process commit charge ("private bytes"): 271M, peak: 279M

vm_info: OpenJDK 64-Bit Server VM (11.0.12+7-b1504.28-7817840) for windows-amd64 JRE (11.0.12+7-b1504.28-7817840), built on Oct 13 2021 22:12:33 by "builder" with MS VC++ 14.0 (VS2015)

END.
