#
# There is insufficient memory for the Java Runtime Environment to continue.
# Native memory allocation (malloc) failed to allocate 899296 bytes for Chunk::new
# Possible reasons:
#   The system is out of physical RAM or swap space
#   The process is running with CompressedOops enabled, and the Java Heap may be blocking the growth of the native heap
# Possible solutions:
#   Reduce memory load on the system
#   Increase physical memory or swap space
#   Check if swap backing store is full
#   Decrease Java heap size (-Xmx/-Xms)
#   Decrease number of Java threads
#   Decrease Java thread stack sizes (-Xss)
#   Set larger code cache with -XX:ReservedCodeCacheSize=
#   JVM is running with Unscaled Compressed Oops mode in which the Java heap is
#     placed in the first 4GB address space. The Java Heap base address is the
#     maximum limit for the native heap growth. Please use -XX:HeapBaseMinAddress
#     to set the Java Heap base and to place the Java Heap above 4GB virtual address.
# This output file may be truncated or incomplete.
#
#  Out of Memory Error (./src/hotspot/share/memory/arena.cpp:197), pid=8188, tid=9476
#
# JRE version: OpenJDK Runtime Environment (11.0.12+7) (build 11.0.12+7-b1504.28-7817840)
# Java VM: OpenJDK 64-Bit Server VM (11.0.12+7-b1504.28-7817840, mixed mode, tiered, compressed oops, g1 gc, windows-amd64)
# No core dump will be written. Minidumps are not enabled by default on client versions of Windows
#

---------------  S U M M A R Y ------------

Command Line: --add-opens=java.base/java.util=ALL-UNNAMED --add-opens=java.base/java.lang=ALL-UNNAMED --add-opens=java.base/java.lang.invoke=ALL-UNNAMED --add-opens=java.base/java.util=ALL-UNNAMED --add-opens=java.prefs/java.util.prefs=ALL-UNNAMED --add-opens=java.prefs/java.util.prefs=ALL-UNNAMED --add-opens=java.base/java.nio.charset=ALL-UNNAMED --add-opens=java.base/java.net=ALL-UNNAMED --add-opens=java.base/java.util.concurrent.atomic=ALL-UNNAMED -Xmx2048m -Dfile.encoding=UTF-8 -Duser.country=IN -Duser.language=en -Duser.variant org.gradle.launcher.daemon.bootstrap.GradleDaemon 7.3.3

Host: Intel(R) Core(TM) i5-1035G1 CPU @ 1.00GHz, 8 cores, 7G,  Windows 10 , 64 bit Build 19041 (10.0.19041.1889)
Time: Wed Aug 24 10:28:15 2022 India Standard Time elapsed time: 31.632541 seconds (0d 0h 0m 31s)

---------------  T H R E A D  ---------------

Current thread (0x000001a546870800):  JavaThread "C2 CompilerThread2" daemon [_thread_in_native, id=9476, stack(0x0000009b7b800000,0x0000009b7b900000)]


Current CompileTask:
C2:  31632 4126       4       groovy.lang.MetaClassImpl$1MOPIter::methodNameAction (325 bytes)

Stack: [0x0000009b7b800000,0x0000009b7b900000]
Native frames: (J=compiled Java code, j=interpreted, Vv=VM code, C=native code)
V  [jvm.dll+0x5fbcea]
V  [jvm.dll+0x731905]
V  [jvm.dll+0x732f1d]
V  [jvm.dll+0x7335d3]
V  [jvm.dll+0x247bf8]
V  [jvm.dll+0xc018c]
V  [jvm.dll+0xc06cc]
V  [jvm.dll+0x2bcc04]
V  [jvm.dll+0x5113a8]
V  [jvm.dll+0x208303]
V  [jvm.dll+0x201fe0]
V  [jvm.dll+0x1ff71f]
V  [jvm.dll+0x18868c]
V  [jvm.dll+0x20e0d7]
V  [jvm.dll+0x20c901]
V  [jvm.dll+0x6f9b7f]
V  [jvm.dll+0x6f26a5]
V  [jvm.dll+0x5fabf6]
C  [ucrtbase.dll+0x21bb2]
C  [KERNEL32.DLL+0x17034]
C  [ntdll.dll+0x52651]


---------------  P R O C E S S  ---------------

Threads class SMR info:
_java_thread_list=0x000001a5459a3ab0, length=41, elements={
0x000001a52752d000, 0x000001a542193000, 0x000001a54219f000, 0x000001a542b24800,
0x000001a542b28000, 0x000001a542b2a000, 0x000001a542b2c000, 0x000001a542b30000,
0x000001a5421b5800, 0x000001a542c92800, 0x000001a54541d800, 0x000001a545885800,
0x000001a544ec5000, 0x000001a545c94000, 0x000001a5451c5000, 0x000001a545a6b800,
0x000001a5454f0000, 0x000001a545b09800, 0x000001a545ad6000, 0x000001a5454f3800,
0x000001a5454f6000, 0x000001a5454f5800, 0x000001a5454f4800, 0x000001a5454f2000,
0x000001a5454f3000, 0x000001a5454f7000, 0x000001a5454f1000, 0x000001a5454f8000,
0x000001a546871800, 0x000001a54686e000, 0x000001a54686b800, 0x000001a546872000,
0x000001a54686c800, 0x000001a54686f000, 0x000001a546873000, 0x000001a54686d800,
0x000001a546874000, 0x000001a546874800, 0x000001a546878800, 0x000001a546875800,
0x000001a546870800
}

Java Threads: ( => current thread )
  0x000001a52752d000 JavaThread "main" [_thread_blocked, id=11532, stack(0x0000009b78200000,0x0000009b78300000)]
  0x000001a542193000 JavaThread "Reference Handler" daemon [_thread_blocked, id=3436, stack(0x0000009b78900000,0x0000009b78a00000)]
  0x000001a54219f000 JavaThread "Finalizer" daemon [_thread_blocked, id=12832, stack(0x0000009b78a00000,0x0000009b78b00000)]
  0x000001a542b24800 JavaThread "Signal Dispatcher" daemon [_thread_blocked, id=16924, stack(0x0000009b78b00000,0x0000009b78c00000)]
  0x000001a542b28000 JavaThread "Attach Listener" daemon [_thread_blocked, id=17416, stack(0x0000009b78c00000,0x0000009b78d00000)]
  0x000001a542b2a000 JavaThread "Service Thread" daemon [_thread_blocked, id=6412, stack(0x0000009b78d00000,0x0000009b78e00000)]
  0x000001a542b2c000 JavaThread "C2 CompilerThread0" daemon [_thread_in_native, id=4884, stack(0x0000009b78e00000,0x0000009b78f00000)]
  0x000001a542b30000 JavaThread "C1 CompilerThread0" daemon [_thread_blocked, id=9228, stack(0x0000009b78f00000,0x0000009b79000000)]
  0x000001a5421b5800 JavaThread "Sweeper thread" daemon [_thread_blocked, id=4768, stack(0x0000009b79000000,0x0000009b79100000)]
  0x000001a542c92800 JavaThread "Common-Cleaner" daemon [_thread_blocked, id=11432, stack(0x0000009b79100000,0x0000009b79200000)]
  0x000001a54541d800 JavaThread "Daemon health stats" [_thread_blocked, id=16224, stack(0x0000009b79700000,0x0000009b79800000)]
  0x000001a545885800 JavaThread "Incoming local TCP Connector on port 62653" [_thread_in_native, id=19432, stack(0x0000009b79300000,0x0000009b79400000)]
  0x000001a544ec5000 JavaThread "Daemon periodic checks" [_thread_blocked, id=3992, stack(0x0000009b79600000,0x0000009b79700000)]
  0x000001a545c94000 JavaThread "Daemon" [_thread_blocked, id=17944, stack(0x0000009b79800000,0x0000009b79900000)]
  0x000001a5451c5000 JavaThread "Handler for socket connection from /127.0.0.1:62653 to /127.0.0.1:62654" [_thread_in_native, id=11540, stack(0x0000009b79900000,0x0000009b79a00000)]
  0x000001a545a6b800 JavaThread "Cancel handler" [_thread_blocked, id=18252, stack(0x0000009b79a00000,0x0000009b79b00000)]
  0x000001a5454f0000 JavaThread "Daemon worker" [_thread_in_vm, id=11380, stack(0x0000009b79b00000,0x0000009b79c00000)]
  0x000001a545b09800 JavaThread "Asynchronous log dispatcher for DefaultDaemonConnection: socket connection from /127.0.0.1:62653 to /127.0.0.1:62654" [_thread_blocked, id=5572, stack(0x0000009b79c00000,0x0000009b79d00000)]
  0x000001a545ad6000 JavaThread "Stdin handler" [_thread_blocked, id=14112, stack(0x0000009b79d00000,0x0000009b79e00000)]
  0x000001a5454f3800 JavaThread "Daemon client event forwarder" [_thread_blocked, id=14760, stack(0x0000009b79e00000,0x0000009b79f00000)]
  0x000001a5454f6000 JavaThread "Cache worker for journal cache (C:\Users\shail\.gradle\caches\journal-1)" [_thread_blocked, id=7184, stack(0x0000009b7a400000,0x0000009b7a500000)]
  0x000001a5454f5800 JavaThread "File lock request listener" [_thread_in_native, id=17896, stack(0x0000009b7a500000,0x0000009b7a600000)]
  0x000001a5454f4800 JavaThread "Cache worker for file hash cache (C:\Users\shail\.gradle\caches\7.3.3\fileHashes)" [_thread_blocked, id=18948, stack(0x0000009b7a700000,0x0000009b7a800000)]
  0x000001a5454f2000 JavaThread "Cache worker for file hash cache (C:\Users\shail\AndroidStudioProjects\Textviewchange\.gradle\7.3.3\fileHashes)" [_thread_blocked, id=3332, stack(0x0000009b7a900000,0x0000009b7aa00000)]
  0x000001a5454f3000 JavaThread "File watcher server" daemon [_thread_in_native, id=17964, stack(0x0000009b7ab00000,0x0000009b7ac00000)]
  0x000001a5454f7000 JavaThread "File watcher consumer" daemon [_thread_blocked, id=9016, stack(0x0000009b7ac00000,0x0000009b7ad00000)]
  0x000001a5454f1000 JavaThread "jar transforms" [_thread_blocked, id=10056, stack(0x0000009b7ad00000,0x0000009b7ae00000)]
  0x000001a5454f8000 JavaThread "jar transforms Thread 2" [_thread_blocked, id=1456, stack(0x0000009b7ae00000,0x0000009b7af00000)]
  0x000001a546871800 JavaThread "jar transforms Thread 3" [_thread_blocked, id=18472, stack(0x0000009b7af00000,0x0000009b7b000000)]
  0x000001a54686e000 JavaThread "jar transforms Thread 4" [_thread_blocked, id=10836, stack(0x0000009b7b000000,0x0000009b7b100000)]
  0x000001a54686b800 JavaThread "jar transforms Thread 5" [_thread_blocked, id=18208, stack(0x0000009b7b100000,0x0000009b7b200000)]
  0x000001a546872000 JavaThread "jar transforms Thread 6" [_thread_blocked, id=1332, stack(0x0000009b7b200000,0x0000009b7b300000)]
  0x000001a54686c800 JavaThread "jar transforms Thread 7" [_thread_blocked, id=10064, stack(0x0000009b7b300000,0x0000009b7b400000)]
  0x000001a54686f000 JavaThread "jar transforms Thread 8" [_thread_blocked, id=17680, stack(0x0000009b7b400000,0x0000009b7b500000)]
  0x000001a546873000 JavaThread "Cache worker for checksums cache (C:\Users\shail\AndroidStudioProjects\Textviewchange\.gradle\7.3.3\checksums)" [_thread_blocked, id=6924, stack(0x0000009b7a800000,0x0000009b7a900000)]
  0x000001a54686d800 JavaThread "Cache worker for cache directory md-supplier (C:\Users\shail\.gradle\caches\7.3.3\md-supplier)" [_thread_blocked, id=14488, stack(0x0000009b7aa00000,0x0000009b7ab00000)]
  0x000001a546874000 JavaThread "Cache worker for cache directory md-rule (C:\Users\shail\.gradle\caches\7.3.3\md-rule)" [_thread_blocked, id=17564, stack(0x0000009b7b500000,0x0000009b7b600000)]
  0x000001a546874800 JavaThread "Cache worker for execution history cache (C:\Users\shail\.gradle\caches\7.3.3\executionHistory)" [_thread_blocked, id=17200, stack(0x0000009b7b600000,0x0000009b7b700000)]
  0x000001a546878800 JavaThread "Cache worker for file content cache (C:\Users\shail\.gradle\caches\7.3.3\fileContent)" [_thread_blocked, id=9336, stack(0x0000009b7b900000,0x0000009b7ba00000)]
  0x000001a546875800 JavaThread "C2 CompilerThread1" daemon [_thread_in_native, id=12988, stack(0x0000009b7b700000,0x0000009b7b800000)]
=>0x000001a546870800 JavaThread "C2 CompilerThread2" daemon [_thread_in_native, id=9476, stack(0x0000009b7b800000,0x0000009b7b900000)]

Other Threads:
  0x000001a54218f800 VMThread "VM Thread" [stack: 0x0000009b78800000,0x0000009b78900000] [id=19364]
  0x000001a542cf4000 WatcherThread [stack: 0x0000009b79200000,0x0000009b79300000] [id=18964]
  0x000001a527546000 GCTaskThread "GC Thread#0" [stack: 0x0000009b78300000,0x0000009b78400000] [id=10292]
  0x000001a543b04000 GCTaskThread "GC Thread#1" [stack: 0x0000009b79400000,0x0000009b79500000] [id=10224]
  0x000001a543dbd800 GCTaskThread "GC Thread#2" [stack: 0x0000009b79500000,0x0000009b79600000] [id=12652]
  0x000001a545aff000 GCTaskThread "GC Thread#3" [stack: 0x0000009b79f00000,0x0000009b7a000000] [id=17672]
  0x000001a545b04000 GCTaskThread "GC Thread#4" [stack: 0x0000009b7a000000,0x0000009b7a100000] [id=19148]
  0x000001a543e58000 GCTaskThread "GC Thread#5" [stack: 0x0000009b7a100000,0x0000009b7a200000] [id=13092]
  0x000001a543e58800 GCTaskThread "GC Thread#6" [stack: 0x0000009b7a200000,0x0000009b7a300000] [id=14860]
  0x000001a5459e0800 GCTaskThread "GC Thread#7" [stack: 0x0000009b7a300000,0x0000009b7a400000] [id=17708]
  0x000001a527576000 ConcurrentGCThread "G1 Main Marker" [stack: 0x0000009b78400000,0x0000009b78500000] [id=19132]
  0x000001a527577800 ConcurrentGCThread "G1 Conc#0" [stack: 0x0000009b78500000,0x0000009b78600000] [id=12260]
  0x000001a5454b3000 ConcurrentGCThread "G1 Conc#1" [stack: 0x0000009b7a600000,0x0000009b7a700000] [id=17516]
  0x000001a527609800 ConcurrentGCThread "G1 Refine#0" [stack: 0x0000009b78600000,0x0000009b78700000] [id=15936]
  0x000001a541fe0800 ConcurrentGCThread "G1 Young RemSet Sampling" [stack: 0x0000009b78700000,0x0000009b78800000] [id=18576]

Threads with active compile tasks:
C2 CompilerThread0  31678 4014       4       java.net.URLClassLoader$1::run (5 bytes)
C2 CompilerThread1  31678 4015   !   4       java.net.URLClassLoader$1::run (63 bytes)
C2 CompilerThread2  31678 4126       4       groovy.lang.MetaClassImpl$1MOPIter::methodNameAction (325 bytes)

VM state:not at safepoint (normal execution)

VM Mutex/Monitor currently owned by a thread: None

Heap address: 0x0000000080000000, size: 2048 MB, Compressed Oops mode: 32-bit
Narrow klass base: 0x0000000000000000, Narrow klass shift: 3
Compressed class space size: 1073741824 Address: 0x0000000100000000

Heap:
 garbage-first heap   total 129024K, used 57606K [0x0000000080000000, 0x0000000100000000)
  region size 1024K, 15 young (15360K), 4 survivors (4096K)
 Metaspace       used 45994K, capacity 47263K, committed 47616K, reserved 1091584K
  class space    used 5827K, capacity 6288K, committed 6400K, reserved 1048576K
Heap Regions: E=young(eden), S=young(survivor), O=old, HS=humongous(starts), HC=humongous(continues), CS=collection set, F=free, A=archive, TAMS=top-at-mark-start (previous, next)
|   0|0x0000000080000000, 0x0000000080100000, 0x0000000080100000|100%| O|  |TAMS 0x0000000080100000, 0x0000000080000000| Untracked 
|   1|0x0000000080100000, 0x0000000080200000, 0x0000000080200000|100%| O|  |TAMS 0x0000000080200000, 0x0000000080100000| Untracked 
|   2|0x0000000080200000, 0x0000000080300000, 0x0000000080300000|100%| O|  |TAMS 0x0000000080300000, 0x0000000080200000| Untracked 
|   3|0x0000000080300000, 0x0000000080400000, 0x0000000080400000|100%|HS|  |TAMS 0x0000000080400000, 0x0000000080300000| Complete 
|   4|0x0000000080400000, 0x0000000080500000, 0x0000000080500000|100%|HC|  |TAMS 0x0000000080500000, 0x0000000080400000| Complete 
|   5|0x0000000080500000, 0x0000000080600000, 0x0000000080600000|100%|HC|  |TAMS 0x0000000080600000, 0x0000000080500000| Complete 
|   6|0x0000000080600000, 0x0000000080700000, 0x0000000080700000|100%| O|  |TAMS 0x0000000080700000, 0x0000000080600000| Untracked 
|   7|0x0000000080700000, 0x0000000080800000, 0x0000000080800000|100%| O|  |TAMS 0x0000000080800000, 0x0000000080700000| Untracked 
|   8|0x0000000080800000, 0x0000000080900000, 0x0000000080900000|100%| O|  |TAMS 0x0000000080900000, 0x0000000080800000| Untracked 
|   9|0x0000000080900000, 0x0000000080a00000, 0x0000000080a00000|100%| O|  |TAMS 0x0000000080a00000, 0x0000000080900000| Untracked 
|  10|0x0000000080a00000, 0x0000000080b00000, 0x0000000080b00000|100%| O|  |TAMS 0x0000000080b00000, 0x0000000080a00000| Untracked 
|  11|0x0000000080b00000, 0x0000000080c00000, 0x0000000080c00000|100%| O|  |TAMS 0x0000000080c00000, 0x0000000080b00000| Untracked 
|  12|0x0000000080c00000, 0x0000000080d00000, 0x0000000080d00000|100%| O|  |TAMS 0x0000000080d00000, 0x0000000080c00000| Untracked 
|  13|0x0000000080d00000, 0x0000000080e00000, 0x0000000080e00000|100%| O|  |TAMS 0x0000000080e00000, 0x0000000080d00000| Untracked 
|  14|0x0000000080e00000, 0x0000000080f00000, 0x0000000080f00000|100%| O|  |TAMS 0x0000000080f00000, 0x0000000080e00000| Untracked 
|  15|0x0000000080f00000, 0x0000000081000000, 0x0000000081000000|100%| O|  |TAMS 0x0000000081000000, 0x0000000080f00000| Untracked 
|  16|0x0000000081000000, 0x0000000081100000, 0x0000000081100000|100%|HS|  |TAMS 0x0000000081100000, 0x0000000081000000| Complete 
|  17|0x0000000081100000, 0x0000000081200000, 0x0000000081200000|100%|HC|  |TAMS 0x0000000081200000, 0x0000000081100000| Complete 
|  18|0x0000000081200000, 0x0000000081300000, 0x0000000081300000|100%|HS|  |TAMS 0x0000000081300000, 0x0000000081200000| Complete 
|  19|0x0000000081300000, 0x0000000081400000, 0x0000000081400000|100%|HC|  |TAMS 0x0000000081400000, 0x0000000081300000| Complete 
|  20|0x0000000081400000, 0x0000000081500000, 0x0000000081500000|100%|HC|  |TAMS 0x0000000081500000, 0x0000000081400000| Complete 
|  21|0x0000000081500000, 0x0000000081600000, 0x0000000081600000|100%|HS|  |TAMS 0x0000000081600000, 0x0000000081500000| Complete 
|  22|0x0000000081600000, 0x0000000081700000, 0x0000000081700000|100%|HS|  |TAMS 0x0000000081700000, 0x0000000081600000| Complete 
|  23|0x0000000081700000, 0x0000000081800000, 0x0000000081800000|100%|HC|  |TAMS 0x0000000081800000, 0x0000000081700000| Complete 
|  24|0x0000000081800000, 0x0000000081900000, 0x0000000081900000|100%|HC|  |TAMS 0x0000000081900000, 0x0000000081800000| Complete 
|  25|0x0000000081900000, 0x0000000081a00000, 0x0000000081a00000|100%|HC|  |TAMS 0x0000000081a00000, 0x0000000081900000| Complete 
|  26|0x0000000081a00000, 0x0000000081b00000, 0x0000000081b00000|100%| O|  |TAMS 0x0000000081b00000, 0x0000000081a00000| Untracked 
|  27|0x0000000081b00000, 0x0000000081c00000, 0x0000000081c00000|100%| O|  |TAMS 0x0000000081c00000, 0x0000000081b00000| Untracked 
|  28|0x0000000081c00000, 0x0000000081d00000, 0x0000000081d00000|100%| O|  |TAMS 0x0000000081d00000, 0x0000000081c00000| Untracked 
|  29|0x0000000081d00000, 0x0000000081e00000, 0x0000000081e00000|100%| O|  |TAMS 0x0000000081e00000, 0x0000000081d00000| Untracked 
|  30|0x0000000081e00000, 0x0000000081f00000, 0x0000000081f00000|100%| O|  |TAMS 0x0000000081f00000, 0x0000000081e00000| Untracked 
|  31|0x0000000081f00000, 0x0000000082000000, 0x0000000082000000|100%| O|  |TAMS 0x0000000082000000, 0x0000000081f00000| Untracked 
|  32|0x0000000082000000, 0x0000000082100000, 0x0000000082100000|100%| O|  |TAMS 0x0000000082100000, 0x0000000082000000| Untracked 
|  33|0x0000000082100000, 0x0000000082200000, 0x0000000082200000|100%| O|  |TAMS 0x000000008215da00, 0x0000000082100000| Untracked 
|  34|0x0000000082200000, 0x0000000082300000, 0x0000000082300000|100%|HS|  |TAMS 0x0000000082200000, 0x0000000082200000| Complete 
|  35|0x0000000082300000, 0x0000000082400000, 0x0000000082400000|100%|HS|  |TAMS 0x0000000082300000, 0x0000000082300000| Complete 
|  36|0x0000000082400000, 0x0000000082500000, 0x0000000082500000|100%|HC|  |TAMS 0x0000000082400000, 0x0000000082400000| Complete 
|  37|0x0000000082500000, 0x0000000082600000, 0x0000000082600000|100%|HC|  |TAMS 0x0000000082500000, 0x0000000082500000| Complete 
|  38|0x0000000082600000, 0x0000000082700000, 0x0000000082700000|100%| O|  |TAMS 0x0000000082600000, 0x0000000082600000| Untracked 
|  39|0x0000000082700000, 0x0000000082800000, 0x0000000082800000|100%| O|  |TAMS 0x0000000082700000, 0x0000000082700000| Untracked 
|  40|0x0000000082800000, 0x0000000082900000, 0x0000000082900000|100%| O|  |TAMS 0x0000000082800000, 0x0000000082800000| Untracked 
|  41|0x0000000082900000, 0x0000000082a00000, 0x0000000082a00000|100%| O|  |TAMS 0x0000000082900000, 0x0000000082900000| Untracked 
|  42|0x0000000082a00000, 0x0000000082abce00, 0x0000000082b00000| 73%| O|  |TAMS 0x0000000082a00000, 0x0000000082a00000| Untracked 
|  43|0x0000000082b00000, 0x0000000082c00000, 0x0000000082c00000|100%|HS|  |TAMS 0x0000000082b00000, 0x0000000082b00000| Complete 
|  44|0x0000000082c00000, 0x0000000082c00000, 0x0000000082d00000|  0%| F|  |TAMS 0x0000000082c00000, 0x0000000082c00000| Untracked 
|  45|0x0000000082d00000, 0x0000000082d00000, 0x0000000082e00000|  0%| F|  |TAMS 0x0000000082d00000, 0x0000000082d00000| Untracked 
|  46|0x0000000082e00000, 0x0000000082e00000, 0x0000000082f00000|  0%| F|  |TAMS 0x0000000082e00000, 0x0000000082e00000| Untracked 
|  47|0x0000000082f00000, 0x0000000082f00000, 0x0000000083000000|  0%| F|  |TAMS 0x0000000082f00000, 0x0000000082f00000| Untracked 
|  48|0x0000000083000000, 0x0000000083000000, 0x0000000083100000|  0%| F|  |TAMS 0x0000000083000000, 0x0000000083000000| Untracked 
|  49|0x0000000083100000, 0x0000000083100000, 0x0000000083200000|  0%| F|  |TAMS 0x0000000083100000, 0x0000000083100000| Untracked 
|  50|0x0000000083200000, 0x0000000083200000, 0x0000000083300000|  0%| F|  |TAMS 0x0000000083200000, 0x0000000083200000| Untracked 
|  51|0x0000000083300000, 0x0000000083300000, 0x0000000083400000|  0%| F|  |TAMS 0x0000000083300000, 0x0000000083300000| Untracked 
|  52|0x0000000083400000, 0x0000000083400000, 0x0000000083500000|  0%| F|  |TAMS 0x0000000083400000, 0x0000000083400000| Untracked 
|  53|0x0000000083500000, 0x0000000083500000, 0x0000000083600000|  0%| F|  |TAMS 0x0000000083500000, 0x0000000083500000| Untracked 
|  54|0x0000000083600000, 0x0000000083600000, 0x0000000083700000|  0%| F|  |TAMS 0x0000000083600000, 0x0000000083600000| Untracked 
|  55|0x0000000083700000, 0x0000000083700000, 0x0000000083800000|  0%| F|  |TAMS 0x0000000083700000, 0x0000000083700000| Untracked 
|  56|0x0000000083800000, 0x0000000083800000, 0x0000000083900000|  0%| F|  |TAMS 0x0000000083800000, 0x0000000083800000| Untracked 
|  57|0x0000000083900000, 0x0000000083900000, 0x0000000083a00000|  0%| F|  |TAMS 0x0000000083900000, 0x0000000083900000| Untracked 
|  58|0x0000000083a00000, 0x0000000083a00000, 0x0000000083b00000|  0%| F|  |TAMS 0x0000000083a00000, 0x0000000083a00000| Untracked 
|  59|0x0000000083b00000, 0x0000000083b00000, 0x0000000083c00000|  0%| F|  |TAMS 0x0000000083b00000, 0x0000000083b00000| Untracked 
|  60|0x0000000083c00000, 0x0000000083c00000, 0x0000000083d00000|  0%| F|  |TAMS 0x0000000083c00000, 0x0000000083c00000| Untracked 
|  61|0x0000000083d00000, 0x0000000083d00000, 0x0000000083e00000|  0%| F|  |TAMS 0x0000000083d00000, 0x0000000083d00000| Untracked 
|  62|0x0000000083e00000, 0x0000000083e00000, 0x0000000083f00000|  0%| F|  |TAMS 0x0000000083e00000, 0x0000000083e00000| Untracked 
|  63|0x0000000083f00000, 0x0000000083f00000, 0x0000000084000000|  0%| F|  |TAMS 0x0000000083f00000, 0x0000000083f00000| Untracked 
|  64|0x0000000084000000, 0x0000000084000000, 0x0000000084100000|  0%| F|  |TAMS 0x0000000084000000, 0x0000000084000000| Untracked 
|  65|0x0000000084100000, 0x0000000084100000, 0x0000000084200000|  0%| F|  |TAMS 0x0000000084100000, 0x0000000084100000| Untracked 
|  66|0x0000000084200000, 0x0000000084200000, 0x0000000084300000|  0%| F|  |TAMS 0x0000000084200000, 0x0000000084200000| Untracked 
|  67|0x0000000084300000, 0x0000000084300000, 0x0000000084400000|  0%| F|  |TAMS 0x0000000084300000, 0x0000000084300000| Untracked 
|  68|0x0000000084400000, 0x0000000084484be8, 0x0000000084500000| 51%| S|CS|TAMS 0x0000000084400000, 0x0000000084400000| Complete 
|  69|0x0000000084500000, 0x0000000084500000, 0x0000000084600000|  0%| F|  |TAMS 0x0000000084500000, 0x0000000084500000| Untracked 
|  70|0x0000000084600000, 0x0000000084600000, 0x0000000084700000|  0%| F|  |TAMS 0x0000000084600000, 0x0000000084600000| Untracked 
|  71|0x0000000084700000, 0x0000000084700000, 0x0000000084800000|  0%| F|  |TAMS 0x0000000084700000, 0x0000000084700000| Untracked 
|  72|0x0000000084800000, 0x0000000084800000, 0x0000000084900000|  0%| F|  |TAMS 0x0000000084800000, 0x0000000084800000| Untracked 
|  73|0x0000000084900000, 0x0000000084900000, 0x0000000084a00000|  0%| F|  |TAMS 0x0000000084900000, 0x0000000084900000| Untracked 
|  74|0x0000000084a00000, 0x0000000084a00000, 0x0000000084b00000|  0%| F|  |TAMS 0x0000000084a00000, 0x0000000084a00000| Untracked 
|  75|0x0000000084b00000, 0x0000000084b00000, 0x0000000084c00000|  0%| F|  |TAMS 0x0000000084b00000, 0x0000000084b00000| Untracked 
|  76|0x0000000084c00000, 0x0000000084d00000, 0x0000000084d00000|100%| S|CS|TAMS 0x0000000084c00000, 0x0000000084c00000| Complete 
|  77|0x0000000084d00000, 0x0000000084e00000, 0x0000000084e00000|100%| S|CS|TAMS 0x0000000084d00000, 0x0000000084d00000| Complete 
|  78|0x0000000084e00000, 0x0000000084f00000, 0x0000000084f00000|100%| S|CS|TAMS 0x0000000084e00000, 0x0000000084e00000| Complete 
|  79|0x0000000084f00000, 0x0000000084f00000, 0x0000000085000000|  0%| F|  |TAMS 0x0000000084f00000, 0x0000000084f00000| Untracked 
|  80|0x0000000085000000, 0x0000000085000000, 0x0000000085100000|  0%| F|  |TAMS 0x0000000085000000, 0x0000000085000000| Untracked 
|  81|0x0000000085100000, 0x0000000085100000, 0x0000000085200000|  0%| F|  |TAMS 0x0000000085100000, 0x0000000085100000| Untracked 
|  82|0x0000000085200000, 0x0000000085200000, 0x0000000085300000|  0%| F|  |TAMS 0x0000000085200000, 0x0000000085200000| Untracked 
|  83|0x0000000085300000, 0x0000000085300000, 0x0000000085400000|  0%| F|  |TAMS 0x0000000085300000, 0x0000000085300000| Untracked 
|  84|0x0000000085400000, 0x0000000085400000, 0x0000000085500000|  0%| F|  |TAMS 0x0000000085400000, 0x0000000085400000| Untracked 
|  85|0x0000000085500000, 0x0000000085500000, 0x0000000085600000|  0%| F|  |TAMS 0x0000000085500000, 0x0000000085500000| Untracked 
|  86|0x0000000085600000, 0x0000000085600000, 0x0000000085700000|  0%| F|  |TAMS 0x0000000085600000, 0x0000000085600000| Untracked 
|  87|0x0000000085700000, 0x0000000085700000, 0x0000000085800000|  0%| F|  |TAMS 0x0000000085700000, 0x0000000085700000| Untracked 
|  88|0x0000000085800000, 0x0000000085800000, 0x0000000085900000|  0%| F|  |TAMS 0x0000000085800000, 0x0000000085800000| Untracked 
|  89|0x0000000085900000, 0x0000000085900000, 0x0000000085a00000|  0%| F|  |TAMS 0x0000000085900000, 0x0000000085900000| Untracked 
|  90|0x0000000085a00000, 0x0000000085a00000, 0x0000000085b00000|  0%| F|  |TAMS 0x0000000085a00000, 0x0000000085a00000| Untracked 
|  91|0x0000000085b00000, 0x0000000085b00000, 0x0000000085c00000|  0%| F|  |TAMS 0x0000000085b00000, 0x0000000085b00000| Untracked 
|  92|0x0000000085c00000, 0x0000000085c00000, 0x0000000085d00000|  0%| F|  |TAMS 0x0000000085c00000, 0x0000000085c00000| Untracked 
|  93|0x0000000085d00000, 0x0000000085d00000, 0x0000000085e00000|  0%| F|  |TAMS 0x0000000085d00000, 0x0000000085d00000| Untracked 
|  94|0x0000000085e00000, 0x0000000085e00000, 0x0000000085f00000|  0%| F|  |TAMS 0x0000000085e00000, 0x0000000085e00000| Untracked 
|  95|0x0000000085f00000, 0x0000000085f00000, 0x0000000086000000|  0%| F|  |TAMS 0x0000000085f00000, 0x0000000085f00000| Untracked 
|  96|0x0000000086000000, 0x0000000086000000, 0x0000000086100000|  0%| F|  |TAMS 0x0000000086000000, 0x0000000086000000| Untracked 
|  97|0x0000000086100000, 0x0000000086100000, 0x0000000086200000|  0%| F|  |TAMS 0x0000000086100000, 0x0000000086100000| Untracked 
|  98|0x0000000086200000, 0x0000000086200000, 0x0000000086300000|  0%| F|  |TAMS 0x0000000086200000, 0x0000000086200000| Untracked 
|  99|0x0000000086300000, 0x0000000086300000, 0x0000000086400000|  0%| F|  |TAMS 0x0000000086300000, 0x0000000086300000| Untracked 
| 100|0x0000000086400000, 0x0000000086400000, 0x0000000086500000|  0%| F|  |TAMS 0x0000000086400000, 0x0000000086400000| Untracked 
| 101|0x0000000086500000, 0x0000000086500000, 0x0000000086600000|  0%| F|  |TAMS 0x0000000086500000, 0x0000000086500000| Untracked 
| 102|0x0000000086600000, 0x0000000086600000, 0x0000000086700000|  0%| F|  |TAMS 0x0000000086600000, 0x0000000086600000| Untracked 
| 103|0x0000000086700000, 0x0000000086700000, 0x0000000086800000|  0%| F|  |TAMS 0x0000000086700000, 0x0000000086700000| Untracked 
| 104|0x0000000086800000, 0x0000000086800000, 0x0000000086900000|  0%| F|  |TAMS 0x0000000086800000, 0x0000000086800000| Untracked 
| 105|0x0000000086900000, 0x0000000086900000, 0x0000000086a00000|  0%| F|  |TAMS 0x0000000086900000, 0x0000000086900000| Untracked 
| 106|0x0000000086a00000, 0x0000000086a00000, 0x0000000086b00000|  0%| F|  |TAMS 0x0000000086a00000, 0x0000000086a00000| Untracked 
| 107|0x0000000086b00000, 0x0000000086b00000, 0x0000000086c00000|  0%| F|  |TAMS 0x0000000086b00000, 0x0000000086b00000| Untracked 
| 108|0x0000000086c00000, 0x0000000086c00000, 0x0000000086d00000|  0%| F|  |TAMS 0x0000000086c00000, 0x0000000086c00000| Untracked 
| 109|0x0000000086d00000, 0x0000000086d00000, 0x0000000086e00000|  0%| F|  |TAMS 0x0000000086d00000, 0x0000000086d00000| Untracked 
| 110|0x0000000086e00000, 0x0000000086e00000, 0x0000000086f00000|  0%| F|  |TAMS 0x0000000086e00000, 0x0000000086e00000| Untracked 
| 111|0x0000000086f00000, 0x0000000086f00000, 0x0000000087000000|  0%| F|  |TAMS 0x0000000086f00000, 0x0000000086f00000| Untracked 
| 112|0x0000000087000000, 0x0000000087000000, 0x0000000087100000|  0%| F|  |TAMS 0x0000000087000000, 0x0000000087000000| Untracked 
| 113|0x0000000087100000, 0x0000000087100000, 0x0000000087200000|  0%| F|  |TAMS 0x0000000087100000, 0x0000000087100000| Untracked 
| 114|0x0000000087200000, 0x0000000087200000, 0x0000000087300000|  0%| F|  |TAMS 0x0000000087200000, 0x0000000087200000| Untracked 
| 115|0x0000000087300000, 0x0000000087400000, 0x0000000087400000|100%| E|  |TAMS 0x0000000087300000, 0x0000000087300000| Complete 
| 116|0x0000000087400000, 0x0000000087500000, 0x0000000087500000|100%| E|CS|TAMS 0x0000000087400000, 0x0000000087400000| Complete 
| 117|0x0000000087500000, 0x0000000087600000, 0x0000000087600000|100%| E|CS|TAMS 0x0000000087500000, 0x0000000087500000| Complete 
| 118|0x0000000087600000, 0x0000000087700000, 0x0000000087700000|100%| E|CS|TAMS 0x0000000087600000, 0x0000000087600000| Complete 
| 119|0x0000000087700000, 0x0000000087800000, 0x0000000087800000|100%| E|CS|TAMS 0x0000000087700000, 0x0000000087700000| Complete 
| 120|0x0000000087800000, 0x0000000087900000, 0x0000000087900000|100%| E|CS|TAMS 0x0000000087800000, 0x0000000087800000| Complete 
| 121|0x0000000087900000, 0x0000000087a00000, 0x0000000087a00000|100%| E|CS|TAMS 0x0000000087900000, 0x0000000087900000| Complete 
| 122|0x0000000087a00000, 0x0000000087b00000, 0x0000000087b00000|100%| E|  |TAMS 0x0000000087a00000, 0x0000000087a00000| Complete 
| 123|0x0000000087b00000, 0x0000000087c00000, 0x0000000087c00000|100%| E|CS|TAMS 0x0000000087b00000, 0x0000000087b00000| Complete 
| 124|0x0000000087c00000, 0x0000000087d00000, 0x0000000087d00000|100%| E|CS|TAMS 0x0000000087c00000, 0x0000000087c00000| Complete 
| 125|0x0000000087d00000, 0x0000000087e00000, 0x0000000087e00000|100%| E|CS|TAMS 0x0000000087d00000, 0x0000000087d00000| Complete 

Card table byte_map: [0x000001a53aec0000,0x000001a53b2c0000] _byte_map_base: 0x000001a53aac0000

Marking Bits (Prev, Next): (CMBitMap*) 0x000001a52756d238, (CMBitMap*) 0x000001a52756d270
 Prev Bits: [0x000001a53b6c0000, 0x000001a53d6c0000)
 Next Bits: [0x000001a53d6c0000, 0x000001a53f6c0000)

Polling page: 0x000001a525ee0000

Metaspace:

Usage:
  Non-class:     40.01 MB capacity,    39.24 MB ( 98%) used,   673.00 KB (  2%) free+waste,   115.38 KB ( <1%) overhead. 
      Class:      6.14 MB capacity,     5.70 MB ( 93%) used,   400.00 KB (  6%) free+waste,    55.63 KB ( <1%) overhead. 
       Both:     46.16 MB capacity,    44.94 MB ( 97%) used,     1.05 MB (  2%) free+waste,   171.00 KB ( <1%) overhead. 

Virtual space:
  Non-class space:       42.00 MB reserved,      40.25 MB ( 96%) committed 
      Class space:        1.00 GB reserved,       6.25 MB ( <1%) committed 
             Both:        1.04 GB reserved,      46.50 MB (  4%) committed 

Chunk freelists:
   Non-Class:  49.00 KB
       Class:  16.00 KB
        Both:  65.00 KB

MaxMetaspaceSize: 17179869184.00 GB
CompressedClassSpaceSize: 1.00 GB
Initial GC threshold: 20.80 MB
Current GC threshold: 58.75 MB
CDS: off

CodeHeap 'non-profiled nmethods': size=120000Kb used=2485Kb max_used=2485Kb free=117514Kb
 bounds [0x000001a532b20000, 0x000001a532d90000, 0x000001a53a050000]
CodeHeap 'profiled nmethods': size=120000Kb used=8872Kb max_used=8872Kb free=111128Kb
 bounds [0x000001a52b5f0000, 0x000001a52bea0000, 0x000001a532b20000]
CodeHeap 'non-nmethods': size=5760Kb used=2359Kb max_used=2359Kb free=3400Kb
 bounds [0x000001a52b050000, 0x000001a52b2c0000, 0x000001a52b5f0000]
 total_blobs=4933 nmethods=4144 adapters=698
 compilation: enabled
              stopped_count=0, restarted_count=0
 full_count=0

Compilation events (20 events):
Event: 31.564 Thread 0x000001a542b30000 4137   !   3       com.google.common.collect.MapMakerInternalMap$Segment::put (298 bytes)
Event: 31.570 Thread 0x000001a542b30000 nmethod 4137 0x000001a52be86610 code [0x000001a52be86c60, 0x000001a52be8a418]
Event: 31.570 Thread 0x000001a542b30000 4139       3       org.codehaus.groovy.reflection.CachedClass$1$$Lambda$365/0x00000001004f1040::test (8 bytes)
Event: 31.570 Thread 0x000001a542b30000 nmethod 4139 0x000001a52be8bf90 code [0x000001a52be8c160, 0x000001a52be8c448]
Event: 31.570 Thread 0x000001a542b30000 4136       3       com.google.common.collect.MapMakerInternalMap::putIfAbsent (29 bytes)
Event: 31.571 Thread 0x000001a542b30000 nmethod 4136 0x000001a52be8c590 code [0x000001a52be8c7c0, 0x000001a52be8cee8]
Event: 31.571 Thread 0x000001a542b30000 4140       3       org.codehaus.groovy.reflection.CachedClass$1::lambda$initValue$0 (7 bytes)
Event: 31.571 Thread 0x000001a542b30000 nmethod 4140 0x000001a52be8d210 code [0x000001a52be8d3e0, 0x000001a52be8d568]
Event: 31.571 Thread 0x000001a542b30000 4141       3       org.codehaus.groovy.reflection.CachedClass$1$$Lambda$366/0x00000001004f1440::apply (12 bytes)
Event: 31.572 Thread 0x000001a542b30000 nmethod 4141 0x000001a52be8d690 code [0x000001a52be8d880, 0x000001a52be8dd38]
Event: 31.572 Thread 0x000001a542b30000 4142       3       org.codehaus.groovy.reflection.CachedField::<init> (18 bytes)
Event: 31.572 Thread 0x000001a542b30000 nmethod 4142 0x000001a52be8de90 code [0x000001a52be8e060, 0x000001a52be8e378]
Event: 31.572 Thread 0x000001a542b30000 4138       3       com.google.common.collect.MapMakerInternalMap$Segment::setValue (19 bytes)
Event: 31.572 Thread 0x000001a542b30000 nmethod 4138 0x000001a52be8e490 code [0x000001a52be8e660, 0x000001a52be8e8f8]
Event: 31.590 Thread 0x000001a542b30000 4143       3       org.gradle.internal.classloader.FilteringClassLoader::classAllowed (80 bytes)
Event: 31.592 Thread 0x000001a542b30000 nmethod 4143 0x000001a52be8ea10 code [0x000001a52be8ec80, 0x000001a52be8f5b8]
Event: 31.596 Thread 0x000001a542b30000 4145       3       org.codehaus.groovy.runtime.metaclass.MetaMethodIndex::resize (103 bytes)
Event: 31.596 Thread 0x000001a542b30000 nmethod 4145 0x000001a52be8f910 code [0x000001a52be8fb00, 0x000001a52be90098]
Event: 31.618 Thread 0x000001a542b30000 4146       3       com.sun.beans.introspect.MethodInfo::resolve (12 bytes)
Event: 31.619 Thread 0x000001a542b30000 nmethod 4146 0x000001a52be90290 code [0x000001a52be904c0, 0x000001a52be90ab8]

GC Heap History (16 events):
Event: 1.041 GC heap before
{Heap before GC invocations=0 (full 0):
 garbage-first heap   total 129024K, used 30720K [0x0000000080000000, 0x0000000100000000)
  region size 1024K, 24 young (24576K), 0 survivors (0K)
 Metaspace       used 10223K, capacity 10427K, committed 10624K, reserved 1058816K
  class space    used 1071K, capacity 1141K, committed 1152K, reserved 1048576K
}
Event: 1.046 GC heap after
{Heap after GC invocations=1 (full 0):
 garbage-first heap   total 129024K, used 9688K [0x0000000080000000, 0x0000000100000000)
  region size 1024K, 3 young (3072K), 3 survivors (3072K)
 Metaspace       used 10223K, capacity 10427K, committed 10624K, reserved 1058816K
  class space    used 1071K, capacity 1141K, committed 1152K, reserved 1048576K
}
Event: 5.225 GC heap before
{Heap before GC invocations=1 (full 0):
 garbage-first heap   total 129024K, used 83416K [0x0000000080000000, 0x0000000100000000)
  region size 1024K, 75 young (76800K), 3 survivors (3072K)
 Metaspace       used 17935K, capacity 18342K, committed 18432K, reserved 1064960K
  class space    used 2123K, capacity 2260K, committed 2304K, reserved 1048576K
}
Event: 5.235 GC heap after
{Heap after GC invocations=2 (full 0):
 garbage-first heap   total 129024K, used 16488K [0x0000000080000000, 0x0000000100000000)
  region size 1024K, 10 young (10240K), 10 survivors (10240K)
 Metaspace       used 17935K, capacity 18342K, committed 18432K, reserved 1064960K
  class space    used 2123K, capacity 2260K, committed 2304K, reserved 1048576K
}
Event: 5.767 GC heap before
{Heap before GC invocations=2 (full 0):
 garbage-first heap   total 129024K, used 44136K [0x0000000080000000, 0x0000000100000000)
  region size 1024K, 38 young (38912K), 10 survivors (10240K)
 Metaspace       used 20732K, capacity 21154K, committed 21248K, reserved 1067008K
  class space    used 2553K, capacity 2729K, committed 2816K, reserved 1048576K
}
Event: 5.776 GC heap after
{Heap after GC invocations=3 (full 0):
 garbage-first heap   total 129024K, used 17434K [0x0000000080000000, 0x0000000100000000)
  region size 1024K, 2 young (2048K), 2 survivors (2048K)
 Metaspace       used 20732K, capacity 21154K, committed 21248K, reserved 1067008K
  class space    used 2553K, capacity 2729K, committed 2816K, reserved 1048576K
}
Event: 7.004 GC heap before
{Heap before GC invocations=4 (full 0):
 garbage-first heap   total 129024K, used 72730K [0x0000000080000000, 0x0000000100000000)
  region size 1024K, 56 young (57344K), 2 survivors (2048K)
 Metaspace       used 26590K, capacity 27222K, committed 27264K, reserved 1073152K
  class space    used 3459K, capacity 3696K, committed 3712K, reserved 1048576K
}
Event: 7.010 GC heap after
{Heap after GC invocations=5 (full 0):
 garbage-first heap   total 129024K, used 19436K [0x0000000080000000, 0x0000000100000000)
  region size 1024K, 4 young (4096K), 4 survivors (4096K)
 Metaspace       used 26590K, capacity 27222K, committed 27264K, reserved 1073152K
  class space    used 3459K, capacity 3696K, committed 3712K, reserved 1048576K
}
Event: 20.630 GC heap before
{Heap before GC invocations=5 (full 0):
 garbage-first heap   total 129024K, used 90092K [0x0000000080000000, 0x0000000100000000)
  region size 1024K, 64 young (65536K), 4 survivors (4096K)
 Metaspace       used 31936K, capacity 32770K, committed 33024K, reserved 1077248K
  class space    used 4300K, capacity 4605K, committed 4608K, reserved 1048576K
}
Event: 20.636 GC heap after
{Heap after GC invocations=6 (full 0):
 garbage-first heap   total 129024K, used 34499K [0x0000000080000000, 0x0000000100000000)
  region size 1024K, 8 young (8192K), 8 survivors (8192K)
 Metaspace       used 31936K, capacity 32770K, committed 33024K, reserved 1077248K
  class space    used 4300K, capacity 4605K, committed 4608K, reserved 1048576K
}
Event: 21.810 GC heap before
{Heap before GC invocations=6 (full 0):
 garbage-first heap   total 129024K, used 50883K [0x0000000080000000, 0x0000000100000000)
  region size 1024K, 25 young (25600K), 8 survivors (8192K)
 Metaspace       used 34922K, capacity 35836K, committed 35840K, reserved 1081344K
  class space    used 4659K, capacity 4988K, committed 4992K, reserved 1048576K
}
Event: 21.825 GC heap after
{Heap after GC invocations=7 (full 0):
 garbage-first heap   total 129024K, used 35809K [0x0000000080000000, 0x0000000100000000)
  region size 1024K, 2 young (2048K), 2 survivors (2048K)
 Metaspace       used 34922K, capacity 35836K, committed 35840K, reserved 1081344K
  class space    used 4659K, capacity 4988K, committed 4992K, reserved 1048576K
}
Event: 24.656 GC heap before
{Heap before GC invocations=8 (full 0):
 garbage-first heap   total 129024K, used 88033K [0x0000000080000000, 0x0000000100000000)
  region size 1024K, 50 young (51200K), 2 survivors (2048K)
 Metaspace       used 41529K, capacity 42606K, committed 42880K, reserved 1087488K
  class space    used 5279K, capacity 5662K, committed 5760K, reserved 1048576K
}
Event: 24.661 GC heap after
{Heap after GC invocations=9 (full 0):
 garbage-first heap   total 129024K, used 40781K [0x0000000080000000, 0x0000000100000000)
  region size 1024K, 7 young (7168K), 7 survivors (7168K)
 Metaspace       used 41529K, capacity 42606K, committed 42880K, reserved 1087488K
  class space    used 5279K, capacity 5662K, committed 5760K, reserved 1048576K
}
Event: 31.210 GC heap before
{Heap before GC invocations=9 (full 0):
 garbage-first heap   total 129024K, used 91981K [0x0000000080000000, 0x0000000100000000)
  region size 1024K, 54 young (55296K), 7 survivors (7168K)
 Metaspace       used 44622K, capacity 45854K, committed 45952K, reserved 1089536K
  class space    used 5755K, capacity 6224K, committed 6272K, reserved 1048576K
}
Event: 31.217 GC heap after
{Heap after GC invocations=10 (full 0):
 garbage-first heap   total 129024K, used 47366K [0x0000000080000000, 0x0000000100000000)
  region size 1024K, 4 young (4096K), 4 survivors (4096K)
 Metaspace       used 44622K, capacity 45854K, committed 45952K, reserved 1089536K
  class space    used 5755K, capacity 6224K, committed 6272K, reserved 1048576K
}

Deoptimization events (20 events):
Event: 30.857 Thread 0x000001a5454f0000 Uncommon trap: trap_request=0xffffff4d fr.pc=0x000001a532b9f598 relative=0x0000000000001a98
Event: 30.857 Thread 0x000001a5454f0000 Uncommon trap: reason=unstable_if action=reinterpret pc=0x000001a532b9f598 method=java.util.zip.ZipFile$Source.initCEN(ILjava/util/zip/ZipCoder;)V @ 621 c2
Event: 30.857 Thread 0x000001a5454f0000 DEOPT PACKING pc=0x000001a532b9f598 sp=0x0000009b79bf4070
Event: 30.857 Thread 0x000001a5454f0000 DEOPT UNPACKING pc=0x000001a52b0585af sp=0x0000009b79bf4040 mode 2
Event: 30.880 Thread 0x000001a5454f0000 Uncommon trap: trap_request=0xffffff4d fr.pc=0x000001a532c6cb74 relative=0x0000000000004ed4
Event: 30.880 Thread 0x000001a5454f0000 Uncommon trap: reason=unstable_if action=reinterpret pc=0x000001a532c6cb74 method=java.lang.StringLatin1.regionMatchesCI([BI[BII)Z @ 66 c2
Event: 30.880 Thread 0x000001a5454f0000 DEOPT PACKING pc=0x000001a532c6cb74 sp=0x0000009b79bf7c20
Event: 30.880 Thread 0x000001a5454f0000 DEOPT UNPACKING pc=0x000001a52b0585af sp=0x0000009b79bf79d0 mode 2
Event: 30.973 Thread 0x000001a5454f0000 Uncommon trap: trap_request=0xffffff4d fr.pc=0x000001a532b78afc relative=0x000000000000059c
Event: 30.973 Thread 0x000001a5454f0000 Uncommon trap: reason=unstable_if action=reinterpret pc=0x000001a532b78afc method=java.util.jar.Manifest$FastInputStream.readLine([BII)I @ 130 c2
Event: 30.973 Thread 0x000001a5454f0000 DEOPT PACKING pc=0x000001a532b78afc sp=0x0000009b79bf63f0
Event: 30.973 Thread 0x000001a5454f0000 DEOPT UNPACKING pc=0x000001a52b0585af sp=0x0000009b79bf6380 mode 2
Event: 31.000 Thread 0x000001a5454f0000 Uncommon trap: trap_request=0xffffff4d fr.pc=0x000001a532d5a184 relative=0x00000000000047a4
Event: 31.000 Thread 0x000001a5454f0000 Uncommon trap: reason=unstable_if action=reinterpret pc=0x000001a532d5a184 method=java.lang.ClassLoader.checkCerts(Ljava/lang/String;Ljava/security/CodeSource;)V @ 29 c2
Event: 31.000 Thread 0x000001a5454f0000 DEOPT PACKING pc=0x000001a532d5a184 sp=0x0000009b79bf70e0
Event: 31.000 Thread 0x000001a5454f0000 DEOPT UNPACKING pc=0x000001a52b0585af sp=0x0000009b79bf6ff0 mode 2
Event: 31.189 Thread 0x000001a5454f0000 Uncommon trap: trap_request=0xffffffde fr.pc=0x000001a532d1b8dc relative=0x000000000000141c
Event: 31.190 Thread 0x000001a5454f0000 Uncommon trap: reason=class_check action=maybe_recompile pc=0x000001a532d1b8dc method=org.codehaus.groovy.reflection.ParameterTypes.getParametersTypes0()V @ 16 c2
Event: 31.190 Thread 0x000001a5454f0000 DEOPT PACKING pc=0x000001a532d1b8dc sp=0x0000009b79bf8b80
Event: 31.190 Thread 0x000001a5454f0000 DEOPT UNPACKING pc=0x000001a52b0585af sp=0x0000009b79bf8b48 mode 2

Classes redefined (0 events):
No events

Internal exceptions (20 events):
Event: 31.164 Thread 0x000001a5454f0000 Exception <a 'java/lang/ClassNotFoundException'{0x0000000085079820}: java/lang/ClassLoaderCustomizer> (0x0000000085079820) thrown at [./src/hotspot/share/classfile/systemDictionary.cpp, line 231]
Event: 31.168 Thread 0x000001a5454f0000 Exception <a 'java/lang/ClassNotFoundException'{0x000000008508fa78}: java/security/SecureClassLoaderCustomizer> (0x000000008508fa78) thrown at [./src/hotspot/share/classfile/systemDictionary.cpp, line 231]
Event: 31.169 Thread 0x000001a5454f0000 Exception <a 'java/lang/ClassNotFoundException'{0x000000008509ac78}: java/net/URLClassLoaderCustomizer> (0x000000008509ac78) thrown at [./src/hotspot/share/classfile/systemDictionary.cpp, line 231]
Event: 31.171 Thread 0x000001a5454f0000 Exception <a 'java/lang/ClassNotFoundException'{0x00000000850cd6b0}: org/gradle/internal/classloader/VisitableURLClassLoaderCustomizer> (0x00000000850cd6b0) thrown at [./src/hotspot/share/classfile/systemDictionary.cpp, line 231]
Event: 31.180 Thread 0x000001a5454f0000 Exception <a 'java/lang/ClassNotFoundException'{0x0000000084f13a18}: org/jetbrains/plugins/gradle/tooling/internal/ExtraModelBuilder$ForGradle44BeanInfo> (0x0000000084f13a18) thrown at [./src/hotspot/share/classfile/systemDictionary.cpp, line 231]
Event: 31.183 Thread 0x000001a5454f0000 Exception <a 'java/lang/ClassNotFoundException'{0x0000000084f20200}: org/jetbrains/plugins/gradle/tooling/internal/ExtraModelBuilder$ForGradle44Customizer> (0x0000000084f20200) thrown at [./src/hotspot/share/classfile/systemDictionary.cpp, line 231]
Event: 31.450 Thread 0x000001a5454f0000 Exception <a 'java/lang/ClassNotFoundException'{0x00000000878fe9a8}: org/jetbrains/plugins/gradle/tooling/builder/WarModelBuilderImplBeanInfo> (0x00000000878fe9a8) thrown at [./src/hotspot/share/classfile/systemDictionary.cpp, line 231]
Event: 31.450 Thread 0x000001a5454f0000 Exception <a 'java/lang/ClassNotFoundException'{0x000000008770c418}: org/jetbrains/plugins/gradle/tooling/AbstractModelBuilderServiceBeanInfo> (0x000000008770c418) thrown at [./src/hotspot/share/classfile/systemDictionary.cpp, line 231]
Event: 31.451 Thread 0x000001a5454f0000 Exception <a 'java/lang/ClassNotFoundException'{0x0000000087719ab0}: org/jetbrains/plugins/gradle/tooling/AbstractModelBuilderServiceCustomizer> (0x0000000087719ab0) thrown at [./src/hotspot/share/classfile/systemDictionary.cpp, line 231]
Event: 31.454 Thread 0x000001a5454f0000 Exception <a 'java/lang/ClassNotFoundException'{0x0000000087729ff0}: org/jetbrains/plugins/gradle/tooling/builder/WarModelBuilderImplCustomizer> (0x0000000087729ff0) thrown at [./src/hotspot/share/classfile/systemDictionary.cpp, line 231]
Event: 31.469 Thread 0x000001a5454f0000 Exception <a 'java/lang/ClassNotFoundException'{0x000000008779dae0}: org/jetbrains/plugins/gradle/tooling/builder/EarModelBuilderImplBeanInfo> (0x000000008779dae0) thrown at [./src/hotspot/share/classfile/systemDictionary.cpp, line 231]
Event: 31.470 Thread 0x000001a5454f0000 Exception <a 'java/lang/ClassNotFoundException'{0x00000000877ab4e8}: org/jetbrains/plugins/gradle/tooling/builder/EarModelBuilderImplCustomizer> (0x00000000877ab4e8) thrown at [./src/hotspot/share/classfile/systemDictionary.cpp, line 231]
Event: 31.530 Thread 0x000001a5454f0000 Exception <a 'java/lang/ClassNotFoundException'{0x00000000876af670}: org/jetbrains/plugins/gradle/tooling/builder/ScalaModelBuilderImplBeanInfo> (0x00000000876af670) thrown at [./src/hotspot/share/classfile/systemDictionary.cpp, line 231]
Event: 31.533 Thread 0x000001a5454f0000 Exception <a 'java/lang/ClassNotFoundException'{0x00000000876bd9f0}: org/jetbrains/plugins/gradle/tooling/builder/ScalaModelBuilderImplCustomizer> (0x00000000876bd9f0) thrown at [./src/hotspot/share/classfile/systemDictionary.cpp, line 231]
Event: 31.564 Thread 0x000001a5454f0000 Exception <a 'java/lang/ClassNotFoundException'{0x0000000087530900}: org/jetbrains/plugins/gradle/tooling/builder/ExternalProjectBuilderImpl$1BeanInfo> (0x0000000087530900) thrown at [./src/hotspot/share/classfile/systemDictionary.cpp, line 231]
Event: 31.565 Thread 0x000001a5454f0000 Exception <a 'java/lang/ClassNotFoundException'{0x000000008753e358}: org/jetbrains/plugins/gradle/tooling/builder/ExternalProjectBuilderImpl$1Customizer> (0x000000008753e358) thrown at [./src/hotspot/share/classfile/systemDictionary.cpp, line 231]
Event: 31.586 Thread 0x000001a5454f0000 Exception <a 'java/lang/ClassNotFoundException'{0x00000000875b1ee0}: org/jetbrains/plugins/gradle/tooling/builder/ExternalProjectBuilderImplBeanInfo> (0x00000000875b1ee0) thrown at [./src/hotspot/share/classfile/systemDictionary.cpp, line 231]
Event: 31.587 Thread 0x000001a5454f0000 Exception <a 'java/lang/ClassNotFoundException'{0x00000000875bf790}: org/jetbrains/plugins/gradle/tooling/builder/ExternalProjectBuilderImplCustomizer> (0x00000000875bf790) thrown at [./src/hotspot/share/classfile/systemDictionary.cpp, line 231]
Event: 31.606 Thread 0x000001a5454f0000 Exception <a 'java/lang/ClassNotFoundException'{0x000000008741c240}: org/jetbrains/plugins/gradle/tooling/builder/DependencyGraphModelBuilderImplBeanInfo> (0x000000008741c240) thrown at [./src/hotspot/share/classfile/systemDictionary.cpp, line 231]
Event: 31.611 Thread 0x000001a5454f0000 Exception <a 'java/lang/ClassNotFoundException'{0x0000000087429d18}: org/jetbrains/plugins/gradle/tooling/builder/DependencyGraphModelBuilderImplCustomizer> (0x0000000087429d18) thrown at [./src/hotspot/share/classfile/systemDictionary.cpp, line 231]

Events (20 events):
Event: 31.587 loading class org/jetbrains/plugins/gradle/model/DefaultExternalTask
Event: 31.587 loading class org/jetbrains/plugins/gradle/model/DefaultExternalTask done
Event: 31.588 loading class org/jetbrains/plugins/gradle/model/ExternalTask
Event: 31.588 loading class org/jetbrains/plugins/gradle/model/ExternalTask done
Event: 31.590 loading class org/jetbrains/plugins/gradle/tooling/builder/DependencyGraphModelBuilderImpl
Event: 31.590 loading class org/jetbrains/plugins/gradle/tooling/builder/DependencyGraphModelBuilderImpl done
Event: 31.593 loading class com/intellij/openapi/externalSystem/model/project/dependencies/ComponentDependencies
Event: 31.593 loading class com/intellij/openapi/externalSystem/model/project/dependencies/ComponentDependencies done
Event: 31.594 loading class groovy/runtime/metaclass/org/jetbrains/plugins/gradle/tooling/builder/DependencyGraphModelBuilderImplMetaClass
Event: 31.594 loading class groovy/runtime/metaclass/org/jetbrains/plugins/gradle/tooling/builder/DependencyGraphModelBuilderImplMetaClass done
Event: 31.602 loading class org/jetbrains/plugins/gradle/tooling/builder/DependencyGraphModelBuilderImplBeanInfo
Event: 31.602 loading class org/jetbrains/plugins/gradle/tooling/builder/DependencyGraphModelBuilderImplBeanInfo done
Event: 31.603 loading class org/jetbrains/plugins/gradle/tooling/builder/DependencyGraphModelBuilderImplBeanInfo
Event: 31.603 loading class org/jetbrains/plugins/gradle/tooling/builder/DependencyGraphModelBuilderImplBeanInfo done
Event: 31.610 loading class org/jetbrains/plugins/gradle/tooling/builder/DependencyGraphModelBuilderImplCustomizer
Event: 31.610 loading class org/jetbrains/plugins/gradle/tooling/builder/DependencyGraphModelBuilderImplCustomizer done
Event: 31.611 loading class org/jetbrains/plugins/gradle/tooling/builder/DependencyGraphModelBuilderImplCustomizer
Event: 31.611 loading class org/jetbrains/plugins/gradle/tooling/builder/DependencyGraphModelBuilderImplCustomizer done
Event: 31.620 loading class org/jetbrains/plugins/gradle/tooling/builder/ExternalTestsModelBuilderImpl
Event: 31.620 loading class org/jetbrains/plugins/gradle/tooling/builder/ExternalTestsModelBuilderImpl done


Dynamic libraries:
0x00007ff7d8460000 - 0x00007ff7d846a000 	C:\Program Files\Android\Android Studio\jre\bin\java.exe
0x00007ffca2af0000 - 0x00007ffca2ce8000 	C:\WINDOWS\SYSTEM32\ntdll.dll
0x00007ffca11c0000 - 0x00007ffca127d000 	C:\WINDOWS\System32\KERNEL32.DLL
0x00007ffca0830000 - 0x00007ffca0afe000 	C:\WINDOWS\System32\KERNELBASE.dll
0x00007ffca0550000 - 0x00007ffca0650000 	C:\WINDOWS\System32\ucrtbase.dll
0x00007ffc8cf30000 - 0x00007ffc8cf47000 	C:\Program Files\Android\Android Studio\jre\bin\VCRUNTIME140.dll
0x00007ffc66e00000 - 0x00007ffc66e19000 	C:\Program Files\Android\Android Studio\jre\bin\jli.dll
0x00007ffca0b50000 - 0x00007ffca0cf0000 	C:\WINDOWS\System32\USER32.dll
0x00007ffca0210000 - 0x00007ffca0232000 	C:\WINDOWS\System32\win32u.dll
0x00007ffca1c60000 - 0x00007ffca1c8a000 	C:\WINDOWS\System32\GDI32.dll
0x00007ffc893d0000 - 0x00007ffc8966a000 	C:\WINDOWS\WinSxS\amd64_microsoft.windows.common-controls_6595b64144ccf1df_6.0.19041.1110_none_60b5254171f9507e\COMCTL32.dll
0x00007ffca0410000 - 0x00007ffca051b000 	C:\WINDOWS\System32\gdi32full.dll
0x00007ffca1bc0000 - 0x00007ffca1c5e000 	C:\WINDOWS\System32\msvcrt.dll
0x00007ffca0790000 - 0x00007ffca082d000 	C:\WINDOWS\System32\msvcp_win.dll
0x00007ffca1fe0000 - 0x00007ffca2010000 	C:\WINDOWS\System32\IMM32.DLL
0x00007ffc65640000 - 0x00007ffc656dd000 	C:\Program Files\Android\Android Studio\jre\bin\msvcp140.dll
0x00007ffc25610000 - 0x00007ffc260f5000 	C:\Program Files\Android\Android Studio\jre\bin\server\jvm.dll
0x00007ffca1470000 - 0x00007ffca151e000 	C:\WINDOWS\System32\ADVAPI32.dll
0x00007ffca2960000 - 0x00007ffca29fc000 	C:\WINDOWS\System32\sechost.dll
0x00007ffca1d00000 - 0x00007ffca1e25000 	C:\WINDOWS\System32\RPCRT4.dll
0x00007ffca1bb0000 - 0x00007ffca1bb8000 	C:\WINDOWS\System32\PSAPI.DLL
0x00007ffc9b7d0000 - 0x00007ffc9b7d9000 	C:\WINDOWS\SYSTEM32\WSOCK32.dll
0x00007ffc98920000 - 0x00007ffc9892a000 	C:\WINDOWS\SYSTEM32\VERSION.dll
0x00007ffca1ae0000 - 0x00007ffca1b4b000 	C:\WINDOWS\System32\WS2_32.dll
0x00007ffc8b2a0000 - 0x00007ffc8b2c7000 	C:\WINDOWS\SYSTEM32\WINMM.dll
0x00007ffc9eaa0000 - 0x00007ffc9eab2000 	C:\WINDOWS\SYSTEM32\kernel.appcore.dll
0x00007ffc9a840000 - 0x00007ffc9a851000 	C:\Program Files\Android\Android Studio\jre\bin\verify.dll
0x00007ffc9dff0000 - 0x00007ffc9e1d4000 	C:\WINDOWS\SYSTEM32\DBGHELP.DLL
0x00007ffc81c90000 - 0x00007ffc81cbc000 	C:\WINDOWS\SYSTEM32\dbgcore.DLL
0x00007ffca0650000 - 0x00007ffca06d2000 	C:\WINDOWS\System32\bcryptPrimitives.dll
0x00007ffc8e4b0000 - 0x00007ffc8e4d9000 	C:\Program Files\Android\Android Studio\jre\bin\java.dll
0x00007ffc9a830000 - 0x00007ffc9a83b000 	C:\Program Files\Android\Android Studio\jre\bin\jimage.dll
0x00007ffc8e560000 - 0x00007ffc8e578000 	C:\Program Files\Android\Android Studio\jre\bin\zip.dll
0x00007ffca2120000 - 0x00007ffca2864000 	C:\WINDOWS\System32\SHELL32.dll
0x00007ffc9e1e0000 - 0x00007ffc9e974000 	C:\WINDOWS\SYSTEM32\windows.storage.dll
0x00007ffca15d0000 - 0x00007ffca1924000 	C:\WINDOWS\System32\combase.dll
0x00007ffc9fba0000 - 0x00007ffc9fbd0000 	C:\WINDOWS\SYSTEM32\Wldp.dll
0x00007ffca1520000 - 0x00007ffca15cd000 	C:\WINDOWS\System32\SHCORE.dll
0x00007ffca0cf0000 - 0x00007ffca0d45000 	C:\WINDOWS\System32\shlwapi.dll
0x00007ffca0150000 - 0x00007ffca016f000 	C:\WINDOWS\SYSTEM32\profapi.dll
0x00007ffc8e490000 - 0x00007ffc8e4aa000 	C:\Program Files\Android\Android Studio\jre\bin\net.dll
0x00007ffc97d60000 - 0x00007ffc97e6a000 	C:\WINDOWS\SYSTEM32\WINHTTP.dll
0x00007ffc9f900000 - 0x00007ffc9f96a000 	C:\WINDOWS\system32\mswsock.dll
0x00007ffc8e470000 - 0x00007ffc8e484000 	C:\Program Files\Android\Android Studio\jre\bin\nio.dll
0x00007ffc77d60000 - 0x00007ffc77d87000 	C:\Users\shail\.gradle\native\e1d6ef7f7dcc3fd88c89a11ec53ec762bb8ba0a96d01ffa2cd45eb1d1d8dd5c5\windows-amd64\native-platform.dll
0x00007ffc654f0000 - 0x00007ffc65634000 	C:\Users\shail\.gradle\native\5664cfc778a61ccfe75a443a1ab52a65af34e5dc3c78e0209fed803814484fcb\windows-amd64\native-platform-file-events.dll
0x00007ffc9a820000 - 0x00007ffc9a82a000 	C:\Program Files\Android\Android Studio\jre\bin\management.dll
0x00007ffc8e330000 - 0x00007ffc8e33d000 	C:\Program Files\Android\Android Studio\jre\bin\management_ext.dll
0x00007ffc9faf0000 - 0x00007ffc9fb08000 	C:\WINDOWS\SYSTEM32\CRYPTSP.dll
0x00007ffc9f280000 - 0x00007ffc9f2b4000 	C:\WINDOWS\system32\rsaenh.dll
0x00007ffca0520000 - 0x00007ffca0547000 	C:\WINDOWS\System32\bcrypt.dll
0x00007ffca00d0000 - 0x00007ffca00fe000 	C:\WINDOWS\SYSTEM32\USERENV.dll
0x00007ffc9fb10000 - 0x00007ffc9fb1c000 	C:\WINDOWS\SYSTEM32\CRYPTBASE.dll
0x00007ffc9f5f0000 - 0x00007ffc9f62b000 	C:\WINDOWS\SYSTEM32\IPHLPAPI.DLL
0x00007ffca2870000 - 0x00007ffca2878000 	C:\WINDOWS\System32\NSI.dll
0x00007ffc97060000 - 0x00007ffc97077000 	C:\WINDOWS\SYSTEM32\dhcpcsvc6.DLL
0x00007ffc978a0000 - 0x00007ffc978bd000 	C:\WINDOWS\SYSTEM32\dhcpcsvc.DLL
0x00007ffc9f630000 - 0x00007ffc9f6fa000 	C:\WINDOWS\SYSTEM32\DNSAPI.dll

dbghelp: loaded successfully - version: 4.0.5 - missing functions: none
symbol engine: initialized successfully - sym options: 0x614 - pdb path: .;C:\Program Files\Android\Android Studio\jre\bin;C:\WINDOWS\SYSTEM32;C:\WINDOWS\WinSxS\amd64_microsoft.windows.common-controls_6595b64144ccf1df_6.0.19041.1110_none_60b5254171f9507e;C:\Program Files\Android\Android Studio\jre\bin\server;C:\Users\shail\.gradle\native\e1d6ef7f7dcc3fd88c89a11ec53ec762bb8ba0a96d01ffa2cd45eb1d1d8dd5c5\windows-amd64;C:\Users\shail\.gradle\native\5664cfc778a61ccfe75a443a1ab52a65af34e5dc3c78e0209fed803814484fcb\windows-amd64

VM Arguments:
jvm_args: --add-opens=java.base/java.util=ALL-UNNAMED --add-opens=java.base/java.lang=ALL-UNNAMED --add-opens=java.base/java.lang.invoke=ALL-UNNAMED --add-opens=java.base/java.util=ALL-UNNAMED --add-opens=java.prefs/java.util.prefs=ALL-UNNAMED --add-opens=java.prefs/java.util.prefs=ALL-UNNAMED --add-opens=java.base/java.nio.charset=ALL-UNNAMED --add-opens=java.base/java.net=ALL-UNNAMED --add-opens=java.base/java.util.concurrent.atomic=ALL-UNNAMED -Xmx2048m -Dfile.encoding=UTF-8 -Duser.country=IN -Duser.language=en -Duser.variant 
java_command: org.gradle.launcher.daemon.bootstrap.GradleDaemon 7.3.3
java_class_path (initial): C:\Users\shail\.gradle\wrapper\dists\gradle-7.3.3-bin\6a41zxkdtcxs8rphpq6y0069z\gradle-7.3.3\lib\gradle-launcher-7.3.3.jar
Launcher Type: SUN_STANDARD

[Global flags]
     intx CICompilerCount                          = 4                                         {product} {ergonomic}
     uint ConcGCThreads                            = 2                                         {product} {ergonomic}
     uint G1ConcRefinementThreads                  = 8                                         {product} {ergonomic}
   size_t G1HeapRegionSize                         = 1048576                                   {product} {ergonomic}
    uintx GCDrainStackTargetSize                   = 64                                        {product} {ergonomic}
   size_t InitialHeapSize                          = 132120576                                 {product} {ergonomic}
   size_t MarkStackSize                            = 4194304                                   {product} {ergonomic}
   size_t MaxHeapSize                              = 2147483648                                {product} {command line}
   size_t MaxNewSize                               = 1287651328                                {product} {ergonomic}
   size_t MinHeapDeltaBytes                        = 1048576                                   {product} {ergonomic}
    uintx NonNMethodCodeHeapSize                   = 5836300                                {pd product} {ergonomic}
    uintx NonProfiledCodeHeapSize                  = 122910970                              {pd product} {ergonomic}
    uintx ProfiledCodeHeapSize                     = 122910970                              {pd product} {ergonomic}
    uintx ReservedCodeCacheSize                    = 251658240                              {pd product} {ergonomic}
     bool SegmentedCodeCache                       = true                                      {product} {ergonomic}
     bool UseCompressedClassPointers               = true                                 {lp64_product} {ergonomic}
     bool UseCompressedOops                        = true                                 {lp64_product} {ergonomic}
     bool UseG1GC                                  = true                                      {product} {ergonomic}
     bool UseLargePagesIndividualAllocation        = false                                  {pd product} {ergonomic}

Logging:
Log output configuration:
 #0: stdout all=warning uptime,level,tags
 #1: stderr all=off uptime,level,tags

Environment Variables:
JAVA_HOME=C:\Program Files\Java\jdk-18.0.2
PATH=C:\Windows\system32;C:\Windows;C:\Windows\System32\Wbem;C:\Windows\System32\WindowsPowerShell\v1.0\;C:\Windows\System32\OpenSSH\;C:\Program Files\NVIDIA Corporation\NVIDIA NvDLISR;C:\WINDOWS\system32;C:\WINDOWS;C:\WINDOWS\System32\Wbem;C:\WINDOWS\System32\WindowsPowerShell\v1.0\;C:\WINDOWS\System32\OpenSSH\;C:\Program Files\Java\jdk-18.0.2.1\bin;C:\MinGW\bin;C:\Users\shail\AppData\Local\Microsoft\WindowsApps;;C:\Users\shail\AppData\Local\Programs\Microsoft VS Code\bin
USERNAME=shail
OS=Windows_NT
PROCESSOR_IDENTIFIER=Intel64 Family 6 Model 126 Stepping 5, GenuineIntel



---------------  S Y S T E M  ---------------

OS: Windows 10 , 64 bit Build 19041 (10.0.19041.1889)
OS uptime: 0 days 1:37 hours

CPU:total 8 (initial active 8) (4 cores per cpu, 2 threads per core) family 6 model 126 stepping 5 microcode 0xb0, cmov, cx8, fxsr, mmx, sse, sse2, sse3, ssse3, sse4.1, sse4.2, popcnt, avx, avx2, aes, clmul, erms, 3dnowpref, lzcnt, ht, tsc, tscinvbit, bmi1, bmi2, adx, evex, sha, fma

Memory: 4k page, system-wide physical 7959M (936M free)
TotalPageFile size 7959M (AvailPageFile size 8M)
current process WorkingSet (physical memory assigned to process): 318M, peak: 325M
current process commit charge ("private bytes"): 358M, peak: 364M

vm_info: OpenJDK 64-Bit Server VM (11.0.12+7-b1504.28-7817840) for windows-amd64 JRE (11.0.12+7-b1504.28-7817840), built on Oct 13 2021 22:12:33 by "builder" with MS VC++ 14.0 (VS2015)

END.
