#
# There is insufficient memory for the Java Runtime Environment to continue.
# Native memory allocation (malloc) failed to allocate 1196656 bytes for Chunk::new
# Possible reasons:
#   The system is out of physical RAM or swap space
#   The process is running with CompressedOops enabled, and the Java Heap may be blocking the growth of the native heap
# Possible solutions:
#   Reduce memory load on the system
#   Increase physical memory or swap space
#   Check if swap backing store is full
#   Decrease Java heap size (-Xmx/-Xms)
#   Decrease number of Java threads
#   Decrease Java thread stack sizes (-Xss)
#   Set larger code cache with -XX:ReservedCodeCacheSize=
#   JVM is running with Unscaled Compressed Oops mode in which the Java heap is
#     placed in the first 4GB address space. The Java Heap base address is the
#     maximum limit for the native heap growth. Please use -XX:HeapBaseMinAddress
#     to set the Java Heap base and to place the Java Heap above 4GB virtual address.
# This output file may be truncated or incomplete.
#
#  Out of Memory Error (./src/hotspot/share/memory/arena.cpp:197), pid=8724, tid=1428
#
# JRE version: OpenJDK Runtime Environment (11.0.12+7) (build 11.0.12+7-b1504.28-7817840)
# Java VM: OpenJDK 64-Bit Server VM (11.0.12+7-b1504.28-7817840, mixed mode, tiered, compressed oops, g1 gc, windows-amd64)
# No core dump will be written. Minidumps are not enabled by default on client versions of Windows
#

---------------  S U M M A R Y ------------

Command Line: --add-opens=java.base/java.util=ALL-UNNAMED --add-opens=java.base/java.lang=ALL-UNNAMED --add-opens=java.base/java.lang.invoke=ALL-UNNAMED --add-opens=java.base/java.util=ALL-UNNAMED --add-opens=java.prefs/java.util.prefs=ALL-UNNAMED --add-opens=java.prefs/java.util.prefs=ALL-UNNAMED --add-opens=java.base/java.nio.charset=ALL-UNNAMED --add-opens=java.base/java.net=ALL-UNNAMED --add-opens=java.base/java.util.concurrent.atomic=ALL-UNNAMED -Xmx2048m -Dfile.encoding=UTF-8 -Duser.country=IN -Duser.language=en -Duser.variant org.gradle.launcher.daemon.bootstrap.GradleDaemon 7.3.3

Host: Intel(R) Core(TM) i5-1035G1 CPU @ 1.00GHz, 8 cores, 7G,  Windows 10 , 64 bit Build 19041 (10.0.19041.1889)
Time: Wed Aug 24 22:06:40 2022 India Standard Time elapsed time: 14.370571 seconds (0d 0h 0m 14s)

---------------  T H R E A D  ---------------

Current thread (0x000001501ef46800):  JavaThread "C2 CompilerThread0" daemon [_thread_in_native, id=1428, stack(0x00000010fc500000,0x00000010fc600000)]


Current CompileTask:
C2:  14370 5877   !   4       java.util.jar.Attributes::read (390 bytes)

Stack: [0x00000010fc500000,0x00000010fc600000]
Native frames: (J=compiled Java code, j=interpreted, Vv=VM code, C=native code)
V  [jvm.dll+0x5fbcea]
V  [jvm.dll+0x731905]
V  [jvm.dll+0x732f1d]
V  [jvm.dll+0x7335d3]
V  [jvm.dll+0x247bf8]
V  [jvm.dll+0xc018c]
V  [jvm.dll+0xc06cc]
V  [jvm.dll+0x35b2db]
V  [jvm.dll+0x328803]
V  [jvm.dll+0x327cfa]
V  [jvm.dll+0x200602]
V  [jvm.dll+0x1ff794]
V  [jvm.dll+0x18868c]
V  [jvm.dll+0x20e0d7]
V  [jvm.dll+0x20c901]
V  [jvm.dll+0x6f9b7f]
V  [jvm.dll+0x6f26a5]
V  [jvm.dll+0x5fabf6]
C  [ucrtbase.dll+0x21bb2]
C  [KERNEL32.DLL+0x17034]
C  [ntdll.dll+0x52651]


---------------  P R O C E S S  ---------------

Threads class SMR info:
_java_thread_list=0x00000150238ed670, length=122, elements={
0x0000015003adb800, 0x000001501e6ea000, 0x000001501e6eb000, 0x000001501ef36800,
0x000001501ef38000, 0x000001501ef39000, 0x000001501ef46800, 0x000001501ef4c000,
0x000001501ef4d000, 0x000001501f0c7000, 0x0000015020477800, 0x0000015020aca800,
0x0000015021067800, 0x0000015020ab0800, 0x0000015020b0a800, 0x0000015021061800,
0x0000015020942800, 0x0000015020b43000, 0x0000015021396000, 0x0000015020b1f000,
0x0000015020b1e000, 0x0000015020b1f800, 0x0000015020b1d000, 0x0000015020b20800,
0x0000015020b21800, 0x0000015020b22000, 0x0000015020b1c800, 0x0000015020b23000,
0x0000015021d39800, 0x0000015021d3c000, 0x0000015021d3c800, 0x0000015021d38800,
0x0000015021d38000, 0x0000015021d41800, 0x0000015021d3e800, 0x0000015021d3d800,
0x0000015021d43800, 0x0000015021d40000, 0x0000015021d41000, 0x0000015021d3f000,
0x0000015021d45000, 0x0000015021d44000, 0x00000150239f6000, 0x00000150239fa000,
0x00000150239f7800, 0x00000150239f5000, 0x00000150239fb000, 0x00000150239fc000,
0x00000150239f9800, 0x00000150239fc800, 0x00000150239f7000, 0x00000150239fd800,
0x00000150239fe000, 0x00000150239f8800, 0x00000150239ff000, 0x0000015023a00000,
0x0000015023a00800, 0x0000015023a01800, 0x0000015023a02800, 0x0000015023a03000,
0x0000015023a04000, 0x0000015021c04800, 0x0000015021c02800, 0x0000015021c03800,
0x0000015021c07000, 0x0000015021c02000, 0x0000015021c01000, 0x0000015021c07800,
0x0000015021c06000, 0x0000015021c08800, 0x0000015021c09000, 0x0000015021c0a000,
0x0000015021c05000, 0x0000015021c0c800, 0x0000015021c10000, 0x0000015021c0b800,
0x0000015021c0d800, 0x0000015021c0e000, 0x0000015021c0b000, 0x0000015021c0f000,
0x00000150237a0800, 0x000001502379e000, 0x00000150237a1800, 0x000001502379f800,
0x00000150237a3000, 0x00000150237a2000, 0x000001502379f000, 0x000001502379d800,
0x00000150237a8800, 0x00000150237a5800, 0x00000150237a4800, 0x00000150237a6000,
0x00000150237a9800, 0x00000150237a4000, 0x00000150237aa800, 0x00000150237ab000,
0x00000150237ac000, 0x00000150237a7000, 0x00000150237a8000, 0x0000015023454000,
0x0000015023455000, 0x0000015023455800, 0x0000015023456800, 0x0000015023457800,
0x0000015023453000, 0x0000015023452800, 0x0000015023451800, 0x000001502345e000,
0x0000015023459000, 0x0000015023459800, 0x000001502345a800, 0x000001502345b800,
0x0000015023458000, 0x000001502345f800, 0x000001502345e800, 0x0000015023460800,
0x000001502345d000, 0x000001502345c000, 0x0000015023556000, 0x0000015023558000,
0x000001502355c800, 0x000001502355c000
}

Java Threads: ( => current thread )
  0x0000015003adb800 JavaThread "main" [_thread_blocked, id=11772, stack(0x00000010fb900000,0x00000010fba00000)]
  0x000001501e6ea000 JavaThread "Reference Handler" daemon [_thread_blocked, id=5316, stack(0x00000010fc000000,0x00000010fc100000)]
  0x000001501e6eb000 JavaThread "Finalizer" daemon [_thread_blocked, id=3856, stack(0x00000010fc100000,0x00000010fc200000)]
  0x000001501ef36800 JavaThread "Signal Dispatcher" daemon [_thread_blocked, id=6748, stack(0x00000010fc200000,0x00000010fc300000)]
  0x000001501ef38000 JavaThread "Attach Listener" daemon [_thread_blocked, id=7516, stack(0x00000010fc300000,0x00000010fc400000)]
  0x000001501ef39000 JavaThread "Service Thread" daemon [_thread_blocked, id=9496, stack(0x00000010fc400000,0x00000010fc500000)]
=>0x000001501ef46800 JavaThread "C2 CompilerThread0" daemon [_thread_in_native, id=1428, stack(0x00000010fc500000,0x00000010fc600000)]
  0x000001501ef4c000 JavaThread "C1 CompilerThread0" daemon [_thread_blocked, id=14276, stack(0x00000010fc600000,0x00000010fc700000)]
  0x000001501ef4d000 JavaThread "Sweeper thread" daemon [_thread_blocked, id=4296, stack(0x00000010fc700000,0x00000010fc800000)]
  0x000001501f0c7000 JavaThread "Common-Cleaner" daemon [_thread_blocked, id=13716, stack(0x00000010fc800000,0x00000010fc900000)]
  0x0000015020477800 JavaThread "Daemon health stats" [_thread_blocked, id=7572, stack(0x00000010fcc00000,0x00000010fcd00000)]
  0x0000015020aca800 JavaThread "Incoming local TCP Connector on port 50506" [_thread_in_native, id=1984, stack(0x00000010fcd00000,0x00000010fce00000)]
  0x0000015021067800 JavaThread "Daemon periodic checks" [_thread_blocked, id=5820, stack(0x00000010fce00000,0x00000010fcf00000)]
  0x0000015020ab0800 JavaThread "Daemon" [_thread_blocked, id=13584, stack(0x00000010fcf00000,0x00000010fd000000)]
  0x0000015020b0a800 JavaThread "Handler for socket connection from /127.0.0.1:50506 to /127.0.0.1:50507" [_thread_in_native, id=13824, stack(0x00000010fd000000,0x00000010fd100000)]
  0x0000015021061800 JavaThread "Cancel handler" [_thread_blocked, id=13888, stack(0x00000010fd100000,0x00000010fd200000)]
  0x0000015020942800 JavaThread "Daemon worker" [_thread_in_vm, id=12720, stack(0x00000010fd200000,0x00000010fd300000)]
  0x0000015020b43000 JavaThread "Asynchronous log dispatcher for DefaultDaemonConnection: socket connection from /127.0.0.1:50506 to /127.0.0.1:50507" [_thread_blocked, id=1420, stack(0x00000010fd300000,0x00000010fd400000)]
  0x0000015021396000 JavaThread "Stdin handler" [_thread_blocked, id=12656, stack(0x00000010fd400000,0x00000010fd500000)]
  0x0000015020b1f000 JavaThread "Daemon client event forwarder" [_thread_blocked, id=12648, stack(0x00000010fd500000,0x00000010fd600000)]
  0x0000015020b1e000 JavaThread "Cache worker for journal cache (C:\Users\shail\.gradle\caches\journal-1)" [_thread_blocked, id=8636, stack(0x00000010fdb00000,0x00000010fdc00000)]
  0x0000015020b1f800 JavaThread "File lock request listener" [_thread_in_native, id=9624, stack(0x00000010fdc00000,0x00000010fdd00000)]
  0x0000015020b1d000 JavaThread "Cache worker for file hash cache (C:\Users\shail\.gradle\caches\7.3.3\fileHashes)" [_thread_blocked, id=10356, stack(0x00000010fdd00000,0x00000010fde00000)]
  0x0000015020b20800 JavaThread "Cache worker for file hash cache (C:\Users\shail\AndroidStudioProjects\MyApp\.gradle\7.3.3\fileHashes)" [_thread_blocked, id=12020, stack(0x00000010fdf00000,0x00000010fe000000)]
  0x0000015020b21800 JavaThread "File watcher server" daemon [_thread_in_native, id=11836, stack(0x00000010fe000000,0x00000010fe100000)]
  0x0000015020b22000 JavaThread "File watcher consumer" daemon [_thread_blocked, id=2972, stack(0x00000010fe100000,0x00000010fe200000)]
  0x0000015020b1c800 JavaThread "Cache worker for checksums cache (C:\Users\shail\AndroidStudioProjects\MyApp\.gradle\7.3.3\checksums)" [_thread_blocked, id=10984, stack(0x00000010fe200000,0x00000010fe300000)]
  0x0000015020b23000 JavaThread "Cache worker for cache directory md-supplier (C:\Users\shail\.gradle\caches\7.3.3\md-supplier)" [_thread_blocked, id=3572, stack(0x00000010fe300000,0x00000010fe400000)]
  0x0000015021d39800 JavaThread "Cache worker for cache directory md-rule (C:\Users\shail\.gradle\caches\7.3.3\md-rule)" [_thread_blocked, id=2472, stack(0x00000010fe400000,0x00000010fe500000)]
  0x0000015021d3c000 JavaThread "Cache worker for execution history cache (C:\Users\shail\.gradle\caches\7.3.3\executionHistory)" [_thread_blocked, id=3576, stack(0x00000010fe500000,0x00000010fe600000)]
  0x0000015021d3c800 JavaThread "jar transforms" [_thread_blocked, id=12132, stack(0x00000010fe600000,0x00000010fe700000)]
  0x0000015021d38800 JavaThread "Cache worker for file content cache (C:\Users\shail\.gradle\caches\7.3.3\fileContent)" [_thread_blocked, id=4568, stack(0x00000010fe700000,0x00000010fe800000)]
  0x0000015021d38000 JavaThread "jar transforms Thread 2" [_thread_blocked, id=14104, stack(0x00000010fe800000,0x00000010fe900000)]
  0x0000015021d41800 JavaThread "Cache worker for dependencies-accessors (C:\Users\shail\AndroidStudioProjects\MyApp\.gradle\7.3.3\dependencies-accessors)" [_thread_blocked, id=7424, stack(0x00000010fe900000,0x00000010fea00000)]
  0x0000015021d3e800 JavaThread "jar transforms Thread 3" [_thread_blocked, id=12372, stack(0x00000010fea00000,0x00000010feb00000)]
  0x0000015021d3d800 JavaThread "Cache worker for Build Output Cleanup Cache (C:\Users\shail\AndroidStudioProjects\MyApp\.gradle\buildOutputCleanup)" [_thread_blocked, id=7764, stack(0x00000010feb00000,0x00000010fec00000)]
  0x0000015021d43800 JavaThread "Unconstrained build operations" [_thread_blocked, id=9656, stack(0x00000010fec00000,0x00000010fed00000)]
  0x0000015021d40000 JavaThread "Unconstrained build operations Thread 2" [_thread_blocked, id=1876, stack(0x00000010fed00000,0x00000010fee00000)]
  0x0000015021d41000 JavaThread "Unconstrained build operations Thread 3" [_thread_blocked, id=5268, stack(0x00000010fee00000,0x00000010fef00000)]
  0x0000015021d3f000 JavaThread "Unconstrained build operations Thread 4" [_thread_blocked, id=5240, stack(0x00000010fef00000,0x00000010ff000000)]
  0x0000015021d45000 JavaThread "Unconstrained build operations Thread 5" [_thread_blocked, id=12496, stack(0x00000010ff000000,0x00000010ff100000)]
  0x0000015021d44000 JavaThread "Unconstrained build operations Thread 6" [_thread_blocked, id=6424, stack(0x00000010ff100000,0x00000010ff200000)]
  0x00000150239f6000 JavaThread "Unconstrained build operations Thread 7" [_thread_blocked, id=8672, stack(0x00000010ff200000,0x00000010ff300000)]
  0x00000150239fa000 JavaThread "Unconstrained build operations Thread 8" [_thread_blocked, id=11532, stack(0x00000010ff300000,0x00000010ff400000)]
  0x00000150239f7800 JavaThread "Unconstrained build operations Thread 9" [_thread_blocked, id=6504, stack(0x00000010ff400000,0x00000010ff500000)]
  0x00000150239f5000 JavaThread "Unconstrained build operations Thread 10" [_thread_blocked, id=11196, stack(0x00000010ff500000,0x00000010ff600000)]
  0x00000150239fb000 JavaThread "Unconstrained build operations Thread 11" [_thread_blocked, id=5144, stack(0x00000010ff600000,0x00000010ff700000)]
  0x00000150239fc000 JavaThread "Unconstrained build operations Thread 12" [_thread_blocked, id=11996, stack(0x00000010ff700000,0x00000010ff800000)]
  0x00000150239f9800 JavaThread "Unconstrained build operations Thread 13" [_thread_blocked, id=13896, stack(0x00000010ff800000,0x00000010ff900000)]
  0x00000150239fc800 JavaThread "Unconstrained build operations Thread 14" [_thread_blocked, id=11016, stack(0x00000010ff900000,0x00000010ffa00000)]
  0x00000150239f7000 JavaThread "Unconstrained build operations Thread 15" [_thread_blocked, id=8920, stack(0x00000010ffa00000,0x00000010ffb00000)]
  0x00000150239fd800 JavaThread "Unconstrained build operations Thread 16" [_thread_blocked, id=12000, stack(0x00000010ffb00000,0x00000010ffc00000)]
  0x00000150239fe000 JavaThread "Unconstrained build operations Thread 17" [_thread_blocked, id=4084, stack(0x00000010ffc00000,0x00000010ffd00000)]
  0x00000150239f8800 JavaThread "Unconstrained build operations Thread 18" [_thread_blocked, id=1032, stack(0x00000010ffd00000,0x00000010ffe00000)]
  0x00000150239ff000 JavaThread "Unconstrained build operations Thread 19" [_thread_blocked, id=7184, stack(0x00000010ffe00000,0x00000010fff00000)]
  0x0000015023a00000 JavaThread "Unconstrained build operations Thread 20" [_thread_blocked, id=2032, stack(0x00000010fff00000,0x0000001100000000)]
  0x0000015023a00800 JavaThread "Unconstrained build operations Thread 21" [_thread_blocked, id=2612, stack(0x0000001080000000,0x0000001080100000)]
  0x0000015023a01800 JavaThread "Unconstrained build operations Thread 22" [_thread_blocked, id=7580, stack(0x0000001080100000,0x0000001080200000)]
  0x0000015023a02800 JavaThread "Unconstrained build operations Thread 23" [_thread_blocked, id=6720, stack(0x0000001080200000,0x0000001080300000)]
  0x0000015023a03000 JavaThread "Unconstrained build operations Thread 24" [_thread_blocked, id=1868, stack(0x0000001080300000,0x0000001080400000)]
  0x0000015023a04000 JavaThread "Unconstrained build operations Thread 25" [_thread_blocked, id=10116, stack(0x0000001080400000,0x0000001080500000)]
  0x0000015021c04800 JavaThread "Unconstrained build operations Thread 26" [_thread_blocked, id=10708, stack(0x0000001080500000,0x0000001080600000)]
  0x0000015021c02800 JavaThread "Unconstrained build operations Thread 27" [_thread_blocked, id=1596, stack(0x0000001080600000,0x0000001080700000)]
  0x0000015021c03800 JavaThread "Unconstrained build operations Thread 28" [_thread_blocked, id=13628, stack(0x0000001080700000,0x0000001080800000)]
  0x0000015021c07000 JavaThread "Unconstrained build operations Thread 29" [_thread_blocked, id=4748, stack(0x0000001080800000,0x0000001080900000)]
  0x0000015021c02000 JavaThread "Unconstrained build operations Thread 30" [_thread_blocked, id=13132, stack(0x0000001080900000,0x0000001080a00000)]
  0x0000015021c01000 JavaThread "Unconstrained build operations Thread 31" [_thread_blocked, id=1972, stack(0x0000001080a00000,0x0000001080b00000)]
  0x0000015021c07800 JavaThread "Unconstrained build operations Thread 32" [_thread_blocked, id=7544, stack(0x0000001080b00000,0x0000001080c00000)]
  0x0000015021c06000 JavaThread "Unconstrained build operations Thread 33" [_thread_blocked, id=13448, stack(0x0000001080c00000,0x0000001080d00000)]
  0x0000015021c08800 JavaThread "Unconstrained build operations Thread 34" [_thread_blocked, id=8652, stack(0x0000001080d00000,0x0000001080e00000)]
  0x0000015021c09000 JavaThread "Unconstrained build operations Thread 35" [_thread_blocked, id=5152, stack(0x0000001080e00000,0x0000001080f00000)]
  0x0000015021c0a000 JavaThread "Unconstrained build operations Thread 36" [_thread_blocked, id=12760, stack(0x0000001080f00000,0x0000001081000000)]
  0x0000015021c05000 JavaThread "Unconstrained build operations Thread 37" [_thread_blocked, id=5148, stack(0x0000001081000000,0x0000001081100000)]
  0x0000015021c0c800 JavaThread "Unconstrained build operations Thread 38" [_thread_blocked, id=9348, stack(0x0000001081100000,0x0000001081200000)]
  0x0000015021c10000 JavaThread "Unconstrained build operations Thread 39" [_thread_blocked, id=13376, stack(0x0000001081200000,0x0000001081300000)]
  0x0000015021c0b800 JavaThread "Unconstrained build operations Thread 40" [_thread_blocked, id=5344, stack(0x0000001081300000,0x0000001081400000)]
  0x0000015021c0d800 JavaThread "Unconstrained build operations Thread 41" [_thread_blocked, id=2060, stack(0x0000001081400000,0x0000001081500000)]
  0x0000015021c0e000 JavaThread "Unconstrained build operations Thread 42" [_thread_blocked, id=928, stack(0x0000001081500000,0x0000001081600000)]
  0x0000015021c0b000 JavaThread "Unconstrained build operations Thread 43" [_thread_blocked, id=9920, stack(0x0000001081600000,0x0000001081700000)]
  0x0000015021c0f000 JavaThread "Unconstrained build operations Thread 44" [_thread_blocked, id=13420, stack(0x0000001081700000,0x0000001081800000)]
  0x00000150237a0800 JavaThread "Unconstrained build operations Thread 45" [_thread_blocked, id=3628, stack(0x0000001081800000,0x0000001081900000)]
  0x000001502379e000 JavaThread "Unconstrained build operations Thread 46" [_thread_blocked, id=6876, stack(0x0000001081900000,0x0000001081a00000)]
  0x00000150237a1800 JavaThread "Unconstrained build operations Thread 47" [_thread_blocked, id=11328, stack(0x0000001081a00000,0x0000001081b00000)]
  0x000001502379f800 JavaThread "Unconstrained build operations Thread 48" [_thread_blocked, id=1740, stack(0x0000001081b00000,0x0000001081c00000)]
  0x00000150237a3000 JavaThread "Unconstrained build operations Thread 49" [_thread_blocked, id=11096, stack(0x0000001081c00000,0x0000001081d00000)]
  0x00000150237a2000 JavaThread "Unconstrained build operations Thread 50" [_thread_blocked, id=6160, stack(0x0000001081d00000,0x0000001081e00000)]
  0x000001502379f000 JavaThread "Unconstrained build operations Thread 51" [_thread_blocked, id=4480, stack(0x0000001081e00000,0x0000001081f00000)]
  0x000001502379d800 JavaThread "Unconstrained build operations Thread 52" [_thread_blocked, id=13412, stack(0x0000001081f00000,0x0000001082000000)]
  0x00000150237a8800 JavaThread "Unconstrained build operations Thread 53" [_thread_blocked, id=11284, stack(0x0000001082000000,0x0000001082100000)]
  0x00000150237a5800 JavaThread "Unconstrained build operations Thread 54" [_thread_blocked, id=9368, stack(0x0000001082100000,0x0000001082200000)]
  0x00000150237a4800 JavaThread "Unconstrained build operations Thread 55" [_thread_blocked, id=9652, stack(0x0000001082200000,0x0000001082300000)]
  0x00000150237a6000 JavaThread "Unconstrained build operations Thread 56" [_thread_blocked, id=13348, stack(0x0000001082300000,0x0000001082400000)]
  0x00000150237a9800 JavaThread "Unconstrained build operations Thread 57" [_thread_blocked, id=7344, stack(0x0000001082400000,0x0000001082500000)]
  0x00000150237a4000 JavaThread "Unconstrained build operations Thread 58" [_thread_blocked, id=11268, stack(0x0000001082500000,0x0000001082600000)]
  0x00000150237aa800 JavaThread "Unconstrained build operations Thread 59" [_thread_blocked, id=3948, stack(0x0000001082600000,0x0000001082700000)]
  0x00000150237ab000 JavaThread "Unconstrained build operations Thread 60" [_thread_blocked, id=7744, stack(0x0000001082700000,0x0000001082800000)]
  0x00000150237ac000 JavaThread "Unconstrained build operations Thread 61" [_thread_blocked, id=12104, stack(0x0000001082800000,0x0000001082900000)]
  0x00000150237a7000 JavaThread "Unconstrained build operations Thread 62" [_thread_blocked, id=11040, stack(0x0000001082900000,0x0000001082a00000)]
  0x00000150237a8000 JavaThread "Unconstrained build operations Thread 63" [_thread_blocked, id=2976, stack(0x0000001082a00000,0x0000001082b00000)]
  0x0000015023454000 JavaThread "Unconstrained build operations Thread 64" [_thread_blocked, id=11512, stack(0x0000001082b00000,0x0000001082c00000)]
  0x0000015023455000 JavaThread "Unconstrained build operations Thread 65" [_thread_blocked, id=14232, stack(0x0000001082c00000,0x0000001082d00000)]
  0x0000015023455800 JavaThread "Unconstrained build operations Thread 66" [_thread_blocked, id=13192, stack(0x0000001082d00000,0x0000001082e00000)]
  0x0000015023456800 JavaThread "Unconstrained build operations Thread 67" [_thread_blocked, id=13416, stack(0x0000001082e00000,0x0000001082f00000)]
  0x0000015023457800 JavaThread "Unconstrained build operations Thread 68" [_thread_blocked, id=9472, stack(0x0000001082f00000,0x0000001083000000)]
  0x0000015023453000 JavaThread "Unconstrained build operations Thread 69" [_thread_blocked, id=2820, stack(0x0000001083000000,0x0000001083100000)]
  0x0000015023452800 JavaThread "Unconstrained build operations Thread 70" [_thread_blocked, id=13960, stack(0x0000001083100000,0x0000001083200000)]
  0x0000015023451800 JavaThread "Unconstrained build operations Thread 71" [_thread_blocked, id=11688, stack(0x0000001083200000,0x0000001083300000)]
  0x000001502345e000 JavaThread "Unconstrained build operations Thread 72" [_thread_blocked, id=4068, stack(0x0000001083300000,0x0000001083400000)]
  0x0000015023459000 JavaThread "Unconstrained build operations Thread 73" [_thread_blocked, id=4080, stack(0x0000001083400000,0x0000001083500000)]
  0x0000015023459800 JavaThread "Unconstrained build operations Thread 74" [_thread_blocked, id=12368, stack(0x0000001083500000,0x0000001083600000)]
  0x000001502345a800 JavaThread "Unconstrained build operations Thread 75" [_thread_blocked, id=12684, stack(0x0000001083600000,0x0000001083700000)]
  0x000001502345b800 JavaThread "Unconstrained build operations Thread 76" [_thread_blocked, id=9156, stack(0x0000001083700000,0x0000001083800000)]
  0x0000015023458000 JavaThread "Unconstrained build operations Thread 77" [_thread_blocked, id=11292, stack(0x0000001083800000,0x0000001083900000)]
  0x000001502345f800 JavaThread "Unconstrained build operations Thread 78" [_thread_blocked, id=2796, stack(0x0000001083900000,0x0000001083a00000)]
  0x000001502345e800 JavaThread "Unconstrained build operations Thread 79" [_thread_blocked, id=13172, stack(0x0000001083a00000,0x0000001083b00000)]
  0x0000015023460800 JavaThread "Unconstrained build operations Thread 80" [_thread_blocked, id=13708, stack(0x0000001083b00000,0x0000001083c00000)]
  0x000001502345d000 JavaThread "jar transforms Thread 4" [_thread_blocked, id=13288, stack(0x0000001083c00000,0x0000001083d00000)]
  0x000001502345c000 JavaThread "jar transforms Thread 5" [_thread_blocked, id=12748, stack(0x0000001083d00000,0x0000001083e00000)]
  0x0000015023556000 JavaThread "jar transforms Thread 6" [_thread_blocked, id=7536, stack(0x0000001083e00000,0x0000001083f00000)]
  0x0000015023558000 JavaThread "jar transforms Thread 7" [_thread_blocked, id=8576, stack(0x0000001083f00000,0x0000001084000000)]
  0x000001502355c800 JavaThread "jar transforms Thread 8" [_thread_blocked, id=9212, stack(0x0000001084000000,0x0000001084100000)]
  0x000001502355c000 JavaThread "Memory manager" [_thread_blocked, id=11528, stack(0x0000001084100000,0x0000001084200000)]

Other Threads:
  0x000001501e6d4000 VMThread "VM Thread" [stack: 0x00000010fbf00000,0x00000010fc000000] [id=9104]
  0x000001501f112000 WatcherThread [stack: 0x00000010fc900000,0x00000010fca00000] [id=7280]
  0x0000015003af6000 GCTaskThread "GC Thread#0" [stack: 0x00000010fba00000,0x00000010fbb00000] [id=5328]
  0x000001502004c800 GCTaskThread "GC Thread#1" [stack: 0x00000010fca00000,0x00000010fcb00000] [id=12996]
  0x000001501fe44800 GCTaskThread "GC Thread#2" [stack: 0x00000010fcb00000,0x00000010fcc00000] [id=1664]
  0x00000150213a9800 GCTaskThread "GC Thread#3" [stack: 0x00000010fd600000,0x00000010fd700000] [id=12804]
  0x0000015020b30800 GCTaskThread "GC Thread#4" [stack: 0x00000010fd700000,0x00000010fd800000] [id=4272]
  0x0000015020b16800 GCTaskThread "GC Thread#5" [stack: 0x00000010fd800000,0x00000010fd900000] [id=10892]
  0x000001502093e000 GCTaskThread "GC Thread#6" [stack: 0x00000010fd900000,0x00000010fda00000] [id=10848]
  0x000001502117e000 GCTaskThread "GC Thread#7" [stack: 0x00000010fda00000,0x00000010fdb00000] [id=5156]
  0x0000015003b27000 ConcurrentGCThread "G1 Main Marker" [stack: 0x00000010fbb00000,0x00000010fbc00000] [id=11544]
  0x0000015003b28800 ConcurrentGCThread "G1 Conc#0" [stack: 0x00000010fbc00000,0x00000010fbd00000] [id=3384]
  0x0000015021330000 ConcurrentGCThread "G1 Conc#1" [stack: 0x00000010fde00000,0x00000010fdf00000] [id=12536]
  0x000001501e522800 ConcurrentGCThread "G1 Refine#0" [stack: 0x00000010fbd00000,0x00000010fbe00000] [id=12600]
  0x000001501e523000 ConcurrentGCThread "G1 Young RemSet Sampling" [stack: 0x00000010fbe00000,0x00000010fbf00000] [id=9968]

Threads with active compile tasks:
C2 CompilerThread0  14415 5877   !   4       java.util.jar.Attributes::read (390 bytes)

VM state:not at safepoint (normal execution)

VM Mutex/Monitor currently owned by a thread: None

Heap address: 0x0000000080000000, size: 2048 MB, Compressed Oops mode: 32-bit
Narrow klass base: 0x0000000000000000, Narrow klass shift: 3
Compressed class space size: 1073741824 Address: 0x0000000100000000

Heap:
 garbage-first heap   total 129024K, used 65707K [0x0000000080000000, 0x0000000100000000)
  region size 1024K, 27 young (27648K), 5 survivors (5120K)
 Metaspace       used 60813K, capacity 62252K, committed 62508K, reserved 1107968K
  class space    used 7741K, capacity 8318K, committed 8320K, reserved 1048576K
Heap Regions: E=young(eden), S=young(survivor), O=old, HS=humongous(starts), HC=humongous(continues), CS=collection set, F=free, A=archive, TAMS=top-at-mark-start (previous, next)
|   0|0x0000000080000000, 0x0000000080100000, 0x0000000080100000|100%| O|  |TAMS 0x0000000080100000, 0x0000000080000000| Untracked 
|   1|0x0000000080100000, 0x0000000080200000, 0x0000000080200000|100%| O|  |TAMS 0x0000000080200000, 0x0000000080100000| Untracked 
|   2|0x0000000080200000, 0x0000000080300000, 0x0000000080300000|100%| O|  |TAMS 0x0000000080300000, 0x0000000080200000| Untracked 
|   3|0x0000000080300000, 0x0000000080400000, 0x0000000080400000|100%|HS|  |TAMS 0x0000000080400000, 0x0000000080300000| Complete 
|   4|0x0000000080400000, 0x0000000080500000, 0x0000000080500000|100%|HC|  |TAMS 0x0000000080500000, 0x0000000080400000| Complete 
|   5|0x0000000080500000, 0x0000000080600000, 0x0000000080600000|100%|HC|  |TAMS 0x0000000080600000, 0x0000000080500000| Complete 
|   6|0x0000000080600000, 0x0000000080700000, 0x0000000080700000|100%| O|  |TAMS 0x0000000080700000, 0x0000000080600000| Untracked 
|   7|0x0000000080700000, 0x0000000080800000, 0x0000000080800000|100%| O|  |TAMS 0x0000000080800000, 0x0000000080700000| Untracked 
|   8|0x0000000080800000, 0x0000000080900000, 0x0000000080900000|100%| O|  |TAMS 0x0000000080900000, 0x0000000080800000| Untracked 
|   9|0x0000000080900000, 0x0000000080a00000, 0x0000000080a00000|100%| O|  |TAMS 0x0000000080a00000, 0x0000000080900000| Untracked 
|  10|0x0000000080a00000, 0x0000000080b00000, 0x0000000080b00000|100%| O|  |TAMS 0x0000000080b00000, 0x0000000080a00000| Untracked 
|  11|0x0000000080b00000, 0x0000000080c00000, 0x0000000080c00000|100%| O|  |TAMS 0x0000000080c00000, 0x0000000080b00000| Untracked 
|  12|0x0000000080c00000, 0x0000000080d00000, 0x0000000080d00000|100%| O|  |TAMS 0x0000000080d00000, 0x0000000080c00000| Untracked 
|  13|0x0000000080d00000, 0x0000000080e00000, 0x0000000080e00000|100%| O|  |TAMS 0x0000000080e00000, 0x0000000080d00000| Untracked 
|  14|0x0000000080e00000, 0x0000000080f00000, 0x0000000080f00000|100%| O|  |TAMS 0x0000000080f00000, 0x0000000080e00000| Untracked 
|  15|0x0000000080f00000, 0x0000000081000000, 0x0000000081000000|100%| O|  |TAMS 0x0000000081000000, 0x0000000080f00000| Untracked 
|  16|0x0000000081000000, 0x0000000081100000, 0x0000000081100000|100%|HS|  |TAMS 0x0000000081100000, 0x0000000081000000| Complete 
|  17|0x0000000081100000, 0x0000000081200000, 0x0000000081200000|100%| O|  |TAMS 0x0000000081200000, 0x0000000081100000| Untracked 
|  18|0x0000000081200000, 0x0000000081300000, 0x0000000081300000|100%| O|  |TAMS 0x0000000081300000, 0x0000000081200000| Untracked 
|  19|0x0000000081300000, 0x0000000081400000, 0x0000000081400000|100%| O|  |TAMS 0x0000000081400000, 0x0000000081300000| Untracked 
|  20|0x0000000081400000, 0x0000000081500000, 0x0000000081500000|100%| O|  |TAMS 0x0000000081500000, 0x0000000081400000| Untracked 
|  21|0x0000000081500000, 0x0000000081600000, 0x0000000081600000|100%| O|  |TAMS 0x0000000081600000, 0x0000000081500000| Untracked 
|  22|0x0000000081600000, 0x0000000081700000, 0x0000000081700000|100%| O|  |TAMS 0x0000000081700000, 0x0000000081600000| Untracked 
|  23|0x0000000081700000, 0x0000000081800000, 0x0000000081800000|100%| O|  |TAMS 0x0000000081800000, 0x0000000081700000| Untracked 
|  24|0x0000000081800000, 0x0000000081900000, 0x0000000081900000|100%| O|  |TAMS 0x0000000081900000, 0x0000000081800000| Untracked 
|  25|0x0000000081900000, 0x0000000081a00000, 0x0000000081a00000|100%| O|  |TAMS 0x0000000081a00000, 0x0000000081900000| Untracked 
|  26|0x0000000081a00000, 0x0000000081b00000, 0x0000000081b00000|100%| O|  |TAMS 0x0000000081b00000, 0x0000000081a00000| Untracked 
|  27|0x0000000081b00000, 0x0000000081c00000, 0x0000000081c00000|100%| O|  |TAMS 0x0000000081c00000, 0x0000000081b00000| Untracked 
|  28|0x0000000081c00000, 0x0000000081d00000, 0x0000000081d00000|100%|HS|  |TAMS 0x0000000081d00000, 0x0000000081c00000| Complete 
|  29|0x0000000081d00000, 0x0000000081e00000, 0x0000000081e00000|100%|HS|  |TAMS 0x0000000081e00000, 0x0000000081d00000| Complete 
|  30|0x0000000081e00000, 0x0000000081f00000, 0x0000000081f00000|100%|HC|  |TAMS 0x0000000081f00000, 0x0000000081e00000| Complete 
|  31|0x0000000081f00000, 0x0000000082000000, 0x0000000082000000|100%| O|  |TAMS 0x0000000082000000, 0x0000000081f00000| Untracked 
|  32|0x0000000082000000, 0x0000000082100000, 0x0000000082100000|100%| O|  |TAMS 0x0000000082100000, 0x0000000082000000| Untracked 
|  33|0x0000000082100000, 0x0000000082200000, 0x0000000082200000|100%| O|  |TAMS 0x0000000082200000, 0x0000000082100000| Untracked 
|  34|0x0000000082200000, 0x0000000082300000, 0x0000000082300000|100%| O|  |TAMS 0x0000000082300000, 0x0000000082200000| Untracked 
|  35|0x0000000082300000, 0x0000000082400000, 0x0000000082400000|100%| O|  |TAMS 0x0000000082400000, 0x0000000082300000| Untracked 
|  36|0x0000000082400000, 0x0000000082500000, 0x0000000082500000|100%| O|  |TAMS 0x0000000082500000, 0x0000000082400000| Untracked 
|  37|0x0000000082500000, 0x0000000082600000, 0x0000000082600000|100%| O|  |TAMS 0x0000000082600000, 0x0000000082500000| Untracked 
|  38|0x0000000082600000, 0x0000000082700000, 0x0000000082700000|100%| O|  |TAMS 0x0000000082700000, 0x0000000082600000| Untracked 
|  39|0x0000000082700000, 0x00000000827e8c00, 0x0000000082800000| 90%| O|  |TAMS 0x00000000827e8c00, 0x0000000082700000| Untracked 
|  40|0x0000000082800000, 0x0000000082800000, 0x0000000082900000|  0%| F|  |TAMS 0x0000000082800000, 0x0000000082800000| Untracked 
|  41|0x0000000082900000, 0x0000000082900000, 0x0000000082a00000|  0%| F|  |TAMS 0x0000000082900000, 0x0000000082900000| Untracked 
|  42|0x0000000082a00000, 0x0000000082a00000, 0x0000000082b00000|  0%| F|  |TAMS 0x0000000082a00000, 0x0000000082a00000| Untracked 
|  43|0x0000000082b00000, 0x0000000082b00000, 0x0000000082c00000|  0%| F|  |TAMS 0x0000000082b00000, 0x0000000082b00000| Untracked 
|  44|0x0000000082c00000, 0x0000000082c00000, 0x0000000082d00000|  0%| F|  |TAMS 0x0000000082c00000, 0x0000000082c00000| Untracked 
|  45|0x0000000082d00000, 0x0000000082d00000, 0x0000000082e00000|  0%| F|  |TAMS 0x0000000082d00000, 0x0000000082d00000| Untracked 
|  46|0x0000000082e00000, 0x0000000082e00000, 0x0000000082f00000|  0%| F|  |TAMS 0x0000000082e00000, 0x0000000082e00000| Untracked 
|  47|0x0000000082f00000, 0x0000000082f00000, 0x0000000083000000|  0%| F|  |TAMS 0x0000000082f00000, 0x0000000082f00000| Untracked 
|  48|0x0000000083000000, 0x0000000083000000, 0x0000000083100000|  0%| F|  |TAMS 0x0000000083000000, 0x0000000083000000| Untracked 
|  49|0x0000000083100000, 0x0000000083100000, 0x0000000083200000|  0%| F|  |TAMS 0x0000000083100000, 0x0000000083100000| Untracked 
|  50|0x0000000083200000, 0x0000000083200000, 0x0000000083300000|  0%| F|  |TAMS 0x0000000083200000, 0x0000000083200000| Untracked 
|  51|0x0000000083300000, 0x0000000083300000, 0x0000000083400000|  0%| F|  |TAMS 0x0000000083300000, 0x0000000083300000| Untracked 
|  52|0x0000000083400000, 0x0000000083400000, 0x0000000083500000|  0%| F|  |TAMS 0x0000000083400000, 0x0000000083400000| Untracked 
|  53|0x0000000083500000, 0x0000000083500000, 0x0000000083600000|  0%| F|  |TAMS 0x0000000083500000, 0x0000000083500000| Untracked 
|  54|0x0000000083600000, 0x0000000083600000, 0x0000000083700000|  0%| F|  |TAMS 0x0000000083600000, 0x0000000083600000| Untracked 
|  55|0x0000000083700000, 0x0000000083700000, 0x0000000083800000|  0%| F|  |TAMS 0x0000000083700000, 0x0000000083700000| Untracked 
|  56|0x0000000083800000, 0x0000000083800000, 0x0000000083900000|  0%| F|  |TAMS 0x0000000083800000, 0x0000000083800000| Untracked 
|  57|0x0000000083900000, 0x0000000083900000, 0x0000000083a00000|  0%| F|  |TAMS 0x0000000083900000, 0x0000000083900000| Untracked 
|  58|0x0000000083a00000, 0x0000000083a00000, 0x0000000083b00000|  0%| F|  |TAMS 0x0000000083a00000, 0x0000000083a00000| Untracked 
|  59|0x0000000083b00000, 0x0000000083b00000, 0x0000000083c00000|  0%| F|  |TAMS 0x0000000083b00000, 0x0000000083b00000| Untracked 
|  60|0x0000000083c00000, 0x0000000083c00000, 0x0000000083d00000|  0%| F|  |TAMS 0x0000000083c00000, 0x0000000083c00000| Untracked 
|  61|0x0000000083d00000, 0x0000000083d00000, 0x0000000083e00000|  0%| F|  |TAMS 0x0000000083d00000, 0x0000000083d00000| Untracked 
|  62|0x0000000083e00000, 0x0000000083e00000, 0x0000000083f00000|  0%| F|  |TAMS 0x0000000083e00000, 0x0000000083e00000| Untracked 
|  63|0x0000000083f00000, 0x0000000083f00000, 0x0000000084000000|  0%| F|  |TAMS 0x0000000083f00000, 0x0000000083f00000| Untracked 
|  64|0x0000000084000000, 0x0000000084000000, 0x0000000084100000|  0%| F|  |TAMS 0x0000000084000000, 0x0000000084000000| Untracked 
|  65|0x0000000084100000, 0x0000000084100000, 0x0000000084200000|  0%| F|  |TAMS 0x0000000084100000, 0x0000000084100000| Untracked 
|  66|0x0000000084200000, 0x0000000084200000, 0x0000000084300000|  0%| F|  |TAMS 0x0000000084200000, 0x0000000084200000| Untracked 
|  67|0x0000000084300000, 0x0000000084300000, 0x0000000084400000|  0%| F|  |TAMS 0x0000000084300000, 0x0000000084300000| Untracked 
|  68|0x0000000084400000, 0x0000000084400000, 0x0000000084500000|  0%| F|  |TAMS 0x0000000084400000, 0x0000000084400000| Untracked 
|  69|0x0000000084500000, 0x0000000084500000, 0x0000000084600000|  0%| F|  |TAMS 0x0000000084500000, 0x0000000084500000| Untracked 
|  70|0x0000000084600000, 0x0000000084600000, 0x0000000084700000|  0%| F|  |TAMS 0x0000000084600000, 0x0000000084600000| Untracked 
|  71|0x0000000084700000, 0x0000000084700000, 0x0000000084800000|  0%| F|  |TAMS 0x0000000084700000, 0x0000000084700000| Untracked 
|  72|0x0000000084800000, 0x0000000084800000, 0x0000000084900000|  0%| F|  |TAMS 0x0000000084800000, 0x0000000084800000| Untracked 
|  73|0x0000000084900000, 0x0000000084900000, 0x0000000084a00000|  0%| F|  |TAMS 0x0000000084900000, 0x0000000084900000| Untracked 
|  74|0x0000000084a00000, 0x0000000084a00000, 0x0000000084b00000|  0%| F|  |TAMS 0x0000000084a00000, 0x0000000084a00000| Untracked 
|  75|0x0000000084b00000, 0x0000000084b00000, 0x0000000084c00000|  0%| F|  |TAMS 0x0000000084b00000, 0x0000000084b00000| Untracked 
|  76|0x0000000084c00000, 0x0000000084c00000, 0x0000000084d00000|  0%| F|  |TAMS 0x0000000084c00000, 0x0000000084c00000| Untracked 
|  77|0x0000000084d00000, 0x0000000084d00000, 0x0000000084e00000|  0%| F|  |TAMS 0x0000000084d00000, 0x0000000084d00000| Untracked 
|  78|0x0000000084e00000, 0x0000000084e00000, 0x0000000084f00000|  0%| F|  |TAMS 0x0000000084e00000, 0x0000000084e00000| Untracked 
|  79|0x0000000084f00000, 0x0000000084f00000, 0x0000000085000000|  0%| F|  |TAMS 0x0000000084f00000, 0x0000000084f00000| Untracked 
|  80|0x0000000085000000, 0x0000000085000000, 0x0000000085100000|  0%| F|  |TAMS 0x0000000085000000, 0x0000000085000000| Untracked 
|  81|0x0000000085100000, 0x0000000085100000, 0x0000000085200000|  0%| F|  |TAMS 0x0000000085100000, 0x0000000085100000| Untracked 
|  82|0x0000000085200000, 0x0000000085200000, 0x0000000085300000|  0%| F|  |TAMS 0x0000000085200000, 0x0000000085200000| Untracked 
|  83|0x0000000085300000, 0x0000000085300000, 0x0000000085400000|  0%| F|  |TAMS 0x0000000085300000, 0x0000000085300000| Untracked 
|  84|0x0000000085400000, 0x0000000085400000, 0x0000000085500000|  0%| F|  |TAMS 0x0000000085400000, 0x0000000085400000| Untracked 
|  85|0x0000000085500000, 0x0000000085500000, 0x0000000085600000|  0%| F|  |TAMS 0x0000000085500000, 0x0000000085500000| Untracked 
|  86|0x0000000085600000, 0x0000000085600000, 0x0000000085700000|  0%| F|  |TAMS 0x0000000085600000, 0x0000000085600000| Untracked 
|  87|0x0000000085700000, 0x0000000085700000, 0x0000000085800000|  0%| F|  |TAMS 0x0000000085700000, 0x0000000085700000| Untracked 
|  88|0x0000000085800000, 0x0000000085800000, 0x0000000085900000|  0%| F|  |TAMS 0x0000000085800000, 0x0000000085800000| Untracked 
|  89|0x0000000085900000, 0x0000000085900000, 0x0000000085a00000|  0%| F|  |TAMS 0x0000000085900000, 0x0000000085900000| Untracked 
|  90|0x0000000085a00000, 0x0000000085a00000, 0x0000000085b00000|  0%| F|  |TAMS 0x0000000085a00000, 0x0000000085a00000| Untracked 
|  91|0x0000000085b00000, 0x0000000085b00000, 0x0000000085c00000|  0%| F|  |TAMS 0x0000000085b00000, 0x0000000085b00000| Untracked 
|  92|0x0000000085c00000, 0x0000000085c00000, 0x0000000085d00000|  0%| F|  |TAMS 0x0000000085c00000, 0x0000000085c00000| Untracked 
|  93|0x0000000085d00000, 0x0000000085d00000, 0x0000000085e00000|  0%| F|  |TAMS 0x0000000085d00000, 0x0000000085d00000| Untracked 
|  94|0x0000000085e00000, 0x0000000085e00000, 0x0000000085f00000|  0%| F|  |TAMS 0x0000000085e00000, 0x0000000085e00000| Untracked 
|  95|0x0000000085f00000, 0x0000000085f00000, 0x0000000086000000|  0%| F|  |TAMS 0x0000000085f00000, 0x0000000085f00000| Untracked 
|  96|0x0000000086000000, 0x0000000086000000, 0x0000000086100000|  0%| F|  |TAMS 0x0000000086000000, 0x0000000086000000| Untracked 
|  97|0x0000000086100000, 0x0000000086100000, 0x0000000086200000|  0%| F|  |TAMS 0x0000000086100000, 0x0000000086100000| Untracked 
|  98|0x0000000086200000, 0x0000000086200000, 0x0000000086300000|  0%| F|  |TAMS 0x0000000086200000, 0x0000000086200000| Untracked 
|  99|0x0000000086300000, 0x0000000086380800, 0x0000000086400000| 50%| E|  |TAMS 0x0000000086300000, 0x0000000086300000| Complete 
| 100|0x0000000086400000, 0x0000000086442000, 0x0000000086500000| 25%| S|CS|TAMS 0x0000000086400000, 0x0000000086400000| Complete 
| 101|0x0000000086500000, 0x0000000086600000, 0x0000000086600000|100%| S|CS|TAMS 0x0000000086500000, 0x0000000086500000| Complete 
| 102|0x0000000086600000, 0x0000000086700000, 0x0000000086700000|100%| S|CS|TAMS 0x0000000086600000, 0x0000000086600000| Complete 
| 103|0x0000000086700000, 0x0000000086800000, 0x0000000086800000|100%| S|CS|TAMS 0x0000000086700000, 0x0000000086700000| Complete 
| 104|0x0000000086800000, 0x0000000086900000, 0x0000000086900000|100%| S|CS|TAMS 0x0000000086800000, 0x0000000086800000| Complete 
| 105|0x0000000086900000, 0x0000000086a00000, 0x0000000086a00000|100%| E|CS|TAMS 0x0000000086900000, 0x0000000086900000| Complete 
| 106|0x0000000086a00000, 0x0000000086b00000, 0x0000000086b00000|100%| E|CS|TAMS 0x0000000086a00000, 0x0000000086a00000| Complete 
| 107|0x0000000086b00000, 0x0000000086c00000, 0x0000000086c00000|100%| E|CS|TAMS 0x0000000086b00000, 0x0000000086b00000| Complete 
| 108|0x0000000086c00000, 0x0000000086d00000, 0x0000000086d00000|100%| E|CS|TAMS 0x0000000086c00000, 0x0000000086c00000| Complete 
| 109|0x0000000086d00000, 0x0000000086e00000, 0x0000000086e00000|100%| E|  |TAMS 0x0000000086d00000, 0x0000000086d00000| Complete 
| 110|0x0000000086e00000, 0x0000000086f00000, 0x0000000086f00000|100%| E|CS|TAMS 0x0000000086e00000, 0x0000000086e00000| Complete 
| 111|0x0000000086f00000, 0x0000000087000000, 0x0000000087000000|100%| E|CS|TAMS 0x0000000086f00000, 0x0000000086f00000| Complete 
| 112|0x0000000087000000, 0x0000000087100000, 0x0000000087100000|100%| E|CS|TAMS 0x0000000087000000, 0x0000000087000000| Complete 
| 113|0x0000000087100000, 0x0000000087200000, 0x0000000087200000|100%| E|CS|TAMS 0x0000000087100000, 0x0000000087100000| Complete 
| 114|0x0000000087200000, 0x0000000087300000, 0x0000000087300000|100%| E|CS|TAMS 0x0000000087200000, 0x0000000087200000| Complete 
| 115|0x0000000087300000, 0x0000000087400000, 0x0000000087400000|100%| E|CS|TAMS 0x0000000087300000, 0x0000000087300000| Complete 
| 116|0x0000000087400000, 0x0000000087500000, 0x0000000087500000|100%| E|CS|TAMS 0x0000000087400000, 0x0000000087400000| Complete 
| 117|0x0000000087500000, 0x0000000087600000, 0x0000000087600000|100%| E|CS|TAMS 0x0000000087500000, 0x0000000087500000| Complete 
| 118|0x0000000087600000, 0x0000000087700000, 0x0000000087700000|100%| E|CS|TAMS 0x0000000087600000, 0x0000000087600000| Complete 
| 119|0x0000000087700000, 0x0000000087800000, 0x0000000087800000|100%| E|CS|TAMS 0x0000000087700000, 0x0000000087700000| Complete 
| 120|0x0000000087800000, 0x0000000087900000, 0x0000000087900000|100%| E|CS|TAMS 0x0000000087800000, 0x0000000087800000| Complete 
| 121|0x0000000087900000, 0x0000000087a00000, 0x0000000087a00000|100%| E|CS|TAMS 0x0000000087900000, 0x0000000087900000| Complete 
| 122|0x0000000087a00000, 0x0000000087b00000, 0x0000000087b00000|100%| E|CS|TAMS 0x0000000087a00000, 0x0000000087a00000| Complete 
| 123|0x0000000087b00000, 0x0000000087c00000, 0x0000000087c00000|100%| E|CS|TAMS 0x0000000087b00000, 0x0000000087b00000| Complete 
| 124|0x0000000087c00000, 0x0000000087d00000, 0x0000000087d00000|100%| E|CS|TAMS 0x0000000087c00000, 0x0000000087c00000| Complete 
| 125|0x0000000087d00000, 0x0000000087e00000, 0x0000000087e00000|100%| E|CS|TAMS 0x0000000087d00000, 0x0000000087d00000| Complete 

Card table byte_map: [0x0000015017450000,0x0000015017850000] _byte_map_base: 0x0000015017050000

Marking Bits (Prev, Next): (CMBitMap*) 0x0000015003b1e540, (CMBitMap*) 0x0000015003b1e508
 Prev Bits: [0x0000015019c50000, 0x000001501bc50000)
 Next Bits: [0x0000015017c50000, 0x0000015019c50000)

Polling page: 0x00000150020f0000

Metaspace:

Usage:
  Non-class:     52.67 MB capacity,    51.84 MB ( 98%) used,   692.38 KB (  1%) free+waste,   157.69 KB ( <1%) overhead. 
      Class:      8.12 MB capacity,     7.56 MB ( 93%) used,   497.91 KB (  6%) free+waste,    74.63 KB ( <1%) overhead. 
       Both:     60.79 MB capacity,    59.40 MB ( 98%) used,     1.16 MB (  2%) free+waste,   232.31 KB ( <1%) overhead. 

Virtual space:
  Non-class space:       58.00 MB reserved,      52.92 MB ( 91%) committed 
      Class space:        1.00 GB reserved,       8.13 MB ( <1%) committed 
             Both:        1.06 GB reserved,      61.04 MB (  6%) committed 

Chunk freelists:
   Non-Class:  62.00 KB
       Class:  2.00 KB
        Both:  64.00 KB

MaxMetaspaceSize: 17179869184.00 GB
CompressedClassSpaceSize: 1.00 GB
Initial GC threshold: 20.80 MB
Current GC threshold: 98.61 MB
CDS: off

CodeHeap 'non-profiled nmethods': size=120000Kb used=2716Kb max_used=2716Kb free=117284Kb
 bounds [0x000001500f0c0000, 0x000001500f370000, 0x00000150165f0000]
CodeHeap 'profiled nmethods': size=120000Kb used=12294Kb max_used=12294Kb free=107705Kb
 bounds [0x0000015007b90000, 0x00000150087a0000, 0x000001500f0c0000]
CodeHeap 'non-nmethods': size=5760Kb used=2347Kb max_used=2363Kb free=3412Kb
 bounds [0x00000150075f0000, 0x0000015007860000, 0x0000015007b90000]
 total_blobs=6696 nmethods=5854 adapters=754
 compilation: enabled
              stopped_count=0, restarted_count=0
 full_count=0

Compilation events (20 events):
Event: 14.348 Thread 0x000001501ef4c000 5949       2       sun.security.util.DerInputBuffer::truncate (29 bytes)
Event: 14.349 Thread 0x000001501ef4c000 nmethod 5949 0x000001500878be10 code [0x000001500878bfe0, 0x000001500878c328]
Event: 14.349 Thread 0x000001501ef4c000 5953       2       sun.security.util.ObjectIdentifier::equals (33 bytes)
Event: 14.349 Thread 0x000001501ef4c000 nmethod 5953 0x000001500878c410 code [0x000001500878c5e0, 0x000001500878c7a8]
Event: 14.349 Thread 0x000001501ef4c000 5954       2       java.nio.charset.Charset::lookup (44 bytes)
Event: 14.350 Thread 0x000001501ef4c000 nmethod 5954 0x000001500878c890 code [0x000001500878ca80, 0x000001500878cd28]
Event: 14.358 Thread 0x000001501ef4c000 5955       2       java.math.MutableBigInteger::compare (106 bytes)
Event: 14.358 Thread 0x000001501ef4c000 nmethod 5955 0x000001500878cf10 code [0x000001500878d0e0, 0x000001500878d338]
Event: 14.358 Thread 0x000001501ef4c000 5956       2       java.math.BigInteger::trustedStripLeadingZeroInts (37 bytes)
Event: 14.358 Thread 0x000001501ef4c000 nmethod 5956 0x000001500878d510 code [0x000001500878d6c0, 0x000001500878d848]
Event: 14.358 Thread 0x000001501ef4c000 5957       2       java.util.Arrays::copyOfRange (63 bytes)
Event: 14.359 Thread 0x000001501ef4c000 nmethod 5957 0x000001500878d990 code [0x000001500878dbc0, 0x000001500878e0f8]
Event: 14.359 Thread 0x000001501ef4c000 5958       2       java.math.BigInteger::squareToLen (33 bytes)
Event: 14.360 Thread 0x000001501ef4c000 nmethod 5958 0x000001500878e390 code [0x000001500878e560, 0x000001500878e778]
Event: 14.360 Thread 0x000001501ef4c000 5959       2       java.math.BigInteger::implSquareToLenChecks (198 bytes)
Event: 14.362 Thread 0x000001501ef4c000 nmethod 5959 0x000001500878e890 code [0x000001500878ec60, 0x000001500878fcd8]
Event: 14.362 Thread 0x000001501ef4c000 5960       2       java.math.BigInteger::multiplyToLenCheck (28 bytes)
Event: 14.362 Thread 0x000001501ef4c000 nmethod 5960 0x0000015008790490 code [0x0000015008790660, 0x00000150087908d8]
Event: 14.366 Thread 0x000001501ef4c000 5961       2       java.util.regex.Pattern$Start::match (90 bytes)
Event: 14.366 Thread 0x000001501ef4c000 nmethod 5961 0x0000015008790a90 code [0x0000015008790c60, 0x0000015008790ee8]

GC Heap History (20 events):
Event: 1.276 GC heap before
{Heap before GC invocations=0 (full 0):
 garbage-first heap   total 129024K, used 30720K [0x0000000080000000, 0x0000000100000000)
  region size 1024K, 24 young (24576K), 0 survivors (0K)
 Metaspace       used 10220K, capacity 10431K, committed 10624K, reserved 1058816K
  class space    used 1071K, capacity 1141K, committed 1152K, reserved 1048576K
}
Event: 1.283 GC heap after
{Heap after GC invocations=1 (full 0):
 garbage-first heap   total 129024K, used 9485K [0x0000000080000000, 0x0000000100000000)
  region size 1024K, 3 young (3072K), 3 survivors (3072K)
 Metaspace       used 10220K, capacity 10431K, committed 10624K, reserved 1058816K
  class space    used 1071K, capacity 1141K, committed 1152K, reserved 1048576K
}
Event: 3.968 GC heap before
{Heap before GC invocations=1 (full 0):
 garbage-first heap   total 129024K, used 83213K [0x0000000080000000, 0x0000000100000000)
  region size 1024K, 75 young (76800K), 3 survivors (3072K)
 Metaspace       used 17601K, capacity 17977K, committed 18176K, reserved 1064960K
  class space    used 2083K, capacity 2211K, committed 2304K, reserved 1048576K
}
Event: 3.976 GC heap after
{Heap after GC invocations=2 (full 0):
 garbage-first heap   total 129024K, used 16335K [0x0000000080000000, 0x0000000100000000)
  region size 1024K, 10 young (10240K), 10 survivors (10240K)
 Metaspace       used 17601K, capacity 17977K, committed 18176K, reserved 1064960K
  class space    used 2083K, capacity 2211K, committed 2304K, reserved 1048576K
}
Event: 4.732 GC heap before
{Heap before GC invocations=2 (full 0):
 garbage-first heap   total 129024K, used 45007K [0x0000000080000000, 0x0000000100000000)
  region size 1024K, 39 young (39936K), 10 survivors (10240K)
 Metaspace       used 20730K, capacity 21141K, committed 21248K, reserved 1067008K
  class space    used 2552K, capacity 2712K, committed 2816K, reserved 1048576K
}
Event: 4.741 GC heap after
{Heap after GC invocations=3 (full 0):
 garbage-first heap   total 129024K, used 17541K [0x0000000080000000, 0x0000000100000000)
  region size 1024K, 2 young (2048K), 2 survivors (2048K)
 Metaspace       used 20730K, capacity 21141K, committed 21248K, reserved 1067008K
  class space    used 2552K, capacity 2712K, committed 2816K, reserved 1048576K
}
Event: 5.967 GC heap before
{Heap before GC invocations=4 (full 0):
 garbage-first heap   total 129024K, used 73861K [0x0000000080000000, 0x0000000100000000)
  region size 1024K, 57 young (58368K), 2 survivors (2048K)
 Metaspace       used 26787K, capacity 27434K, committed 27648K, reserved 1073152K
  class space    used 3496K, capacity 3735K, committed 3840K, reserved 1048576K
}
Event: 5.971 GC heap after
{Heap after GC invocations=5 (full 0):
 garbage-first heap   total 129024K, used 19444K [0x0000000080000000, 0x0000000100000000)
  region size 1024K, 4 young (4096K), 4 survivors (4096K)
 Metaspace       used 26787K, capacity 27434K, committed 27648K, reserved 1073152K
  class space    used 3496K, capacity 3735K, committed 3840K, reserved 1048576K
}
Event: 7.685 GC heap before
{Heap before GC invocations=5 (full 0):
 garbage-first heap   total 129024K, used 73716K [0x0000000080000000, 0x0000000100000000)
  region size 1024K, 58 young (59392K), 4 survivors (4096K)
 Metaspace       used 34915K, capacity 35722K, committed 35840K, reserved 1081344K
  class space    used 4533K, capacity 4839K, committed 4864K, reserved 1048576K
}
Event: 7.700 GC heap after
{Heap after GC invocations=6 (full 0):
 garbage-first heap   total 129024K, used 22512K [0x0000000080000000, 0x0000000100000000)
  region size 1024K, 7 young (7168K), 7 survivors (7168K)
 Metaspace       used 34915K, capacity 35722K, committed 35840K, reserved 1081344K
  class space    used 4533K, capacity 4839K, committed 4864K, reserved 1048576K
}
Event: 8.978 GC heap before
{Heap before GC invocations=7 (full 0):
 garbage-first heap   total 129024K, used 89072K [0x0000000080000000, 0x0000000100000000)
  region size 1024K, 70 young (71680K), 7 survivors (7168K)
 Metaspace       used 39886K, capacity 40846K, committed 41088K, reserved 1085440K
  class space    used 5112K, capacity 5434K, committed 5504K, reserved 1048576K
}
Event: 8.989 GC heap after
{Heap after GC invocations=8 (full 0):
 garbage-first heap   total 129024K, used 27867K [0x0000000080000000, 0x0000000100000000)
  region size 1024K, 9 young (9216K), 9 survivors (9216K)
 Metaspace       used 39886K, capacity 40846K, committed 41088K, reserved 1085440K
  class space    used 5112K, capacity 5434K, committed 5504K, reserved 1048576K
}
Event: 10.309 GC heap before
{Heap before GC invocations=8 (full 0):
 garbage-first heap   total 129024K, used 90331K [0x0000000080000000, 0x0000000100000000)
  region size 1024K, 70 young (71680K), 9 survivors (9216K)
 Metaspace       used 45633K, capacity 46669K, committed 46848K, reserved 1089536K
  class space    used 5879K, capacity 6280K, committed 6400K, reserved 1048576K
}
Event: 10.319 GC heap after
{Heap after GC invocations=9 (full 0):
 garbage-first heap   total 129024K, used 29722K [0x0000000080000000, 0x0000000100000000)
  region size 1024K, 3 young (3072K), 3 survivors (3072K)
 Metaspace       used 45633K, capacity 46669K, committed 46848K, reserved 1089536K
  class space    used 5879K, capacity 6280K, committed 6400K, reserved 1048576K
}
Event: 11.928 GC heap before
{Heap before GC invocations=9 (full 0):
 garbage-first heap   total 129024K, used 97306K [0x0000000080000000, 0x0000000100000000)
  region size 1024K, 66 young (67584K), 3 survivors (3072K)
 Metaspace       used 48352K, capacity 49528K, committed 49664K, reserved 1091584K
  class space    used 6196K, capacity 6630K, committed 6656K, reserved 1048576K
}
Event: 11.935 GC heap after
{Heap after GC invocations=10 (full 0):
 garbage-first heap   total 129024K, used 40762K [0x0000000080000000, 0x0000000100000000)
  region size 1024K, 9 young (9216K), 9 survivors (9216K)
 Metaspace       used 48352K, capacity 49528K, committed 49664K, reserved 1091584K
  class space    used 6196K, capacity 6630K, committed 6656K, reserved 1048576K
}
Event: 13.278 GC heap before
{Heap before GC invocations=10 (full 0):
 garbage-first heap   total 129024K, used 97082K [0x0000000080000000, 0x0000000100000000)
  region size 1024K, 64 young (65536K), 9 survivors (9216K)
 Metaspace       used 55158K, capacity 56481K, committed 56832K, reserved 1097728K
  class space    used 7058K, capacity 7571K, committed 7680K, reserved 1048576K
}
Event: 13.289 GC heap after
{Heap after GC invocations=11 (full 0):
 garbage-first heap   total 129024K, used 44701K [0x0000000080000000, 0x0000000100000000)
  region size 1024K, 4 young (4096K), 4 survivors (4096K)
 Metaspace       used 55158K, capacity 56481K, committed 56832K, reserved 1097728K
  class space    used 7058K, capacity 7571K, committed 7680K, reserved 1048576K
}
Event: 13.882 GC heap before
{Heap before GC invocations=11 (full 0):
 garbage-first heap   total 129024K, used 65181K [0x0000000080000000, 0x0000000100000000)
  region size 1024K, 25 young (25600K), 4 survivors (4096K)
 Metaspace       used 58458K, capacity 59859K, committed 59948K, reserved 1101824K
  class space    used 7464K, capacity 8032K, committed 8064K, reserved 1048576K
}
Event: 13.891 GC heap after
{Heap after GC invocations=12 (full 0):
 garbage-first heap   total 129024K, used 45227K [0x0000000080000000, 0x0000000100000000)
  region size 1024K, 5 young (5120K), 5 survivors (5120K)
 Metaspace       used 58458K, capacity 59859K, committed 59948K, reserved 1101824K
  class space    used 7464K, capacity 8032K, committed 8064K, reserved 1048576K
}

Deoptimization events (20 events):
Event: 14.310 Thread 0x0000015020942800 Uncommon trap: trap_request=0xffffff4d fr.pc=0x000001500f338cc8 relative=0x00000000000026a8
Event: 14.310 Thread 0x0000015020942800 Uncommon trap: reason=unstable_if action=reinterpret pc=0x000001500f338cc8 method=java.security.CodeSource.<init>(Ljava/net/URL;[Ljava/security/CodeSigner;)V @ 37 c2
Event: 14.310 Thread 0x0000015020942800 DEOPT PACKING pc=0x000001500f338cc8 sp=0x00000010fd2f4d00
Event: 14.310 Thread 0x0000015020942800 DEOPT UNPACKING pc=0x00000150075f85af sp=0x00000010fd2f4d40 mode 2
Event: 14.310 Thread 0x0000015020942800 Uncommon trap: trap_request=0xffffff4d fr.pc=0x000001500f1df190 relative=0x0000000000000070
Event: 14.310 Thread 0x0000015020942800 Uncommon trap: reason=unstable_if action=reinterpret pc=0x000001500f1df190 method=java.security.CodeSource.getCertificates()[Ljava/security/cert/Certificate; @ 22 c2
Event: 14.310 Thread 0x0000015020942800 DEOPT PACKING pc=0x000001500f1df190 sp=0x00000010fd2f4a20
Event: 14.310 Thread 0x0000015020942800 DEOPT UNPACKING pc=0x00000150075f85af sp=0x00000010fd2f49a8 mode 2
Event: 14.311 Thread 0x0000015020942800 Uncommon trap: trap_request=0xffffff4d fr.pc=0x000001500f2dda84 relative=0x0000000000001304
Event: 14.311 Thread 0x0000015020942800 Uncommon trap: reason=unstable_if action=reinterpret pc=0x000001500f2dda84 method=java.security.CodeSource.matchCerts(Ljava/security/CodeSource;Z)Z @ 11 c2
Event: 14.311 Thread 0x0000015020942800 DEOPT PACKING pc=0x000001500f2dda84 sp=0x00000010fd2f1ba0
Event: 14.311 Thread 0x0000015020942800 DEOPT UNPACKING pc=0x00000150075f85af sp=0x00000010fd2f1a30 mode 2
Event: 14.338 Thread 0x0000015020942800 Uncommon trap: trap_request=0xffffff4d fr.pc=0x000001500f2eef28 relative=0x0000000000000268
Event: 14.338 Thread 0x0000015020942800 Uncommon trap: reason=unstable_if action=reinterpret pc=0x000001500f2eef28 method=java.util.LinkedHashMap.get(Ljava/lang/Object;)Ljava/lang/Object; @ 20 c2
Event: 14.338 Thread 0x0000015020942800 DEOPT PACKING pc=0x000001500f2eef28 sp=0x00000010fd2f3fa0
Event: 14.338 Thread 0x0000015020942800 DEOPT UNPACKING pc=0x00000150075f85af sp=0x00000010fd2f3f58 mode 2
Event: 14.347 Thread 0x0000015020942800 Uncommon trap: trap_request=0xffffff4d fr.pc=0x000001500f18c0e4 relative=0x0000000000000424
Event: 14.347 Thread 0x0000015020942800 Uncommon trap: reason=unstable_if action=reinterpret pc=0x000001500f18c0e4 method=java.lang.StringLatin1.regionMatchesCI([BI[BII)Z @ 66 c2
Event: 14.347 Thread 0x0000015020942800 DEOPT PACKING pc=0x000001500f18c0e4 sp=0x00000010fd2f3d20
Event: 14.347 Thread 0x0000015020942800 DEOPT UNPACKING pc=0x00000150075f85af sp=0x00000010fd2f3cb0 mode 2

Classes redefined (0 events):
No events

Internal exceptions (20 events):
Event: 12.148 Thread 0x0000015020b1f000 Exception <a 'java/lang/NoSuchMethodError'{0x00000000874b2d70}: <clinit>> (0x00000000874b2d70) thrown at [./src/hotspot/share/prims/jni.cpp, line 1365]
Event: 12.148 Thread 0x0000015020b1f000 Exception <a 'java/lang/NoSuchMethodError'{0x00000000874b3d90}: <clinit>> (0x00000000874b3d90) thrown at [./src/hotspot/share/prims/jni.cpp, line 1365]
Event: 12.152 Thread 0x0000015020b1f000 Exception <a 'java/lang/NoSuchMethodError'{0x00000000874c6b68}: <clinit>> (0x00000000874c6b68) thrown at [./src/hotspot/share/prims/jni.cpp, line 1365]
Event: 12.154 Thread 0x0000015020b1f000 Exception <a 'java/lang/NoSuchMethodError'{0x00000000874d13c0}: <clinit>> (0x00000000874d13c0) thrown at [./src/hotspot/share/prims/jni.cpp, line 1365]
Event: 12.158 Thread 0x0000015020b1f000 Exception <a 'java/lang/NoSuchMethodError'{0x00000000874e56c0}: <clinit>> (0x00000000874e56c0) thrown at [./src/hotspot/share/prims/jni.cpp, line 1365]
Event: 12.172 Thread 0x0000015020942800 Exception <a 'java/lang/ClassNotFoundException'{0x0000000087397278}: build_1re1mhct2nn2kc0a26n8hssvnBeanInfo> (0x0000000087397278) thrown at [./src/hotspot/share/classfile/systemDictionary.cpp, line 231]
Event: 12.172 Thread 0x0000015020942800 Exception <a 'java/lang/ClassNotFoundException'{0x00000000873a2230}: build_1re1mhct2nn2kc0a26n8hssvnCustomizer> (0x00000000873a2230) thrown at [./src/hotspot/share/classfile/systemDictionary.cpp, line 231]
Event: 12.220 Thread 0x0000015020942800 Exception <a 'java/lang/ClassNotFoundException'{0x000000008712c980}: org/gradle/api/internal/plugins/DefaultObjectConfigurationActionBeanInfo> (0x000000008712c980) thrown at [./src/hotspot/share/classfile/systemDictionary.cpp, line 231]
Event: 12.221 Thread 0x0000015020942800 Exception <a 'java/lang/ClassNotFoundException'{0x0000000087161b48}: org/gradle/api/internal/plugins/DefaultObjectConfigurationActionCustomizer> (0x0000000087161b48) thrown at [./src/hotspot/share/classfile/systemDictionary.cpp, line 231]
Event: 12.458 Thread 0x0000015020942800 Exception <a 'java/lang/NoSuchMethodError'{0x00000000867a11a0}: 'java.lang.Object java.lang.invoke.DirectMethodHandle$Holder.invokeStatic(java.lang.Object, java.lang.Object, java.lang.Object, java.lang.Object, int)'> (0x00000000867a11a0) thrown at [./src/hotspot/share/interpreter/linkResolver.cpp, line 773]
Event: 12.459 Thread 0x0000015020942800 Exception <a 'java/lang/NoSuchMethodError'{0x00000000867a5b98}: 'java.lang.Object java.lang.invoke.DirectMethodHandle$Holder.invokeSpecial(java.lang.Object, java.lang.Object, java.lang.Object, java.lang.Object, java.lang.Object, int)'> (0x00000000867a5b98) thrown at [./src/hotspot/share/interpreter/linkResolver.cpp, line 773]
Event: 12.459 Thread 0x0000015020942800 Exception <a 'java/lang/NoSuchMethodError'{0x00000000867aa1d8}: 'java.lang.Object java.lang.invoke.Invokers$Holder.linkToTargetMethod(java.lang.Object, java.lang.Object, java.lang.Object, int, java.lang.Object)'> (0x00000000867aa1d8) thrown at [./src/hotspot/share/interpreter/linkResolver.cpp, line 773]
Event: 12.838 Thread 0x0000015020942800 Exception <a 'java/lang/NoSuchMethodError'{0x0000000085726590}: 'java.lang.Object java.lang.invoke.DirectMethodHandle$Holder.invokeSpecial(java.lang.Object, java.lang.Object, int, int, java.lang.Object, java.lang.Object, java.lang.Object)'> (0x0000000085726590) thrown at [./src/hotspot/share/interpreter/linkResolver.cpp, line 773]
Event: 12.838 Thread 0x0000015020942800 Exception <a 'java/lang/NoSuchMethodError'{0x000000008572ab10}: 'java.lang.Object java.lang.invoke.DelegatingMethodHandle$Holder.reinvoke_L(java.lang.Object, int, int, java.lang.Object, java.lang.Object, java.lang.Object)'> (0x000000008572ab10) thrown at [./src/hotspot/share/interpreter/linkResolver.cpp, line 773]
Event: 13.190 Thread 0x0000015020942800 Exception <a 'java/lang/NoSuchMethodError'{0x0000000084b9f930}: 'int java.lang.invoke.DirectMethodHandle$Holder.invokeInterface(java.lang.Object, java.lang.Object, java.lang.Object, java.lang.Object)'> (0x0000000084b9f930) thrown at [./src/hotspot/share/interpreter/linkResolver.cpp, line 773]
Event: 13.628 Thread 0x0000015020942800 Exception <a 'java/lang/NoSuchMethodError'{0x000000008729d7a0}: 'void java.lang.invoke.DirectMethodHandle$Holder.invokeInterface(java.lang.Object, java.lang.Object, java.lang.Object, java.lang.Object)'> (0x000000008729d7a0) thrown at [./src/hotspot/share/interpreter/linkResolver.cpp, line 773]
Event: 13.695 Thread 0x0000015020942800 Implicit null exception at 0x000001500f2cf42f to 0x000001500f2cf630
Event: 13.871 Thread 0x0000015020942800 Exception <a 'java/lang/IncompatibleClassChangeError'{0x000000008695cbf0}: Found class java.lang.Object, but interface was expected> (0x000000008695cbf0) thrown at [./src/hotspot/share/interpreter/linkResolver.cpp, line 839]
Event: 14.145 Thread 0x0000015020942800 Implicit null exception at 0x000001500f34e92d to 0x000001500f34ebfc
Event: 14.245 Thread 0x0000015020942800 Implicit null exception at 0x000001500f2152ac to 0x000001500f215530

Events (20 events):
Event: 14.299 loading class sun/security/util/KeyUtil
Event: 14.299 loading class sun/security/util/KeyUtil done
Event: 14.299 loading class sun/security/util/Length
Event: 14.299 loading class sun/security/util/Length done
Event: 14.299 loading class javax/crypto/SecretKey
Event: 14.300 loading class javax/crypto/SecretKey done
Event: 14.304 loading class java/util/Base64
Event: 14.304 loading class java/util/Base64 done
Event: 14.304 loading class java/util/Base64$Decoder
Event: 14.305 loading class java/util/Base64$Decoder done
Event: 14.305 loading class java/util/Base64$Encoder
Event: 14.306 loading class java/util/Base64$Encoder done
Event: 14.307 loading class java/util/jar/JarVerifier$VerifierStream
Event: 14.307 loading class java/util/jar/JarVerifier$VerifierStream done
Event: 14.308 loading class sun/security/util/ManifestEntryVerifier$SunProviderHolder
Event: 14.308 loading class sun/security/util/ManifestEntryVerifier$SunProviderHolder done
Event: 14.310 loading class org/bouncycastle/operator/OperatorException
Event: 14.310 loading class org/bouncycastle/operator/OperatorException done
Event: 14.311 loading class org/bouncycastle/jce/provider/BouncyCastleProvider
Event: 14.311 loading class org/bouncycastle/jce/provider/BouncyCastleProvider done


Dynamic libraries:
0x00007ff71c840000 - 0x00007ff71c84a000 	C:\Program Files\Android\Android Studio\jre\bin\java.exe
0x00007ff856cd0000 - 0x00007ff856ec8000 	C:\WINDOWS\SYSTEM32\ntdll.dll
0x00007ff854f00000 - 0x00007ff854fbd000 	C:\WINDOWS\System32\KERNEL32.DLL
0x00007ff854730000 - 0x00007ff8549fe000 	C:\WINDOWS\System32\KERNELBASE.dll
0x00007ff8543f0000 - 0x00007ff8544f0000 	C:\WINDOWS\System32\ucrtbase.dll
0x00007ff81c460000 - 0x00007ff81c477000 	C:\Program Files\Android\Android Studio\jre\bin\VCRUNTIME140.dll
0x00007ff81c3b0000 - 0x00007ff81c3c9000 	C:\Program Files\Android\Android Studio\jre\bin\jli.dll
0x00007ff855ea0000 - 0x00007ff856040000 	C:\WINDOWS\System32\USER32.dll
0x00007ff8544f0000 - 0x00007ff854512000 	C:\WINDOWS\System32\win32u.dll
0x00007ff856320000 - 0x00007ff85634a000 	C:\WINDOWS\System32\GDI32.dll
0x00007ff83ebf0000 - 0x00007ff83ee8a000 	C:\WINDOWS\WinSxS\amd64_microsoft.windows.common-controls_6595b64144ccf1df_6.0.19041.1110_none_60b5254171f9507e\COMCTL32.dll
0x00007ff854a00000 - 0x00007ff854b0b000 	C:\WINDOWS\System32\gdi32full.dll
0x00007ff856910000 - 0x00007ff8569ae000 	C:\WINDOWS\System32\msvcrt.dll
0x00007ff854690000 - 0x00007ff85472d000 	C:\WINDOWS\System32\msvcp_win.dll
0x00007ff8567c0000 - 0x00007ff8567f0000 	C:\WINDOWS\System32\IMM32.DLL
0x00007fffebea0000 - 0x00007fffebf3d000 	C:\Program Files\Android\Android Studio\jre\bin\msvcp140.dll
0x00007fffed350000 - 0x00007fffede35000 	C:\Program Files\Android\Android Studio\jre\bin\server\jvm.dll
0x00007ff855880000 - 0x00007ff85592e000 	C:\WINDOWS\System32\ADVAPI32.dll
0x00007ff854d30000 - 0x00007ff854dcc000 	C:\WINDOWS\System32\sechost.dll
0x00007ff854dd0000 - 0x00007ff854ef5000 	C:\WINDOWS\System32\RPCRT4.dll
0x00007ff856c80000 - 0x00007ff856c88000 	C:\WINDOWS\System32\PSAPI.DLL
0x00007ff83e7e0000 - 0x00007ff83e7e9000 	C:\WINDOWS\SYSTEM32\WSOCK32.dll
0x00007ff8568a0000 - 0x00007ff85690b000 	C:\WINDOWS\System32\WS2_32.dll
0x00007ff83ae80000 - 0x00007ff83aea7000 	C:\WINDOWS\SYSTEM32\WINMM.dll
0x00007ff84a490000 - 0x00007ff84a49a000 	C:\WINDOWS\SYSTEM32\VERSION.dll
0x00007ff852c40000 - 0x00007ff852c52000 	C:\WINDOWS\SYSTEM32\kernel.appcore.dll
0x00007ff827200000 - 0x00007ff827211000 	C:\Program Files\Android\Android Studio\jre\bin\verify.dll
0x00007ff852190000 - 0x00007ff852374000 	C:\WINDOWS\SYSTEM32\DBGHELP.DLL
0x00007ff834ed0000 - 0x00007ff834efc000 	C:\WINDOWS\SYSTEM32\dbgcore.DLL
0x00007ff854520000 - 0x00007ff8545a2000 	C:\WINDOWS\System32\bcryptPrimitives.dll
0x00007ff8271d0000 - 0x00007ff8271f9000 	C:\Program Files\Android\Android Studio\jre\bin\java.dll
0x00007ff8389b0000 - 0x00007ff8389bb000 	C:\Program Files\Android\Android Studio\jre\bin\jimage.dll
0x00007ff8271b0000 - 0x00007ff8271c8000 	C:\Program Files\Android\Android Studio\jre\bin\zip.dll
0x00007ff855130000 - 0x00007ff855874000 	C:\WINDOWS\System32\SHELL32.dll
0x00007ff852380000 - 0x00007ff852b14000 	C:\WINDOWS\SYSTEM32\windows.storage.dll
0x00007ff855a10000 - 0x00007ff855d64000 	C:\WINDOWS\System32\combase.dll
0x00007ff853e50000 - 0x00007ff853e80000 	C:\WINDOWS\SYSTEM32\Wldp.dll
0x00007ff8567f0000 - 0x00007ff85689d000 	C:\WINDOWS\System32\SHCORE.dll
0x00007ff8550d0000 - 0x00007ff855125000 	C:\WINDOWS\System32\shlwapi.dll
0x00007ff854330000 - 0x00007ff85434f000 	C:\WINDOWS\SYSTEM32\profapi.dll
0x00007ff827190000 - 0x00007ff8271aa000 	C:\Program Files\Android\Android Studio\jre\bin\net.dll
0x00007ff84ca60000 - 0x00007ff84cb6a000 	C:\WINDOWS\SYSTEM32\WINHTTP.dll
0x00007ff853b90000 - 0x00007ff853bfa000 	C:\WINDOWS\system32\mswsock.dll
0x00007ff827170000 - 0x00007ff827184000 	C:\Program Files\Android\Android Studio\jre\bin\nio.dll
0x00007ffff1ce0000 - 0x00007ffff1d07000 	C:\Users\shail\.gradle\native\e1d6ef7f7dcc3fd88c89a11ec53ec762bb8ba0a96d01ffa2cd45eb1d1d8dd5c5\windows-amd64\native-platform.dll
0x00007fffebd50000 - 0x00007fffebe94000 	C:\Users\shail\.gradle\native\5664cfc778a61ccfe75a443a1ab52a65af34e5dc3c78e0209fed803814484fcb\windows-amd64\native-platform-file-events.dll
0x00007ff827160000 - 0x00007ff82716a000 	C:\Program Files\Android\Android Studio\jre\bin\management.dll
0x00007ff827150000 - 0x00007ff82715d000 	C:\Program Files\Android\Android Studio\jre\bin\management_ext.dll
0x00007ff853da0000 - 0x00007ff853db8000 	C:\WINDOWS\SYSTEM32\CRYPTSP.dll
0x00007ff853480000 - 0x00007ff8534b4000 	C:\WINDOWS\system32\rsaenh.dll
0x00007ff854660000 - 0x00007ff854687000 	C:\WINDOWS\System32\bcrypt.dll
0x00007ff8542f0000 - 0x00007ff85431e000 	C:\WINDOWS\SYSTEM32\USERENV.dll
0x00007ff853dc0000 - 0x00007ff853dcc000 	C:\WINDOWS\SYSTEM32\CRYPTBASE.dll
0x00007ff853820000 - 0x00007ff85385b000 	C:\WINDOWS\SYSTEM32\IPHLPAPI.DLL
0x00007ff856040000 - 0x00007ff856048000 	C:\WINDOWS\System32\NSI.dll
0x00007ff8499f0000 - 0x00007ff849a07000 	C:\WINDOWS\SYSTEM32\dhcpcsvc6.DLL
0x00007ff84a230000 - 0x00007ff84a24d000 	C:\WINDOWS\SYSTEM32\dhcpcsvc.DLL
0x00007ff853860000 - 0x00007ff85392a000 	C:\WINDOWS\SYSTEM32\DNSAPI.dll

dbghelp: loaded successfully - version: 4.0.5 - missing functions: none
symbol engine: initialized successfully - sym options: 0x614 - pdb path: .;C:\Program Files\Android\Android Studio\jre\bin;C:\WINDOWS\SYSTEM32;C:\WINDOWS\WinSxS\amd64_microsoft.windows.common-controls_6595b64144ccf1df_6.0.19041.1110_none_60b5254171f9507e;C:\Program Files\Android\Android Studio\jre\bin\server;C:\Users\shail\.gradle\native\e1d6ef7f7dcc3fd88c89a11ec53ec762bb8ba0a96d01ffa2cd45eb1d1d8dd5c5\windows-amd64;C:\Users\shail\.gradle\native\5664cfc778a61ccfe75a443a1ab52a65af34e5dc3c78e0209fed803814484fcb\windows-amd64

VM Arguments:
jvm_args: --add-opens=java.base/java.util=ALL-UNNAMED --add-opens=java.base/java.lang=ALL-UNNAMED --add-opens=java.base/java.lang.invoke=ALL-UNNAMED --add-opens=java.base/java.util=ALL-UNNAMED --add-opens=java.prefs/java.util.prefs=ALL-UNNAMED --add-opens=java.prefs/java.util.prefs=ALL-UNNAMED --add-opens=java.base/java.nio.charset=ALL-UNNAMED --add-opens=java.base/java.net=ALL-UNNAMED --add-opens=java.base/java.util.concurrent.atomic=ALL-UNNAMED -Xmx2048m -Dfile.encoding=UTF-8 -Duser.country=IN -Duser.language=en -Duser.variant 
java_command: org.gradle.launcher.daemon.bootstrap.GradleDaemon 7.3.3
java_class_path (initial): C:\Users\shail\.gradle\wrapper\dists\gradle-7.3.3-bin\6a41zxkdtcxs8rphpq6y0069z\gradle-7.3.3\lib\gradle-launcher-7.3.3.jar
Launcher Type: SUN_STANDARD

[Global flags]
     intx CICompilerCount                          = 4                                         {product} {ergonomic}
     uint ConcGCThreads                            = 2                                         {product} {ergonomic}
     uint G1ConcRefinementThreads                  = 8                                         {product} {ergonomic}
   size_t G1HeapRegionSize                         = 1048576                                   {product} {ergonomic}
    uintx GCDrainStackTargetSize                   = 64                                        {product} {ergonomic}
   size_t InitialHeapSize                          = 132120576                                 {product} {ergonomic}
   size_t MarkStackSize                            = 4194304                                   {product} {ergonomic}
   size_t MaxHeapSize                              = 2147483648                                {product} {command line}
   size_t MaxNewSize                               = 1287651328                                {product} {ergonomic}
   size_t MinHeapDeltaBytes                        = 1048576                                   {product} {ergonomic}
    uintx NonNMethodCodeHeapSize                   = 5836300                                {pd product} {ergonomic}
    uintx NonProfiledCodeHeapSize                  = 122910970                              {pd product} {ergonomic}
    uintx ProfiledCodeHeapSize                     = 122910970                              {pd product} {ergonomic}
    uintx ReservedCodeCacheSize                    = 251658240                              {pd product} {ergonomic}
     bool SegmentedCodeCache                       = true                                      {product} {ergonomic}
     bool UseCompressedClassPointers               = true                                 {lp64_product} {ergonomic}
     bool UseCompressedOops                        = true                                 {lp64_product} {ergonomic}
     bool UseG1GC                                  = true                                      {product} {ergonomic}
     bool UseLargePagesIndividualAllocation        = false                                  {pd product} {ergonomic}

Logging:
Log output configuration:
 #0: stdout all=warning uptime,level,tags
 #1: stderr all=off uptime,level,tags

Environment Variables:
JAVA_HOME=C:\Program Files\Java\jdk-18.0.2
PATH=C:\Windows\system32;C:\Windows;C:\Windows\System32\Wbem;C:\Windows\System32\WindowsPowerShell\v1.0\;C:\Windows\System32\OpenSSH\;C:\Program Files\NVIDIA Corporation\NVIDIA NvDLISR;C:\WINDOWS\system32;C:\WINDOWS;C:\WINDOWS\System32\Wbem;C:\WINDOWS\System32\WindowsPowerShell\v1.0\;C:\WINDOWS\System32\OpenSSH\;C:\Program Files\Java\jdk-18.0.2.1\bin;C:\MinGW\bin;C:\Users\shail\AppData\Local\Microsoft\WindowsApps;;C:\Users\shail\AppData\Local\Programs\Microsoft VS Code\bin
USERNAME=shail
OS=Windows_NT
PROCESSOR_IDENTIFIER=Intel64 Family 6 Model 126 Stepping 5, GenuineIntel



---------------  S Y S T E M  ---------------

OS: Windows 10 , 64 bit Build 19041 (10.0.19041.1889)
OS uptime: 0 days 0:08 hours
Hyper-V role detected

CPU:total 8 (initial active 8) (4 cores per cpu, 2 threads per core) family 6 model 126 stepping 5 microcode 0xb0, cmov, cx8, fxsr, mmx, sse, sse2, sse3, ssse3, sse4.1, sse4.2, popcnt, avx, avx2, aes, clmul, erms, 3dnowpref, lzcnt, ht, tsc, tscinvbit, bmi1, bmi2, adx, evex, sha, fma

Memory: 4k page, system-wide physical 7959M (218M free)
TotalPageFile size 7959M (AvailPageFile size 1M)
current process WorkingSet (physical memory assigned to process): 308M, peak: 308M
current process commit charge ("private bytes"): 347M, peak: 348M

vm_info: OpenJDK 64-Bit Server VM (11.0.12+7-b1504.28-7817840) for windows-amd64 JRE (11.0.12+7-b1504.28-7817840), built on Oct 13 2021 22:12:33 by "builder" with MS VC++ 14.0 (VS2015)

END.
