#
# There is insufficient memory for the Java Runtime Environment to continue.
# Native memory allocation (malloc) failed to allocate 2194096 bytes for Chunk::new
# Possible reasons:
#   The system is out of physical RAM or swap space
#   The process is running with CompressedOops enabled, and the Java Heap may be blocking the growth of the native heap
# Possible solutions:
#   Reduce memory load on the system
#   Increase physical memory or swap space
#   Check if swap backing store is full
#   Decrease Java heap size (-Xmx/-Xms)
#   Decrease number of Java threads
#   Decrease Java thread stack sizes (-Xss)
#   Set larger code cache with -XX:ReservedCodeCacheSize=
#   JVM is running with Unscaled Compressed Oops mode in which the Java heap is
#     placed in the first 4GB address space. The Java Heap base address is the
#     maximum limit for the native heap growth. Please use -XX:HeapBaseMinAddress
#     to set the Java Heap base and to place the Java Heap above 4GB virtual address.
# This output file may be truncated or incomplete.
#
#  Out of Memory Error (./src/hotspot/share/memory/arena.cpp:197), pid=3372, tid=13356
#
# JRE version: OpenJDK Runtime Environment (11.0.12+7) (build 11.0.12+7-b1504.28-7817840)
# Java VM: OpenJDK 64-Bit Server VM (11.0.12+7-b1504.28-7817840, mixed mode, tiered, compressed oops, g1 gc, windows-amd64)
# No core dump will be written. Minidumps are not enabled by default on client versions of Windows
#

---------------  S U M M A R Y ------------

Command Line: --add-opens=java.base/java.util=ALL-UNNAMED --add-opens=java.base/java.lang=ALL-UNNAMED --add-opens=java.base/java.lang.invoke=ALL-UNNAMED --add-opens=java.base/java.util=ALL-UNNAMED --add-opens=java.prefs/java.util.prefs=ALL-UNNAMED --add-opens=java.prefs/java.util.prefs=ALL-UNNAMED --add-opens=java.base/java.nio.charset=ALL-UNNAMED --add-opens=java.base/java.net=ALL-UNNAMED --add-opens=java.base/java.util.concurrent.atomic=ALL-UNNAMED -Xmx2048m -Dfile.encoding=UTF-8 -Duser.country=IN -Duser.language=en -Duser.variant org.gradle.launcher.daemon.bootstrap.GradleDaemon 7.3.3

Host: Intel(R) Core(TM) i5-1035G1 CPU @ 1.00GHz, 8 cores, 7G,  Windows 10 , 64 bit Build 19041 (10.0.19041.1889)
Time: Wed Aug 24 22:08:59 2022 India Standard Time elapsed time: 9.299500 seconds (0d 0h 0m 9s)

---------------  T H R E A D  ---------------

Current thread (0x00000281206f7000):  JavaThread "C2 CompilerThread1" daemon [_thread_in_native, id=13356, stack(0x000000a2cac00000,0x000000a2cad00000)]


Current CompileTask:
C2:   9299 3513       4       org.codehaus.groovy.runtime.metaclass.MetaMethodIndex::addMethodToList (131 bytes)

Stack: [0x000000a2cac00000,0x000000a2cad00000]
Native frames: (J=compiled Java code, j=interpreted, Vv=VM code, C=native code)
V  [jvm.dll+0x5fbcea]
V  [jvm.dll+0x731905]
V  [jvm.dll+0x732f1d]
V  [jvm.dll+0x7335d3]
V  [jvm.dll+0x247bf8]
V  [jvm.dll+0xc018c]
V  [jvm.dll+0xc06cc]
V  [jvm.dll+0x35b31d]
V  [jvm.dll+0x328803]
V  [jvm.dll+0x327cfa]
V  [jvm.dll+0x200602]
V  [jvm.dll+0x1ff794]
V  [jvm.dll+0x18868c]
V  [jvm.dll+0x20e0d7]
V  [jvm.dll+0x20c901]
V  [jvm.dll+0x6f9b7f]
V  [jvm.dll+0x6f26a5]
V  [jvm.dll+0x5fabf6]
C  [ucrtbase.dll+0x21bb2]
C  [KERNEL32.DLL+0x17034]
C  [ntdll.dll+0x52651]


---------------  P R O C E S S  ---------------

Threads class SMR info:
_java_thread_list=0x00000281202d1410, length=35, elements={
0x000002817f04b000, 0x000002811bff6000, 0x000002811c803800, 0x000002811c85f000,
0x000002811c862800, 0x000002811c866000, 0x000002811c873800, 0x000002811c874800,
0x000002811c876000, 0x000002811c9e6800, 0x000002811dd6a800, 0x000002811f1e2800,
0x000002811cdb9000, 0x000002811eba1800, 0x000002811efbf000, 0x000002811e3b9800,
0x000002811ef45000, 0x000002811ecc3000, 0x000002811f3bb000, 0x000002811ea82800,
0x000002811ea82000, 0x000002811ea80000, 0x000002811ea7d000, 0x000002811ea83800,
0x000002811ea7d800, 0x000002811ea7e800, 0x000002811ea7f800, 0x000002811ea81000,
0x000002812000e800, 0x000002812000b800, 0x00000281206f7000, 0x0000028120011000,
0x000002812000c000, 0x000002812000d800, 0x0000028120015000
}

Java Threads: ( => current thread )
  0x000002817f04b000 JavaThread "main" [_thread_blocked, id=11316, stack(0x000000a2c8600000,0x000000a2c8700000)]
  0x000002811bff6000 JavaThread "Reference Handler" daemon [_thread_blocked, id=9076, stack(0x000000a2c8d00000,0x000000a2c8e00000)]
  0x000002811c803800 JavaThread "Finalizer" daemon [_thread_blocked, id=7948, stack(0x000000a2c8e00000,0x000000a2c8f00000)]
  0x000002811c85f000 JavaThread "Signal Dispatcher" daemon [_thread_blocked, id=14068, stack(0x000000a2c8f00000,0x000000a2c9000000)]
  0x000002811c862800 JavaThread "Attach Listener" daemon [_thread_blocked, id=13620, stack(0x000000a2c9000000,0x000000a2c9100000)]
  0x000002811c866000 JavaThread "Service Thread" daemon [_thread_blocked, id=9324, stack(0x000000a2c9100000,0x000000a2c9200000)]
  0x000002811c873800 JavaThread "C2 CompilerThread0" daemon [_thread_in_native, id=7492, stack(0x000000a2c9200000,0x000000a2c9300000)]
  0x000002811c874800 JavaThread "C1 CompilerThread0" daemon [_thread_blocked, id=6644, stack(0x000000a2c9300000,0x000000a2c9400000)]
  0x000002811c876000 JavaThread "Sweeper thread" daemon [_thread_blocked, id=13344, stack(0x000000a2c9400000,0x000000a2c9500000)]
  0x000002811c9e6800 JavaThread "Common-Cleaner" daemon [_thread_blocked, id=2768, stack(0x000000a2c9500000,0x000000a2c9600000)]
  0x000002811dd6a800 JavaThread "Daemon health stats" [_thread_blocked, id=11772, stack(0x000000a2c9b00000,0x000000a2c9c00000)]
  0x000002811f1e2800 JavaThread "Incoming local TCP Connector on port 50768" [_thread_in_native, id=4332, stack(0x000000a2c9700000,0x000000a2c9800000)]
  0x000002811cdb9000 JavaThread "Daemon periodic checks" [_thread_blocked, id=12812, stack(0x000000a2c9a00000,0x000000a2c9b00000)]
  0x000002811eba1800 JavaThread "Daemon" [_thread_blocked, id=13868, stack(0x000000a2c9c00000,0x000000a2c9d00000)]
  0x000002811efbf000 JavaThread "Handler for socket connection from /127.0.0.1:50768 to /127.0.0.1:50769" [_thread_in_native, id=7340, stack(0x000000a2c9d00000,0x000000a2c9e00000)]
  0x000002811e3b9800 JavaThread "Cancel handler" [_thread_blocked, id=4812, stack(0x000000a2c9e00000,0x000000a2c9f00000)]
  0x000002811ef45000 JavaThread "Daemon worker" [_thread_in_vm, id=9100, stack(0x000000a2c9f00000,0x000000a2ca000000)]
  0x000002811ecc3000 JavaThread "Asynchronous log dispatcher for DefaultDaemonConnection: socket connection from /127.0.0.1:50768 to /127.0.0.1:50769" [_thread_blocked, id=13484, stack(0x000000a2ca000000,0x000000a2ca100000)]
  0x000002811f3bb000 JavaThread "Stdin handler" [_thread_blocked, id=11168, stack(0x000000a2ca100000,0x000000a2ca200000)]
  0x000002811ea82800 JavaThread "Daemon client event forwarder" [_thread_blocked, id=9564, stack(0x000000a2ca200000,0x000000a2ca300000)]
  0x000002811ea82000 JavaThread "Cache worker for journal cache (C:\Users\shail\.gradle\caches\journal-1)" [_thread_blocked, id=11156, stack(0x000000a2ca800000,0x000000a2ca900000)]
  0x000002811ea80000 JavaThread "File lock request listener" [_thread_in_native, id=7476, stack(0x000000a2ca900000,0x000000a2caa00000)]
  0x000002811ea7d000 JavaThread "Cache worker for file hash cache (C:\Users\shail\.gradle\caches\7.3.3\fileHashes)" [_thread_blocked, id=13308, stack(0x000000a2caa00000,0x000000a2cab00000)]
  0x000002811ea83800 JavaThread "Cache worker for file hash cache (C:\Users\shail\AndroidStudioProjects\MyApp\.gradle\7.3.3\fileHashes)" [_thread_blocked, id=14228, stack(0x000000a2cad00000,0x000000a2cae00000)]
  0x000002811ea7d800 JavaThread "File watcher server" daemon [_thread_in_native, id=3440, stack(0x000000a2cae00000,0x000000a2caf00000)]
  0x000002811ea7e800 JavaThread "File watcher consumer" daemon [_thread_blocked, id=9572, stack(0x000000a2caf00000,0x000000a2cb000000)]
  0x000002811ea7f800 JavaThread "Cache worker for checksums cache (C:\Users\shail\AndroidStudioProjects\MyApp\.gradle\7.3.3\checksums)" [_thread_blocked, id=11744, stack(0x000000a2cb000000,0x000000a2cb100000)]
  0x000002811ea81000 JavaThread "Cache worker for cache directory md-supplier (C:\Users\shail\.gradle\caches\7.3.3\md-supplier)" [_thread_blocked, id=6948, stack(0x000000a2cb100000,0x000000a2cb200000)]
  0x000002812000e800 JavaThread "Cache worker for cache directory md-rule (C:\Users\shail\.gradle\caches\7.3.3\md-rule)" [_thread_blocked, id=14288, stack(0x000000a2cb200000,0x000000a2cb300000)]
  0x000002812000b800 JavaThread "Cache worker for execution history cache (C:\Users\shail\.gradle\caches\7.3.3\executionHistory)" [_thread_blocked, id=1916, stack(0x000000a2cb300000,0x000000a2cb400000)]
=>0x00000281206f7000 JavaThread "C2 CompilerThread1" daemon [_thread_in_native, id=13356, stack(0x000000a2cac00000,0x000000a2cad00000)]
  0x0000028120011000 JavaThread "jar transforms" [_thread_blocked, id=12444, stack(0x000000a2cb400000,0x000000a2cb500000)]
  0x000002812000c000 JavaThread "Cache worker for file content cache (C:\Users\shail\.gradle\caches\7.3.3\fileContent)" [_thread_blocked, id=6668, stack(0x000000a2cb500000,0x000000a2cb600000)]
  0x000002812000d800 JavaThread "jar transforms Thread 2" [_thread_blocked, id=13828, stack(0x000000a2cb600000,0x000000a2cb700000)]
  0x0000028120015000 JavaThread "Cache worker for dependencies-accessors (C:\Users\shail\AndroidStudioProjects\MyApp\.gradle\7.3.3\dependencies-accessors)" [_thread_blocked, id=11224, stack(0x000000a2cb700000,0x000000a2cb800000)]

Other Threads:
  0x000002811bff3800 VMThread "VM Thread" [stack: 0x000000a2c8c00000,0x000000a2c8d00000] [id=10452]
  0x000002811ca09800 WatcherThread [stack: 0x000000a2c9600000,0x000000a2c9700000] [id=10700]
  0x000002817f063800 GCTaskThread "GC Thread#0" [stack: 0x000000a2c8700000,0x000000a2c8800000] [id=7052]
  0x000002811d847000 GCTaskThread "GC Thread#1" [stack: 0x000000a2c9800000,0x000000a2c9900000] [id=7004]
  0x000002811d84a000 GCTaskThread "GC Thread#2" [stack: 0x000000a2c9900000,0x000000a2c9a00000] [id=8356]
  0x000002811d8bc000 GCTaskThread "GC Thread#3" [stack: 0x000000a2ca300000,0x000000a2ca400000] [id=10496]
  0x000002811ce36800 GCTaskThread "GC Thread#4" [stack: 0x000000a2ca400000,0x000000a2ca500000] [id=12084]
  0x000002811e1dc800 GCTaskThread "GC Thread#5" [stack: 0x000000a2ca500000,0x000000a2ca600000] [id=5300]
  0x000002811e0a5000 GCTaskThread "GC Thread#6" [stack: 0x000000a2ca600000,0x000000a2ca700000] [id=6616]
  0x000002811e0a6000 GCTaskThread "GC Thread#7" [stack: 0x000000a2ca700000,0x000000a2ca800000] [id=3468]
  0x000002817f094000 ConcurrentGCThread "G1 Main Marker" [stack: 0x000000a2c8800000,0x000000a2c8900000] [id=12500]
  0x000002817f095000 ConcurrentGCThread "G1 Conc#0" [stack: 0x000000a2c8900000,0x000000a2c8a00000] [id=1756]
  0x000002811f7f8800 ConcurrentGCThread "G1 Conc#1" [stack: 0x000000a2cab00000,0x000000a2cac00000] [id=13256]
  0x000002811be40800 ConcurrentGCThread "G1 Refine#0" [stack: 0x000000a2c8a00000,0x000000a2c8b00000] [id=5928]
  0x000002811be41000 ConcurrentGCThread "G1 Young RemSet Sampling" [stack: 0x000000a2c8b00000,0x000000a2c8c00000] [id=5788]

Threads with active compile tasks:
C2 CompilerThread0   9343 3515       4       org.codehaus.groovy.reflection.CachedMethod::compareTo (25 bytes)
C2 CompilerThread1   9343 3513       4       org.codehaus.groovy.runtime.metaclass.MetaMethodIndex::addMethodToList (131 bytes)

VM state:not at safepoint (normal execution)

VM Mutex/Monitor currently owned by a thread: None

Heap address: 0x0000000080000000, size: 2048 MB, Compressed Oops mode: 32-bit
Narrow klass base: 0x0000000000000000, Narrow klass shift: 3
Compressed class space size: 1073741824 Address: 0x0000000100000000

Heap:
 garbage-first heap   total 155648K, used 36321K [0x0000000080000000, 0x0000000100000000)
  region size 1024K, 18 young (18432K), 8 survivors (8192K)
 Metaspace       used 40733K, capacity 41690K, committed 41984K, reserved 1085440K
  class space    used 5196K, capacity 5545K, committed 5632K, reserved 1048576K
Heap Regions: E=young(eden), S=young(survivor), O=old, HS=humongous(starts), HC=humongous(continues), CS=collection set, F=free, A=archive, TAMS=top-at-mark-start (previous, next)
|   0|0x0000000080000000, 0x0000000080100000, 0x0000000080100000|100%| O|  |TAMS 0x0000000080100000, 0x0000000080000000| Untracked 
|   1|0x0000000080100000, 0x0000000080200000, 0x0000000080200000|100%| O|  |TAMS 0x0000000080200000, 0x0000000080100000| Untracked 
|   2|0x0000000080200000, 0x0000000080300000, 0x0000000080300000|100%| O|  |TAMS 0x0000000080300000, 0x0000000080200000| Untracked 
|   3|0x0000000080300000, 0x0000000080400000, 0x0000000080400000|100%|HS|  |TAMS 0x0000000080400000, 0x0000000080300000| Complete 
|   4|0x0000000080400000, 0x0000000080500000, 0x0000000080500000|100%|HC|  |TAMS 0x0000000080500000, 0x0000000080400000| Complete 
|   5|0x0000000080500000, 0x0000000080600000, 0x0000000080600000|100%|HC|  |TAMS 0x0000000080600000, 0x0000000080500000| Complete 
|   6|0x0000000080600000, 0x0000000080700000, 0x0000000080700000|100%| O|  |TAMS 0x0000000080700000, 0x0000000080600000| Untracked 
|   7|0x0000000080700000, 0x0000000080800000, 0x0000000080800000|100%| O|  |TAMS 0x0000000080800000, 0x0000000080700000| Untracked 
|   8|0x0000000080800000, 0x0000000080900000, 0x0000000080900000|100%| O|  |TAMS 0x0000000080900000, 0x0000000080800000| Untracked 
|   9|0x0000000080900000, 0x0000000080a00000, 0x0000000080a00000|100%| O|  |TAMS 0x0000000080a00000, 0x0000000080900000| Untracked 
|  10|0x0000000080a00000, 0x0000000080b00000, 0x0000000080b00000|100%| O|  |TAMS 0x0000000080b00000, 0x0000000080a00000| Untracked 
|  11|0x0000000080b00000, 0x0000000080c00000, 0x0000000080c00000|100%| O|  |TAMS 0x0000000080c00000, 0x0000000080b00000| Untracked 
|  12|0x0000000080c00000, 0x0000000080d00000, 0x0000000080d00000|100%| O|  |TAMS 0x0000000080d00000, 0x0000000080c00000| Untracked 
|  13|0x0000000080d00000, 0x0000000080e00000, 0x0000000080e00000|100%| O|  |TAMS 0x0000000080e00000, 0x0000000080d00000| Untracked 
|  14|0x0000000080e00000, 0x0000000080f00000, 0x0000000080f00000|100%| O|  |TAMS 0x0000000080f00000, 0x0000000080e00000| Untracked 
|  15|0x0000000080f00000, 0x0000000081000000, 0x0000000081000000|100%| O|  |TAMS 0x0000000080fb6200, 0x0000000080f00000| Untracked 
|  16|0x0000000081000000, 0x0000000081000000, 0x0000000081100000|  0%| F|  |TAMS 0x0000000081000000, 0x0000000081000000| Untracked 
|  17|0x0000000081100000, 0x0000000081100000, 0x0000000081200000|  0%| F|  |TAMS 0x0000000081100000, 0x0000000081100000| Untracked 
|  18|0x0000000081200000, 0x0000000081200000, 0x0000000081300000|  0%| F|  |TAMS 0x0000000081200000, 0x0000000081200000| Untracked 
|  19|0x0000000081300000, 0x0000000081400000, 0x0000000081400000|100%| O|  |TAMS 0x0000000081300000, 0x0000000081300000| Untracked 
|  20|0x0000000081400000, 0x0000000081500000, 0x0000000081500000|100%| O|  |TAMS 0x0000000081400000, 0x0000000081400000| Untracked 
|  21|0x0000000081500000, 0x0000000081586600, 0x0000000081600000| 52%| O|  |TAMS 0x0000000081500000, 0x0000000081500000| Untracked 
|  22|0x0000000081600000, 0x0000000081600000, 0x0000000081700000|  0%| F|  |TAMS 0x0000000081600000, 0x0000000081600000| Untracked 
|  23|0x0000000081700000, 0x0000000081700000, 0x0000000081800000|  0%| F|  |TAMS 0x0000000081700000, 0x0000000081700000| Untracked 
|  24|0x0000000081800000, 0x0000000081800000, 0x0000000081900000|  0%| F|  |TAMS 0x0000000081800000, 0x0000000081800000| Untracked 
|  25|0x0000000081900000, 0x0000000081900000, 0x0000000081a00000|  0%| F|  |TAMS 0x0000000081900000, 0x0000000081900000| Untracked 
|  26|0x0000000081a00000, 0x0000000081a00000, 0x0000000081b00000|  0%| F|  |TAMS 0x0000000081a00000, 0x0000000081a00000| Untracked 
|  27|0x0000000081b00000, 0x0000000081b00000, 0x0000000081c00000|  0%| F|  |TAMS 0x0000000081b00000, 0x0000000081b00000| Untracked 
|  28|0x0000000081c00000, 0x0000000081c00000, 0x0000000081d00000|  0%| F|  |TAMS 0x0000000081c00000, 0x0000000081c00000| Untracked 
|  29|0x0000000081d00000, 0x0000000081d00000, 0x0000000081e00000|  0%| F|  |TAMS 0x0000000081d00000, 0x0000000081d00000| Untracked 
|  30|0x0000000081e00000, 0x0000000081e00000, 0x0000000081f00000|  0%| F|  |TAMS 0x0000000081e00000, 0x0000000081e00000| Untracked 
|  31|0x0000000081f00000, 0x0000000081f00000, 0x0000000082000000|  0%| F|  |TAMS 0x0000000081f00000, 0x0000000081f00000| Untracked 
|  32|0x0000000082000000, 0x0000000082000000, 0x0000000082100000|  0%| F|  |TAMS 0x0000000082000000, 0x0000000082000000| Untracked 
|  33|0x0000000082100000, 0x0000000082100000, 0x0000000082200000|  0%| F|  |TAMS 0x0000000082100000, 0x0000000082100000| Untracked 
|  34|0x0000000082200000, 0x0000000082200000, 0x0000000082300000|  0%| F|  |TAMS 0x0000000082200000, 0x0000000082200000| Untracked 
|  35|0x0000000082300000, 0x0000000082300000, 0x0000000082400000|  0%| F|  |TAMS 0x0000000082300000, 0x0000000082300000| Untracked 
|  36|0x0000000082400000, 0x0000000082400000, 0x0000000082500000|  0%| F|  |TAMS 0x0000000082400000, 0x0000000082400000| Untracked 
|  37|0x0000000082500000, 0x0000000082500000, 0x0000000082600000|  0%| F|  |TAMS 0x0000000082500000, 0x0000000082500000| Untracked 
|  38|0x0000000082600000, 0x0000000082600000, 0x0000000082700000|  0%| F|  |TAMS 0x0000000082600000, 0x0000000082600000| Untracked 
|  39|0x0000000082700000, 0x0000000082700000, 0x0000000082800000|  0%| F|  |TAMS 0x0000000082700000, 0x0000000082700000| Untracked 
|  40|0x0000000082800000, 0x0000000082800000, 0x0000000082900000|  0%| F|  |TAMS 0x0000000082800000, 0x0000000082800000| Untracked 
|  41|0x0000000082900000, 0x0000000082900000, 0x0000000082a00000|  0%| F|  |TAMS 0x0000000082900000, 0x0000000082900000| Untracked 
|  42|0x0000000082a00000, 0x0000000082a00000, 0x0000000082b00000|  0%| F|  |TAMS 0x0000000082a00000, 0x0000000082a00000| Untracked 
|  43|0x0000000082b00000, 0x0000000082b00000, 0x0000000082c00000|  0%| F|  |TAMS 0x0000000082b00000, 0x0000000082b00000| Untracked 
|  44|0x0000000082c00000, 0x0000000082c00000, 0x0000000082d00000|  0%| F|  |TAMS 0x0000000082c00000, 0x0000000082c00000| Untracked 
|  45|0x0000000082d00000, 0x0000000082d00000, 0x0000000082e00000|  0%| F|  |TAMS 0x0000000082d00000, 0x0000000082d00000| Untracked 
|  46|0x0000000082e00000, 0x0000000082e00000, 0x0000000082f00000|  0%| F|  |TAMS 0x0000000082e00000, 0x0000000082e00000| Untracked 
|  47|0x0000000082f00000, 0x0000000082f00000, 0x0000000083000000|  0%| F|  |TAMS 0x0000000082f00000, 0x0000000082f00000| Untracked 
|  48|0x0000000083000000, 0x0000000083000000, 0x0000000083100000|  0%| F|  |TAMS 0x0000000083000000, 0x0000000083000000| Untracked 
|  49|0x0000000083100000, 0x0000000083100000, 0x0000000083200000|  0%| F|  |TAMS 0x0000000083100000, 0x0000000083100000| Untracked 
|  50|0x0000000083200000, 0x0000000083200000, 0x0000000083300000|  0%| F|  |TAMS 0x0000000083200000, 0x0000000083200000| Untracked 
|  51|0x0000000083300000, 0x0000000083300000, 0x0000000083400000|  0%| F|  |TAMS 0x0000000083300000, 0x0000000083300000| Untracked 
|  52|0x0000000083400000, 0x00000000834f2118, 0x0000000083500000| 94%| S|CS|TAMS 0x0000000083400000, 0x0000000083400000| Complete 
|  53|0x0000000083500000, 0x0000000083600000, 0x0000000083600000|100%| S|CS|TAMS 0x0000000083500000, 0x0000000083500000| Complete 
|  54|0x0000000083600000, 0x0000000083700000, 0x0000000083700000|100%| S|CS|TAMS 0x0000000083600000, 0x0000000083600000| Complete 
|  55|0x0000000083700000, 0x0000000083800000, 0x0000000083800000|100%| S|CS|TAMS 0x0000000083700000, 0x0000000083700000| Complete 
|  56|0x0000000083800000, 0x0000000083900000, 0x0000000083900000|100%| S|CS|TAMS 0x0000000083800000, 0x0000000083800000| Complete 
|  57|0x0000000083900000, 0x0000000083a00000, 0x0000000083a00000|100%| S|CS|TAMS 0x0000000083900000, 0x0000000083900000| Complete 
|  58|0x0000000083a00000, 0x0000000083b00000, 0x0000000083b00000|100%| S|CS|TAMS 0x0000000083a00000, 0x0000000083a00000| Complete 
|  59|0x0000000083b00000, 0x0000000083b00000, 0x0000000083c00000|  0%| F|  |TAMS 0x0000000083b00000, 0x0000000083b00000| Untracked 
|  60|0x0000000083c00000, 0x0000000083c00000, 0x0000000083d00000|  0%| F|  |TAMS 0x0000000083c00000, 0x0000000083c00000| Untracked 
|  61|0x0000000083d00000, 0x0000000083d00000, 0x0000000083e00000|  0%| F|  |TAMS 0x0000000083d00000, 0x0000000083d00000| Untracked 
|  62|0x0000000083e00000, 0x0000000083e00000, 0x0000000083f00000|  0%| F|  |TAMS 0x0000000083e00000, 0x0000000083e00000| Untracked 
|  63|0x0000000083f00000, 0x0000000083f00000, 0x0000000084000000|  0%| F|  |TAMS 0x0000000083f00000, 0x0000000083f00000| Untracked 
|  64|0x0000000084000000, 0x0000000084000000, 0x0000000084100000|  0%| F|  |TAMS 0x0000000084000000, 0x0000000084000000| Untracked 
|  65|0x0000000084100000, 0x0000000084200000, 0x0000000084200000|100%| S|CS|TAMS 0x0000000084100000, 0x0000000084100000| Complete 
|  66|0x0000000084200000, 0x0000000084200000, 0x0000000084300000|  0%| F|  |TAMS 0x0000000084200000, 0x0000000084200000| Untracked 
|  67|0x0000000084300000, 0x0000000084300000, 0x0000000084400000|  0%| F|  |TAMS 0x0000000084300000, 0x0000000084300000| Untracked 
|  68|0x0000000084400000, 0x0000000084400000, 0x0000000084500000|  0%| F|  |TAMS 0x0000000084400000, 0x0000000084400000| Untracked 
|  69|0x0000000084500000, 0x0000000084500000, 0x0000000084600000|  0%| F|  |TAMS 0x0000000084500000, 0x0000000084500000| Untracked 
|  70|0x0000000084600000, 0x0000000084600000, 0x0000000084700000|  0%| F|  |TAMS 0x0000000084600000, 0x0000000084600000| Untracked 
|  71|0x0000000084700000, 0x0000000084700000, 0x0000000084800000|  0%| F|  |TAMS 0x0000000084700000, 0x0000000084700000| Untracked 
|  72|0x0000000084800000, 0x0000000084800000, 0x0000000084900000|  0%| F|  |TAMS 0x0000000084800000, 0x0000000084800000| Untracked 
|  73|0x0000000084900000, 0x0000000084900000, 0x0000000084a00000|  0%| F|  |TAMS 0x0000000084900000, 0x0000000084900000| Untracked 
|  74|0x0000000084a00000, 0x0000000084a00000, 0x0000000084b00000|  0%| F|  |TAMS 0x0000000084a00000, 0x0000000084a00000| Untracked 
|  75|0x0000000084b00000, 0x0000000084b00000, 0x0000000084c00000|  0%| F|  |TAMS 0x0000000084b00000, 0x0000000084b00000| Untracked 
|  76|0x0000000084c00000, 0x0000000084c00000, 0x0000000084d00000|  0%| F|  |TAMS 0x0000000084c00000, 0x0000000084c00000| Untracked 
|  77|0x0000000084d00000, 0x0000000084d00000, 0x0000000084e00000|  0%| F|  |TAMS 0x0000000084d00000, 0x0000000084d00000| Untracked 
|  78|0x0000000084e00000, 0x0000000084e00000, 0x0000000084f00000|  0%| F|  |TAMS 0x0000000084e00000, 0x0000000084e00000| Untracked 
|  79|0x0000000084f00000, 0x0000000084f00000, 0x0000000085000000|  0%| F|  |TAMS 0x0000000084f00000, 0x0000000084f00000| Untracked 
|  80|0x0000000085000000, 0x0000000085000000, 0x0000000085100000|  0%| F|  |TAMS 0x0000000085000000, 0x0000000085000000| Untracked 
|  81|0x0000000085100000, 0x0000000085100000, 0x0000000085200000|  0%| F|  |TAMS 0x0000000085100000, 0x0000000085100000| Untracked 
|  82|0x0000000085200000, 0x0000000085200000, 0x0000000085300000|  0%| F|  |TAMS 0x0000000085200000, 0x0000000085200000| Untracked 
|  83|0x0000000085300000, 0x0000000085300000, 0x0000000085400000|  0%| F|  |TAMS 0x0000000085300000, 0x0000000085300000| Untracked 
|  84|0x0000000085400000, 0x0000000085400000, 0x0000000085500000|  0%| F|  |TAMS 0x0000000085400000, 0x0000000085400000| Untracked 
|  85|0x0000000085500000, 0x0000000085500000, 0x0000000085600000|  0%| F|  |TAMS 0x0000000085500000, 0x0000000085500000| Untracked 
|  86|0x0000000085600000, 0x0000000085600000, 0x0000000085700000|  0%| F|  |TAMS 0x0000000085600000, 0x0000000085600000| Untracked 
|  87|0x0000000085700000, 0x0000000085700000, 0x0000000085800000|  0%| F|  |TAMS 0x0000000085700000, 0x0000000085700000| Untracked 
|  88|0x0000000085800000, 0x0000000085800000, 0x0000000085900000|  0%| F|  |TAMS 0x0000000085800000, 0x0000000085800000| Untracked 
|  89|0x0000000085900000, 0x0000000085900000, 0x0000000085a00000|  0%| F|  |TAMS 0x0000000085900000, 0x0000000085900000| Untracked 
|  90|0x0000000085a00000, 0x0000000085a00000, 0x0000000085b00000|  0%| F|  |TAMS 0x0000000085a00000, 0x0000000085a00000| Untracked 
|  91|0x0000000085b00000, 0x0000000085b00000, 0x0000000085c00000|  0%| F|  |TAMS 0x0000000085b00000, 0x0000000085b00000| Untracked 
|  92|0x0000000085c00000, 0x0000000085c00000, 0x0000000085d00000|  0%| F|  |TAMS 0x0000000085c00000, 0x0000000085c00000| Untracked 
|  93|0x0000000085d00000, 0x0000000085d00000, 0x0000000085e00000|  0%| F|  |TAMS 0x0000000085d00000, 0x0000000085d00000| Untracked 
|  94|0x0000000085e00000, 0x0000000085e00000, 0x0000000085f00000|  0%| F|  |TAMS 0x0000000085e00000, 0x0000000085e00000| Untracked 
|  95|0x0000000085f00000, 0x0000000085f00000, 0x0000000086000000|  0%| F|  |TAMS 0x0000000085f00000, 0x0000000085f00000| Untracked 
|  96|0x0000000086000000, 0x0000000086000000, 0x0000000086100000|  0%| F|  |TAMS 0x0000000086000000, 0x0000000086000000| Untracked 
|  97|0x0000000086100000, 0x0000000086100000, 0x0000000086200000|  0%| F|  |TAMS 0x0000000086100000, 0x0000000086100000| Untracked 
|  98|0x0000000086200000, 0x0000000086200000, 0x0000000086300000|  0%| F|  |TAMS 0x0000000086200000, 0x0000000086200000| Untracked 
|  99|0x0000000086300000, 0x0000000086300000, 0x0000000086400000|  0%| F|  |TAMS 0x0000000086300000, 0x0000000086300000| Untracked 
| 100|0x0000000086400000, 0x0000000086400000, 0x0000000086500000|  0%| F|  |TAMS 0x0000000086400000, 0x0000000086400000| Untracked 
| 101|0x0000000086500000, 0x0000000086500000, 0x0000000086600000|  0%| F|  |TAMS 0x0000000086500000, 0x0000000086500000| Untracked 
| 102|0x0000000086600000, 0x0000000086600000, 0x0000000086700000|  0%| F|  |TAMS 0x0000000086600000, 0x0000000086600000| Untracked 
| 103|0x0000000086700000, 0x0000000086700000, 0x0000000086800000|  0%| F|  |TAMS 0x0000000086700000, 0x0000000086700000| Untracked 
| 104|0x0000000086800000, 0x0000000086800000, 0x0000000086900000|  0%| F|  |TAMS 0x0000000086800000, 0x0000000086800000| Untracked 
| 105|0x0000000086900000, 0x0000000086900000, 0x0000000086a00000|  0%| F|  |TAMS 0x0000000086900000, 0x0000000086900000| Untracked 
| 106|0x0000000086a00000, 0x0000000086a00000, 0x0000000086b00000|  0%| F|  |TAMS 0x0000000086a00000, 0x0000000086a00000| Untracked 
| 107|0x0000000086b00000, 0x0000000086b00000, 0x0000000086c00000|  0%| F|  |TAMS 0x0000000086b00000, 0x0000000086b00000| Untracked 
| 108|0x0000000086c00000, 0x0000000086c00000, 0x0000000086d00000|  0%| F|  |TAMS 0x0000000086c00000, 0x0000000086c00000| Untracked 
| 109|0x0000000086d00000, 0x0000000086d00000, 0x0000000086e00000|  0%| F|  |TAMS 0x0000000086d00000, 0x0000000086d00000| Untracked 
| 110|0x0000000086e00000, 0x0000000086e00000, 0x0000000086f00000|  0%| F|  |TAMS 0x0000000086e00000, 0x0000000086e00000| Untracked 
| 111|0x0000000086f00000, 0x0000000086f00000, 0x0000000087000000|  0%| F|  |TAMS 0x0000000086f00000, 0x0000000086f00000| Untracked 
| 112|0x0000000087000000, 0x0000000087000000, 0x0000000087100000|  0%| F|  |TAMS 0x0000000087000000, 0x0000000087000000| Untracked 
| 113|0x0000000087100000, 0x0000000087100000, 0x0000000087200000|  0%| F|  |TAMS 0x0000000087100000, 0x0000000087100000| Untracked 
| 114|0x0000000087200000, 0x0000000087200000, 0x0000000087300000|  0%| F|  |TAMS 0x0000000087200000, 0x0000000087200000| Untracked 
| 115|0x0000000087300000, 0x0000000087300000, 0x0000000087400000|  0%| F|  |TAMS 0x0000000087300000, 0x0000000087300000| Untracked 
| 116|0x0000000087400000, 0x0000000087400000, 0x0000000087500000|  0%| F|  |TAMS 0x0000000087400000, 0x0000000087400000| Untracked 
| 117|0x0000000087500000, 0x0000000087500000, 0x0000000087600000|  0%| F|  |TAMS 0x0000000087500000, 0x0000000087500000| Untracked 
| 118|0x0000000087600000, 0x0000000087600000, 0x0000000087700000|  0%| F|  |TAMS 0x0000000087600000, 0x0000000087600000| Untracked 
| 119|0x0000000087700000, 0x0000000087700000, 0x0000000087800000|  0%| F|  |TAMS 0x0000000087700000, 0x0000000087700000| Untracked 
| 120|0x0000000087800000, 0x0000000087800000, 0x0000000087900000|  0%| F|  |TAMS 0x0000000087800000, 0x0000000087800000| Untracked 
| 121|0x0000000087900000, 0x0000000087900000, 0x0000000087a00000|  0%| F|  |TAMS 0x0000000087900000, 0x0000000087900000| Untracked 
| 122|0x0000000087a00000, 0x0000000087a00000, 0x0000000087b00000|  0%| F|  |TAMS 0x0000000087a00000, 0x0000000087a00000| Untracked 
| 123|0x0000000087b00000, 0x0000000087b00000, 0x0000000087c00000|  0%| F|  |TAMS 0x0000000087b00000, 0x0000000087b00000| Untracked 
| 124|0x0000000087c00000, 0x0000000087c00000, 0x0000000087d00000|  0%| F|  |TAMS 0x0000000087c00000, 0x0000000087c00000| Untracked 
| 125|0x0000000087d00000, 0x0000000087d00000, 0x0000000087e00000|  0%| F|  |TAMS 0x0000000087d00000, 0x0000000087d00000| Untracked 
| 126|0x0000000087e00000, 0x0000000087e00000, 0x0000000087f00000|  0%| F|  |TAMS 0x0000000087e00000, 0x0000000087e00000| Untracked 
| 127|0x0000000087f00000, 0x0000000087f00000, 0x0000000088000000|  0%| F|  |TAMS 0x0000000087f00000, 0x0000000087f00000| Untracked 
| 128|0x0000000088000000, 0x0000000088000000, 0x0000000088100000|  0%| F|  |TAMS 0x0000000088000000, 0x0000000088000000| Untracked 
| 129|0x0000000088100000, 0x0000000088100000, 0x0000000088200000|  0%| F|  |TAMS 0x0000000088100000, 0x0000000088100000| Untracked 
| 130|0x0000000088200000, 0x0000000088200000, 0x0000000088300000|  0%| F|  |TAMS 0x0000000088200000, 0x0000000088200000| Untracked 
| 131|0x0000000088300000, 0x0000000088300000, 0x0000000088400000|  0%| F|  |TAMS 0x0000000088300000, 0x0000000088300000| Untracked 
| 132|0x0000000088400000, 0x0000000088400000, 0x0000000088500000|  0%| F|  |TAMS 0x0000000088400000, 0x0000000088400000| Untracked 
| 133|0x0000000088500000, 0x0000000088500000, 0x0000000088600000|  0%| F|  |TAMS 0x0000000088500000, 0x0000000088500000| Untracked 
| 134|0x0000000088600000, 0x0000000088600000, 0x0000000088700000|  0%| F|  |TAMS 0x0000000088600000, 0x0000000088600000| Untracked 
| 135|0x0000000088700000, 0x0000000088700000, 0x0000000088800000|  0%| F|  |TAMS 0x0000000088700000, 0x0000000088700000| Untracked 
| 136|0x0000000088800000, 0x0000000088800000, 0x0000000088900000|  0%| F|  |TAMS 0x0000000088800000, 0x0000000088800000| Untracked 
| 137|0x0000000088900000, 0x0000000088900000, 0x0000000088a00000|  0%| F|  |TAMS 0x0000000088900000, 0x0000000088900000| Untracked 
| 138|0x0000000088a00000, 0x0000000088a00000, 0x0000000088b00000|  0%| F|  |TAMS 0x0000000088a00000, 0x0000000088a00000| Untracked 
| 139|0x0000000088b00000, 0x0000000088b00000, 0x0000000088c00000|  0%| F|  |TAMS 0x0000000088b00000, 0x0000000088b00000| Untracked 
| 140|0x0000000088c00000, 0x0000000088c00000, 0x0000000088d00000|  0%| F|  |TAMS 0x0000000088c00000, 0x0000000088c00000| Untracked 
| 141|0x0000000088d00000, 0x0000000088d00000, 0x0000000088e00000|  0%| F|  |TAMS 0x0000000088d00000, 0x0000000088d00000| Untracked 
| 142|0x0000000088e00000, 0x0000000088f00000, 0x0000000088f00000|100%| E|  |TAMS 0x0000000088e00000, 0x0000000088e00000| Complete 
| 143|0x0000000088f00000, 0x0000000089000000, 0x0000000089000000|100%| E|CS|TAMS 0x0000000088f00000, 0x0000000088f00000| Complete 
| 144|0x0000000089000000, 0x0000000089100000, 0x0000000089100000|100%| E|CS|TAMS 0x0000000089000000, 0x0000000089000000| Complete 
| 145|0x0000000089100000, 0x0000000089200000, 0x0000000089200000|100%| E|CS|TAMS 0x0000000089100000, 0x0000000089100000| Complete 
| 146|0x0000000089200000, 0x0000000089300000, 0x0000000089300000|100%| E|CS|TAMS 0x0000000089200000, 0x0000000089200000| Complete 
| 147|0x0000000089300000, 0x0000000089400000, 0x0000000089400000|100%| E|CS|TAMS 0x0000000089300000, 0x0000000089300000| Complete 
| 148|0x0000000089400000, 0x0000000089500000, 0x0000000089500000|100%| E|CS|TAMS 0x0000000089400000, 0x0000000089400000| Complete 
| 149|0x0000000089500000, 0x0000000089600000, 0x0000000089600000|100%| E|CS|TAMS 0x0000000089500000, 0x0000000089500000| Complete 
| 150|0x0000000089600000, 0x0000000089700000, 0x0000000089700000|100%| E|CS|TAMS 0x0000000089600000, 0x0000000089600000| Complete 
| 151|0x0000000089700000, 0x0000000089800000, 0x0000000089800000|100%| E|CS|TAMS 0x0000000089700000, 0x0000000089700000| Complete 

Card table byte_map: [0x0000028114ce0000,0x00000281150e0000] _byte_map_base: 0x00000281148e0000

Marking Bits (Prev, Next): (CMBitMap*) 0x000002817f08af88, (CMBitMap*) 0x000002817f08afc0
 Prev Bits: [0x00000281154e0000, 0x00000281174e0000)
 Next Bits: [0x00000281174e0000, 0x00000281194e0000)

Polling page: 0x0000028101410000

Metaspace:

Usage:
  Non-class:     35.30 MB capacity,    34.72 MB ( 98%) used,   502.45 KB (  1%) free+waste,    95.06 KB ( <1%) overhead. 
      Class:      5.45 MB capacity,     5.08 MB ( 93%) used,   332.84 KB (  6%) free+waste,    45.69 KB ( <1%) overhead. 
       Both:     40.75 MB capacity,    39.79 MB ( 98%) used,   835.28 KB (  2%) free+waste,   140.75 KB ( <1%) overhead. 

Virtual space:
  Non-class space:       36.00 MB reserved,      35.50 MB ( 99%) committed 
      Class space:        1.00 GB reserved,       5.50 MB ( <1%) committed 
             Both:        1.04 GB reserved,      41.00 MB (  4%) committed 

Chunk freelists:
   Non-Class:  13.00 KB
       Class:  22.00 KB
        Both:  35.00 KB

MaxMetaspaceSize: 17179869184.00 GB
CompressedClassSpaceSize: 1.00 GB
Initial GC threshold: 20.80 MB
Current GC threshold: 58.54 MB
CDS: off

CodeHeap 'non-profiled nmethods': size=120000Kb used=1877Kb max_used=1877Kb free=118123Kb
 bounds [0x000002810c930000, 0x000002810cba0000, 0x0000028113e60000]
CodeHeap 'profiled nmethods': size=120000Kb used=7775Kb max_used=7775Kb free=112224Kb
 bounds [0x0000028105400000, 0x0000028105ba0000, 0x000002810c930000]
CodeHeap 'non-nmethods': size=5760Kb used=2286Kb max_used=2325Kb free=3474Kb
 bounds [0x0000028104e60000, 0x00000281050d0000, 0x0000028105400000]
 total_blobs=4330 nmethods=3566 adapters=676
 compilation: enabled
              stopped_count=0, restarted_count=0
 full_count=0

Compilation events (20 events):
Event: 9.254 Thread 0x000002811c874800 3568       3       org.gradle.internal.instantiation.generator.AbstractClassGenerator$PropertyMetadata::isReadable (13 bytes)
Event: 9.254 Thread 0x000002811c874800 nmethod 3568 0x0000028105b83890 code [0x0000028105b83a40, 0x0000028105b83b98]
Event: 9.254 Thread 0x000002811c874800 3566       3       sun.reflect.generics.reflectiveObjects.WildcardTypeImpl::getUpperBounds (34 bytes)
Event: 9.255 Thread 0x000002811c874800 nmethod 3566 0x0000028105b83c10 code [0x0000028105b83e00, 0x0000028105b84438]
Event: 9.255 Thread 0x000002811c874800 3569       3       java.lang.Integer::highestOneBit (10 bytes)
Event: 9.255 Thread 0x000002811c874800 nmethod 3569 0x0000028105b84590 code [0x0000028105b84740, 0x0000028105b84868]
Event: 9.258 Thread 0x000002811c874800 3570       3       org.gradle.internal.instantiation.generator.AsmBackedClassGenerator::access$100 (5 bytes)
Event: 9.258 Thread 0x000002811c874800 nmethod 3570 0x0000028105b84910 code [0x0000028105b84b40, 0x0000028105b85008]
Event: 9.258 Thread 0x000002811c874800 3571       3       org.gradle.internal.instantiation.generator.AsmBackedClassGenerator::propFieldName (8 bytes)
Event: 9.259 Thread 0x000002811c874800 nmethod 3571 0x0000028105b85290 code [0x0000028105b854c0, 0x0000028105b85948]
Event: 9.259 Thread 0x000002811c874800 3572       3       org.gradle.internal.instantiation.generator.AsmBackedClassGenerator::propFieldName (25 bytes)
Event: 9.259 Thread 0x000002811c874800 nmethod 3572 0x0000028105b85b90 code [0x0000028105b85de0, 0x0000028105b865b8]
Event: 9.259 Thread 0x000002811c874800 3574       3       java.lang.ThreadLocal$ThreadLocalMap::set (136 bytes)
Event: 9.260 Thread 0x000002811c874800 nmethod 3574 0x0000028105b86890 code [0x0000028105b86b00, 0x0000028105b87688]
Event: 9.261 Thread 0x000002811c874800 3573       1       java.lang.reflect.Constructor::getSignature (5 bytes)
Event: 9.261 Thread 0x000002811c874800 nmethod 3573 0x000002810cb04810 code [0x000002810cb049c0, 0x000002810cb04a78]
Event: 9.274 Thread 0x000002811c874800 3575       3       java.util.HashMap::values (25 bytes)
Event: 9.274 Thread 0x000002811c874800 nmethod 3575 0x0000028105b87a90 code [0x0000028105b87c60, 0x0000028105b87fd8]
Event: 9.284 Thread 0x000002811c874800 3576       1       org.gradle.internal.operations.BuildOperationDescriptor::getDetails (5 bytes)
Event: 9.284 Thread 0x000002811c874800 nmethod 3576 0x000002810cb04b10 code [0x000002810cb04cc0, 0x000002810cb04d78]

GC Heap History (14 events):
Event: 1.297 GC heap before
{Heap before GC invocations=0 (full 0):
 garbage-first heap   total 129024K, used 30720K [0x0000000080000000, 0x0000000100000000)
  region size 1024K, 24 young (24576K), 0 survivors (0K)
 Metaspace       used 10219K, capacity 10431K, committed 10624K, reserved 1058816K
  class space    used 1071K, capacity 1141K, committed 1152K, reserved 1048576K
}
Event: 1.305 GC heap after
{Heap after GC invocations=1 (full 0):
 garbage-first heap   total 129024K, used 9588K [0x0000000080000000, 0x0000000100000000)
  region size 1024K, 3 young (3072K), 3 survivors (3072K)
 Metaspace       used 10219K, capacity 10431K, committed 10624K, reserved 1058816K
  class space    used 1071K, capacity 1141K, committed 1152K, reserved 1048576K
}
Event: 1.790 GC heap before
{Heap before GC invocations=1 (full 0):
 garbage-first heap   total 129024K, used 32116K [0x0000000080000000, 0x0000000100000000)
  region size 1024K, 25 young (25600K), 3 survivors (3072K)
 Metaspace       used 11194K, capacity 11386K, committed 11520K, reserved 1058816K
  class space    used 1173K, capacity 1246K, committed 1280K, reserved 1048576K
}
Event: 1.795 GC heap after
{Heap after GC invocations=2 (full 0):
 garbage-first heap   total 129024K, used 10030K [0x0000000080000000, 0x0000000100000000)
  region size 1024K, 1 young (1024K), 1 survivors (1024K)
 Metaspace       used 11194K, capacity 11386K, committed 11520K, reserved 1058816K
  class space    used 1173K, capacity 1246K, committed 1280K, reserved 1048576K
}
Event: 3.902 GC heap before
{Heap before GC invocations=2 (full 0):
 garbage-first heap   total 129024K, used 62254K [0x0000000080000000, 0x0000000100000000)
  region size 1024K, 52 young (53248K), 1 survivors (1024K)
 Metaspace       used 17662K, capacity 17977K, committed 18176K, reserved 1064960K
  class space    used 2090K, capacity 2211K, committed 2304K, reserved 1048576K
}
Event: 3.913 GC heap after
{Heap after GC invocations=3 (full 0):
 garbage-first heap   total 129024K, used 16231K [0x0000000080000000, 0x0000000100000000)
  region size 1024K, 7 young (7168K), 7 survivors (7168K)
 Metaspace       used 17662K, capacity 17977K, committed 18176K, reserved 1064960K
  class space    used 2090K, capacity 2211K, committed 2304K, reserved 1048576K
}
Event: 4.551 GC heap before
{Heap before GC invocations=3 (full 0):
 garbage-first heap   total 129024K, used 43879K [0x0000000080000000, 0x0000000100000000)
  region size 1024K, 35 young (35840K), 7 survivors (7168K)
 Metaspace       used 20747K, capacity 21141K, committed 21248K, reserved 1067008K
  class space    used 2552K, capacity 2712K, committed 2816K, reserved 1048576K
}
Event: 4.563 GC heap after
{Heap after GC invocations=4 (full 0):
 garbage-first heap   total 129024K, used 17178K [0x0000000080000000, 0x0000000100000000)
  region size 1024K, 2 young (2048K), 2 survivors (2048K)
 Metaspace       used 20747K, capacity 21141K, committed 21248K, reserved 1067008K
  class space    used 2552K, capacity 2712K, committed 2816K, reserved 1048576K
}
Event: 5.927 GC heap before
{Heap before GC invocations=5 (full 0):
 garbage-first heap   total 129024K, used 71450K [0x0000000080000000, 0x0000000100000000)
  region size 1024K, 55 young (56320K), 2 survivors (2048K)
 Metaspace       used 26591K, capacity 27175K, committed 27264K, reserved 1073152K
  class space    used 3469K, capacity 3670K, committed 3712K, reserved 1048576K
}
Event: 5.932 GC heap after
{Heap after GC invocations=6 (full 0):
 garbage-first heap   total 129024K, used 19129K [0x0000000080000000, 0x0000000100000000)
  region size 1024K, 3 young (3072K), 3 survivors (3072K)
 Metaspace       used 26591K, capacity 27175K, committed 27264K, reserved 1073152K
  class space    used 3469K, capacity 3670K, committed 3712K, reserved 1048576K
}
Event: 7.676 GC heap before
{Heap before GC invocations=6 (full 0):
 garbage-first heap   total 129024K, used 77497K [0x0000000080000000, 0x0000000100000000)
  region size 1024K, 61 young (62464K), 3 survivors (3072K)
 Metaspace       used 34948K, capacity 35786K, committed 35840K, reserved 1081344K
  class space    used 4534K, capacity 4839K, committed 4864K, reserved 1048576K
}
Event: 7.694 GC heap after
{Heap after GC invocations=7 (full 0):
 garbage-first heap   total 129024K, used 22202K [0x0000000080000000, 0x0000000100000000)
  region size 1024K, 6 young (6144K), 6 survivors (6144K)
 Metaspace       used 34948K, capacity 35786K, committed 35840K, reserved 1081344K
  class space    used 4534K, capacity 4839K, committed 4864K, reserved 1048576K
}
Event: 9.063 GC heap before
{Heap before GC invocations=8 (full 0):
 garbage-first heap   total 129024K, used 85690K [0x0000000080000000, 0x0000000100000000)
  region size 1024K, 66 young (67584K), 6 survivors (6144K)
 Metaspace       used 39789K, capacity 40714K, committed 40832K, reserved 1085440K
  class space    used 5095K, capacity 5433K, committed 5504K, reserved 1048576K
}
Event: 9.076 GC heap after
{Heap after GC invocations=9 (full 0):
 garbage-first heap   total 155648K, used 27105K [0x0000000080000000, 0x0000000100000000)
  region size 1024K, 8 young (8192K), 8 survivors (8192K)
 Metaspace       used 39789K, capacity 40714K, committed 40832K, reserved 1085440K
  class space    used 5095K, capacity 5433K, committed 5504K, reserved 1048576K
}

Deoptimization events (20 events):
Event: 8.627 Thread 0x000002811ef45000 DEOPT PACKING pc=0x000002810cabb5b8 sp=0x000000a2c9ff73b0
Event: 8.627 Thread 0x000002811ef45000 DEOPT UNPACKING pc=0x0000028104e685af sp=0x000000a2c9ff72f0 mode 2
Event: 8.643 Thread 0x000002811ef45000 Uncommon trap: trap_request=0xffffffbe fr.pc=0x000002810cab01cc relative=0x0000000000003cac
Event: 8.643 Thread 0x000002811ef45000 Uncommon trap: reason=profile_predicate action=maybe_recompile pc=0x000002810cab01cc method=java.util.AbstractCollection.addAll(Ljava/util/Collection;)Z @ 15 c2
Event: 8.643 Thread 0x000002811ef45000 DEOPT PACKING pc=0x000002810cab01cc sp=0x000000a2c9ff9300
Event: 8.643 Thread 0x000002811ef45000 DEOPT UNPACKING pc=0x0000028104e685af sp=0x000000a2c9ff9318 mode 2
Event: 8.711 Thread 0x000002811ef45000 Uncommon trap: trap_request=0xffffffbe fr.pc=0x000002810cad80ec relative=0x000000000000070c
Event: 8.711 Thread 0x000002811ef45000 Uncommon trap: reason=profile_predicate action=maybe_recompile pc=0x000002810cad80ec method=java.lang.PublicMethods$MethodList.filter([Ljava/lang/reflect/Method;Ljava/lang/String;[Ljava/lang/Class;Z)Ljava/lang/PublicMethods$MethodList; @ 21 c2
Event: 8.711 Thread 0x000002811ef45000 DEOPT PACKING pc=0x000002810cad80ec sp=0x000000a2c9ff88f0
Event: 8.711 Thread 0x000002811ef45000 DEOPT UNPACKING pc=0x0000028104e685af sp=0x000000a2c9ff88a8 mode 2
Event: 8.711 Thread 0x000002811ef45000 Uncommon trap: trap_request=0xffffffbe fr.pc=0x000002810cad80ec relative=0x000000000000070c
Event: 8.711 Thread 0x000002811ef45000 Uncommon trap: reason=profile_predicate action=maybe_recompile pc=0x000002810cad80ec method=java.lang.PublicMethods$MethodList.filter([Ljava/lang/reflect/Method;Ljava/lang/String;[Ljava/lang/Class;Z)Ljava/lang/PublicMethods$MethodList; @ 21 c2
Event: 8.711 Thread 0x000002811ef45000 DEOPT PACKING pc=0x000002810cad80ec sp=0x000000a2c9ff88d0
Event: 8.711 Thread 0x000002811ef45000 DEOPT UNPACKING pc=0x0000028104e685af sp=0x000000a2c9ff8888 mode 2
Event: 9.242 Thread 0x000002811ef45000 Uncommon trap: trap_request=0xffffff4d fr.pc=0x000002810ca9c0b4 relative=0x0000000000000114
Event: 9.242 Thread 0x000002811ef45000 Uncommon trap: reason=unstable_if action=reinterpret pc=0x000002810ca9c0b4 method=java.util.Arrays.hashCode([Ljava/lang/Object;)I @ 34 c2
Event: 9.242 Thread 0x000002811ef45000 DEOPT PACKING pc=0x000002810ca9c0b4 sp=0x000000a2c9ff8c50
Event: 9.242 Thread 0x000002811ef45000 DEOPT UNPACKING pc=0x0000028104e685af sp=0x000000a2c9ff8bc8 mode 2
Event: 9.249 Thread 0x000002811ef45000 DEOPT PACKING pc=0x00000281059e49f9 sp=0x000000a2c9ff9a50
Event: 9.249 Thread 0x000002811ef45000 DEOPT UNPACKING pc=0x0000028104ea9d0e sp=0x000000a2c9ff8f98 mode 0

Classes redefined (0 events):
No events

Internal exceptions (20 events):
Event: 9.004 Thread 0x000002811ef45000 Exception <a 'java/lang/NoSuchMethodError'{0x00000000844c4dd8}: 'void java.lang.invoke.DirectMethodHandle$Holder.invokeInterface(java.lang.Object, java.lang.Object)'> (0x00000000844c4dd8) thrown at [./src/hotspot/share/interpreter/linkResolver.cpp, line 773]
Event: 9.055 Thread 0x000002811ef45000 Exception <a 'java/lang/ClassNotFoundException'{0x00000000842c21f8}: settings_7groq8s4by74hmahklwa9kgvcBeanInfo> (0x00000000842c21f8) thrown at [./src/hotspot/share/classfile/systemDictionary.cpp, line 231]
Event: 9.055 Thread 0x000002811ef45000 Exception <a 'java/lang/ClassNotFoundException'{0x00000000842cd968}: settings_7groq8s4by74hmahklwa9kgvcCustomizer> (0x00000000842cd968) thrown at [./src/hotspot/share/classfile/systemDictionary.cpp, line 231]
Event: 9.098 Thread 0x000002811ef45000 Exception <a 'java/lang/ClassNotFoundException'{0x0000000089617278}: org/gradle/internal/management/DefaultDependencyResolutionManagement_DecoratedBeanInfo> (0x0000000089617278) thrown at [./src/hotspot/share/classfile/systemDictionary.cpp, line 231]
Event: 9.100 Thread 0x000002811ef45000 Exception <a 'java/lang/ClassNotFoundException'{0x0000000089650638}: org/gradle/internal/management/DefaultDependencyResolutionManagementBeanInfo> (0x0000000089650638) thrown at [./src/hotspot/share/classfile/systemDictionary.cpp, line 231]
Event: 9.102 Thread 0x000002811ef45000 Exception <a 'java/lang/ClassNotFoundException'{0x000000008968a330}: org/gradle/internal/management/DefaultDependencyResolutionManagementCustomizer> (0x000000008968a330) thrown at [./src/hotspot/share/classfile/systemDictionary.cpp, line 231]
Event: 9.107 Thread 0x000002811ef45000 Exception <a 'java/lang/ClassNotFoundException'{0x00000000896d9768}: org/gradle/internal/management/DefaultDependencyResolutionManagement_DecoratedCustomizer> (0x00000000896d9768) thrown at [./src/hotspot/share/classfile/systemDictionary.cpp, line 231]
Event: 9.121 Thread 0x000002811ef45000 Exception <a 'java/lang/ClassNotFoundException'{0x00000000895654e0}: org/gradle/api/initialization/resolve/RepositoriesModeBeanInfo> (0x00000000895654e0) thrown at [./src/hotspot/share/classfile/systemDictionary.cpp, line 231]
Event: 9.121 Thread 0x000002811ef45000 Exception <a 'java/lang/ClassNotFoundException'{0x000000008956a3a8}: java/lang/EnumBeanInfo> (0x000000008956a3a8) thrown at [./src/hotspot/share/classfile/systemDictionary.cpp, line 231]
Event: 9.121 Thread 0x000002811ef45000 Exception <a 'java/lang/ClassNotFoundException'{0x000000008956f290}: java/lang/EnumCustomizer> (0x000000008956f290) thrown at [./src/hotspot/share/classfile/systemDictionary.cpp, line 231]
Event: 9.124 Thread 0x000002811ef45000 Exception <a 'java/lang/ClassNotFoundException'{0x000000008959deb0}: org/gradle/api/initialization/resolve/RepositoriesModeCustomizer> (0x000000008959deb0) thrown at [./src/hotspot/share/classfile/systemDictionary.cpp, line 231]
Event: 9.137 Thread 0x000002811ef45000 Exception <a 'java/lang/ClassNotFoundException'{0x000000008942a068}: org/gradle/api/internal/provider/DefaultPropertyBeanInfo> (0x000000008942a068) thrown at [./src/hotspot/share/classfile/systemDictionary.cpp, line 231]
Event: 9.139 Thread 0x000002811ef45000 Exception <a 'java/lang/ClassNotFoundException'{0x0000000089450360}: org/gradle/api/internal/provider/AbstractPropertyBeanInfo> (0x0000000089450360) thrown at [./src/hotspot/share/classfile/systemDictionary.cpp, line 231]
Event: 9.141 Thread 0x000002811ef45000 Exception <a 'java/lang/ClassNotFoundException'{0x0000000089478848}: org/gradle/api/internal/provider/AbstractMinimalProviderBeanInfo> (0x0000000089478848) thrown at [./src/hotspot/share/classfile/systemDictionary.cpp, line 231]
Event: 9.142 Thread 0x000002811ef45000 Exception <a 'java/lang/ClassNotFoundException'{0x00000000894a1a08}: org/gradle/api/internal/provider/AbstractMinimalProviderCustomizer> (0x00000000894a1a08) thrown at [./src/hotspot/share/classfile/systemDictionary.cpp, line 231]
Event: 9.149 Thread 0x000002811ef45000 Exception <a 'java/lang/ClassNotFoundException'{0x0000000089302718}: org/gradle/api/internal/provider/AbstractPropertyCustomizer> (0x0000000089302718) thrown at [./src/hotspot/share/classfile/systemDictionary.cpp, line 231]
Event: 9.152 Thread 0x000002811ef45000 Exception <a 'java/lang/ClassNotFoundException'{0x00000000893350d8}: org/gradle/api/internal/provider/DefaultPropertyCustomizer> (0x00000000893350d8) thrown at [./src/hotspot/share/classfile/systemDictionary.cpp, line 231]
Event: 9.231 Thread 0x000002811ef45000 Exception <a 'java/lang/ClassNotFoundException'{0x000000008912b550}: org/gradle/initialization/DefaultProjectDescriptorBeanInfo> (0x000000008912b550) thrown at [./src/hotspot/share/classfile/systemDictionary.cpp, line 231]
Event: 9.232 Thread 0x000002811ef45000 Exception <a 'java/lang/ClassNotFoundException'{0x0000000089151610}: org/gradle/initialization/DefaultProjectDescriptorCustomizer> (0x0000000089151610) thrown at [./src/hotspot/share/classfile/systemDictionary.cpp, line 231]
Event: 9.242 Thread 0x000002811ef45000 Implicit null exception at 0x000002810ca9bfef to 0x000002810ca9c098

Events (20 events):
Event: 9.286 loading class org/gradle/cache/internal/InMemoryCacheDecoratorFactory done
Event: 9.286 loading class org/gradle/cache/internal/InMemoryCacheDecoratorFactory
Event: 9.286 loading class org/gradle/cache/internal/InMemoryCacheDecoratorFactory done
Event: 9.289 loading class org/gradle/cache/PersistentCache
Event: 9.289 loading class org/gradle/cache/PersistentCache done
Event: 9.289 loading class org/gradle/cache/PersistentCache
Event: 9.289 loading class org/gradle/cache/PersistentCache done
Event: 9.289 loading class org/gradle/cache/PersistentCache
Event: 9.289 loading class org/gradle/cache/PersistentCache done
Event: 9.290 Thread 0x0000028120015000 Thread added: 0x0000028120015000
Event: 9.292 loading class org/gradle/internal/service/scopes/BuildScopeServices$1
Event: 9.292 loading class org/gradle/internal/service/scopes/BuildScopeServices$1 done
Event: 9.293 loading class org/gradle/api/artifacts/ProjectDependency
Event: 9.293 loading class org/gradle/api/artifacts/ProjectDependency done
Event: 9.293 loading class org/gradle/api/artifacts/ModuleDependency
Event: 9.293 loading class org/gradle/api/artifacts/ModuleDependency done
Event: 9.294 loading class org/gradle/api/artifacts/SelfResolvingDependency
Event: 9.294 loading class org/gradle/api/artifacts/SelfResolvingDependency done
Event: 9.294 loading class org/gradle/api/internal/catalog/DefaultDependenciesAccessors
Event: 9.294 loading class org/gradle/api/internal/catalog/DefaultDependenciesAccessors done


Dynamic libraries:
0x00007ff7f1b70000 - 0x00007ff7f1b7a000 	C:\Program Files\Android\Android Studio\jre\bin\java.exe
0x00007ff856cd0000 - 0x00007ff856ec8000 	C:\WINDOWS\SYSTEM32\ntdll.dll
0x00007ff854f00000 - 0x00007ff854fbd000 	C:\WINDOWS\System32\KERNEL32.DLL
0x00007ff854730000 - 0x00007ff8549fe000 	C:\WINDOWS\System32\KERNELBASE.dll
0x00007ff8543f0000 - 0x00007ff8544f0000 	C:\WINDOWS\System32\ucrtbase.dll
0x00007ff80d5d0000 - 0x00007ff80d5e7000 	C:\Program Files\Android\Android Studio\jre\bin\VCRUNTIME140.dll
0x00007ff80d5b0000 - 0x00007ff80d5c9000 	C:\Program Files\Android\Android Studio\jre\bin\jli.dll
0x00007ff855ea0000 - 0x00007ff856040000 	C:\WINDOWS\System32\USER32.dll
0x00007ff83ebf0000 - 0x00007ff83ee8a000 	C:\WINDOWS\WinSxS\amd64_microsoft.windows.common-controls_6595b64144ccf1df_6.0.19041.1110_none_60b5254171f9507e\COMCTL32.dll
0x00007ff8544f0000 - 0x00007ff854512000 	C:\WINDOWS\System32\win32u.dll
0x00007ff856910000 - 0x00007ff8569ae000 	C:\WINDOWS\System32\msvcrt.dll
0x00007ff856320000 - 0x00007ff85634a000 	C:\WINDOWS\System32\GDI32.dll
0x00007ff854a00000 - 0x00007ff854b0b000 	C:\WINDOWS\System32\gdi32full.dll
0x00007ff854690000 - 0x00007ff85472d000 	C:\WINDOWS\System32\msvcp_win.dll
0x00007ff8567c0000 - 0x00007ff8567f0000 	C:\WINDOWS\System32\IMM32.DLL
0x00007fffeb5b0000 - 0x00007fffeb64d000 	C:\Program Files\Android\Android Studio\jre\bin\msvcp140.dll
0x00007fffed350000 - 0x00007fffede35000 	C:\Program Files\Android\Android Studio\jre\bin\server\jvm.dll
0x00007ff855880000 - 0x00007ff85592e000 	C:\WINDOWS\System32\ADVAPI32.dll
0x00007ff854d30000 - 0x00007ff854dcc000 	C:\WINDOWS\System32\sechost.dll
0x00007ff854dd0000 - 0x00007ff854ef5000 	C:\WINDOWS\System32\RPCRT4.dll
0x00007ff856c80000 - 0x00007ff856c88000 	C:\WINDOWS\System32\PSAPI.DLL
0x00007ff83f370000 - 0x00007ff83f379000 	C:\WINDOWS\SYSTEM32\WSOCK32.dll
0x00007ff83ae80000 - 0x00007ff83aea7000 	C:\WINDOWS\SYSTEM32\WINMM.dll
0x00007ff84a490000 - 0x00007ff84a49a000 	C:\WINDOWS\SYSTEM32\VERSION.dll
0x00007ff8568a0000 - 0x00007ff85690b000 	C:\WINDOWS\System32\WS2_32.dll
0x00007ff852c40000 - 0x00007ff852c52000 	C:\WINDOWS\SYSTEM32\kernel.appcore.dll
0x00007ff827270000 - 0x00007ff827281000 	C:\Program Files\Android\Android Studio\jre\bin\verify.dll
0x00007ff852190000 - 0x00007ff852374000 	C:\WINDOWS\SYSTEM32\DBGHELP.DLL
0x00007ff834ed0000 - 0x00007ff834efc000 	C:\WINDOWS\SYSTEM32\dbgcore.DLL
0x00007ff854520000 - 0x00007ff8545a2000 	C:\WINDOWS\System32\bcryptPrimitives.dll
0x00007ff827210000 - 0x00007ff827239000 	C:\Program Files\Android\Android Studio\jre\bin\java.dll
0x00007ff83e7e0000 - 0x00007ff83e7eb000 	C:\Program Files\Android\Android Studio\jre\bin\jimage.dll
0x00007ff827250000 - 0x00007ff827268000 	C:\Program Files\Android\Android Studio\jre\bin\zip.dll
0x00007ff855130000 - 0x00007ff855874000 	C:\WINDOWS\System32\SHELL32.dll
0x00007ff852380000 - 0x00007ff852b14000 	C:\WINDOWS\SYSTEM32\windows.storage.dll
0x00007ff855a10000 - 0x00007ff855d64000 	C:\WINDOWS\System32\combase.dll
0x00007ff853e50000 - 0x00007ff853e80000 	C:\WINDOWS\SYSTEM32\Wldp.dll
0x00007ff8567f0000 - 0x00007ff85689d000 	C:\WINDOWS\System32\SHCORE.dll
0x00007ff8550d0000 - 0x00007ff855125000 	C:\WINDOWS\System32\shlwapi.dll
0x00007ff854330000 - 0x00007ff85434f000 	C:\WINDOWS\SYSTEM32\profapi.dll
0x00007ff8271f0000 - 0x00007ff82720a000 	C:\Program Files\Android\Android Studio\jre\bin\net.dll
0x00007ff84ca60000 - 0x00007ff84cb6a000 	C:\WINDOWS\SYSTEM32\WINHTTP.dll
0x00007ff853b90000 - 0x00007ff853bfa000 	C:\WINDOWS\system32\mswsock.dll
0x00007ff8271d0000 - 0x00007ff8271e4000 	C:\Program Files\Android\Android Studio\jre\bin\nio.dll
0x00007ff80d5f0000 - 0x00007ff80d617000 	C:\Users\shail\.gradle\native\e1d6ef7f7dcc3fd88c89a11ec53ec762bb8ba0a96d01ffa2cd45eb1d1d8dd5c5\windows-amd64\native-platform.dll
0x00007fffe4b80000 - 0x00007fffe4cc4000 	C:\Users\shail\.gradle\native\5664cfc778a61ccfe75a443a1ab52a65af34e5dc3c78e0209fed803814484fcb\windows-amd64\native-platform-file-events.dll
0x00007ff83a580000 - 0x00007ff83a58a000 	C:\Program Files\Android\Android Studio\jre\bin\management.dll
0x00007ff8389b0000 - 0x00007ff8389bd000 	C:\Program Files\Android\Android Studio\jre\bin\management_ext.dll
0x00007ff853da0000 - 0x00007ff853db8000 	C:\WINDOWS\SYSTEM32\CRYPTSP.dll
0x00007ff853480000 - 0x00007ff8534b4000 	C:\WINDOWS\system32\rsaenh.dll
0x00007ff854660000 - 0x00007ff854687000 	C:\WINDOWS\System32\bcrypt.dll
0x00007ff8542f0000 - 0x00007ff85431e000 	C:\WINDOWS\SYSTEM32\USERENV.dll
0x00007ff853dc0000 - 0x00007ff853dcc000 	C:\WINDOWS\SYSTEM32\CRYPTBASE.dll
0x00007ff853820000 - 0x00007ff85385b000 	C:\WINDOWS\SYSTEM32\IPHLPAPI.DLL
0x00007ff856040000 - 0x00007ff856048000 	C:\WINDOWS\System32\NSI.dll
0x00007ff8499f0000 - 0x00007ff849a07000 	C:\WINDOWS\SYSTEM32\dhcpcsvc6.DLL
0x00007ff84a230000 - 0x00007ff84a24d000 	C:\WINDOWS\SYSTEM32\dhcpcsvc.DLL
0x00007ff853860000 - 0x00007ff85392a000 	C:\WINDOWS\SYSTEM32\DNSAPI.dll

dbghelp: loaded successfully - version: 4.0.5 - missing functions: none
symbol engine: initialized successfully - sym options: 0x614 - pdb path: .;C:\Program Files\Android\Android Studio\jre\bin;C:\WINDOWS\SYSTEM32;C:\WINDOWS\WinSxS\amd64_microsoft.windows.common-controls_6595b64144ccf1df_6.0.19041.1110_none_60b5254171f9507e;C:\Program Files\Android\Android Studio\jre\bin\server;C:\Users\shail\.gradle\native\e1d6ef7f7dcc3fd88c89a11ec53ec762bb8ba0a96d01ffa2cd45eb1d1d8dd5c5\windows-amd64;C:\Users\shail\.gradle\native\5664cfc778a61ccfe75a443a1ab52a65af34e5dc3c78e0209fed803814484fcb\windows-amd64

VM Arguments:
jvm_args: --add-opens=java.base/java.util=ALL-UNNAMED --add-opens=java.base/java.lang=ALL-UNNAMED --add-opens=java.base/java.lang.invoke=ALL-UNNAMED --add-opens=java.base/java.util=ALL-UNNAMED --add-opens=java.prefs/java.util.prefs=ALL-UNNAMED --add-opens=java.prefs/java.util.prefs=ALL-UNNAMED --add-opens=java.base/java.nio.charset=ALL-UNNAMED --add-opens=java.base/java.net=ALL-UNNAMED --add-opens=java.base/java.util.concurrent.atomic=ALL-UNNAMED -Xmx2048m -Dfile.encoding=UTF-8 -Duser.country=IN -Duser.language=en -Duser.variant 
java_command: org.gradle.launcher.daemon.bootstrap.GradleDaemon 7.3.3
java_class_path (initial): C:\Users\shail\.gradle\wrapper\dists\gradle-7.3.3-bin\6a41zxkdtcxs8rphpq6y0069z\gradle-7.3.3\lib\gradle-launcher-7.3.3.jar
Launcher Type: SUN_STANDARD

[Global flags]
     intx CICompilerCount                          = 4                                         {product} {ergonomic}
     uint ConcGCThreads                            = 2                                         {product} {ergonomic}
     uint G1ConcRefinementThreads                  = 8                                         {product} {ergonomic}
   size_t G1HeapRegionSize                         = 1048576                                   {product} {ergonomic}
    uintx GCDrainStackTargetSize                   = 64                                        {product} {ergonomic}
   size_t InitialHeapSize                          = 132120576                                 {product} {ergonomic}
   size_t MarkStackSize                            = 4194304                                   {product} {ergonomic}
   size_t MaxHeapSize                              = 2147483648                                {product} {command line}
   size_t MaxNewSize                               = 1287651328                                {product} {ergonomic}
   size_t MinHeapDeltaBytes                        = 1048576                                   {product} {ergonomic}
    uintx NonNMethodCodeHeapSize                   = 5836300                                {pd product} {ergonomic}
    uintx NonProfiledCodeHeapSize                  = 122910970                              {pd product} {ergonomic}
    uintx ProfiledCodeHeapSize                     = 122910970                              {pd product} {ergonomic}
    uintx ReservedCodeCacheSize                    = 251658240                              {pd product} {ergonomic}
     bool SegmentedCodeCache                       = true                                      {product} {ergonomic}
     bool UseCompressedClassPointers               = true                                 {lp64_product} {ergonomic}
     bool UseCompressedOops                        = true                                 {lp64_product} {ergonomic}
     bool UseG1GC                                  = true                                      {product} {ergonomic}
     bool UseLargePagesIndividualAllocation        = false                                  {pd product} {ergonomic}

Logging:
Log output configuration:
 #0: stdout all=warning uptime,level,tags
 #1: stderr all=off uptime,level,tags

Environment Variables:
JAVA_HOME=C:\Program Files\Java\jdk-18.0.2
PATH=C:\Windows\system32;C:\Windows;C:\Windows\System32\Wbem;C:\Windows\System32\WindowsPowerShell\v1.0\;C:\Windows\System32\OpenSSH\;C:\Program Files\NVIDIA Corporation\NVIDIA NvDLISR;C:\WINDOWS\system32;C:\WINDOWS;C:\WINDOWS\System32\Wbem;C:\WINDOWS\System32\WindowsPowerShell\v1.0\;C:\WINDOWS\System32\OpenSSH\;C:\Program Files\Java\jdk-18.0.2.1\bin;C:\MinGW\bin;C:\Users\shail\AppData\Local\Microsoft\WindowsApps;;C:\Users\shail\AppData\Local\Programs\Microsoft VS Code\bin
USERNAME=shail
OS=Windows_NT
PROCESSOR_IDENTIFIER=Intel64 Family 6 Model 126 Stepping 5, GenuineIntel



---------------  S Y S T E M  ---------------

OS: Windows 10 , 64 bit Build 19041 (10.0.19041.1889)
OS uptime: 0 days 0:10 hours
Hyper-V role detected

CPU:total 8 (initial active 8) (4 cores per cpu, 2 threads per core) family 6 model 126 stepping 5 microcode 0xb0, cmov, cx8, fxsr, mmx, sse, sse2, sse3, ssse3, sse4.1, sse4.2, popcnt, avx, avx2, aes, clmul, erms, 3dnowpref, lzcnt, ht, tsc, tscinvbit, bmi1, bmi2, adx, evex, sha, fma

Memory: 4k page, system-wide physical 7959M (450M free)
TotalPageFile size 7959M (AvailPageFile size 4M)
current process WorkingSet (physical memory assigned to process): 264M, peak: 264M
current process commit charge ("private bytes"): 347M, peak: 349M

vm_info: OpenJDK 64-Bit Server VM (11.0.12+7-b1504.28-7817840) for windows-amd64 JRE (11.0.12+7-b1504.28-7817840), built on Oct 13 2021 22:12:33 by "builder" with MS VC++ 14.0 (VS2015)

END.
