#
# There is insufficient memory for the Java Runtime Environment to continue.
# Native memory allocation (malloc) failed to allocate 698416 bytes for Chunk::new
# Possible reasons:
#   The system is out of physical RAM or swap space
#   The process is running with CompressedOops enabled, and the Java Heap may be blocking the growth of the native heap
# Possible solutions:
#   Reduce memory load on the system
#   Increase physical memory or swap space
#   Check if swap backing store is full
#   Decrease Java heap size (-Xmx/-Xms)
#   Decrease number of Java threads
#   Decrease Java thread stack sizes (-Xss)
#   Set larger code cache with -XX:ReservedCodeCacheSize=
#   JVM is running with Unscaled Compressed Oops mode in which the Java heap is
#     placed in the first 4GB address space. The Java Heap base address is the
#     maximum limit for the native heap growth. Please use -XX:HeapBaseMinAddress
#     to set the Java Heap base and to place the Java Heap above 4GB virtual address.
# This output file may be truncated or incomplete.
#
#  Out of Memory Error (./src/hotspot/share/memory/arena.cpp:197), pid=9544, tid=14216
#
# JRE version: OpenJDK Runtime Environment (11.0.12+7) (build 11.0.12+7-b1504.28-7817840)
# Java VM: OpenJDK 64-Bit Server VM (11.0.12+7-b1504.28-7817840, mixed mode, tiered, compressed oops, g1 gc, windows-amd64)
# No core dump will be written. Minidumps are not enabled by default on client versions of Windows
#

---------------  S U M M A R Y ------------

Command Line: --add-opens=java.base/java.util=ALL-UNNAMED --add-opens=java.base/java.lang=ALL-UNNAMED --add-opens=java.base/java.lang.invoke=ALL-UNNAMED --add-opens=java.base/java.util=ALL-UNNAMED --add-opens=java.prefs/java.util.prefs=ALL-UNNAMED --add-opens=java.prefs/java.util.prefs=ALL-UNNAMED --add-opens=java.base/java.nio.charset=ALL-UNNAMED --add-opens=java.base/java.net=ALL-UNNAMED --add-opens=java.base/java.util.concurrent.atomic=ALL-UNNAMED -Xmx2048m -Dfile.encoding=UTF-8 -Duser.country=IN -Duser.language=en -Duser.variant org.gradle.launcher.daemon.bootstrap.GradleDaemon 7.3.3

Host: Intel(R) Core(TM) i5-1035G1 CPU @ 1.00GHz, 8 cores, 7G,  Windows 10 , 64 bit Build 19041 (10.0.19041.1889)
Time: Wed Aug 24 22:11:33 2022 India Standard Time elapsed time: 4.612290 seconds (0d 0h 0m 4s)

---------------  T H R E A D  ---------------

Current thread (0x0000024a4a12e000):  JavaThread "C2 CompilerThread0" daemon [_thread_in_native, id=14216, stack(0x000000aa80f00000,0x000000aa81000000)]


Current CompileTask:
C2:   4612 1964   !   4       java.lang.ClassLoader::loadClass (122 bytes)

Stack: [0x000000aa80f00000,0x000000aa81000000]
Native frames: (J=compiled Java code, j=interpreted, Vv=VM code, C=native code)
V  [jvm.dll+0x5fbcea]
V  [jvm.dll+0x731905]
V  [jvm.dll+0x732f1d]
V  [jvm.dll+0x7335d3]
V  [jvm.dll+0x247bf8]
V  [jvm.dll+0xc018c]
V  [jvm.dll+0xc06cc]
V  [jvm.dll+0x2bcc04]
V  [jvm.dll+0x5113a8]
V  [jvm.dll+0x208303]
V  [jvm.dll+0x201fe0]
V  [jvm.dll+0x1ff71f]
V  [jvm.dll+0x18868c]
V  [jvm.dll+0x20e0d7]
V  [jvm.dll+0x20c901]
V  [jvm.dll+0x6f9b7f]
V  [jvm.dll+0x6f26a5]
V  [jvm.dll+0x5fabf6]
C  [ucrtbase.dll+0x21bb2]
C  [KERNEL32.DLL+0x17034]
C  [ntdll.dll+0x52651]


---------------  P R O C E S S  ---------------

Threads class SMR info:
_java_thread_list=0x0000024a4cf09030, length=23, elements={
0x0000024a2fc6f000, 0x0000024a4a105000, 0x0000024a4a106800, 0x0000024a4aa93800,
0x0000024a4a11f000, 0x0000024a4a120000, 0x0000024a4a12e000, 0x0000024a4a12f000,
0x0000024a4a130000, 0x0000024a4abfa800, 0x0000024a4b920000, 0x0000024a4d3aa000,
0x0000024a4ac22800, 0x0000024a4ce1d800, 0x0000024a4cee6000, 0x0000024a4d0ce000,
0x0000024a4bfd2800, 0x0000024a4ca3c800, 0x0000024a4d8b4000, 0x0000024a4d893000,
0x0000024a4d88f800, 0x0000024a4d891000, 0x0000024a4d892000
}

Java Threads: ( => current thread )
  0x0000024a2fc6f000 JavaThread "main" [_thread_blocked, id=12660, stack(0x000000aa80300000,0x000000aa80400000)]
  0x0000024a4a105000 JavaThread "Reference Handler" daemon [_thread_blocked, id=13904, stack(0x000000aa80a00000,0x000000aa80b00000)]
  0x0000024a4a106800 JavaThread "Finalizer" daemon [_thread_blocked, id=6240, stack(0x000000aa80b00000,0x000000aa80c00000)]
  0x0000024a4aa93800 JavaThread "Signal Dispatcher" daemon [_thread_blocked, id=12648, stack(0x000000aa80c00000,0x000000aa80d00000)]
  0x0000024a4a11f000 JavaThread "Attach Listener" daemon [_thread_blocked, id=11972, stack(0x000000aa80d00000,0x000000aa80e00000)]
  0x0000024a4a120000 JavaThread "Service Thread" daemon [_thread_blocked, id=10500, stack(0x000000aa80e00000,0x000000aa80f00000)]
=>0x0000024a4a12e000 JavaThread "C2 CompilerThread0" daemon [_thread_in_native, id=14216, stack(0x000000aa80f00000,0x000000aa81000000)]
  0x0000024a4a12f000 JavaThread "C1 CompilerThread0" daemon [_thread_blocked, id=8076, stack(0x000000aa81000000,0x000000aa81100000)]
  0x0000024a4a130000 JavaThread "Sweeper thread" daemon [_thread_blocked, id=2644, stack(0x000000aa81100000,0x000000aa81200000)]
  0x0000024a4abfa800 JavaThread "Common-Cleaner" daemon [_thread_blocked, id=8532, stack(0x000000aa81200000,0x000000aa81300000)]
  0x0000024a4b920000 JavaThread "Daemon health stats" [_thread_blocked, id=6988, stack(0x000000aa81700000,0x000000aa81800000)]
  0x0000024a4d3aa000 JavaThread "Incoming local TCP Connector on port 50968" [_thread_in_native, id=14108, stack(0x000000aa81400000,0x000000aa81500000)]
  0x0000024a4ac22800 JavaThread "Daemon periodic checks" [_thread_blocked, id=2240, stack(0x000000aa81800000,0x000000aa81900000)]
  0x0000024a4ce1d800 JavaThread "Daemon" [_thread_blocked, id=4732, stack(0x000000aa81900000,0x000000aa81a00000)]
  0x0000024a4cee6000 JavaThread "Handler for socket connection from /127.0.0.1:50968 to /127.0.0.1:50969" [_thread_in_native, id=6872, stack(0x000000aa81a00000,0x000000aa81b00000)]
  0x0000024a4d0ce000 JavaThread "Cancel handler" [_thread_blocked, id=14096, stack(0x000000aa81b00000,0x000000aa81c00000)]
  0x0000024a4bfd2800 JavaThread "Daemon worker" [_thread_in_Java, id=14072, stack(0x000000aa81c00000,0x000000aa81d00000)]
  0x0000024a4ca3c800 JavaThread "Asynchronous log dispatcher for DefaultDaemonConnection: socket connection from /127.0.0.1:50968 to /127.0.0.1:50969" [_thread_blocked, id=2808, stack(0x000000aa81e00000,0x000000aa81f00000)]
  0x0000024a4d8b4000 JavaThread "Stdin handler" [_thread_blocked, id=2896, stack(0x000000aa81f00000,0x000000aa82000000)]
  0x0000024a4d893000 JavaThread "Daemon client event forwarder" [_thread_blocked, id=3996, stack(0x000000aa82000000,0x000000aa82100000)]
  0x0000024a4d88f800 JavaThread "Cache worker for journal cache (C:\Users\shail\.gradle\caches\journal-1)" [_thread_blocked, id=4428, stack(0x000000aa81d00000,0x000000aa81e00000)]
  0x0000024a4d891000 JavaThread "File lock request listener" [_thread_in_native, id=4224, stack(0x000000aa82600000,0x000000aa82700000)]
  0x0000024a4d892000 JavaThread "Cache worker for file hash cache (C:\Users\shail\.gradle\caches\7.3.3\fileHashes)" [_thread_blocked, id=11656, stack(0x000000aa82700000,0x000000aa82800000)]

Other Threads:
  0x0000024a4a101000 VMThread "VM Thread" [stack: 0x000000aa80900000,0x000000aa80a00000] [id=11228]
  0x0000024a4ac0f800 WatcherThread [stack: 0x000000aa81300000,0x000000aa81400000] [id=8904]
  0x0000024a2fc89800 GCTaskThread "GC Thread#0" [stack: 0x000000aa80400000,0x000000aa80500000] [id=14292]
  0x0000024a4b7bb000 GCTaskThread "GC Thread#1" [stack: 0x000000aa81500000,0x000000aa81600000] [id=4548]
  0x0000024a4b194000 GCTaskThread "GC Thread#2" [stack: 0x000000aa81600000,0x000000aa81700000] [id=8360]
  0x0000024a4cc04000 GCTaskThread "GC Thread#3" [stack: 0x000000aa82100000,0x000000aa82200000] [id=8632]
  0x0000024a4d641000 GCTaskThread "GC Thread#4" [stack: 0x000000aa82200000,0x000000aa82300000] [id=8640]
  0x0000024a4d642000 GCTaskThread "GC Thread#5" [stack: 0x000000aa82300000,0x000000aa82400000] [id=6700]
  0x0000024a4cccc800 GCTaskThread "GC Thread#6" [stack: 0x000000aa82400000,0x000000aa82500000] [id=10596]
  0x0000024a4cccd000 GCTaskThread "GC Thread#7" [stack: 0x000000aa82500000,0x000000aa82600000] [id=12836]
  0x0000024a2fcba000 ConcurrentGCThread "G1 Main Marker" [stack: 0x000000aa80500000,0x000000aa80600000] [id=12488]
  0x0000024a2fcbb800 ConcurrentGCThread "G1 Conc#0" [stack: 0x000000aa80600000,0x000000aa80700000] [id=13436]
  0x0000024a4c4b5800 ConcurrentGCThread "G1 Conc#1" [stack: 0x000000aa82800000,0x000000aa82900000] [id=1452]
  0x0000024a49f50800 ConcurrentGCThread "G1 Refine#0" [stack: 0x000000aa80700000,0x000000aa80800000] [id=8136]
  0x0000024a49f51000 ConcurrentGCThread "G1 Young RemSet Sampling" [stack: 0x000000aa80800000,0x000000aa80900000] [id=6656]

Threads with active compile tasks:
C2 CompilerThread0   4652 1964   !   4       java.lang.ClassLoader::loadClass (122 bytes)

VM state:not at safepoint (normal execution)

VM Mutex/Monitor currently owned by a thread: None

Heap address: 0x0000000080000000, size: 2048 MB, Compressed Oops mode: 32-bit
Narrow klass base: 0x0000000000000000, Narrow klass shift: 3
Compressed class space size: 1073741824 Address: 0x0000000100000000

Heap:
 garbage-first heap   total 129024K, used 40145K [0x0000000080000000, 0x0000000100000000)
  region size 1024K, 26 young (26624K), 2 survivors (2048K)
 Metaspace       used 22978K, capacity 23500K, committed 23680K, reserved 1071104K
  class space    used 2919K, capacity 3100K, committed 3200K, reserved 1048576K
Heap Regions: E=young(eden), S=young(survivor), O=old, HS=humongous(starts), HC=humongous(continues), CS=collection set, F=free, A=archive, TAMS=top-at-mark-start (previous, next)
|   0|0x0000000080000000, 0x0000000080100000, 0x0000000080100000|100%| O|  |TAMS 0x0000000080100000, 0x0000000080000000| Untracked 
|   1|0x0000000080100000, 0x0000000080200000, 0x0000000080200000|100%| O|  |TAMS 0x0000000080200000, 0x0000000080100000| Untracked 
|   2|0x0000000080200000, 0x0000000080300000, 0x0000000080300000|100%| O|  |TAMS 0x0000000080300000, 0x0000000080200000| Untracked 
|   3|0x0000000080300000, 0x0000000080400000, 0x0000000080400000|100%|HS|  |TAMS 0x0000000080400000, 0x0000000080300000| Complete 
|   4|0x0000000080400000, 0x0000000080500000, 0x0000000080500000|100%|HC|  |TAMS 0x0000000080500000, 0x0000000080400000| Complete 
|   5|0x0000000080500000, 0x0000000080600000, 0x0000000080600000|100%|HC|  |TAMS 0x0000000080600000, 0x0000000080500000| Complete 
|   6|0x0000000080600000, 0x0000000080700000, 0x0000000080700000|100%| O|  |TAMS 0x0000000080700000, 0x0000000080600000| Untracked 
|   7|0x0000000080700000, 0x0000000080800000, 0x0000000080800000|100%| O|  |TAMS 0x0000000080800000, 0x0000000080700000| Untracked 
|   8|0x0000000080800000, 0x0000000080900000, 0x0000000080900000|100%| O|  |TAMS 0x0000000080900000, 0x0000000080800000| Untracked 
|   9|0x0000000080900000, 0x0000000080a00000, 0x0000000080a00000|100%| O|  |TAMS 0x0000000080a00000, 0x0000000080900000| Untracked 
|  10|0x0000000080a00000, 0x0000000080b00000, 0x0000000080b00000|100%| O|  |TAMS 0x0000000080b00000, 0x0000000080a00000| Untracked 
|  11|0x0000000080b00000, 0x0000000080c00000, 0x0000000080c00000|100%| O|  |TAMS 0x0000000080c00000, 0x0000000080b00000| Untracked 
|  12|0x0000000080c00000, 0x0000000080d00000, 0x0000000080d00000|100%| O|  |TAMS 0x0000000080d00000, 0x0000000080c00000| Untracked 
|  13|0x0000000080d00000, 0x0000000080e00000, 0x0000000080e00000|100%| O|  |TAMS 0x0000000080e00000, 0x0000000080d00000| Untracked 
|  14|0x0000000080e00000, 0x0000000080f00000, 0x0000000080f00000|100%| O|  |TAMS 0x0000000080f00000, 0x0000000080e00000| Untracked 
|  15|0x0000000080f00000, 0x0000000080fd5400, 0x0000000081000000| 83%| O|  |TAMS 0x0000000080fd5400, 0x0000000080f00000| Untracked 
|  16|0x0000000081000000, 0x0000000081000000, 0x0000000081100000|  0%| F|  |TAMS 0x0000000081000000, 0x0000000081000000| Untracked 
|  17|0x0000000081100000, 0x0000000081100000, 0x0000000081200000|  0%| F|  |TAMS 0x0000000081100000, 0x0000000081100000| Untracked 
|  18|0x0000000081200000, 0x0000000081200000, 0x0000000081300000|  0%| F|  |TAMS 0x0000000081200000, 0x0000000081200000| Untracked 
|  19|0x0000000081300000, 0x0000000081300000, 0x0000000081400000|  0%| F|  |TAMS 0x0000000081300000, 0x0000000081300000| Untracked 
|  20|0x0000000081400000, 0x0000000081400000, 0x0000000081500000|  0%| F|  |TAMS 0x0000000081400000, 0x0000000081400000| Untracked 
|  21|0x0000000081500000, 0x0000000081500000, 0x0000000081600000|  0%| F|  |TAMS 0x0000000081500000, 0x0000000081500000| Untracked 
|  22|0x0000000081600000, 0x0000000081600000, 0x0000000081700000|  0%| F|  |TAMS 0x0000000081600000, 0x0000000081600000| Untracked 
|  23|0x0000000081700000, 0x0000000081700000, 0x0000000081800000|  0%| F|  |TAMS 0x0000000081700000, 0x0000000081700000| Untracked 
|  24|0x0000000081800000, 0x0000000081800000, 0x0000000081900000|  0%| F|  |TAMS 0x0000000081800000, 0x0000000081800000| Untracked 
|  25|0x0000000081900000, 0x0000000081900000, 0x0000000081a00000|  0%| F|  |TAMS 0x0000000081900000, 0x0000000081900000| Untracked 
|  26|0x0000000081a00000, 0x0000000081a00000, 0x0000000081b00000|  0%| F|  |TAMS 0x0000000081a00000, 0x0000000081a00000| Untracked 
|  27|0x0000000081b00000, 0x0000000081b00000, 0x0000000081c00000|  0%| F|  |TAMS 0x0000000081b00000, 0x0000000081b00000| Untracked 
|  28|0x0000000081c00000, 0x0000000081c00000, 0x0000000081d00000|  0%| F|  |TAMS 0x0000000081c00000, 0x0000000081c00000| Untracked 
|  29|0x0000000081d00000, 0x0000000081d00000, 0x0000000081e00000|  0%| F|  |TAMS 0x0000000081d00000, 0x0000000081d00000| Untracked 
|  30|0x0000000081e00000, 0x0000000081e00000, 0x0000000081f00000|  0%| F|  |TAMS 0x0000000081e00000, 0x0000000081e00000| Untracked 
|  31|0x0000000081f00000, 0x0000000081f00000, 0x0000000082000000|  0%| F|  |TAMS 0x0000000081f00000, 0x0000000081f00000| Untracked 
|  32|0x0000000082000000, 0x0000000082000000, 0x0000000082100000|  0%| F|  |TAMS 0x0000000082000000, 0x0000000082000000| Untracked 
|  33|0x0000000082100000, 0x0000000082100000, 0x0000000082200000|  0%| F|  |TAMS 0x0000000082100000, 0x0000000082100000| Untracked 
|  34|0x0000000082200000, 0x0000000082200000, 0x0000000082300000|  0%| F|  |TAMS 0x0000000082200000, 0x0000000082200000| Untracked 
|  35|0x0000000082300000, 0x0000000082300000, 0x0000000082400000|  0%| F|  |TAMS 0x0000000082300000, 0x0000000082300000| Untracked 
|  36|0x0000000082400000, 0x0000000082400000, 0x0000000082500000|  0%| F|  |TAMS 0x0000000082400000, 0x0000000082400000| Untracked 
|  37|0x0000000082500000, 0x0000000082500000, 0x0000000082600000|  0%| F|  |TAMS 0x0000000082500000, 0x0000000082500000| Untracked 
|  38|0x0000000082600000, 0x0000000082600000, 0x0000000082700000|  0%| F|  |TAMS 0x0000000082600000, 0x0000000082600000| Untracked 
|  39|0x0000000082700000, 0x0000000082700000, 0x0000000082800000|  0%| F|  |TAMS 0x0000000082700000, 0x0000000082700000| Untracked 
|  40|0x0000000082800000, 0x0000000082800000, 0x0000000082900000|  0%| F|  |TAMS 0x0000000082800000, 0x0000000082800000| Untracked 
|  41|0x0000000082900000, 0x0000000082900000, 0x0000000082a00000|  0%| F|  |TAMS 0x0000000082900000, 0x0000000082900000| Untracked 
|  42|0x0000000082a00000, 0x0000000082a00000, 0x0000000082b00000|  0%| F|  |TAMS 0x0000000082a00000, 0x0000000082a00000| Untracked 
|  43|0x0000000082b00000, 0x0000000082b00000, 0x0000000082c00000|  0%| F|  |TAMS 0x0000000082b00000, 0x0000000082b00000| Untracked 
|  44|0x0000000082c00000, 0x0000000082c00000, 0x0000000082d00000|  0%| F|  |TAMS 0x0000000082c00000, 0x0000000082c00000| Untracked 
|  45|0x0000000082d00000, 0x0000000082d00000, 0x0000000082e00000|  0%| F|  |TAMS 0x0000000082d00000, 0x0000000082d00000| Untracked 
|  46|0x0000000082e00000, 0x0000000082e00000, 0x0000000082f00000|  0%| F|  |TAMS 0x0000000082e00000, 0x0000000082e00000| Untracked 
|  47|0x0000000082f00000, 0x0000000082f00000, 0x0000000083000000|  0%| F|  |TAMS 0x0000000082f00000, 0x0000000082f00000| Untracked 
|  48|0x0000000083000000, 0x0000000083000000, 0x0000000083100000|  0%| F|  |TAMS 0x0000000083000000, 0x0000000083000000| Untracked 
|  49|0x0000000083100000, 0x0000000083100000, 0x0000000083200000|  0%| F|  |TAMS 0x0000000083100000, 0x0000000083100000| Untracked 
|  50|0x0000000083200000, 0x0000000083200000, 0x0000000083300000|  0%| F|  |TAMS 0x0000000083200000, 0x0000000083200000| Untracked 
|  51|0x0000000083300000, 0x0000000083300000, 0x0000000083400000|  0%| F|  |TAMS 0x0000000083300000, 0x0000000083300000| Untracked 
|  52|0x0000000083400000, 0x0000000083400000, 0x0000000083500000|  0%| F|  |TAMS 0x0000000083400000, 0x0000000083400000| Untracked 
|  53|0x0000000083500000, 0x0000000083500000, 0x0000000083600000|  0%| F|  |TAMS 0x0000000083500000, 0x0000000083500000| Untracked 
|  54|0x0000000083600000, 0x0000000083600000, 0x0000000083700000|  0%| F|  |TAMS 0x0000000083600000, 0x0000000083600000| Untracked 
|  55|0x0000000083700000, 0x0000000083700000, 0x0000000083800000|  0%| F|  |TAMS 0x0000000083700000, 0x0000000083700000| Untracked 
|  56|0x0000000083800000, 0x0000000083800000, 0x0000000083900000|  0%| F|  |TAMS 0x0000000083800000, 0x0000000083800000| Untracked 
|  57|0x0000000083900000, 0x0000000083900000, 0x0000000083a00000|  0%| F|  |TAMS 0x0000000083900000, 0x0000000083900000| Untracked 
|  58|0x0000000083a00000, 0x0000000083a00000, 0x0000000083b00000|  0%| F|  |TAMS 0x0000000083a00000, 0x0000000083a00000| Untracked 
|  59|0x0000000083b00000, 0x0000000083b00000, 0x0000000083c00000|  0%| F|  |TAMS 0x0000000083b00000, 0x0000000083b00000| Untracked 
|  60|0x0000000083c00000, 0x0000000083c00000, 0x0000000083d00000|  0%| F|  |TAMS 0x0000000083c00000, 0x0000000083c00000| Untracked 
|  61|0x0000000083d00000, 0x0000000083d00000, 0x0000000083e00000|  0%| F|  |TAMS 0x0000000083d00000, 0x0000000083d00000| Untracked 
|  62|0x0000000083e00000, 0x0000000083e00000, 0x0000000083f00000|  0%| F|  |TAMS 0x0000000083e00000, 0x0000000083e00000| Untracked 
|  63|0x0000000083f00000, 0x0000000083f00000, 0x0000000084000000|  0%| F|  |TAMS 0x0000000083f00000, 0x0000000083f00000| Untracked 
|  64|0x0000000084000000, 0x0000000084000000, 0x0000000084100000|  0%| F|  |TAMS 0x0000000084000000, 0x0000000084000000| Untracked 
|  65|0x0000000084100000, 0x0000000084100000, 0x0000000084200000|  0%| F|  |TAMS 0x0000000084100000, 0x0000000084100000| Untracked 
|  66|0x0000000084200000, 0x0000000084200000, 0x0000000084300000|  0%| F|  |TAMS 0x0000000084200000, 0x0000000084200000| Untracked 
|  67|0x0000000084300000, 0x0000000084300000, 0x0000000084400000|  0%| F|  |TAMS 0x0000000084300000, 0x0000000084300000| Untracked 
|  68|0x0000000084400000, 0x0000000084400000, 0x0000000084500000|  0%| F|  |TAMS 0x0000000084400000, 0x0000000084400000| Untracked 
|  69|0x0000000084500000, 0x0000000084500000, 0x0000000084600000|  0%| F|  |TAMS 0x0000000084500000, 0x0000000084500000| Untracked 
|  70|0x0000000084600000, 0x0000000084600000, 0x0000000084700000|  0%| F|  |TAMS 0x0000000084600000, 0x0000000084600000| Untracked 
|  71|0x0000000084700000, 0x0000000084700000, 0x0000000084800000|  0%| F|  |TAMS 0x0000000084700000, 0x0000000084700000| Untracked 
|  72|0x0000000084800000, 0x0000000084800000, 0x0000000084900000|  0%| F|  |TAMS 0x0000000084800000, 0x0000000084800000| Untracked 
|  73|0x0000000084900000, 0x0000000084900000, 0x0000000084a00000|  0%| F|  |TAMS 0x0000000084900000, 0x0000000084900000| Untracked 
|  74|0x0000000084a00000, 0x0000000084a00000, 0x0000000084b00000|  0%| F|  |TAMS 0x0000000084a00000, 0x0000000084a00000| Untracked 
|  75|0x0000000084b00000, 0x0000000084b00000, 0x0000000084c00000|  0%| F|  |TAMS 0x0000000084b00000, 0x0000000084b00000| Untracked 
|  76|0x0000000084c00000, 0x0000000084c00000, 0x0000000084d00000|  0%| F|  |TAMS 0x0000000084c00000, 0x0000000084c00000| Untracked 
|  77|0x0000000084d00000, 0x0000000084d00000, 0x0000000084e00000|  0%| F|  |TAMS 0x0000000084d00000, 0x0000000084d00000| Untracked 
|  78|0x0000000084e00000, 0x0000000084e00000, 0x0000000084f00000|  0%| F|  |TAMS 0x0000000084e00000, 0x0000000084e00000| Untracked 
|  79|0x0000000084f00000, 0x0000000084f00000, 0x0000000085000000|  0%| F|  |TAMS 0x0000000084f00000, 0x0000000084f00000| Untracked 
|  80|0x0000000085000000, 0x0000000085000000, 0x0000000085100000|  0%| F|  |TAMS 0x0000000085000000, 0x0000000085000000| Untracked 
|  81|0x0000000085100000, 0x0000000085100000, 0x0000000085200000|  0%| F|  |TAMS 0x0000000085100000, 0x0000000085100000| Untracked 
|  82|0x0000000085200000, 0x0000000085200000, 0x0000000085300000|  0%| F|  |TAMS 0x0000000085200000, 0x0000000085200000| Untracked 
|  83|0x0000000085300000, 0x0000000085300000, 0x0000000085400000|  0%| F|  |TAMS 0x0000000085300000, 0x0000000085300000| Untracked 
|  84|0x0000000085400000, 0x0000000085400000, 0x0000000085500000|  0%| F|  |TAMS 0x0000000085400000, 0x0000000085400000| Untracked 
|  85|0x0000000085500000, 0x0000000085500000, 0x0000000085600000|  0%| F|  |TAMS 0x0000000085500000, 0x0000000085500000| Untracked 
|  86|0x0000000085600000, 0x0000000085600000, 0x0000000085700000|  0%| F|  |TAMS 0x0000000085600000, 0x0000000085600000| Untracked 
|  87|0x0000000085700000, 0x0000000085700000, 0x0000000085800000|  0%| F|  |TAMS 0x0000000085700000, 0x0000000085700000| Untracked 
|  88|0x0000000085800000, 0x0000000085800000, 0x0000000085900000|  0%| F|  |TAMS 0x0000000085800000, 0x0000000085800000| Untracked 
|  89|0x0000000085900000, 0x0000000085900000, 0x0000000085a00000|  0%| F|  |TAMS 0x0000000085900000, 0x0000000085900000| Untracked 
|  90|0x0000000085a00000, 0x0000000085a00000, 0x0000000085b00000|  0%| F|  |TAMS 0x0000000085a00000, 0x0000000085a00000| Untracked 
|  91|0x0000000085b00000, 0x0000000085b00000, 0x0000000085c00000|  0%| F|  |TAMS 0x0000000085b00000, 0x0000000085b00000| Untracked 
|  92|0x0000000085c00000, 0x0000000085c00000, 0x0000000085d00000|  0%| F|  |TAMS 0x0000000085c00000, 0x0000000085c00000| Untracked 
|  93|0x0000000085d00000, 0x0000000085d00000, 0x0000000085e00000|  0%| F|  |TAMS 0x0000000085d00000, 0x0000000085d00000| Untracked 
|  94|0x0000000085e00000, 0x0000000085e00000, 0x0000000085f00000|  0%| F|  |TAMS 0x0000000085e00000, 0x0000000085e00000| Untracked 
|  95|0x0000000085f00000, 0x0000000085f5f0e0, 0x0000000086000000| 37%| S|CS|TAMS 0x0000000085f00000, 0x0000000085f00000| Complete 
|  96|0x0000000086000000, 0x0000000086100000, 0x0000000086100000|100%| S|CS|TAMS 0x0000000086000000, 0x0000000086000000| Complete 
|  97|0x0000000086100000, 0x0000000086100000, 0x0000000086200000|  0%| F|  |TAMS 0x0000000086100000, 0x0000000086100000| Untracked 
|  98|0x0000000086200000, 0x0000000086200000, 0x0000000086300000|  0%| F|  |TAMS 0x0000000086200000, 0x0000000086200000| Untracked 
|  99|0x0000000086300000, 0x0000000086300000, 0x0000000086400000|  0%| F|  |TAMS 0x0000000086300000, 0x0000000086300000| Untracked 
| 100|0x0000000086400000, 0x0000000086400000, 0x0000000086500000|  0%| F|  |TAMS 0x0000000086400000, 0x0000000086400000| Untracked 
| 101|0x0000000086500000, 0x0000000086586f38, 0x0000000086600000| 52%| E|  |TAMS 0x0000000086500000, 0x0000000086500000| Complete 
| 102|0x0000000086600000, 0x0000000086700000, 0x0000000086700000|100%| E|CS|TAMS 0x0000000086600000, 0x0000000086600000| Complete 
| 103|0x0000000086700000, 0x0000000086800000, 0x0000000086800000|100%| E|CS|TAMS 0x0000000086700000, 0x0000000086700000| Complete 
| 104|0x0000000086800000, 0x0000000086900000, 0x0000000086900000|100%| E|CS|TAMS 0x0000000086800000, 0x0000000086800000| Complete 
| 105|0x0000000086900000, 0x0000000086a00000, 0x0000000086a00000|100%| E|CS|TAMS 0x0000000086900000, 0x0000000086900000| Complete 
| 106|0x0000000086a00000, 0x0000000086b00000, 0x0000000086b00000|100%| E|CS|TAMS 0x0000000086a00000, 0x0000000086a00000| Complete 
| 107|0x0000000086b00000, 0x0000000086c00000, 0x0000000086c00000|100%| E|CS|TAMS 0x0000000086b00000, 0x0000000086b00000| Complete 
| 108|0x0000000086c00000, 0x0000000086d00000, 0x0000000086d00000|100%| E|CS|TAMS 0x0000000086c00000, 0x0000000086c00000| Complete 
| 109|0x0000000086d00000, 0x0000000086e00000, 0x0000000086e00000|100%| E|CS|TAMS 0x0000000086d00000, 0x0000000086d00000| Complete 
| 110|0x0000000086e00000, 0x0000000086f00000, 0x0000000086f00000|100%| E|CS|TAMS 0x0000000086e00000, 0x0000000086e00000| Complete 
| 111|0x0000000086f00000, 0x0000000087000000, 0x0000000087000000|100%| E|CS|TAMS 0x0000000086f00000, 0x0000000086f00000| Complete 
| 112|0x0000000087000000, 0x0000000087100000, 0x0000000087100000|100%| E|CS|TAMS 0x0000000087000000, 0x0000000087000000| Complete 
| 113|0x0000000087100000, 0x0000000087200000, 0x0000000087200000|100%| E|CS|TAMS 0x0000000087100000, 0x0000000087100000| Complete 
| 114|0x0000000087200000, 0x0000000087300000, 0x0000000087300000|100%| E|CS|TAMS 0x0000000087200000, 0x0000000087200000| Complete 
| 115|0x0000000087300000, 0x0000000087400000, 0x0000000087400000|100%| E|CS|TAMS 0x0000000087300000, 0x0000000087300000| Complete 
| 116|0x0000000087400000, 0x0000000087500000, 0x0000000087500000|100%| E|  |TAMS 0x0000000087400000, 0x0000000087400000| Complete 
| 117|0x0000000087500000, 0x0000000087600000, 0x0000000087600000|100%| E|CS|TAMS 0x0000000087500000, 0x0000000087500000| Complete 
| 118|0x0000000087600000, 0x0000000087700000, 0x0000000087700000|100%| E|CS|TAMS 0x0000000087600000, 0x0000000087600000| Complete 
| 119|0x0000000087700000, 0x0000000087800000, 0x0000000087800000|100%| E|CS|TAMS 0x0000000087700000, 0x0000000087700000| Complete 
| 120|0x0000000087800000, 0x0000000087900000, 0x0000000087900000|100%| E|CS|TAMS 0x0000000087800000, 0x0000000087800000| Complete 
| 121|0x0000000087900000, 0x0000000087a00000, 0x0000000087a00000|100%| E|CS|TAMS 0x0000000087900000, 0x0000000087900000| Complete 
| 122|0x0000000087a00000, 0x0000000087b00000, 0x0000000087b00000|100%| E|CS|TAMS 0x0000000087a00000, 0x0000000087a00000| Complete 
| 123|0x0000000087b00000, 0x0000000087c00000, 0x0000000087c00000|100%| E|CS|TAMS 0x0000000087b00000, 0x0000000087b00000| Complete 
| 124|0x0000000087c00000, 0x0000000087d00000, 0x0000000087d00000|100%| E|CS|TAMS 0x0000000087c00000, 0x0000000087c00000| Complete 
| 125|0x0000000087d00000, 0x0000000087e00000, 0x0000000087e00000|100%| E|CS|TAMS 0x0000000087d00000, 0x0000000087d00000| Complete 

Card table byte_map: [0x0000024a42eb0000,0x0000024a432b0000] _byte_map_base: 0x0000024a42ab0000

Marking Bits (Prev, Next): (CMBitMap*) 0x0000024a2fcb16a0, (CMBitMap*) 0x0000024a2fcb1668
 Prev Bits: [0x0000024a456b0000, 0x0000024a476b0000)
 Next Bits: [0x0000024a436b0000, 0x0000024a456b0000)

Polling page: 0x0000024a2f450000

Metaspace:

Usage:
  Non-class:     19.98 MB capacity,    19.60 MB ( 98%) used,   351.16 KB (  2%) free+waste,    38.88 KB ( <1%) overhead. 
      Class:      3.03 MB capacity,     2.86 MB ( 94%) used,   156.69 KB (  5%) free+waste,    19.25 KB ( <1%) overhead. 
       Both:     23.01 MB capacity,    22.46 MB ( 98%) used,   507.84 KB (  2%) free+waste,    58.13 KB ( <1%) overhead. 

Virtual space:
  Non-class space:       22.00 MB reserved,      20.00 MB ( 91%) committed 
      Class space:        1.00 GB reserved,       3.13 MB ( <1%) committed 
             Both:        1.02 GB reserved,      23.13 MB (  2%) committed 

Chunk freelists:
   Non-Class:  16.00 KB
       Class:  4.00 KB
        Both:  20.00 KB

MaxMetaspaceSize: 17179869184.00 GB
CompressedClassSpaceSize: 1.00 GB
Initial GC threshold: 20.80 MB
Current GC threshold: 35.00 MB
CDS: off

CodeHeap 'non-profiled nmethods': size=120000Kb used=1008Kb max_used=1008Kb free=118991Kb
 bounds [0x0000024a3b250000, 0x0000024a3b4c0000, 0x0000024a42780000]
CodeHeap 'profiled nmethods': size=120000Kb used=4172Kb max_used=4172Kb free=115828Kb
 bounds [0x0000024a33d20000, 0x0000024a34140000, 0x0000024a3b250000]
CodeHeap 'non-nmethods': size=5760Kb used=1229Kb max_used=1242Kb free=4530Kb
 bounds [0x0000024a33780000, 0x0000024a339f0000, 0x0000024a33d20000]
 total_blobs=2468 nmethods=1982 adapters=398
 compilation: enabled
              stopped_count=0, restarted_count=0
 full_count=0

Compilation events (20 events):
Event: 4.528 Thread 0x0000024a4a12f000 1966       3       java.lang.Package$VersionInfo::<init> (44 bytes)
Event: 4.528 Thread 0x0000024a4a12f000 nmethod 1966 0x0000024a34124010 code [0x0000024a341241e0, 0x0000024a341245d8]
Event: 4.578 Thread 0x0000024a4a12f000 1967       3       java.util.LinkedList$ListItr::remove (84 bytes)
Event: 4.579 Thread 0x0000024a4a12f000 nmethod 1967 0x0000024a34124690 code [0x0000024a341248a0, 0x0000024a34124d08]
Event: 4.579 Thread 0x0000024a4a12f000 1968       3       java.util.LinkedList::unlink (91 bytes)
Event: 4.579 Thread 0x0000024a4a12f000 nmethod 1968 0x0000024a34124f10 code [0x0000024a341250e0, 0x0000024a341254b8]
Event: 4.580 Thread 0x0000024a4a12f000 1969       3       org.gradle.internal.service.DefaultServiceMethodFactory::toServiceMethod (11 bytes)
Event: 4.580 Thread 0x0000024a4a12f000 nmethod 1969 0x0000024a34125610 code [0x0000024a341257c0, 0x0000024a34125988]
Event: 4.580 Thread 0x0000024a4a12f000 1970   !   3       org.gradle.internal.service.MethodHandleBasedServiceMethodFactory::toServiceMethod (51 bytes)
Event: 4.582 Thread 0x0000024a4a12f000 nmethod 1970 0x0000024a34125a90 code [0x0000024a34125e00, 0x0000024a34127368]
Event: 4.582 Thread 0x0000024a4a12f000 1975       3       sun.reflect.generics.parser.SignatureParser::parseFieldTypeSignature (6 bytes)
Event: 4.583 Thread 0x0000024a4a12f000 nmethod 1975 0x0000024a34127a90 code [0x0000024a34127c40, 0x0000024a34127d68]
Event: 4.583 Thread 0x0000024a4a12f000 1971       3       java.lang.reflect.Method::getGenericParameterTypes (5 bytes)
Event: 4.584 Thread 0x0000024a4a12f000 nmethod 1971 0x0000024a34127e10 code [0x0000024a341280e0, 0x0000024a34129138]
Event: 4.584 Thread 0x0000024a4a12f000 1972       3       java.lang.reflect.Method::hasGenericInformation (13 bytes)
Event: 4.585 Thread 0x0000024a4a12f000 nmethod 1972 0x0000024a34129610 code [0x0000024a341297c0, 0x0000024a34129938]
Event: 4.585 Thread 0x0000024a4a12f000 1973       3       java.lang.reflect.Method::getGenericReturnType (20 bytes)
Event: 4.586 Thread 0x0000024a4a12f000 nmethod 1973 0x0000024a34129a10 code [0x0000024a34129cc0, 0x0000024a3412ad78]
Event: 4.586 Thread 0x0000024a4a12f000 1974       3       org.gradle.internal.service.AbstractServiceMethod::<init> (42 bytes)
Event: 4.589 Thread 0x0000024a4a12f000 nmethod 1974 0x0000024a3412b290 code [0x0000024a3412b600, 0x0000024a3412d128]

GC Heap History (6 events):
Event: 1.231 GC heap before
{Heap before GC invocations=0 (full 0):
 garbage-first heap   total 129024K, used 29696K [0x0000000080000000, 0x0000000100000000)
  region size 1024K, 24 young (24576K), 0 survivors (0K)
 Metaspace       used 10222K, capacity 10431K, committed 10624K, reserved 1058816K
  class space    used 1071K, capacity 1141K, committed 1152K, reserved 1048576K
}
Event: 1.239 GC heap after
{Heap after GC invocations=1 (full 0):
 garbage-first heap   total 129024K, used 9586K [0x0000000080000000, 0x0000000100000000)
  region size 1024K, 3 young (3072K), 3 survivors (3072K)
 Metaspace       used 10222K, capacity 10431K, committed 10624K, reserved 1058816K
  class space    used 1071K, capacity 1141K, committed 1152K, reserved 1048576K
}
Event: 3.665 GC heap before
{Heap before GC invocations=1 (full 0):
 garbage-first heap   total 129024K, used 83314K [0x0000000080000000, 0x0000000100000000)
  region size 1024K, 75 young (76800K), 3 survivors (3072K)
 Metaspace       used 17614K, capacity 17977K, committed 18176K, reserved 1064960K
  class space    used 2083K, capacity 2211K, committed 2304K, reserved 1048576K
}
Event: 3.701 GC heap after
{Heap after GC invocations=2 (full 0):
 garbage-first heap   total 129024K, used 16160K [0x0000000080000000, 0x0000000100000000)
  region size 1024K, 10 young (10240K), 10 survivors (10240K)
 Metaspace       used 17614K, capacity 17977K, committed 18176K, reserved 1064960K
  class space    used 2083K, capacity 2211K, committed 2304K, reserved 1048576K
}
Event: 4.215 GC heap before
{Heap before GC invocations=2 (full 0):
 garbage-first heap   total 129024K, used 44832K [0x0000000080000000, 0x0000000100000000)
  region size 1024K, 39 young (39936K), 10 survivors (10240K)
 Metaspace       used 20742K, capacity 21144K, committed 21248K, reserved 1067008K
  class space    used 2555K, capacity 2713K, committed 2816K, reserved 1048576K
}
Event: 4.223 GC heap after
{Heap after GC invocations=3 (full 0):
 garbage-first heap   total 129024K, used 17617K [0x0000000080000000, 0x0000000100000000)
  region size 1024K, 2 young (2048K), 2 survivors (2048K)
 Metaspace       used 20742K, capacity 21144K, committed 21248K, reserved 1067008K
  class space    used 2555K, capacity 2713K, committed 2816K, reserved 1048576K
}

Deoptimization events (20 events):
Event: 4.184 Thread 0x0000024a4bfd2800 Uncommon trap: trap_request=0xffffffc6 fr.pc=0x0000024a3b2c66a4 relative=0x0000000000000084
Event: 4.184 Thread 0x0000024a4bfd2800 Uncommon trap: reason=bimorphic_or_optimized_type_check action=maybe_recompile pc=0x0000024a3b2c66a4 method=java.util.AbstractList$Itr.hasNext()Z @ 8 c2
Event: 4.184 Thread 0x0000024a4bfd2800 DEOPT PACKING pc=0x0000024a3b2c66a4 sp=0x000000aa81cfa700
Event: 4.184 Thread 0x0000024a4bfd2800 DEOPT UNPACKING pc=0x0000024a337885af sp=0x000000aa81cfa698 mode 2
Event: 4.184 Thread 0x0000024a4bfd2800 Uncommon trap: trap_request=0xffffffc6 fr.pc=0x0000024a3b2c6a54 relative=0x0000000000000114
Event: 4.184 Thread 0x0000024a4bfd2800 Uncommon trap: reason=bimorphic_or_optimized_type_check action=maybe_recompile pc=0x0000024a3b2c6a54 method=java.util.AbstractList$Itr.next()Ljava/lang/Object; @ 14 c2
Event: 4.184 Thread 0x0000024a4bfd2800 DEOPT PACKING pc=0x0000024a3b2c6a54 sp=0x000000aa81cfa6f0
Event: 4.184 Thread 0x0000024a4bfd2800 DEOPT UNPACKING pc=0x0000024a337885af sp=0x000000aa81cfa688 mode 2
Event: 4.185 Thread 0x0000024a4bfd2800 Uncommon trap: trap_request=0xffffff4d fr.pc=0x0000024a3b2c30f8 relative=0x00000000000005b8
Event: 4.185 Thread 0x0000024a4bfd2800 Uncommon trap: reason=unstable_if action=reinterpret pc=0x0000024a3b2c30f8 method=java.io.File.getName()Ljava/lang/String; @ 16 c2
Event: 4.185 Thread 0x0000024a4bfd2800 DEOPT PACKING pc=0x0000024a3b2c30f8 sp=0x000000aa81cfb0c0
Event: 4.185 Thread 0x0000024a4bfd2800 DEOPT UNPACKING pc=0x0000024a337885af sp=0x000000aa81cfb090 mode 2
Event: 4.185 Thread 0x0000024a4bfd2800 Uncommon trap: trap_request=0xffffff4d fr.pc=0x0000024a3b2c2410 relative=0x0000000000000450
Event: 4.185 Thread 0x0000024a4bfd2800 Uncommon trap: reason=unstable_if action=reinterpret pc=0x0000024a3b2c2410 method=java.lang.String.substring(I)Ljava/lang/String; @ 34 c2
Event: 4.185 Thread 0x0000024a4bfd2800 DEOPT PACKING pc=0x0000024a3b2c2410 sp=0x000000aa81cfb040
Event: 4.185 Thread 0x0000024a4bfd2800 DEOPT UNPACKING pc=0x0000024a337885af sp=0x000000aa81cfb018 mode 2
Event: 4.367 Thread 0x0000024a4bfd2800 Uncommon trap: trap_request=0xffffff4d fr.pc=0x0000024a3b345db0 relative=0x00000000000003b0
Event: 4.367 Thread 0x0000024a4bfd2800 Uncommon trap: reason=unstable_if action=reinterpret pc=0x0000024a3b345db0 method=jdk.internal.org.objectweb.asm.Type.getArgumentsAndReturnSizes(Ljava/lang/String;)I @ 88 c2
Event: 4.367 Thread 0x0000024a4bfd2800 DEOPT PACKING pc=0x0000024a3b345db0 sp=0x000000aa81cf9630
Event: 4.367 Thread 0x0000024a4bfd2800 DEOPT UNPACKING pc=0x0000024a337885af sp=0x000000aa81cf95b8 mode 2

Classes redefined (0 events):
No events

Internal exceptions (20 events):
Event: 0.734 Thread 0x0000024a2fc6f000 Exception <a 'java/lang/NoClassDefFoundError'{0x0000000086fa5620}: org/slf4j/impl/StaticMarkerBinder> (0x0000000086fa5620) thrown at [./src/hotspot/share/classfile/systemDictionary.cpp, line 220]
Event: 0.910 Thread 0x0000024a2fc6f000 Exception <a 'java/lang/NoSuchMethodError'{0x0000000086cbce58}: 'java.lang.Object java.lang.invoke.DirectMethodHandle$Holder.invokeVirtual(java.lang.Object, java.lang.Object, java.lang.Object, java.lang.Object, java.lang.Object, java.lang.Object, java.lang.Object)'> (0x0000000086cbce58) thrown at [./src/hotspot/share/interpreter/linkResolver.cpp, line 773]
Event: 0.915 Thread 0x0000024a2fc6f000 Exception <a 'java/lang/NoSuchMethodError'{0x0000000086cd12b8}: 'java.lang.Object java.lang.invoke.Invokers$Holder.invoker(java.lang.Object, java.lang.Object, java.lang.Object)'> (0x0000000086cd12b8) thrown at [./src/hotspot/share/interpreter/linkResolver.cpp, line 773]
Event: 0.922 Thread 0x0000024a2fc6f000 Exception <a 'java/lang/NoSuchMethodError'{0x0000000086ce2330}: 'void java.lang.invoke.DelegatingMethodHandle$Holder.delegate(java.lang.Object, java.lang.Object, int, java.lang.Object)'> (0x0000000086ce2330) thrown at [./src/hotspot/share/interpreter/linkResolver.cpp, line 773]
Event: 1.900 Thread 0x0000024a2fc6f000 Exception <a 'java/security/PrivilegedActionException'{0x00000000858d7ba8}> (0x00000000858d7ba8) thrown at [./src/hotspot/share/prims/jvm.cpp, line 1306]
Event: 1.900 Thread 0x0000024a2fc6f000 Exception <a 'java/security/PrivilegedActionException'{0x00000000858d8120}> (0x00000000858d8120) thrown at [./src/hotspot/share/prims/jvm.cpp, line 1306]
Event: 2.318 Thread 0x0000024a2fc6f000 Exception <a 'java/lang/NoSuchMethodError'{0x00000000847ec410}: 'java.lang.Object java.lang.invoke.DirectMethodHandle$Holder.invokeStaticInit(java.lang.Object, java.lang.Object, java.lang.Object)'> (0x00000000847ec410) thrown at [./src/hotspot/share/interpreter/linkResolver.cpp, line 773]
Event: 2.608 Thread 0x0000024a2fc6f000 Exception <a 'java/lang/NoSuchMethodError'{0x0000000084056758}: 'java.lang.Object java.lang.invoke.DirectMethodHandle$Holder.invokeStaticInit(java.lang.Object, int, int, int, int)'> (0x0000000084056758) thrown at [./src/hotspot/share/interpreter/linkResolver.cpp, line 773]
Event: 2.934 Thread 0x0000024a2fc6f000 Exception <a 'java/lang/NoSuchMethodError'{0x000000008407b500}: 'java.lang.Object java.lang.invoke.DirectMethodHandle$Holder.invokeStaticInit(java.lang.Object, java.lang.Object, int, int, int, int)'> (0x000000008407b500) thrown at [./src/hotspot/share/interpreter/linkResolver.cpp, line 773]
Event: 3.378 Thread 0x0000024a2fc6f000 Exception <a 'java/io/IOException'{0x0000000083ece730}> (0x0000000083ece730) thrown at [./src/hotspot/share/prims/jni.cpp, line 615]
Event: 3.571 Thread 0x0000024a4bfd2800 Exception <a 'java/lang/NoSuchMethodError'{0x00000000837eaa98}: 'long java.lang.invoke.DirectMethodHandle$Holder.invokeInterface(java.lang.Object, java.lang.Object)'> (0x00000000837eaa98) thrown at [./src/hotspot/share/interpreter/linkResolver.cpp, line 773]
Event: 3.573 Thread 0x0000024a4bfd2800 Exception <a 'java/lang/NoSuchMethodError'{0x00000000837f7b38}: 'void java.lang.invoke.DelegatingMethodHandle$Holder.reinvoke_L(java.lang.Object, java.lang.Object, java.lang.Object, java.lang.Object, java.lang.Object, java.lang.Object, java.lang.Object)'> (0x00000000837f7b38) thrown at [./src/hotspot/share/interpreter/linkResolver.cpp, line 773]
Event: 4.077 Thread 0x0000024a4bfd2800 Exception <a 'java/lang/NoSuchMethodError'{0x000000008662c2c8}: 'void java.lang.invoke.DirectMethodHandle$Holder.invokeStaticInit(java.lang.Object)'> (0x000000008662c2c8) thrown at [./src/hotspot/share/interpreter/linkResolver.cpp, line 773]
Event: 4.095 Thread 0x0000024a4bfd2800 Exception <a 'java/lang/NoSuchMethodError'{0x00000000865071d0}: 'java.lang.Object java.lang.invoke.DirectMethodHandle$Holder.invokeStatic(java.lang.Object, java.lang.Object, java.lang.Object, int)'> (0x00000000865071d0) thrown at [./src/hotspot/share/interpreter/linkResolver.cpp, line 773]
Event: 4.095 Thread 0x0000024a4bfd2800 Exception <a 'java/lang/NoSuchMethodError'{0x000000008650b8e8}: 'java.lang.Object java.lang.invoke.DirectMethodHandle$Holder.invokeSpecial(java.lang.Object, java.lang.Object, java.lang.Object, java.lang.Object, int)'> (0x000000008650b8e8) thrown at [./src/hotspot/share/interpreter/linkResolver.cpp, line 773]
Event: 4.096 Thread 0x0000024a4bfd2800 Exception <a 'java/lang/NoSuchMethodError'{0x000000008650f820}: 'java.lang.Object java.lang.invoke.Invokers$Holder.linkToTargetMethod(java.lang.Object, java.lang.Object, int, java.lang.Object)'> (0x000000008650f820) thrown at [./src/hotspot/share/interpreter/linkResolver.cpp, line 773]
Event: 4.267 Thread 0x0000024a4bfd2800 Exception <a 'java/lang/NoSuchMethodError'{0x0000000087b00fc8}: 'int java.lang.invoke.DirectMethodHandle$Holder.invokeSpecialIFC(java.lang.Object, java.lang.Object, java.lang.Object, java.lang.Object)'> (0x0000000087b00fc8) thrown at [./src/hotspot/share/interpreter/linkResolver.cpp, line 773]
Event: 4.270 Thread 0x0000024a4bfd2800 Exception <a 'java/lang/NoSuchMethodError'{0x0000000087b0ef80}: 'java.lang.Object java.lang.invoke.DirectMethodHandle$Holder.invokeInterface(java.lang.Object, java.lang.Object, java.lang.Object)'> (0x0000000087b0ef80) thrown at [./src/hotspot/share/interpreter/linkResolver.cpp, line 773]
Event: 4.270 Thread 0x0000024a4bfd2800 Exception <a 'java/lang/IncompatibleClassChangeError'{0x0000000087b12458}: Found class java.lang.Object, but interface was expected> (0x0000000087b12458) thrown at [./src/hotspot/share/interpreter/linkResolver.cpp, line 839]
Event: 4.493 Thread 0x0000024a4bfd2800 Exception <a 'java/lang/NoSuchMethodError'{0x00000000870c66c0}: 'java.lang.Object java.lang.invoke.DirectMethodHandle$Holder.invokeSpecial(java.lang.Object, java.lang.Object, java.lang.Object, java.lang.Object, java.lang.Object, java.lang.Object, java.lang.Object, java.lang.Object, java.lang.Object)'> (0x00000000870c66c0) thrown at [./src/hotspot/share/interpreter/linkResolver.cpp, line 773]

Events (20 events):
Event: 4.601 loading class org/gradle/api/internal/component/DefaultComponentTypeRegistry$DefaultComponentTypeRegistration
Event: 4.601 loading class org/gradle/api/internal/component/DefaultComponentTypeRegistry$DefaultComponentTypeRegistration done
Event: 4.602 loading class org/gradle/ivy/IvyDescriptorArtifact
Event: 4.602 loading class org/gradle/ivy/IvyDescriptorArtifact done
Event: 4.603 loading class org/gradle/api/component/Artifact
Event: 4.603 loading class org/gradle/api/component/Artifact done
Event: 4.603 loading class org/gradle/api/internal/component/ArtifactType
Event: 4.603 loading class org/gradle/api/internal/component/ArtifactType done
Event: 4.604 loading class org/gradle/language/jvm/internal/JvmPluginServiceRegistry$ComponentRegistrationAction
Event: 4.604 loading class org/gradle/language/jvm/internal/JvmPluginServiceRegistry$ComponentRegistrationAction done
Event: 4.605 loading class org/gradle/jvm/JvmLibrary
Event: 4.605 loading class org/gradle/jvm/JvmLibrary done
Event: 4.606 loading class org/gradle/platform/base/Library
Event: 4.606 loading class org/gradle/platform/base/Library done
Event: 4.606 loading class org/gradle/language/base/artifact/SourcesArtifact
Event: 4.606 loading class org/gradle/language/base/artifact/SourcesArtifact done
Event: 4.607 loading class org/gradle/jvm/toolchain/install/internal/JdkCacheDirectory
Event: 4.607 loading class org/gradle/jvm/toolchain/install/internal/JdkCacheDirectory done
Event: 4.609 loading class org/gradle/jvm/toolchain/internal/JavaInstallationRegistry
Event: 4.609 loading class org/gradle/jvm/toolchain/internal/JavaInstallationRegistry done


Dynamic libraries:
0x00007ff64fad0000 - 0x00007ff64fada000 	C:\Program Files\Android\Android Studio\jre\bin\java.exe
0x00007ff856cd0000 - 0x00007ff856ec8000 	C:\WINDOWS\SYSTEM32\ntdll.dll
0x00007ff854f00000 - 0x00007ff854fbd000 	C:\WINDOWS\System32\KERNEL32.DLL
0x00007ff854730000 - 0x00007ff8549fe000 	C:\WINDOWS\System32\KERNELBASE.dll
0x00007ff8543f0000 - 0x00007ff8544f0000 	C:\WINDOWS\System32\ucrtbase.dll
0x00007ff829160000 - 0x00007ff829177000 	C:\Program Files\Android\Android Studio\jre\bin\VCRUNTIME140.dll
0x00007ff829180000 - 0x00007ff829199000 	C:\Program Files\Android\Android Studio\jre\bin\jli.dll
0x00007ff855ea0000 - 0x00007ff856040000 	C:\WINDOWS\System32\USER32.dll
0x00007ff83ebf0000 - 0x00007ff83ee8a000 	C:\WINDOWS\WinSxS\amd64_microsoft.windows.common-controls_6595b64144ccf1df_6.0.19041.1110_none_60b5254171f9507e\COMCTL32.dll
0x00007ff8544f0000 - 0x00007ff854512000 	C:\WINDOWS\System32\win32u.dll
0x00007ff856320000 - 0x00007ff85634a000 	C:\WINDOWS\System32\GDI32.dll
0x00007ff856910000 - 0x00007ff8569ae000 	C:\WINDOWS\System32\msvcrt.dll
0x00007ff854a00000 - 0x00007ff854b0b000 	C:\WINDOWS\System32\gdi32full.dll
0x00007ff854690000 - 0x00007ff85472d000 	C:\WINDOWS\System32\msvcp_win.dll
0x00007ff8567c0000 - 0x00007ff8567f0000 	C:\WINDOWS\System32\IMM32.DLL
0x00007fffed1a0000 - 0x00007fffed23d000 	C:\Program Files\Android\Android Studio\jre\bin\msvcp140.dll
0x00007fffed350000 - 0x00007fffede35000 	C:\Program Files\Android\Android Studio\jre\bin\server\jvm.dll
0x00007ff855880000 - 0x00007ff85592e000 	C:\WINDOWS\System32\ADVAPI32.dll
0x00007ff854d30000 - 0x00007ff854dcc000 	C:\WINDOWS\System32\sechost.dll
0x00007ff854dd0000 - 0x00007ff854ef5000 	C:\WINDOWS\System32\RPCRT4.dll
0x00007ff856c80000 - 0x00007ff856c88000 	C:\WINDOWS\System32\PSAPI.DLL
0x00007ff83f370000 - 0x00007ff83f379000 	C:\WINDOWS\SYSTEM32\WSOCK32.dll
0x00007ff83ae80000 - 0x00007ff83aea7000 	C:\WINDOWS\SYSTEM32\WINMM.dll
0x00007ff8568a0000 - 0x00007ff85690b000 	C:\WINDOWS\System32\WS2_32.dll
0x00007ff84a490000 - 0x00007ff84a49a000 	C:\WINDOWS\SYSTEM32\VERSION.dll
0x00007ff852c40000 - 0x00007ff852c52000 	C:\WINDOWS\SYSTEM32\kernel.appcore.dll
0x00007ff83a580000 - 0x00007ff83a591000 	C:\Program Files\Android\Android Studio\jre\bin\verify.dll
0x00007ff852190000 - 0x00007ff852374000 	C:\WINDOWS\SYSTEM32\DBGHELP.DLL
0x00007ff834ed0000 - 0x00007ff834efc000 	C:\WINDOWS\SYSTEM32\dbgcore.DLL
0x00007ff854520000 - 0x00007ff8545a2000 	C:\WINDOWS\System32\bcryptPrimitives.dll
0x00007ff827260000 - 0x00007ff827289000 	C:\Program Files\Android\Android Studio\jre\bin\java.dll
0x00007ff83e7e0000 - 0x00007ff83e7eb000 	C:\Program Files\Android\Android Studio\jre\bin\jimage.dll
0x00007ff827220000 - 0x00007ff827238000 	C:\Program Files\Android\Android Studio\jre\bin\zip.dll
0x00007ff855130000 - 0x00007ff855874000 	C:\WINDOWS\System32\SHELL32.dll
0x00007ff852380000 - 0x00007ff852b14000 	C:\WINDOWS\SYSTEM32\windows.storage.dll
0x00007ff855a10000 - 0x00007ff855d64000 	C:\WINDOWS\System32\combase.dll
0x00007ff853e50000 - 0x00007ff853e80000 	C:\WINDOWS\SYSTEM32\Wldp.dll
0x00007ff8567f0000 - 0x00007ff85689d000 	C:\WINDOWS\System32\SHCORE.dll
0x00007ff8550d0000 - 0x00007ff855125000 	C:\WINDOWS\System32\shlwapi.dll
0x00007ff854330000 - 0x00007ff85434f000 	C:\WINDOWS\SYSTEM32\profapi.dll
0x00007ff827200000 - 0x00007ff82721a000 	C:\Program Files\Android\Android Studio\jre\bin\net.dll
0x00007ff84ca60000 - 0x00007ff84cb6a000 	C:\WINDOWS\SYSTEM32\WINHTTP.dll
0x00007ff853b90000 - 0x00007ff853bfa000 	C:\WINDOWS\system32\mswsock.dll
0x00007ff8271e0000 - 0x00007ff8271f4000 	C:\Program Files\Android\Android Studio\jre\bin\nio.dll
0x00007ff848090000 - 0x00007ff8480b7000 	C:\Users\shail\.gradle\native\e1d6ef7f7dcc3fd88c89a11ec53ec762bb8ba0a96d01ffa2cd45eb1d1d8dd5c5\windows-amd64\native-platform.dll
0x00007fffeb600000 - 0x00007fffeb744000 	C:\Users\shail\.gradle\native\5664cfc778a61ccfe75a443a1ab52a65af34e5dc3c78e0209fed803814484fcb\windows-amd64\native-platform-file-events.dll
0x00007ff8389b0000 - 0x00007ff8389ba000 	C:\Program Files\Android\Android Studio\jre\bin\management.dll
0x00007ff827250000 - 0x00007ff82725d000 	C:\Program Files\Android\Android Studio\jre\bin\management_ext.dll
0x00007ff853da0000 - 0x00007ff853db8000 	C:\WINDOWS\SYSTEM32\CRYPTSP.dll
0x00007ff853480000 - 0x00007ff8534b4000 	C:\WINDOWS\system32\rsaenh.dll
0x00007ff854660000 - 0x00007ff854687000 	C:\WINDOWS\System32\bcrypt.dll
0x00007ff8542f0000 - 0x00007ff85431e000 	C:\WINDOWS\SYSTEM32\USERENV.dll
0x00007ff853dc0000 - 0x00007ff853dcc000 	C:\WINDOWS\SYSTEM32\CRYPTBASE.dll
0x00007ff853820000 - 0x00007ff85385b000 	C:\WINDOWS\SYSTEM32\IPHLPAPI.DLL
0x00007ff856040000 - 0x00007ff856048000 	C:\WINDOWS\System32\NSI.dll
0x00007ff8499f0000 - 0x00007ff849a07000 	C:\WINDOWS\SYSTEM32\dhcpcsvc6.DLL
0x00007ff84a230000 - 0x00007ff84a24d000 	C:\WINDOWS\SYSTEM32\dhcpcsvc.DLL
0x00007ff853860000 - 0x00007ff85392a000 	C:\WINDOWS\SYSTEM32\DNSAPI.dll

dbghelp: loaded successfully - version: 4.0.5 - missing functions: none
symbol engine: initialized successfully - sym options: 0x614 - pdb path: .;C:\Program Files\Android\Android Studio\jre\bin;C:\WINDOWS\SYSTEM32;C:\WINDOWS\WinSxS\amd64_microsoft.windows.common-controls_6595b64144ccf1df_6.0.19041.1110_none_60b5254171f9507e;C:\Program Files\Android\Android Studio\jre\bin\server;C:\Users\shail\.gradle\native\e1d6ef7f7dcc3fd88c89a11ec53ec762bb8ba0a96d01ffa2cd45eb1d1d8dd5c5\windows-amd64;C:\Users\shail\.gradle\native\5664cfc778a61ccfe75a443a1ab52a65af34e5dc3c78e0209fed803814484fcb\windows-amd64

VM Arguments:
jvm_args: --add-opens=java.base/java.util=ALL-UNNAMED --add-opens=java.base/java.lang=ALL-UNNAMED --add-opens=java.base/java.lang.invoke=ALL-UNNAMED --add-opens=java.base/java.util=ALL-UNNAMED --add-opens=java.prefs/java.util.prefs=ALL-UNNAMED --add-opens=java.prefs/java.util.prefs=ALL-UNNAMED --add-opens=java.base/java.nio.charset=ALL-UNNAMED --add-opens=java.base/java.net=ALL-UNNAMED --add-opens=java.base/java.util.concurrent.atomic=ALL-UNNAMED -Xmx2048m -Dfile.encoding=UTF-8 -Duser.country=IN -Duser.language=en -Duser.variant 
java_command: org.gradle.launcher.daemon.bootstrap.GradleDaemon 7.3.3
java_class_path (initial): C:\Users\shail\.gradle\wrapper\dists\gradle-7.3.3-bin\6a41zxkdtcxs8rphpq6y0069z\gradle-7.3.3\lib\gradle-launcher-7.3.3.jar
Launcher Type: SUN_STANDARD

[Global flags]
     intx CICompilerCount                          = 4                                         {product} {ergonomic}
     uint ConcGCThreads                            = 2                                         {product} {ergonomic}
     uint G1ConcRefinementThreads                  = 8                                         {product} {ergonomic}
   size_t G1HeapRegionSize                         = 1048576                                   {product} {ergonomic}
    uintx GCDrainStackTargetSize                   = 64                                        {product} {ergonomic}
   size_t InitialHeapSize                          = 132120576                                 {product} {ergonomic}
   size_t MarkStackSize                            = 4194304                                   {product} {ergonomic}
   size_t MaxHeapSize                              = 2147483648                                {product} {command line}
   size_t MaxNewSize                               = 1287651328                                {product} {ergonomic}
   size_t MinHeapDeltaBytes                        = 1048576                                   {product} {ergonomic}
    uintx NonNMethodCodeHeapSize                   = 5836300                                {pd product} {ergonomic}
    uintx NonProfiledCodeHeapSize                  = 122910970                              {pd product} {ergonomic}
    uintx ProfiledCodeHeapSize                     = 122910970                              {pd product} {ergonomic}
    uintx ReservedCodeCacheSize                    = 251658240                              {pd product} {ergonomic}
     bool SegmentedCodeCache                       = true                                      {product} {ergonomic}
     bool UseCompressedClassPointers               = true                                 {lp64_product} {ergonomic}
     bool UseCompressedOops                        = true                                 {lp64_product} {ergonomic}
     bool UseG1GC                                  = true                                      {product} {ergonomic}
     bool UseLargePagesIndividualAllocation        = false                                  {pd product} {ergonomic}

Logging:
Log output configuration:
 #0: stdout all=warning uptime,level,tags
 #1: stderr all=off uptime,level,tags

Environment Variables:
JAVA_HOME=C:\Program Files\Java\jdk-18.0.2
PATH=C:\Windows\system32;C:\Windows;C:\Windows\System32\Wbem;C:\Windows\System32\WindowsPowerShell\v1.0\;C:\Windows\System32\OpenSSH\;C:\Program Files\NVIDIA Corporation\NVIDIA NvDLISR;C:\WINDOWS\system32;C:\WINDOWS;C:\WINDOWS\System32\Wbem;C:\WINDOWS\System32\WindowsPowerShell\v1.0\;C:\WINDOWS\System32\OpenSSH\;C:\Program Files\Java\jdk-18.0.2.1\bin;C:\MinGW\bin;C:\Users\shail\AppData\Local\Microsoft\WindowsApps;;C:\Users\shail\AppData\Local\Programs\Microsoft VS Code\bin
USERNAME=shail
OS=Windows_NT
PROCESSOR_IDENTIFIER=Intel64 Family 6 Model 126 Stepping 5, GenuineIntel



---------------  S Y S T E M  ---------------

OS: Windows 10 , 64 bit Build 19041 (10.0.19041.1889)
OS uptime: 0 days 0:13 hours
Hyper-V role detected

CPU:total 8 (initial active 8) (4 cores per cpu, 2 threads per core) family 6 model 126 stepping 5 microcode 0xb0, cmov, cx8, fxsr, mmx, sse, sse2, sse3, ssse3, sse4.1, sse4.2, popcnt, avx, avx2, aes, clmul, erms, 3dnowpref, lzcnt, ht, tsc, tscinvbit, bmi1, bmi2, adx, evex, sha, fma

Memory: 4k page, system-wide physical 7959M (396M free)
TotalPageFile size 7959M (AvailPageFile size 0M)
current process WorkingSet (physical memory assigned to process): 207M, peak: 207M
current process commit charge ("private bytes"): 275M, peak: 275M

vm_info: OpenJDK 64-Bit Server VM (11.0.12+7-b1504.28-7817840) for windows-amd64 JRE (11.0.12+7-b1504.28-7817840), built on Oct 13 2021 22:12:33 by "builder" with MS VC++ 14.0 (VS2015)

END.
